run-frontend-ci	Set up job	‚à©‚ïó‚îê2025-10-17T22:45:29.0485931Z Current runner version: '2.329.0'
run-frontend-ci	Set up job	2025-10-17T22:45:29.0510244Z ##[group]Runner Image Provisioner
run-frontend-ci	Set up job	2025-10-17T22:45:29.0511394Z Hosted Compute Agent
run-frontend-ci	Set up job	2025-10-17T22:45:29.0512077Z Version: 20251013.424
run-frontend-ci	Set up job	2025-10-17T22:45:29.0513198Z Commit: cfdd8bfed34d71a55b72df4d2e82343c3fc2bab3
run-frontend-ci	Set up job	2025-10-17T22:45:29.0514511Z Build Date: 2025-10-13T20:22:23Z
run-frontend-ci	Set up job	2025-10-17T22:45:29.0515546Z ##[endgroup]
run-frontend-ci	Set up job	2025-10-17T22:45:29.0516614Z ##[group]Operating System
run-frontend-ci	Set up job	2025-10-17T22:45:29.0517491Z Ubuntu
run-frontend-ci	Set up job	2025-10-17T22:45:29.0518291Z 24.04.3
run-frontend-ci	Set up job	2025-10-17T22:45:29.0519116Z LTS
run-frontend-ci	Set up job	2025-10-17T22:45:29.0520040Z ##[endgroup]
run-frontend-ci	Set up job	2025-10-17T22:45:29.0521147Z ##[group]Runner Image
run-frontend-ci	Set up job	2025-10-17T22:45:29.0522229Z Image: ubuntu-24.04
run-frontend-ci	Set up job	2025-10-17T22:45:29.0523064Z Version: 20251014.76.1
run-frontend-ci	Set up job	2025-10-17T22:45:29.0524366Z Included Software: https://github.com/actions/runner-images/blob/ubuntu24/20251014.76/images/ubuntu/Ubuntu2404-Readme.md
run-frontend-ci	Set up job	2025-10-17T22:45:29.0525799Z Image Release: https://github.com/actions/runner-images/releases/tag/ubuntu24%2F20251014.76
run-frontend-ci	Set up job	2025-10-17T22:45:29.0527085Z ##[endgroup]
run-frontend-ci	Set up job	2025-10-17T22:45:29.0528835Z ##[group]GITHUB_TOKEN Permissions
run-frontend-ci	Set up job	2025-10-17T22:45:29.0531495Z Actions: write
run-frontend-ci	Set up job	2025-10-17T22:45:29.0532012Z Contents: read
run-frontend-ci	Set up job	2025-10-17T22:45:29.0532595Z Metadata: read
run-frontend-ci	Set up job	2025-10-17T22:45:29.0533036Z ##[endgroup]
run-frontend-ci	Set up job	2025-10-17T22:45:29.0535039Z Secret source: Actions
run-frontend-ci	Set up job	2025-10-17T22:45:29.0535845Z Prepare workflow directory
run-frontend-ci	Set up job	2025-10-17T22:45:29.0860096Z Prepare all required actions
run-frontend-ci	Set up job	2025-10-17T22:45:29.0898001Z Getting action download info
run-frontend-ci	Set up job	2025-10-17T22:45:29.4280761Z Download action repository 'actions/checkout@v4' (SHA:08eba0b27e820071cde6df949e0beb9ba4906955)
run-frontend-ci	Set up job	2025-10-17T22:45:29.7446729Z Download action repository 'actions/setup-node@v4' (SHA:49933ea5288caeca8642d1e84afbd3f7d6820020)
run-frontend-ci	Set up job	2025-10-17T22:45:30.1058352Z Download action repository 'actions/upload-artifact@v4' (SHA:ea165f8d65b6e75b540449e92b4886f43607fa02)
run-frontend-ci	Set up job	2025-10-17T22:45:30.3066941Z Complete job name: run-frontend-ci
run-frontend-ci	Checkout	‚à©‚ïó‚îê2025-10-17T22:45:30.3876323Z ##[group]Run actions/checkout@v4
run-frontend-ci	Checkout	2025-10-17T22:45:30.3877602Z with:
run-frontend-ci	Checkout	2025-10-17T22:45:30.3878365Z   ref: refs/heads/tmp/workflow-update
run-frontend-ci	Checkout	2025-10-17T22:45:30.3879324Z   fetch-depth: 0
run-frontend-ci	Checkout	2025-10-17T22:45:30.3880072Z   repository: Moo-hub/GplusAPP
run-frontend-ci	Checkout	2025-10-17T22:45:30.3881429Z   token: ***
run-frontend-ci	Checkout	2025-10-17T22:45:30.3882114Z   ssh-strict: true
run-frontend-ci	Checkout	2025-10-17T22:45:30.3882819Z   ssh-user: git
run-frontend-ci	Checkout	2025-10-17T22:45:30.3883538Z   persist-credentials: true
run-frontend-ci	Checkout	2025-10-17T22:45:30.3884373Z   clean: true
run-frontend-ci	Checkout	2025-10-17T22:45:30.3885105Z   sparse-checkout-cone-mode: true
run-frontend-ci	Checkout	2025-10-17T22:45:30.3886034Z   fetch-tags: false
run-frontend-ci	Checkout	2025-10-17T22:45:30.3886777Z   show-progress: true
run-frontend-ci	Checkout	2025-10-17T22:45:30.3887525Z   lfs: false
run-frontend-ci	Checkout	2025-10-17T22:45:30.3888190Z   submodules: false
run-frontend-ci	Checkout	2025-10-17T22:45:30.3888930Z   set-safe-directory: true
run-frontend-ci	Checkout	2025-10-17T22:45:30.3890000Z ##[endgroup]
run-frontend-ci	Checkout	2025-10-17T22:45:30.5004876Z Syncing repository: Moo-hub/GplusAPP
run-frontend-ci	Checkout	2025-10-17T22:45:30.5008506Z ##[group]Getting Git version info
run-frontend-ci	Checkout	2025-10-17T22:45:30.5009930Z Working directory is '/home/runner/work/GplusAPP/GplusAPP'
run-frontend-ci	Checkout	2025-10-17T22:45:30.5012095Z [command]/usr/bin/git version
run-frontend-ci	Checkout	2025-10-17T22:45:30.5073575Z git version 2.51.0
run-frontend-ci	Checkout	2025-10-17T22:45:30.5101532Z ##[endgroup]
run-frontend-ci	Checkout	2025-10-17T22:45:30.5117885Z Temporarily overriding HOME='/home/runner/work/_temp/8a7a9ec1-807a-4546-877e-aadb35825b68' before making global git config changes
run-frontend-ci	Checkout	2025-10-17T22:45:30.5122848Z Adding repository directory to the temporary git global config as a safe directory
run-frontend-ci	Checkout	2025-10-17T22:45:30.5131944Z [command]/usr/bin/git config --global --add safe.directory /home/runner/work/GplusAPP/GplusAPP
run-frontend-ci	Checkout	2025-10-17T22:45:30.5169244Z Deleting the contents of '/home/runner/work/GplusAPP/GplusAPP'
run-frontend-ci	Checkout	2025-10-17T22:45:30.5172973Z ##[group]Initializing the repository
run-frontend-ci	Checkout	2025-10-17T22:45:30.5178104Z [command]/usr/bin/git init /home/runner/work/GplusAPP/GplusAPP
run-frontend-ci	Checkout	2025-10-17T22:45:30.5279817Z hint: Using 'master' as the name for the initial branch. This default branch name
run-frontend-ci	Checkout	2025-10-17T22:45:30.5282096Z hint: is subject to change. To configure the initial branch name to use in all
run-frontend-ci	Checkout	2025-10-17T22:45:30.5283977Z hint: of your new repositories, which will suppress this warning, call:
run-frontend-ci	Checkout	2025-10-17T22:45:30.5286357Z hint:
run-frontend-ci	Checkout	2025-10-17T22:45:30.5287873Z hint: 	git config --global init.defaultBranch <name>
run-frontend-ci	Checkout	2025-10-17T22:45:30.5289819Z hint:
run-frontend-ci	Checkout	2025-10-17T22:45:30.5291966Z hint: Names commonly chosen instead of 'master' are 'main', 'trunk' and
run-frontend-ci	Checkout	2025-10-17T22:45:30.5295090Z hint: 'development'. The just-created branch can be renamed via this command:
run-frontend-ci	Checkout	2025-10-17T22:45:30.5297520Z hint:
run-frontend-ci	Checkout	2025-10-17T22:45:30.5298804Z hint: 	git branch -m <name>
run-frontend-ci	Checkout	2025-10-17T22:45:30.5300291Z hint:
run-frontend-ci	Checkout	2025-10-17T22:45:30.5302437Z hint: Disable this message with "git config set advice.defaultBranchName false"
run-frontend-ci	Checkout	2025-10-17T22:45:30.5305916Z Initialized empty Git repository in /home/runner/work/GplusAPP/GplusAPP/.git/
run-frontend-ci	Checkout	2025-10-17T22:45:30.5308896Z [command]/usr/bin/git remote add origin https://github.com/Moo-hub/GplusAPP
run-frontend-ci	Checkout	2025-10-17T22:45:30.5338417Z ##[endgroup]
run-frontend-ci	Checkout	2025-10-17T22:45:30.5340950Z ##[group]Disabling automatic garbage collection
run-frontend-ci	Checkout	2025-10-17T22:45:30.5343160Z [command]/usr/bin/git config --local gc.auto 0
run-frontend-ci	Checkout	2025-10-17T22:45:30.5371949Z ##[endgroup]
run-frontend-ci	Checkout	2025-10-17T22:45:30.5374078Z ##[group]Setting up auth
run-frontend-ci	Checkout	2025-10-17T22:45:30.5379422Z [command]/usr/bin/git config --local --name-only --get-regexp core\.sshCommand
run-frontend-ci	Checkout	2025-10-17T22:45:30.5412463Z [command]/usr/bin/git submodule foreach --recursive sh -c "git config --local --name-only --get-regexp 'core\.sshCommand' && git config --local --unset-all 'core.sshCommand' || :"
run-frontend-ci	Checkout	2025-10-17T22:45:30.5761396Z [command]/usr/bin/git config --local --name-only --get-regexp http\.https\:\/\/github\.com\/\.extraheader
run-frontend-ci	Checkout	2025-10-17T22:45:30.5792862Z [command]/usr/bin/git submodule foreach --recursive sh -c "git config --local --name-only --get-regexp 'http\.https\:\/\/github\.com\/\.extraheader' && git config --local --unset-all 'http.https://github.com/.extraheader' || :"
run-frontend-ci	Checkout	2025-10-17T22:45:30.6009835Z [command]/usr/bin/git config --local http.https://github.com/.extraheader AUTHORIZATION: basic ***
run-frontend-ci	Checkout	2025-10-17T22:45:30.6044620Z ##[endgroup]
run-frontend-ci	Checkout	2025-10-17T22:45:30.6046886Z ##[group]Fetching the repository
run-frontend-ci	Checkout	2025-10-17T22:45:30.6064600Z [command]/usr/bin/git -c protocol.version=2 fetch --prune --no-recurse-submodules origin +refs/heads/*:refs/remotes/origin/* +refs/tags/*:refs/tags/*
run-frontend-ci	Checkout	2025-10-17T22:45:34.8217497Z From https://github.com/Moo-hub/GplusAPP
run-frontend-ci	Checkout	2025-10-17T22:45:34.8218722Z  * [new branch]        add/repository-dispatch-listener -> origin/add/repository-dispatch-listener
run-frontend-ci	Checkout	2025-10-17T22:45:34.8219850Z  * [new branch]        chore/cred-helper-smoke -> origin/chore/cred-helper-smoke
run-frontend-ci	Checkout	2025-10-17T22:45:34.8221007Z  * [new branch]        chore/solidify-import-fix -> origin/chore/solidify-import-fix
run-frontend-ci	Checkout	2025-10-17T22:45:34.8222201Z  * [new branch]        ci/add-repo-dispatch-listener -> origin/ci/add-repo-dispatch-listener
run-frontend-ci	Checkout	2025-10-17T22:45:34.8223312Z  * [new branch]        ci/add-repo-dispatch-listener-fix -> origin/ci/add-repo-dispatch-listener-fix
run-frontend-ci	Checkout	2025-10-17T22:45:34.8224447Z  * [new branch]        ci/add-repository-dispatch-driver -> origin/ci/add-repository-dispatch-driver
run-frontend-ci	Checkout	2025-10-17T22:45:34.8225543Z  * [new branch]        ci/fix-temp-clone       -> origin/ci/fix-temp-clone
run-frontend-ci	Checkout	2025-10-17T22:45:34.8226376Z  * [new branch]        ci/unify-vitest-jsdom   -> origin/ci/unify-vitest-jsdom
run-frontend-ci	Checkout	2025-10-17T22:45:34.8227363Z  * [new branch]        ci/unify-vitest-jsdom-from-main -> origin/ci/unify-vitest-jsdom-from-main
run-frontend-ci	Checkout	2025-10-17T22:45:34.8228405Z  * [new branch]        ci/unify-vitest-sync-WIP -> origin/ci/unify-vitest-sync-WIP
run-frontend-ci	Checkout	2025-10-17T22:45:34.8229349Z  * [new branch]        ci/vitest-fix           -> origin/ci/vitest-fix
run-frontend-ci	Checkout	2025-10-17T22:45:34.8230159Z  * [new branch]        ci/vitest-fix-pr        -> origin/ci/vitest-fix-pr
run-frontend-ci	Checkout	2025-10-17T22:45:34.8231354Z  * [new branch]        copilot/add-backend-ci-workflow -> origin/copilot/add-backend-ci-workflow
run-frontend-ci	Checkout	2025-10-17T22:45:34.8232556Z  * [new branch]        copilot/add-is-superuser-migration -> origin/copilot/add-is-superuser-migration
run-frontend-ci	Checkout	2025-10-17T22:45:34.8233777Z  * [new branch]        copilot/featurerefactor-batch-2 -> origin/copilot/featurerefactor-batch-2
run-frontend-ci	Checkout	2025-10-17T22:45:34.8235406Z  * [new branch]        copilot/finalize-draft-pr-to-ready -> origin/copilot/finalize-draft-pr-to-ready
run-frontend-ci	Checkout	2025-10-17T22:45:34.8236157Z  * [new branch]        copilot/finalize-pr-template-updates -> origin/copilot/finalize-pr-template-updates
run-frontend-ci	Checkout	2025-10-17T22:45:34.8236885Z  * [new branch]        copilot/finalize-pydantic-templates-tests -> origin/copilot/finalize-pydantic-templates-tests
run-frontend-ci	Checkout	2025-10-17T22:45:34.8237702Z  * [new branch]        copilot/fix-d5ce8780-df5d-40c6-aa08-a610b42d6a2c -> origin/copilot/fix-d5ce8780-df5d-40c6-aa08-a610b42d6a2c
run-frontend-ci	Checkout	2025-10-17T22:45:34.8238471Z  * [new branch]        copilot/improve-engineering-standards -> origin/copilot/improve-engineering-standards
run-frontend-ci	Checkout	2025-10-17T22:45:34.8239202Z  * [new branch]        copilot/stabilize-backend-migrations-ci -> origin/copilot/stabilize-backend-migrations-ci
run-frontend-ci	Checkout	2025-10-17T22:45:34.8239984Z  * [new branch]        copilot/stabilize-backend-migrations-tests -> origin/copilot/stabilize-backend-migrations-tests
run-frontend-ci	Checkout	2025-10-17T22:45:34.8241008Z  * [new branch]        copilot/stabilize-backend-migrations-tests-ci -> origin/copilot/stabilize-backend-migrations-tests-ci
run-frontend-ci	Checkout	2025-10-17T22:45:34.8241866Z  * [new branch]        copilot/stabilize-backend-migrations-tests-ci-2 -> origin/copilot/stabilize-backend-migrations-tests-ci-2
run-frontend-ci	Checkout	2025-10-17T22:45:34.8242608Z  * [new branch]        copilot/vscode1758904588761 -> origin/copilot/vscode1758904588761
run-frontend-ci	Checkout	2025-10-17T22:45:34.8243127Z  * [new branch]        copilot/vscode1759972123924 -> origin/copilot/vscode1759972123924
run-frontend-ci	Checkout	2025-10-17T22:45:34.8243642Z  * [new branch]        copilot/vscode1760108766424 -> origin/copilot/vscode1760108766424
run-frontend-ci	Checkout	2025-10-17T22:45:34.8244150Z  * [new branch]        feature/refactor-batch-1 -> origin/feature/refactor-batch-1
run-frontend-ci	Checkout	2025-10-17T22:45:34.8244778Z  * [new branch]        feature/refactor-batch-2 -> origin/feature/refactor-batch-2
run-frontend-ci	Checkout	2025-10-17T22:45:34.8245391Z  * [new branch]        feature/refactor-batch-2-cont -> origin/feature/refactor-batch-2-cont
run-frontend-ci	Checkout	2025-10-17T22:45:34.8246139Z  * [new branch]        fix/flaky-tests-batch2  -> origin/fix/flaky-tests-batch2
run-frontend-ci	Checkout	2025-10-17T22:45:34.8246656Z  * [new branch]        fix/flaky-tests-batch2-clean -> origin/fix/flaky-tests-batch2-clean
run-frontend-ci	Checkout	2025-10-17T22:45:34.8247185Z  * [new branch]        fix/markdown-dedup-report -> origin/fix/markdown-dedup-report
run-frontend-ci	Checkout	2025-10-17T22:45:34.8247638Z  * [new branch]        main                    -> origin/main
run-frontend-ci	Checkout	2025-10-17T22:45:34.8248062Z  * [new branch]        tmp-merge-20251016T204347 -> origin/tmp-merge-20251016T204347
run-frontend-ci	Checkout	2025-10-17T22:45:34.8248541Z  * [new branch]        tmp/workflow-update     -> origin/tmp/workflow-update
run-frontend-ci	Checkout	2025-10-17T22:45:34.8249060Z  * [new branch]        wip/add-is_superuser-migration -> origin/wip/add-is_superuser-migration
run-frontend-ci	Checkout	2025-10-17T22:45:34.8249602Z  * [new branch]        wip/save-progress-20251010 -> origin/wip/save-progress-20251010
run-frontend-ci	Checkout	2025-10-17T22:45:34.8303668Z ##[endgroup]
run-frontend-ci	Checkout	2025-10-17T22:45:34.8304460Z ##[group]Determining the checkout info
run-frontend-ci	Checkout	2025-10-17T22:45:34.8305348Z ##[endgroup]
run-frontend-ci	Checkout	2025-10-17T22:45:34.8310765Z [command]/usr/bin/git sparse-checkout disable
run-frontend-ci	Checkout	2025-10-17T22:45:34.8354564Z [command]/usr/bin/git config --local --unset-all extensions.worktreeConfig
run-frontend-ci	Checkout	2025-10-17T22:45:34.8381151Z ##[group]Checking out the ref
run-frontend-ci	Checkout	2025-10-17T22:45:34.8385466Z [command]/usr/bin/git checkout --progress --force -B tmp/workflow-update refs/remotes/origin/tmp/workflow-update
run-frontend-ci	Checkout	2025-10-17T22:45:35.5474399Z Switched to a new branch 'tmp/workflow-update'
run-frontend-ci	Checkout	2025-10-17T22:45:35.5474914Z branch 'tmp/workflow-update' set up to track 'origin/tmp/workflow-update'.
run-frontend-ci	Checkout	2025-10-17T22:45:35.5542140Z ##[endgroup]
run-frontend-ci	Checkout	2025-10-17T22:45:35.5581432Z [command]/usr/bin/git log -1 --format=%H
run-frontend-ci	Checkout	2025-10-17T22:45:35.5603961Z c3611f9899fb432e767f09847f6706ea5214c77e
run-frontend-ci	Setup Node 20	‚à©‚ïó‚îê2025-10-17T22:45:35.5811386Z ##[group]Run actions/setup-node@v4
run-frontend-ci	Setup Node 20	2025-10-17T22:45:35.5811696Z with:
run-frontend-ci	Setup Node 20	2025-10-17T22:45:35.5811894Z   node-version: 20.x
run-frontend-ci	Setup Node 20	2025-10-17T22:45:35.5812120Z   always-auth: false
run-frontend-ci	Setup Node 20	2025-10-17T22:45:35.5812321Z   check-latest: false
run-frontend-ci	Setup Node 20	2025-10-17T22:45:35.5812654Z   token: ***
run-frontend-ci	Setup Node 20	2025-10-17T22:45:35.5813014Z ##[endgroup]
run-frontend-ci	Setup Node 20	2025-10-17T22:45:35.7558113Z Found in cache @ /opt/hostedtoolcache/node/20.19.5/x64
run-frontend-ci	Setup Node 20	2025-10-17T22:45:35.7564968Z ##[group]Environment details
run-frontend-ci	Setup Node 20	2025-10-17T22:45:39.1364790Z node: v20.19.5
run-frontend-ci	Setup Node 20	2025-10-17T22:45:39.1365178Z npm: 10.8.2
run-frontend-ci	Setup Node 20	2025-10-17T22:45:39.1365450Z yarn: 1.22.22
run-frontend-ci	Setup Node 20	2025-10-17T22:45:39.1367907Z ##[endgroup]
run-frontend-ci	Install repository-level deps	‚à©‚ïó‚îê2025-10-17T22:45:39.1473748Z ##[group]Run npm ci
run-frontend-ci	Install repository-level deps	2025-10-17T22:45:39.1474004Z [36;1mnpm ci[0m
run-frontend-ci	Install repository-level deps	2025-10-17T22:45:39.1591920Z shell: /usr/bin/bash -e {0}
run-frontend-ci	Install repository-level deps	2025-10-17T22:45:39.1592180Z ##[endgroup]
run-frontend-ci	Install repository-level deps	2025-10-17T22:45:46.9349321Z npm warn ERESOLVE overriding peer dependency
run-frontend-ci	Install repository-level deps	2025-10-17T22:45:46.9349929Z npm warn While resolving: @vitest/mocker@3.2.4
run-frontend-ci	Install repository-level deps	2025-10-17T22:45:46.9350312Z npm warn Found: vite@4.5.14
run-frontend-ci	Install repository-level deps	2025-10-17T22:45:46.9350962Z npm warn node_modules/vite
run-frontend-ci	Install repository-level deps	2025-10-17T22:45:46.9351361Z npm warn   dev vite@"^4.1.0" from the root project
run-frontend-ci	Install repository-level deps	2025-10-17T22:45:46.9351792Z npm warn   1 more (@vitejs/plugin-react)
run-frontend-ci	Install repository-level deps	2025-10-17T22:45:46.9352124Z npm warn
run-frontend-ci	Install repository-level deps	2025-10-17T22:45:46.9352448Z npm warn Could not resolve dependency:
run-frontend-ci	Install repository-level deps	2025-10-17T22:45:46.9353005Z npm warn peerOptional vite@"^5.0.0 || ^6.0.0 || ^7.0.0-0" from @vitest/mocker@3.2.4
run-frontend-ci	Install repository-level deps	2025-10-17T22:45:46.9353552Z npm warn node_modules/@vitest/mocker
run-frontend-ci	Install repository-level deps	2025-10-17T22:45:46.9353894Z npm warn   @vitest/mocker@"3.2.4" from vitest@3.2.4
run-frontend-ci	Install repository-level deps	2025-10-17T22:45:46.9354211Z npm warn   node_modules/vitest
run-frontend-ci	Install repository-level deps	2025-10-17T22:45:46.9354496Z npm warn
run-frontend-ci	Install repository-level deps	2025-10-17T22:45:46.9354772Z npm warn Conflicting peer dependency: vite@7.1.10
run-frontend-ci	Install repository-level deps	2025-10-17T22:45:46.9355083Z npm warn node_modules/vite
run-frontend-ci	Install repository-level deps	2025-10-17T22:45:46.9355505Z npm warn   peerOptional vite@"^5.0.0 || ^6.0.0 || ^7.0.0-0" from @vitest/mocker@3.2.4
run-frontend-ci	Install repository-level deps	2025-10-17T22:45:46.9356157Z npm warn   node_modules/@vitest/mocker
run-frontend-ci	Install repository-level deps	2025-10-17T22:45:46.9356801Z npm warn     @vitest/mocker@"3.2.4" from vitest@3.2.4
run-frontend-ci	Install repository-level deps	2025-10-17T22:45:46.9357412Z npm warn     node_modules/vitest
run-frontend-ci	Install repository-level deps	2025-10-17T22:45:49.5384631Z npm warn deprecated workbox-google-analytics@6.6.0: It is not compatible with newer versions of GA starting with v4, as long as you are using GAv3 it should be ok, but the package is not longer being maintained
run-frontend-ci	Install repository-level deps	2025-10-17T22:45:49.6751373Z npm warn deprecated workbox-cacheable-response@6.6.0: workbox-background-sync@6.6.0
run-frontend-ci	Install repository-level deps	2025-10-17T22:45:50.0128693Z npm warn deprecated sourcemap-codec@1.4.8: Please use @jridgewell/sourcemap-codec instead
run-frontend-ci	Install repository-level deps	2025-10-17T22:45:50.0989494Z npm warn deprecated rollup-plugin-terser@7.0.2: This package has been deprecated and is no longer maintained. Please use @rollup/plugin-terser
run-frontend-ci	Install repository-level deps	2025-10-17T22:45:50.1907851Z npm warn deprecated rimraf@3.0.2: Rimraf versions prior to v4 are no longer supported
run-frontend-ci	Install repository-level deps	2025-10-17T22:45:50.9155829Z npm warn deprecated npmlog@5.0.1: This package is no longer supported.
run-frontend-ci	Install repository-level deps	2025-10-17T22:45:51.3985851Z npm warn deprecated inflight@1.0.6: This module is not supported, and leaks memory. Do not use it. Check out lru-cache if you want a good and tested way to coalesce async requests by a key value, which is much more comprehensive and powerful.
run-frontend-ci	Install repository-level deps	2025-10-17T22:45:51.6109759Z npm warn deprecated glob@7.2.3: Glob versions prior to v9 are no longer supported
run-frontend-ci	Install repository-level deps	2025-10-17T22:45:51.9162349Z npm warn deprecated gauge@3.0.2: This package is no longer supported.
run-frontend-ci	Install repository-level deps	2025-10-17T22:45:52.1613569Z npm warn deprecated domexception@4.0.0: Use your platform's native DOMException instead
run-frontend-ci	Install repository-level deps	2025-10-17T22:45:52.6818915Z npm warn deprecated are-we-there-yet@2.0.0: This package is no longer supported.
run-frontend-ci	Install repository-level deps	2025-10-17T22:45:52.7898884Z npm warn deprecated abab@2.0.6: Use your platform's native atob() and btoa() methods instead
run-frontend-ci	Install repository-level deps	2025-10-17T22:45:53.5911331Z npm warn deprecated @humanwhocodes/config-array@0.13.0: Use @eslint/config-array instead
run-frontend-ci	Install repository-level deps	2025-10-17T22:45:53.6035877Z npm warn deprecated @humanwhocodes/object-schema@2.0.3: Use @eslint/object-schema instead
run-frontend-ci	Install repository-level deps	2025-10-17T22:45:54.8766501Z npm warn deprecated source-map@0.8.0-beta.0: The work that was done in this beta branch won't be included in future versions
run-frontend-ci	Install repository-level deps	2025-10-17T22:45:54.8978500Z npm warn deprecated domexception@1.0.1: Use your platform's native DOMException instead
run-frontend-ci	Install repository-level deps	2025-10-17T22:45:58.5807380Z npm warn deprecated eslint@8.57.1: This version is no longer supported. Please see https://eslint.org/version-support for other options.
run-frontend-ci	Install repository-level deps	2025-10-17T22:46:16.3003825Z 
run-frontend-ci	Install repository-level deps	2025-10-17T22:46:16.3004568Z added 1282 packages, and audited 1284 packages in 37s
run-frontend-ci	Install repository-level deps	2025-10-17T22:46:16.3006043Z 
run-frontend-ci	Install repository-level deps	2025-10-17T22:46:16.3006665Z 232 packages are looking for funding
run-frontend-ci	Install repository-level deps	2025-10-17T22:46:16.3007500Z   run `npm fund` for details
run-frontend-ci	Install repository-level deps	2025-10-17T22:46:16.3254411Z 
run-frontend-ci	Install repository-level deps	2025-10-17T22:46:16.3254883Z 9 vulnerabilities (2 low, 2 moderate, 3 high, 2 critical)
run-frontend-ci	Install repository-level deps	2025-10-17T22:46:16.3255185Z 
run-frontend-ci	Install repository-level deps	2025-10-17T22:46:16.3255410Z To address all issues (including breaking changes), run:
run-frontend-ci	Install repository-level deps	2025-10-17T22:46:16.3255731Z   npm audit fix --force
run-frontend-ci	Install repository-level deps	2025-10-17T22:46:16.3255864Z 
run-frontend-ci	Install repository-level deps	2025-10-17T22:46:16.3255982Z Run `npm audit` for details.
run-frontend-ci	Install frontend deps	‚à©‚ïó‚îê2025-10-17T22:46:16.3612952Z ##[group]Run npm ci
run-frontend-ci	Install frontend deps	2025-10-17T22:46:16.3613198Z [36;1mnpm ci[0m
run-frontend-ci	Install frontend deps	2025-10-17T22:46:16.3642281Z shell: /usr/bin/bash -e {0}
run-frontend-ci	Install frontend deps	2025-10-17T22:46:16.3642524Z ##[endgroup]
run-frontend-ci	Install frontend deps	2025-10-17T22:46:17.5611292Z npm warn ERESOLVE overriding peer dependency
run-frontend-ci	Install frontend deps	2025-10-17T22:46:17.5616733Z npm warn While resolving: @vitest/mocker@3.2.4
run-frontend-ci	Install frontend deps	2025-10-17T22:46:17.5617268Z npm warn Found: vite@4.5.14
run-frontend-ci	Install frontend deps	2025-10-17T22:46:17.5617658Z npm warn node_modules/vite
run-frontend-ci	Install frontend deps	2025-10-17T22:46:17.5618203Z npm warn   dev vite@"^4.1.0" from the root project
run-frontend-ci	Install frontend deps	2025-10-17T22:46:17.5618902Z npm warn   1 more (@vitejs/plugin-react)
run-frontend-ci	Install frontend deps	2025-10-17T22:46:17.5619306Z npm warn
run-frontend-ci	Install frontend deps	2025-10-17T22:46:17.5619699Z npm warn Could not resolve dependency:
run-frontend-ci	Install frontend deps	2025-10-17T22:46:17.5620362Z npm warn peerOptional vite@"^5.0.0 || ^6.0.0 || ^7.0.0-0" from @vitest/mocker@3.2.4
run-frontend-ci	Install frontend deps	2025-10-17T22:46:17.5621118Z npm warn node_modules/@vitest/mocker
run-frontend-ci	Install frontend deps	2025-10-17T22:46:17.5621462Z npm warn   @vitest/mocker@"3.2.4" from vitest@3.2.4
run-frontend-ci	Install frontend deps	2025-10-17T22:46:17.5621773Z npm warn   node_modules/vitest
run-frontend-ci	Install frontend deps	2025-10-17T22:46:17.5622065Z npm warn
run-frontend-ci	Install frontend deps	2025-10-17T22:46:17.5622363Z npm warn Conflicting peer dependency: vite@7.1.10
run-frontend-ci	Install frontend deps	2025-10-17T22:46:17.5622675Z npm warn node_modules/vite
run-frontend-ci	Install frontend deps	2025-10-17T22:46:17.5623093Z npm warn   peerOptional vite@"^5.0.0 || ^6.0.0 || ^7.0.0-0" from @vitest/mocker@3.2.4
run-frontend-ci	Install frontend deps	2025-10-17T22:46:17.5623514Z npm warn   node_modules/@vitest/mocker
run-frontend-ci	Install frontend deps	2025-10-17T22:46:17.5623843Z npm warn     @vitest/mocker@"3.2.4" from vitest@3.2.4
run-frontend-ci	Install frontend deps	2025-10-17T22:46:17.5624156Z npm warn     node_modules/vitest
run-frontend-ci	Install frontend deps	2025-10-17T22:46:21.8102997Z npm warn deprecated inflight@1.0.6: This module is not supported, and leaks memory. Do not use it. Check out lru-cache if you want a good and tested way to coalesce async requests by a key value, which is much more comprehensive and powerful.
run-frontend-ci	Install frontend deps	2025-10-17T22:46:21.8646088Z npm warn deprecated npmlog@5.0.1: This package is no longer supported.
run-frontend-ci	Install frontend deps	2025-10-17T22:46:21.9661378Z npm warn deprecated rollup-plugin-terser@7.0.2: This package has been deprecated and is no longer maintained. Please use @rollup/plugin-terser
run-frontend-ci	Install frontend deps	2025-10-17T22:46:21.9917778Z npm warn deprecated @humanwhocodes/config-array@0.13.0: Use @eslint/config-array instead
run-frontend-ci	Install frontend deps	2025-10-17T22:46:22.0086487Z npm warn deprecated rimraf@3.0.2: Rimraf versions prior to v4 are no longer supported
run-frontend-ci	Install frontend deps	2025-10-17T22:46:22.0302805Z npm warn deprecated abab@2.0.6: Use your platform's native atob() and btoa() methods instead
run-frontend-ci	Install frontend deps	2025-10-17T22:46:22.1249194Z npm warn deprecated are-we-there-yet@2.0.0: This package is no longer supported.
run-frontend-ci	Install frontend deps	2025-10-17T22:46:22.1549516Z npm warn deprecated glob@7.2.3: Glob versions prior to v9 are no longer supported
run-frontend-ci	Install frontend deps	2025-10-17T22:46:22.1656298Z npm warn deprecated @humanwhocodes/object-schema@2.0.3: Use @eslint/object-schema instead
run-frontend-ci	Install frontend deps	2025-10-17T22:46:22.3699315Z npm warn deprecated domexception@4.0.0: Use your platform's native DOMException instead
run-frontend-ci	Install frontend deps	2025-10-17T22:46:22.3852802Z npm warn deprecated sourcemap-codec@1.4.8: Please use @jridgewell/sourcemap-codec instead
run-frontend-ci	Install frontend deps	2025-10-17T22:46:22.6144620Z npm warn deprecated gauge@3.0.2: This package is no longer supported.
run-frontend-ci	Install frontend deps	2025-10-17T22:46:22.8939661Z npm warn deprecated workbox-cacheable-response@6.6.0: workbox-background-sync@6.6.0
run-frontend-ci	Install frontend deps	2025-10-17T22:46:22.9898056Z npm warn deprecated source-map@0.8.0-beta.0: The work that was done in this beta branch won't be included in future versions
run-frontend-ci	Install frontend deps	2025-10-17T22:46:22.9944097Z npm warn deprecated workbox-google-analytics@6.6.0: It is not compatible with newer versions of GA starting with v4, as long as you are using GAv3 it should be ok, but the package is not longer being maintained
run-frontend-ci	Install frontend deps	2025-10-17T22:46:24.8728863Z npm warn deprecated eslint@8.57.1: This version is no longer supported. Please see https://eslint.org/version-support for other options.
run-frontend-ci	Install frontend deps	2025-10-17T22:46:27.7786299Z 
run-frontend-ci	Install frontend deps	2025-10-17T22:46:27.7787102Z added 1000 packages, and audited 1002 packages in 11s
run-frontend-ci	Install frontend deps	2025-10-17T22:46:27.7787627Z 
run-frontend-ci	Install frontend deps	2025-10-17T22:46:27.7787831Z 207 packages are looking for funding
run-frontend-ci	Install frontend deps	2025-10-17T22:46:27.7788179Z   run `npm fund` for details
run-frontend-ci	Install frontend deps	2025-10-17T22:46:27.8045291Z 
run-frontend-ci	Install frontend deps	2025-10-17T22:46:27.8045912Z 8 vulnerabilities (1 low, 2 moderate, 3 high, 2 critical)
run-frontend-ci	Install frontend deps	2025-10-17T22:46:27.8046533Z 
run-frontend-ci	Install frontend deps	2025-10-17T22:46:27.8046760Z To address all issues (including breaking changes), run:
run-frontend-ci	Install frontend deps	2025-10-17T22:46:27.8047094Z   npm audit fix --force
run-frontend-ci	Install frontend deps	2025-10-17T22:46:27.8047229Z 
run-frontend-ci	Install frontend deps	2025-10-17T22:46:27.8047346Z Run `npm audit` for details.
run-frontend-ci	Debug repo state	‚à©‚ïó‚îê2025-10-17T22:46:27.8574668Z ##[group]Run echo "Branch/commit:"
run-frontend-ci	Debug repo state	2025-10-17T22:46:27.8574989Z [36;1mecho "Branch/commit:"[0m
run-frontend-ci	Debug repo state	2025-10-17T22:46:27.8575256Z [36;1mgit rev-parse --abbrev-ref HEAD || true[0m
run-frontend-ci	Debug repo state	2025-10-17T22:46:27.8575547Z [36;1mgit rev-parse HEAD || true[0m
run-frontend-ci	Debug repo state	2025-10-17T22:46:27.8575813Z [36;1mecho "App.jsx head (first 80 lines):"[0m
run-frontend-ci	Debug repo state	2025-10-17T22:46:27.8576114Z [36;1msed -n '1,80p' frontend/src/App.jsx || true[0m
run-frontend-ci	Debug repo state	2025-10-17T22:46:27.8605727Z shell: /usr/bin/bash -e {0}
run-frontend-ci	Debug repo state	2025-10-17T22:46:27.8606070Z ##[endgroup]
run-frontend-ci	Debug repo state	2025-10-17T22:46:27.8653833Z Branch/commit:
run-frontend-ci	Debug repo state	2025-10-17T22:46:27.8668222Z tmp/workflow-update
run-frontend-ci	Debug repo state	2025-10-17T22:46:27.8682027Z c3611f9899fb432e767f09847f6706ea5214c77e
run-frontend-ci	Debug repo state	2025-10-17T22:46:27.8684245Z App.jsx head (first 80 lines):
run-frontend-ci	Debug repo state	2025-10-17T22:46:27.8696325Z import React, { Suspense, useState, useEffect } from "react";
run-frontend-ci	Debug repo state	2025-10-17T22:46:27.8697212Z import { BrowserRouter, Routes, Route, Navigate } from "react-router-dom";
run-frontend-ci	Debug repo state	2025-10-17T22:46:27.8698059Z import { useTranslation } from "react-i18next";
run-frontend-ci	Debug repo state	2025-10-17T22:46:27.8698699Z import { ToastContainer } from "react-toastify";
run-frontend-ci	Debug repo state	2025-10-17T22:46:27.8699341Z import { ThemeProvider } from "./styles/ThemeProvider";
run-frontend-ci	Debug repo state	2025-10-17T22:46:27.8700049Z import { AuthProvider, useAuth } from "./contexts/AuthContext";
run-frontend-ci	Debug repo state	2025-10-17T22:46:27.8701040Z import { LoadingProvider, useLoading } from "./contexts/LoadingContext";
run-frontend-ci	Debug repo state	2025-10-17T22:46:27.8701830Z import { ErrorProvider } from "./context/ErrorContext.jsx";
run-frontend-ci	Debug repo state	2025-10-17T22:46:27.8702549Z import ErrorBoundary from "./components/ErrorBoundary";
run-frontend-ci	Debug repo state	2025-10-17T22:46:27.8703228Z import ErrorFallback from "./components/ErrorFallback";
run-frontend-ci	Debug repo state	2025-10-17T22:46:27.8703988Z import LoadingOverlay from "./components/ui/LoadingOverlay";
run-frontend-ci	Debug repo state	2025-10-17T22:46:27.8705057Z import LoadingIndicatorWrapper from "./components/LoadingIndicatorWrapper";
run-frontend-ci	Debug repo state	2025-10-17T22:46:27.8705839Z import GlobalLoadingIndicator from "./components/GlobalLoadingIndicator";
run-frontend-ci	Debug repo state	2025-10-17T22:46:27.8706402Z import ProtectedRoute from "./components/common/ProtectedRoute";
run-frontend-ci	Debug repo state	2025-10-17T22:46:27.8706795Z import Login from "./components/Login";
run-frontend-ci	Debug repo state	2025-10-17T22:46:27.8707123Z import Register from "./components/Register";
run-frontend-ci	Debug repo state	2025-10-17T22:46:27.8707465Z import Dashboard from "./components/Dashboard";
run-frontend-ci	Debug repo state	2025-10-17T22:46:27.8707889Z import PointsDashboard from "./components/PointsDashboard";
run-frontend-ci	Debug repo state	2025-10-17T22:46:27.8708323Z import PickupRequests from "./components/PickupRequests";
run-frontend-ci	Debug repo state	2025-10-17T22:46:27.8708774Z import PickupRequestForm from "./components/PickupRequestForm";
run-frontend-ci	Debug repo state	2025-10-17T22:46:27.8709211Z import CompanyList from "./components/CompanyList";
run-frontend-ci	Debug repo state	2025-10-17T22:46:27.8709621Z import CompanyDetail from "./components/CompanyDetail";
run-frontend-ci	Debug repo state	2025-10-17T22:46:27.8709994Z import Profile from "./components/Profile";
run-frontend-ci	Debug repo state	2025-10-17T22:46:27.8710332Z import NotFound from "./components/NotFound";
run-frontend-ci	Debug repo state	2025-10-17T22:46:27.8711051Z import Navigation from "./components/Navigation";
run-frontend-ci	Debug repo state	2025-10-17T22:46:27.8711417Z import ThemeToggle from "./components/ThemeToggle";
run-frontend-ci	Debug repo state	2025-10-17T22:46:27.8712026Z import LanguageSwitcher from "./components/LanguageSwitcher";
run-frontend-ci	Debug repo state	2025-10-17T22:46:27.8712561Z import PerformanceDashboard from "./components/dashboard/PerformanceDashboard";
run-frontend-ci	Debug repo state	2025-10-17T22:46:27.8713120Z import ServiceWorkerWrapper from "./components/ServiceWorkerWrapper";
run-frontend-ci	Debug repo state	2025-10-17T22:46:27.8713572Z import RouteTracker from "./components/RouteTracker";
run-frontend-ci	Debug repo state	2025-10-17T22:46:27.8713990Z import { QueryClientProvider } from "@tanstack/react-query";
run-frontend-ci	Debug repo state	2025-10-17T22:46:27.8714512Z // Avoid static import of ReactQueryDevtools so Vite's import-analysis doesn't
run-frontend-ci	Debug repo state	2025-10-17T22:46:27.8715059Z // fail in test environments where the package may be absent. Use a guarded
run-frontend-ci	Debug repo state	2025-10-17T22:46:27.8715542Z // runtime require so this does not become a static ESM import.
run-frontend-ci	Debug repo state	2025-10-17T22:46:27.8715897Z let ReactQueryDevtools = null;
run-frontend-ci	Debug repo state	2025-10-17T22:46:27.8716117Z try {
run-frontend-ci	Debug repo state	2025-10-17T22:46:27.8716351Z   // eslint-disable-next-line global-require
run-frontend-ci	Debug repo state	2025-10-17T22:46:27.8716695Z   const _dev = require('@tanstack/react-query-devtools');
run-frontend-ci	Debug repo state	2025-10-17T22:46:27.8717178Z   ReactQueryDevtools = _dev && _dev.ReactQueryDevtools ? _dev.ReactQueryDevtools : null;
run-frontend-ci	Debug repo state	2025-10-17T22:46:27.8717739Z } catch (e) {
run-frontend-ci	Debug repo state	2025-10-17T22:46:27.8718206Z   // ignore Œì√á√∂ devtools not present in the environment
run-frontend-ci	Debug repo state	2025-10-17T22:46:27.8718518Z   ReactQueryDevtools = null;
run-frontend-ci	Debug repo state	2025-10-17T22:46:27.8718735Z }
run-frontend-ci	Debug repo state	2025-10-17T22:46:27.8719046Z import websocketService from "./services/websocket.service";
run-frontend-ci	Debug repo state	2025-10-17T22:46:27.8719600Z import { initErrorReporting, setupGlobalErrorHandler } from "./utils/errorReporter";
run-frontend-ci	Debug repo state	2025-10-17T22:46:27.8720094Z import { queryClient } from "./services/queryClient";
run-frontend-ci	Debug repo state	2025-10-17T22:46:27.8720753Z import { PreferencesProvider } from "./contexts/PreferencesContext";
run-frontend-ci	Debug repo state	2025-10-17T22:46:27.8721035Z 
run-frontend-ci	Debug repo state	2025-10-17T22:46:27.8721151Z // Import our custom styles
run-frontend-ci	Debug repo state	2025-10-17T22:46:27.8721455Z import "react-toastify/dist/ReactToastify.css";
run-frontend-ci	Debug repo state	2025-10-17T22:46:27.8721752Z import "./styles/toast.css"; 
run-frontend-ci	Debug repo state	2025-10-17T22:46:27.8722015Z import "./styles/fallback-ui.css";
run-frontend-ci	Debug repo state	2025-10-17T22:46:27.8722273Z import "./App.css";
run-frontend-ci	Debug repo state	2025-10-17T22:46:27.8722474Z import "./i18n/i18n";
run-frontend-ci	Debug repo state	2025-10-17T22:46:27.8722659Z 
run-frontend-ci	Debug repo state	2025-10-17T22:46:27.8722869Z // Create a separate component for the authenticated content
run-frontend-ci	Debug repo state	2025-10-17T22:46:27.8723219Z function AppContent() {
run-frontend-ci	Debug repo state	2025-10-17T22:46:27.8723455Z   const { t } = useTranslation();
run-frontend-ci	Debug repo state	2025-10-17T22:46:27.8723780Z   const [isOnline, setIsOnline] = useState(navigator.onLine);
run-frontend-ci	Debug repo state	2025-10-17T22:46:27.8724218Z   // useAuth may return null when AppContent is rendered standalone in tests
run-frontend-ci	Debug repo state	2025-10-17T22:46:27.8724698Z   // (no AuthProvider). Guard against null to keep the lightweight render
run-frontend-ci	Debug repo state	2025-10-17T22:46:27.8725033Z   // safe for smoke tests.
run-frontend-ci	Debug repo state	2025-10-17T22:46:27.8725246Z   const authCtx = useAuth();
run-frontend-ci	Debug repo state	2025-10-17T22:46:27.8725561Z   const currentUser = authCtx ? authCtx.currentUser : null;
run-frontend-ci	Debug repo state	2025-10-17T22:46:27.8725784Z 
run-frontend-ci	Debug repo state	2025-10-17T22:46:27.8725945Z   // Initialize error reporting and set up global handlers
run-frontend-ci	Debug repo state	2025-10-17T22:46:27.8726241Z   useEffect(() => {
run-frontend-ci	Debug repo state	2025-10-17T22:46:27.8726482Z     // Initialize error reporting system
run-frontend-ci	Debug repo state	2025-10-17T22:46:27.8726740Z     initErrorReporting({
run-frontend-ci	Debug repo state	2025-10-17T22:46:27.8727044Z       environment: process.env.NODE_ENV || 'development',
run-frontend-ci	Debug repo state	2025-10-17T22:46:27.8727407Z       release: process.env.VITE_APP_VERSION || '1.0.0'
run-frontend-ci	Debug repo state	2025-10-17T22:46:27.8727682Z     });
run-frontend-ci	Debug repo state	2025-10-17T22:46:27.8727836Z     
run-frontend-ci	Debug repo state	2025-10-17T22:46:27.8728024Z     // Set up global error handlers
run-frontend-ci	Debug repo state	2025-10-17T22:46:27.8728293Z     setupGlobalErrorHandler();
run-frontend-ci	Debug repo state	2025-10-17T22:46:27.8728507Z     
run-frontend-ci	Debug repo state	2025-10-17T22:46:27.8728728Z     // Set user info in error reporter if authenticated
run-frontend-ci	Debug repo state	2025-10-17T22:46:27.8729065Z     if (currentUser && window['errorReporter']) {
run-frontend-ci	Debug repo state	2025-10-17T22:46:27.8729363Z       window['errorReporter'].setUser({
run-frontend-ci	Debug repo state	2025-10-17T22:46:27.8729612Z         id: currentUser.id,
run-frontend-ci	Run Vitest (frontend)	‚à©‚ïó‚îê2025-10-17T22:46:27.8749813Z ##[group]Run # run Vitest using the project's config; produce both dot output and a junit file for artifact upload
run-frontend-ci	Run Vitest (frontend)	2025-10-17T22:46:27.8750748Z [36;1m# run Vitest using the project's config; produce both dot output and a junit file for artifact upload[0m
run-frontend-ci	Run Vitest (frontend)	2025-10-17T22:46:27.8751584Z [36;1mnpx vitest --config vitest.config.js --run --reporter dot --reporter junit --outputFile=vitest-report.xml[0m
run-frontend-ci	Run Vitest (frontend)	2025-10-17T22:46:27.8777509Z shell: /usr/bin/bash -e {0}
run-frontend-ci	Run Vitest (frontend)	2025-10-17T22:46:27.8777742Z ##[endgroup]
run-frontend-ci	Run Vitest (frontend)	2025-10-17T22:46:28.8298665Z 
run-frontend-ci	Run Vitest (frontend)	2025-10-17T22:46:28.8301112Z [1m[46m RUN [49m[22m [36mv3.2.4 [39m[90m/home/runner/work/GplusAPP/GplusAPP/frontend[39m
run-frontend-ci	Run Vitest (frontend)	2025-10-17T22:46:28.8301720Z 
run-frontend-ci	Run Vitest (frontend)	2025-10-17T22:46:32.7029950Z [90mstderr[2m | src/services/__tests__/api.test.js[2m > [22m[2mAPI Service[2m > [22m[2mAxios Instance Configuration[2m > [22m[2mshows toast for non-401 errors
run-frontend-ci	Run Vitest (frontend)	2025-10-17T22:46:32.7031472Z [22m[39mAPI Error: {
run-frontend-ci	Run Vitest (frontend)	2025-10-17T22:46:32.7031967Z   url: [90mundefined[39m,
run-frontend-ci	Run Vitest (frontend)	2025-10-17T22:46:32.7032605Z   method: [90mundefined[39m,
run-frontend-ci	Run Vitest (frontend)	2025-10-17T22:46:32.7033092Z   status: [33m500[39m,
run-frontend-ci	Run Vitest (frontend)	2025-10-17T22:46:32.7033657Z   data: { detail: [32m'Server error'[39m },
run-frontend-ci	Run Vitest (frontend)	2025-10-17T22:46:32.7034459Z   error: { response: { status: [33m500[39m, data: [36m[Object][39m } }
run-frontend-ci	Run Vitest (frontend)	2025-10-17T22:46:32.7035042Z }
run-frontend-ci	Run Vitest (frontend)	2025-10-17T22:46:32.7035210Z 
run-frontend-ci	Run Vitest (frontend)	2025-10-17T22:46:32.7042777Z [90mstderr[2m | src/services/__tests__/api.test.js[2m > [22m[2mAPI Service[2m > [22m[2mAxios Instance Configuration[2m > [22m[2mdispatches auth-error event for 401 errors
run-frontend-ci	Run Vitest (frontend)	2025-10-17T22:46:32.7053332Z [22m[39mAPI Error: {
run-frontend-ci	Run Vitest (frontend)	2025-10-17T22:46:32.7053825Z   url: [90mundefined[39m,
run-frontend-ci	Run Vitest (frontend)	2025-10-17T22:46:32.7054356Z   method: [90mundefined[39m,
run-frontend-ci	Run Vitest (frontend)	2025-10-17T22:46:32.7054848Z   status: [33m401[39m,
run-frontend-ci	Run Vitest (frontend)	2025-10-17T22:46:32.7055421Z   data: { detail: [32m'Unauthorized'[39m },
run-frontend-ci	Run Vitest (frontend)	2025-10-17T22:46:32.7056241Z   error: { response: { status: [33m401[39m, data: [36m[Object][39m } }
run-frontend-ci	Run Vitest (frontend)	2025-10-17T22:46:32.7056802Z }
run-frontend-ci	Run Vitest (frontend)	2025-10-17T22:46:32.7056971Z 
run-frontend-ci	Run Vitest (frontend)	2025-10-17T22:46:32.7058487Z [90mstderr[2m | src/services/__tests__/api.test.js[2m > [22m[2mAPI Service[2m > [22m[2mAxios Instance Configuration[2m > [22m[2muses default error message when detail is not provided
run-frontend-ci	Run Vitest (frontend)	2025-10-17T22:46:32.7059764Z [22m[39mAPI Error: {
run-frontend-ci	Run Vitest (frontend)	2025-10-17T22:46:32.7060213Z   url: [90mundefined[39m,
run-frontend-ci	Run Vitest (frontend)	2025-10-17T22:46:32.7060912Z   method: [90mundefined[39m,
run-frontend-ci	Run Vitest (frontend)	2025-10-17T22:46:32.7061371Z   status: [33m500[39m,
run-frontend-ci	Run Vitest (frontend)	2025-10-17T22:46:32.7061719Z   data: {},
run-frontend-ci	Run Vitest (frontend)	2025-10-17T22:46:32.7062295Z   error: { response: { status: [33m500[39m, data: {} } }
run-frontend-ci	Run Vitest (frontend)	2025-10-17T22:46:32.7062793Z }
run-frontend-ci	Run Vitest (frontend)	2025-10-17T22:46:32.7062966Z 
run-frontend-ci	Run Vitest (frontend)	2025-10-17T22:46:36.0094645Z [90mstderr[2m | src/components/__tests__/Header.test.jsx[2m > [22m[2mHeader Component[2m > [22m[2mrenders header with correct elements
run-frontend-ci	Run Vitest (frontend)	2025-10-17T22:46:36.0117676Z [22m[39mApp Error: Error fetching unread count:
run-frontend-ci	Run Vitest (frontend)	2025-10-17T22:46:36.0118309Z 
run-frontend-ci	Run Vitest (frontend)	2025-10-17T22:46:36.0347230Z [90mstderr[2m | src/components/__tests__/Header.test.jsx[2m > [22m[2mHeader Component[2m > [22m[2mtoggles dark mode when the button is clicked
run-frontend-ci	Run Vitest (frontend)	2025-10-17T22:46:36.0361027Z [22m[39mApp Error: Error fetching unread count:
run-frontend-ci	Run Vitest (frontend)	2025-10-17T22:46:36.0361841Z 
run-frontend-ci	Run Vitest (frontend)	2025-10-17T22:46:36.0495621Z [90mstderr[2m | src/components/__tests__/Header.test.jsx[2m > [22m[2mHeader Component[2m > [22m[2mchanges language when a different language is selected
run-frontend-ci	Run Vitest (frontend)	2025-10-17T22:46:36.0498043Z [22m[39mApp Error: Error fetching unread count:
run-frontend-ci	Run Vitest (frontend)	2025-10-17T22:46:36.0498782Z 
run-frontend-ci	Run Vitest (frontend)	2025-10-17T22:46:36.0584020Z [90mstderr[2m | src/components/__tests__/Header.test.jsx[2m > [22m[2mHeader Component[2m > [22m[2mdisplays notification badge when notifications are received
run-frontend-ci	Run Vitest (frontend)	2025-10-17T22:46:36.0589359Z [22m[39mApp Error: Error fetching unread count:
run-frontend-ci	Run Vitest (frontend)	2025-10-17T22:46:36.0594346Z 
run-frontend-ci	Run Vitest (frontend)	2025-10-17T22:46:36.0982179Z [90mstderr[2m | src/components/__tests__/Header.test.jsx[2m > [22m[2mHeader Component[2m > [22m[2mtoggles notification dropdown when bell is clicked
run-frontend-ci	Run Vitest (frontend)	2025-10-17T22:46:36.0984968Z [22m[39mApp Error: Error fetching unread count:
run-frontend-ci	Run Vitest (frontend)	2025-10-17T22:46:36.0986423Z App Error: Error fetching notifications:
run-frontend-ci	Run Vitest (frontend)	2025-10-17T22:46:36.0990258Z 
run-frontend-ci	Run Vitest (frontend)	2025-10-17T22:46:36.1054865Z [90mstderr[2m | src/components/__tests__/Header.test.jsx[2m > [22m[2mHeader Component[2m > [22m[2mresets notification count when opening the notification dropdown
run-frontend-ci	Run Vitest (frontend)	2025-10-17T22:46:36.1068759Z [22m[39mApp Error: Error fetching unread count:
run-frontend-ci	Run Vitest (frontend)	2025-10-17T22:46:36.1069313Z 
run-frontend-ci	Run Vitest (frontend)	2025-10-17T22:46:36.1386281Z [90mstderr[2m | src/components/__tests__/Header.test.jsx[2m > [22m[2mHeader Component[2m > [22m[2mresets notification count when opening the notification dropdown
run-frontend-ci	Run Vitest (frontend)	2025-10-17T22:46:36.1387560Z [22m[39mApp Error: Error fetching notifications:
run-frontend-ci	Run Vitest (frontend)	2025-10-17T22:46:36.1387892Z 
run-frontend-ci	Run Vitest (frontend)	2025-10-17T22:46:36.6094606Z [90mstderr[2m | src/components/__tests__/Notifications.test.jsx[2m > [22m[2mNotifications Component[2m > [22m[2mshows empty state when there are no notifications
run-frontend-ci	Run Vitest (frontend)	2025-10-17T22:46:36.6096796Z [22m[39mError: Uncaught [TypeError: i18n.getFixedT is not a function]
run-frontend-ci	Run Vitest (frontend)	2025-10-17T22:46:36.6104304Z     at reportException (/home/runner/work/GplusAPP/GplusAPP/node_modules/jsdom/lib/jsdom/living/helpers/runtime-script-errors.js:66:24)
run-frontend-ci	Run Vitest (frontend)	2025-10-17T22:46:36.6106434Z     at innerInvokeEventListeners (/home/runner/work/GplusAPP/GplusAPP/node_modules/jsdom/lib/jsdom/living/events/EventTarget-impl.js:353:9)
run-frontend-ci	Run Vitest (frontend)	2025-10-17T22:46:36.6108584Z     at invokeEventListeners (/home/runner/work/GplusAPP/GplusAPP/node_modules/jsdom/lib/jsdom/living/events/EventTarget-impl.js:286:3)
run-frontend-ci	Run Vitest (frontend)	2025-10-17T22:46:36.6110758Z     at HTMLUnknownElementImpl._dispatch (/home/runner/work/GplusAPP/GplusAPP/node_modules/jsdom/lib/jsdom/living/events/EventTarget-impl.js:233:9)
run-frontend-ci	Run Vitest (frontend)	2025-10-17T22:46:36.6115478Z     at HTMLUnknownElementImpl.dispatchEvent (/home/runner/work/GplusAPP/GplusAPP/node_modules/jsdom/lib/jsdom/living/events/EventTarget-impl.js:104:17)
run-frontend-ci	Run Vitest (frontend)	2025-10-17T22:46:36.6117519Z     at HTMLUnknownElement.dispatchEvent (/home/runner/work/GplusAPP/GplusAPP/node_modules/jsdom/lib/jsdom/living/generated/EventTarget.js:241:34)
run-frontend-ci	Run Vitest (frontend)	2025-10-17T22:46:36.6119524Z     at Object.invokeGuardedCallbackDev (/home/runner/work/GplusAPP/GplusAPP/node_modules/react-dom/cjs/react-dom.development.js:4213:16)
run-frontend-ci	Run Vitest (frontend)	2025-10-17T22:46:36.6121562Z     at invokeGuardedCallback (/home/runner/work/GplusAPP/GplusAPP/node_modules/react-dom/cjs/react-dom.development.js:4277:31)
run-frontend-ci	Run Vitest (frontend)	2025-10-17T22:46:36.6123240Z     at beginWork$1 (/home/runner/work/GplusAPP/GplusAPP/node_modules/react-dom/cjs/react-dom.development.js:27490:7)
run-frontend-ci	Run Vitest (frontend)	2025-10-17T22:46:36.6125758Z     at performUnitOfWork (/home/runner/work/GplusAPP/GplusAPP/node_modules/react-dom/cjs/react-dom.development.js:26599:12) TypeError: i18n.getFixedT is not a function
run-frontend-ci	Run Vitest (frontend)	2025-10-17T22:46:36.6128434Z     at getT [90m(/home/runner/work/GplusAPP/GplusAPP/frontend/[39mnode_modules/[4mreact-i18next[24m/dist/commonjs/useTranslation.js:71:17[90m)[39m
run-frontend-ci	Run Vitest (frontend)	2025-10-17T22:46:36.6130459Z     at mountState (/home/runner/work/GplusAPP/GplusAPP/node_modules/[4mreact-dom[24m/cjs/react-dom.development.js:16167:20)
run-frontend-ci	Run Vitest (frontend)	2025-10-17T22:46:36.6132351Z     at Object.useState (/home/runner/work/GplusAPP/GplusAPP/node_modules/[4mreact-dom[24m/cjs/react-dom.development.js:16880:16)
run-frontend-ci	Run Vitest (frontend)	2025-10-17T22:46:36.6151908Z     at useState (/home/runner/work/GplusAPP/GplusAPP/node_modules/[4mreact[24m/cjs/react.development.js:1622:21)
run-frontend-ci	Run Vitest (frontend)	2025-10-17T22:46:36.6153852Z     at useTranslation [90m(/home/runner/work/GplusAPP/GplusAPP/frontend/[39mnode_modules/[4mreact-i18next[24m/dist/commonjs/useTranslation.js:74:39[90m)[39m
run-frontend-ci	Run Vitest (frontend)	2025-10-17T22:46:36.6180436Z     at AuthProvider [90m(/home/runner/work/GplusAPP/GplusAPP/frontend/[39msrc/contexts/AuthContext.jsx:30:17[90m)[39m
run-frontend-ci	Run Vitest (frontend)	2025-10-17T22:46:36.6187225Z     at renderWithHooks (/home/runner/work/GplusAPP/GplusAPP/node_modules/[4mreact-dom[24m/cjs/react-dom.development.js:15486:18)
run-frontend-ci	Run Vitest (frontend)	2025-10-17T22:46:36.6189126Z     at mountIndeterminateComponent (/home/runner/work/GplusAPP/GplusAPP/node_modules/[4mreact-dom[24m/cjs/react-dom.development.js:20103:13)
run-frontend-ci	Run Vitest (frontend)	2025-10-17T22:46:36.6191147Z     at beginWork (/home/runner/work/GplusAPP/GplusAPP/node_modules/[4mreact-dom[24m/cjs/react-dom.development.js:21626:16)
run-frontend-ci	Run Vitest (frontend)	2025-10-17T22:46:36.6193396Z     at HTMLUnknownElement.callCallback (/home/runner/work/GplusAPP/GplusAPP/node_modules/[4mreact-dom[24m/cjs/react-dom.development.js:4164:14)
run-frontend-ci	Run Vitest (frontend)	2025-10-17T22:46:36.6194853Z Error: Uncaught [TypeError: i18n.getFixedT is not a function]
run-frontend-ci	Run Vitest (frontend)	2025-10-17T22:46:36.6196082Z     at reportException (/home/runner/work/GplusAPP/GplusAPP/node_modules/jsdom/lib/jsdom/living/helpers/runtime-script-errors.js:66:24)
run-frontend-ci	Run Vitest (frontend)	2025-10-17T22:46:36.6197802Z     at innerInvokeEventListeners (/home/runner/work/GplusAPP/GplusAPP/node_modules/jsdom/lib/jsdom/living/events/EventTarget-impl.js:353:9)
run-frontend-ci	Run Vitest (frontend)	2025-10-17T22:46:36.6199509Z     at invokeEventListeners (/home/runner/work/GplusAPP/GplusAPP/node_modules/jsdom/lib/jsdom/living/events/EventTarget-impl.js:286:3)
run-frontend-ci	Run Vitest (frontend)	2025-10-17T22:46:36.6201488Z     at HTMLUnknownElementImpl._dispatch (/home/runner/work/GplusAPP/GplusAPP/node_modules/jsdom/lib/jsdom/living/events/EventTarget-impl.js:233:9)
run-frontend-ci	Run Vitest (frontend)	2025-10-17T22:46:36.6203385Z     at HTMLUnknownElementImpl.dispatchEvent (/home/runner/work/GplusAPP/GplusAPP/node_modules/jsdom/lib/jsdom/living/events/EventTarget-impl.js:104:17)
run-frontend-ci	Run Vitest (frontend)	2025-10-17T22:46:36.6205179Z     at HTMLUnknownElement.dispatchEvent (/home/runner/work/GplusAPP/GplusAPP/node_modules/jsdom/lib/jsdom/living/generated/EventTarget.js:241:34)
run-frontend-ci	Run Vitest (frontend)	2025-10-17T22:46:36.6206847Z     at Object.invokeGuardedCallbackDev (/home/runner/work/GplusAPP/GplusAPP/node_modules/react-dom/cjs/react-dom.development.js:4213:16)
run-frontend-ci	Run Vitest (frontend)	2025-10-17T22:46:36.6208468Z     at invokeGuardedCallback (/home/runner/work/GplusAPP/GplusAPP/node_modules/react-dom/cjs/react-dom.development.js:4277:31)
run-frontend-ci	Run Vitest (frontend)	2025-10-17T22:46:36.6209894Z     at beginWork$1 (/home/runner/work/GplusAPP/GplusAPP/node_modules/react-dom/cjs/react-dom.development.js:27490:7)
run-frontend-ci	Run Vitest (frontend)	2025-10-17T22:46:36.6211874Z     at performUnitOfWork (/home/runner/work/GplusAPP/GplusAPP/node_modules/react-dom/cjs/react-dom.development.js:26599:12) TypeError: i18n.getFixedT is not a function
run-frontend-ci	Run Vitest (frontend)	2025-10-17T22:46:36.6214044Z     at getT [90m(/home/runner/work/GplusAPP/GplusAPP/frontend/[39mnode_modules/[4mreact-i18next[24m/dist/commonjs/useTranslation.js:71:17[90m)[39m
run-frontend-ci	Run Vitest (frontend)	2025-10-17T22:46:36.6215824Z     at mountState (/home/runner/work/GplusAPP/GplusAPP/node_modules/[4mreact-dom[24m/cjs/react-dom.development.js:16167:20)
run-frontend-ci	Run Vitest (frontend)	2025-10-17T22:46:36.6217493Z     at Object.useState (/home/runner/work/GplusAPP/GplusAPP/node_modules/[4mreact-dom[24m/cjs/react-dom.development.js:16880:16)
run-frontend-ci	Run Vitest (frontend)	2025-10-17T22:46:36.6219187Z     at useState (/home/runner/work/GplusAPP/GplusAPP/node_modules/[4mreact[24m/cjs/react.development.js:1622:21)
run-frontend-ci	Run Vitest (frontend)	2025-10-17T22:46:36.6221773Z     at useTranslation [90m(/home/runner/work/GplusAPP/GplusAPP/frontend/[39mnode_modules/[4mreact-i18next[24m/dist/commonjs/useTranslation.js:74:39[90m)[39m
run-frontend-ci	Run Vitest (frontend)	2025-10-17T22:46:36.6223767Z     at AuthProvider [90m(/home/runner/work/GplusAPP/GplusAPP/frontend/[39msrc/contexts/AuthContext.jsx:30:17[90m)[39m
run-frontend-ci	Run Vitest (frontend)	2025-10-17T22:46:36.6225613Z     at renderWithHooks (/home/runner/work/GplusAPP/GplusAPP/node_modules/[4mreact-dom[24m/cjs/react-dom.development.js:15486:18)
run-frontend-ci	Run Vitest (frontend)	2025-10-17T22:46:36.6227665Z     at mountIndeterminateComponent (/home/runner/work/GplusAPP/GplusAPP/node_modules/[4mreact-dom[24m/cjs/react-dom.development.js:20103:13)
run-frontend-ci	Run Vitest (frontend)	2025-10-17T22:46:36.6229547Z     at beginWork (/home/runner/work/GplusAPP/GplusAPP/node_modules/[4mreact-dom[24m/cjs/react-dom.development.js:21626:16)
run-frontend-ci	Run Vitest (frontend)	2025-10-17T22:46:36.6231789Z     at HTMLUnknownElement.callCallback (/home/runner/work/GplusAPP/GplusAPP/node_modules/[4mreact-dom[24m/cjs/react-dom.development.js:4164:14)
run-frontend-ci	Run Vitest (frontend)	2025-10-17T22:46:36.6233118Z The above error occurred in the <AuthProvider> component:
run-frontend-ci	Run Vitest (frontend)	2025-10-17T22:46:36.6233519Z 
run-frontend-ci	Run Vitest (frontend)	2025-10-17T22:46:36.6234169Z     at AuthProvider (/home/runner/work/GplusAPP/GplusAPP/frontend/src/contexts/AuthContext.jsx:16:25)
run-frontend-ci	Run Vitest (frontend)	2025-10-17T22:46:36.6235700Z     at I18nextProvider (/home/runner/work/GplusAPP/GplusAPP/frontend/node_modules/react-i18next/dist/commonjs/I18nextProvider.js:13:19)
run-frontend-ci	Run Vitest (frontend)	2025-10-17T22:46:36.6237611Z     at Router (/home/runner/work/GplusAPP/GplusAPP/node_modules/react-router/dist/umd/react-router.development.js:1207:17)
run-frontend-ci	Run Vitest (frontend)	2025-10-17T22:46:36.6239399Z     at MemoryRouter (/home/runner/work/GplusAPP/GplusAPP/node_modules/react-router/dist/umd/react-router.development.js:1101:7)
run-frontend-ci	Run Vitest (frontend)	2025-10-17T22:46:36.6241141Z     at Wrapper (/home/runner/work/GplusAPP/GplusAPP/frontend/src/test-utils/renderWithProviders.jsx:22:22)
run-frontend-ci	Run Vitest (frontend)	2025-10-17T22:46:36.6241848Z 
run-frontend-ci	Run Vitest (frontend)	2025-10-17T22:46:36.6242413Z Consider adding an error boundary to your tree to customize error handling behavior.
run-frontend-ci	Run Vitest (frontend)	2025-10-17T22:46:36.6243534Z Visit https://reactjs.org/link/error-boundaries to learn more about error boundaries.
run-frontend-ci	Run Vitest (frontend)	2025-10-17T22:46:36.6244113Z 
run-frontend-ci	Run Vitest (frontend)	2025-10-17T22:46:36.6245550Z [90mstderr[2m | src/components/__tests__/Notifications.test.jsx[2m > [22m[2mNotifications Component[2m > [22m[2mrenders notifications when they are received
run-frontend-ci	Run Vitest (frontend)	2025-10-17T22:46:36.6247084Z [22m[39mError: Uncaught [TypeError: i18n.getFixedT is not a function]
run-frontend-ci	Run Vitest (frontend)	2025-10-17T22:46:36.6248452Z     at reportException (/home/runner/work/GplusAPP/GplusAPP/node_modules/jsdom/lib/jsdom/living/helpers/runtime-script-errors.js:66:24)
run-frontend-ci	Run Vitest (frontend)	2025-10-17T22:46:36.6250327Z     at innerInvokeEventListeners (/home/runner/work/GplusAPP/GplusAPP/node_modules/jsdom/lib/jsdom/living/events/EventTarget-impl.js:353:9)
run-frontend-ci	Run Vitest (frontend)	2025-10-17T22:46:36.6252416Z     at invokeEventListeners (/home/runner/work/GplusAPP/GplusAPP/node_modules/jsdom/lib/jsdom/living/events/EventTarget-impl.js:286:3)
run-frontend-ci	Run Vitest (frontend)	2025-10-17T22:46:36.6254328Z     at HTMLUnknownElementImpl._dispatch (/home/runner/work/GplusAPP/GplusAPP/node_modules/jsdom/lib/jsdom/living/events/EventTarget-impl.js:233:9)
run-frontend-ci	Run Vitest (frontend)	2025-10-17T22:46:36.6277734Z     at HTMLUnknownElementImpl.dispatchEvent (/home/runner/work/GplusAPP/GplusAPP/node_modules/jsdom/lib/jsdom/living/events/EventTarget-impl.js:104:17)
run-frontend-ci	Run Vitest (frontend)	2025-10-17T22:46:36.6279756Z     at HTMLUnknownElement.dispatchEvent (/home/runner/work/GplusAPP/GplusAPP/node_modules/jsdom/lib/jsdom/living/generated/EventTarget.js:241:34)
run-frontend-ci	Run Vitest (frontend)	2025-10-17T22:46:36.6308543Z     at Object.invokeGuardedCallbackDev (/home/runner/work/GplusAPP/GplusAPP/node_modules/react-dom/cjs/react-dom.development.js:4213:16)
run-frontend-ci	Run Vitest (frontend)	2025-10-17T22:46:36.6310282Z     at invokeGuardedCallback (/home/runner/work/GplusAPP/GplusAPP/node_modules/react-dom/cjs/react-dom.development.js:4277:31)
run-frontend-ci	Run Vitest (frontend)	2025-10-17T22:46:36.6312847Z     at beginWork$1 (/home/runner/work/GplusAPP/GplusAPP/node_modules/react-dom/cjs/react-dom.development.js:27490:7)
run-frontend-ci	Run Vitest (frontend)	2025-10-17T22:46:36.6314679Z     at performUnitOfWork (/home/runner/work/GplusAPP/GplusAPP/node_modules/react-dom/cjs/react-dom.development.js:26599:12) TypeError: i18n.getFixedT is not a function
run-frontend-ci	Run Vitest (frontend)	2025-10-17T22:46:36.6316899Z     at getT [90m(/home/runner/work/GplusAPP/GplusAPP/frontend/[39mnode_modules/[4mreact-i18next[24m/dist/commonjs/useTranslation.js:71:17[90m)[39m
run-frontend-ci	Run Vitest (frontend)	2025-10-17T22:46:36.6322587Z     at mountState (/home/runner/work/GplusAPP/GplusAPP/node_modules/[4mreact-dom[24m/cjs/react-dom.development.js:16167:20)
run-frontend-ci	Run Vitest (frontend)	2025-10-17T22:46:36.6324460Z     at Object.useState (/home/runner/work/GplusAPP/GplusAPP/node_modules/[4mreact-dom[24m/cjs/react-dom.development.js:16880:16)
run-frontend-ci	Run Vitest (frontend)	2025-10-17T22:46:36.6326029Z     at useState (/home/runner/work/GplusAPP/GplusAPP/node_modules/[4mreact[24m/cjs/react.development.js:1622:21)
run-frontend-ci	Run Vitest (frontend)	2025-10-17T22:46:36.6327746Z     at useTranslation [90m(/home/runner/work/GplusAPP/GplusAPP/frontend/[39mnode_modules/[4mreact-i18next[24m/dist/commonjs/useTranslation.js:74:39[90m)[39m
run-frontend-ci	Run Vitest (frontend)	2025-10-17T22:46:36.6329399Z     at AuthProvider [90m(/home/runner/work/GplusAPP/GplusAPP/frontend/[39msrc/contexts/AuthContext.jsx:30:17[90m)[39m
run-frontend-ci	Run Vitest (frontend)	2025-10-17T22:46:36.6342270Z     at renderWithHooks (/home/runner/work/GplusAPP/GplusAPP/node_modules/[4mreact-dom[24m/cjs/react-dom.development.js:15486:18)
run-frontend-ci	Run Vitest (frontend)	2025-10-17T22:46:36.6344332Z     at mountIndeterminateComponent (/home/runner/work/GplusAPP/GplusAPP/node_modules/[4mreact-dom[24m/cjs/react-dom.development.js:20103:13)
run-frontend-ci	Run Vitest (frontend)	2025-10-17T22:46:36.6346312Z     at beginWork (/home/runner/work/GplusAPP/GplusAPP/node_modules/[4mreact-dom[24m/cjs/react-dom.development.js:21626:16)
run-frontend-ci	Run Vitest (frontend)	2025-10-17T22:46:36.6348648Z     at HTMLUnknownElement.callCallback (/home/runner/work/GplusAPP/GplusAPP/node_modules/[4mreact-dom[24m/cjs/react-dom.development.js:4164:14)
run-frontend-ci	Run Vitest (frontend)	2025-10-17T22:46:36.6350307Z Error: Uncaught [TypeError: i18n.getFixedT is not a function]
run-frontend-ci	Run Vitest (frontend)	2025-10-17T22:46:36.6365647Z     at reportException (/home/runner/work/GplusAPP/GplusAPP/node_modules/jsdom/lib/jsdom/living/helpers/runtime-script-errors.js:66:24)
run-frontend-ci	Run Vitest (frontend)	2025-10-17T22:46:36.6367530Z     at innerInvokeEventListeners (/home/runner/work/GplusAPP/GplusAPP/node_modules/jsdom/lib/jsdom/living/events/EventTarget-impl.js:353:9)
run-frontend-ci	Run Vitest (frontend)	2025-10-17T22:46:36.6369186Z     at invokeEventListeners (/home/runner/work/GplusAPP/GplusAPP/node_modules/jsdom/lib/jsdom/living/events/EventTarget-impl.js:286:3)
run-frontend-ci	Run Vitest (frontend)	2025-10-17T22:46:36.6371005Z     at HTMLUnknownElementImpl._dispatch (/home/runner/work/GplusAPP/GplusAPP/node_modules/jsdom/lib/jsdom/living/events/EventTarget-impl.js:233:9)
run-frontend-ci	Run Vitest (frontend)	2025-10-17T22:46:36.6372731Z     at HTMLUnknownElementImpl.dispatchEvent (/home/runner/work/GplusAPP/GplusAPP/node_modules/jsdom/lib/jsdom/living/events/EventTarget-impl.js:104:17)
run-frontend-ci	Run Vitest (frontend)	2025-10-17T22:46:36.6374537Z     at HTMLUnknownElement.dispatchEvent (/home/runner/work/GplusAPP/GplusAPP/node_modules/jsdom/lib/jsdom/living/generated/EventTarget.js:241:34)
run-frontend-ci	Run Vitest (frontend)	2025-10-17T22:46:36.6376210Z     at Object.invokeGuardedCallbackDev (/home/runner/work/GplusAPP/GplusAPP/node_modules/react-dom/cjs/react-dom.development.js:4213:16)
run-frontend-ci	Run Vitest (frontend)	2025-10-17T22:46:36.6377760Z     at invokeGuardedCallback (/home/runner/work/GplusAPP/GplusAPP/node_modules/react-dom/cjs/react-dom.development.js:4277:31)
run-frontend-ci	Run Vitest (frontend)	2025-10-17T22:46:36.6379158Z     at beginWork$1 (/home/runner/work/GplusAPP/GplusAPP/node_modules/react-dom/cjs/react-dom.development.js:27490:7)
run-frontend-ci	Run Vitest (frontend)	2025-10-17T22:46:36.6411082Z     at performUnitOfWork (/home/runner/work/GplusAPP/GplusAPP/node_modules/react-dom/cjs/react-dom.development.js:26599:12) TypeError: i18n.getFixedT is not a function
run-frontend-ci	Run Vitest (frontend)	2025-10-17T22:46:36.6413131Z     at getT [90m(/home/runner/work/GplusAPP/GplusAPP/frontend/[39mnode_modules/[4mreact-i18next[24m/dist/commonjs/useTranslation.js:71:17[90m)[39m
run-frontend-ci	Run Vitest (frontend)	2025-10-17T22:46:36.6414791Z     at mountState (/home/runner/work/GplusAPP/GplusAPP/node_modules/[4mreact-dom[24m/cjs/react-dom.development.js:16167:20)
run-frontend-ci	Run Vitest (frontend)	2025-10-17T22:46:36.6416396Z     at Object.useState (/home/runner/work/GplusAPP/GplusAPP/node_modules/[4mreact-dom[24m/cjs/react-dom.development.js:16880:16)
run-frontend-ci	Run Vitest (frontend)	2025-10-17T22:46:36.6417866Z     at useState (/home/runner/work/GplusAPP/GplusAPP/node_modules/[4mreact[24m/cjs/react.development.js:1622:21)
run-frontend-ci	Run Vitest (frontend)	2025-10-17T22:46:36.6419605Z     at useTranslation [90m(/home/runner/work/GplusAPP/GplusAPP/frontend/[39mnode_modules/[4mreact-i18next[24m/dist/commonjs/useTranslation.js:74:39[90m)[39m
run-frontend-ci	Run Vitest (frontend)	2025-10-17T22:46:36.6462077Z     at AuthProvider [90m(/home/runner/work/GplusAPP/GplusAPP/frontend/[39msrc/contexts/AuthContext.jsx:30:17[90m)[39m
run-frontend-ci	Run Vitest (frontend)	2025-10-17T22:46:36.6463970Z     at renderWithHooks (/home/runner/work/GplusAPP/GplusAPP/node_modules/[4mreact-dom[24m/cjs/react-dom.development.js:15486:18)
run-frontend-ci	Run Vitest (frontend)	2025-10-17T22:46:36.6465964Z     at mountIndeterminateComponent (/home/runner/work/GplusAPP/GplusAPP/node_modules/[4mreact-dom[24m/cjs/react-dom.development.js:20103:13)
run-frontend-ci	Run Vitest (frontend)	2025-10-17T22:46:36.6467857Z     at beginWork (/home/runner/work/GplusAPP/GplusAPP/node_modules/[4mreact-dom[24m/cjs/react-dom.development.js:21626:16)
run-frontend-ci	Run Vitest (frontend)	2025-10-17T22:46:36.6469783Z     at HTMLUnknownElement.callCallback (/home/runner/work/GplusAPP/GplusAPP/node_modules/[4mreact-dom[24m/cjs/react-dom.development.js:4164:14)
run-frontend-ci	Run Vitest (frontend)	2025-10-17T22:46:36.6471584Z The above error occurred in the <AuthProvider> component:
run-frontend-ci	Run Vitest (frontend)	2025-10-17T22:46:36.6471990Z 
run-frontend-ci	Run Vitest (frontend)	2025-10-17T22:46:36.6472622Z     at AuthProvider (/home/runner/work/GplusAPP/GplusAPP/frontend/src/contexts/AuthContext.jsx:16:25)
run-frontend-ci	Run Vitest (frontend)	2025-10-17T22:46:36.6474193Z     at I18nextProvider (/home/runner/work/GplusAPP/GplusAPP/frontend/node_modules/react-i18next/dist/commonjs/I18nextProvider.js:13:19)
run-frontend-ci	Run Vitest (frontend)	2025-10-17T22:46:36.6476207Z     at Router (/home/runner/work/GplusAPP/GplusAPP/node_modules/react-router/dist/umd/react-router.development.js:1207:17)
run-frontend-ci	Run Vitest (frontend)	2025-10-17T22:46:36.6478075Z     at MemoryRouter (/home/runner/work/GplusAPP/GplusAPP/node_modules/react-router/dist/umd/react-router.development.js:1101:7)
run-frontend-ci	Run Vitest (frontend)	2025-10-17T22:46:36.6479556Z     at Wrapper (/home/runner/work/GplusAPP/GplusAPP/frontend/src/test-utils/renderWithProviders.jsx:22:22)
run-frontend-ci	Run Vitest (frontend)	2025-10-17T22:46:36.6480266Z 
run-frontend-ci	Run Vitest (frontend)	2025-10-17T22:46:36.6481029Z Consider adding an error boundary to your tree to customize error handling behavior.
run-frontend-ci	Run Vitest (frontend)	2025-10-17T22:46:36.6482183Z Visit https://reactjs.org/link/error-boundaries to learn more about error boundaries.
run-frontend-ci	Run Vitest (frontend)	2025-10-17T22:46:36.6482761Z 
run-frontend-ci	Run Vitest (frontend)	2025-10-17T22:46:36.6484164Z [90mstderr[2m | src/components/__tests__/Notifications.test.jsx[2m > [22m[2mNotifications Component[2m > [22m[2mdisplays multiple notifications in order
run-frontend-ci	Run Vitest (frontend)	2025-10-17T22:46:36.6485603Z [22m[39mError: Uncaught [TypeError: i18n.getFixedT is not a function]
run-frontend-ci	Run Vitest (frontend)	2025-10-17T22:46:36.6486921Z     at reportException (/home/runner/work/GplusAPP/GplusAPP/node_modules/jsdom/lib/jsdom/living/helpers/runtime-script-errors.js:66:24)
run-frontend-ci	Run Vitest (frontend)	2025-10-17T22:46:36.6488700Z     at innerInvokeEventListeners (/home/runner/work/GplusAPP/GplusAPP/node_modules/jsdom/lib/jsdom/living/events/EventTarget-impl.js:353:9)
run-frontend-ci	Run Vitest (frontend)	2025-10-17T22:46:36.6490460Z     at invokeEventListeners (/home/runner/work/GplusAPP/GplusAPP/node_modules/jsdom/lib/jsdom/living/events/EventTarget-impl.js:286:3)
run-frontend-ci	Run Vitest (frontend)	2025-10-17T22:46:36.6522696Z     at HTMLUnknownElementImpl._dispatch (/home/runner/work/GplusAPP/GplusAPP/node_modules/jsdom/lib/jsdom/living/events/EventTarget-impl.js:233:9)
run-frontend-ci	Run Vitest (frontend)	2025-10-17T22:46:36.6524697Z     at HTMLUnknownElementImpl.dispatchEvent (/home/runner/work/GplusAPP/GplusAPP/node_modules/jsdom/lib/jsdom/living/events/EventTarget-impl.js:104:17)
run-frontend-ci	Run Vitest (frontend)	2025-10-17T22:46:36.6526763Z     at HTMLUnknownElement.dispatchEvent (/home/runner/work/GplusAPP/GplusAPP/node_modules/jsdom/lib/jsdom/living/generated/EventTarget.js:241:34)
run-frontend-ci	Run Vitest (frontend)	2025-10-17T22:46:36.6528627Z     at Object.invokeGuardedCallbackDev (/home/runner/work/GplusAPP/GplusAPP/node_modules/react-dom/cjs/react-dom.development.js:4213:16)
run-frontend-ci	Run Vitest (frontend)	2025-10-17T22:46:36.6530267Z     at invokeGuardedCallback (/home/runner/work/GplusAPP/GplusAPP/node_modules/react-dom/cjs/react-dom.development.js:4277:31)
run-frontend-ci	Run Vitest (frontend)	2025-10-17T22:46:36.6531947Z     at beginWork$1 (/home/runner/work/GplusAPP/GplusAPP/node_modules/react-dom/cjs/react-dom.development.js:27490:7)
run-frontend-ci	Run Vitest (frontend)	2025-10-17T22:46:36.6533717Z     at performUnitOfWork (/home/runner/work/GplusAPP/GplusAPP/node_modules/react-dom/cjs/react-dom.development.js:26599:12) TypeError: i18n.getFixedT is not a function
run-frontend-ci	Run Vitest (frontend)	2025-10-17T22:46:36.6535921Z     at getT [90m(/home/runner/work/GplusAPP/GplusAPP/frontend/[39mnode_modules/[4mreact-i18next[24m/dist/commonjs/useTranslation.js:71:17[90m)[39m
run-frontend-ci	Run Vitest (frontend)	2025-10-17T22:46:36.6537715Z     at mountState (/home/runner/work/GplusAPP/GplusAPP/node_modules/[4mreact-dom[24m/cjs/react-dom.development.js:16167:20)
run-frontend-ci	Run Vitest (frontend)	2025-10-17T22:46:36.6539445Z     at Object.useState (/home/runner/work/GplusAPP/GplusAPP/node_modules/[4mreact-dom[24m/cjs/react-dom.development.js:16880:16)
run-frontend-ci	Run Vitest (frontend)	2025-10-17T22:46:36.6541501Z     at useState (/home/runner/work/GplusAPP/GplusAPP/node_modules/[4mreact[24m/cjs/react.development.js:1622:21)
run-frontend-ci	Run Vitest (frontend)	2025-10-17T22:46:36.6543416Z     at useTranslation [90m(/home/runner/work/GplusAPP/GplusAPP/frontend/[39mnode_modules/[4mreact-i18next[24m/dist/commonjs/useTranslation.js:74:39[90m)[39m
run-frontend-ci	Run Vitest (frontend)	2025-10-17T22:46:36.6545259Z     at AuthProvider [90m(/home/runner/work/GplusAPP/GplusAPP/frontend/[39msrc/contexts/AuthContext.jsx:30:17[90m)[39m
run-frontend-ci	Run Vitest (frontend)	2025-10-17T22:46:36.6546977Z     at renderWithHooks (/home/runner/work/GplusAPP/GplusAPP/node_modules/[4mreact-dom[24m/cjs/react-dom.development.js:15486:18)
run-frontend-ci	Run Vitest (frontend)	2025-10-17T22:46:36.6548860Z     at mountIndeterminateComponent (/home/runner/work/GplusAPP/GplusAPP/node_modules/[4mreact-dom[24m/cjs/react-dom.development.js:20103:13)
run-frontend-ci	Run Vitest (frontend)	2025-10-17T22:46:36.6551208Z     at beginWork (/home/runner/work/GplusAPP/GplusAPP/node_modules/[4mreact-dom[24m/cjs/react-dom.development.js:21626:16)
run-frontend-ci	Run Vitest (frontend)	2025-10-17T22:46:36.6553155Z     at HTMLUnknownElement.callCallback (/home/runner/work/GplusAPP/GplusAPP/node_modules/[4mreact-dom[24m/cjs/react-dom.development.js:4164:14)
run-frontend-ci	Run Vitest (frontend)	2025-10-17T22:46:36.6554793Z Error: Uncaught [TypeError: i18n.getFixedT is not a function]
run-frontend-ci	Run Vitest (frontend)	2025-10-17T22:46:36.6556089Z     at reportException (/home/runner/work/GplusAPP/GplusAPP/node_modules/jsdom/lib/jsdom/living/helpers/runtime-script-errors.js:66:24)
run-frontend-ci	Run Vitest (frontend)	2025-10-17T22:46:36.6557922Z     at innerInvokeEventListeners (/home/runner/work/GplusAPP/GplusAPP/node_modules/jsdom/lib/jsdom/living/events/EventTarget-impl.js:353:9)
run-frontend-ci	Run Vitest (frontend)	2025-10-17T22:46:36.6559719Z     at invokeEventListeners (/home/runner/work/GplusAPP/GplusAPP/node_modules/jsdom/lib/jsdom/living/events/EventTarget-impl.js:286:3)
run-frontend-ci	Run Vitest (frontend)	2025-10-17T22:46:36.6561748Z     at HTMLUnknownElementImpl._dispatch (/home/runner/work/GplusAPP/GplusAPP/node_modules/jsdom/lib/jsdom/living/events/EventTarget-impl.js:233:9)
run-frontend-ci	Run Vitest (frontend)	2025-10-17T22:46:36.6563701Z     at HTMLUnknownElementImpl.dispatchEvent (/home/runner/work/GplusAPP/GplusAPP/node_modules/jsdom/lib/jsdom/living/events/EventTarget-impl.js:104:17)
run-frontend-ci	Run Vitest (frontend)	2025-10-17T22:46:36.6565568Z     at HTMLUnknownElement.dispatchEvent (/home/runner/work/GplusAPP/GplusAPP/node_modules/jsdom/lib/jsdom/living/generated/EventTarget.js:241:34)
run-frontend-ci	Run Vitest (frontend)	2025-10-17T22:46:36.6567284Z     at Object.invokeGuardedCallbackDev (/home/runner/work/GplusAPP/GplusAPP/node_modules/react-dom/cjs/react-dom.development.js:4213:16)
run-frontend-ci	Run Vitest (frontend)	2025-10-17T22:46:36.6568943Z     at invokeGuardedCallback (/home/runner/work/GplusAPP/GplusAPP/node_modules/react-dom/cjs/react-dom.development.js:4277:31)
run-frontend-ci	Run Vitest (frontend)	2025-10-17T22:46:36.6570493Z     at beginWork$1 (/home/runner/work/GplusAPP/GplusAPP/node_modules/react-dom/cjs/react-dom.development.js:27490:7)
run-frontend-ci	Run Vitest (frontend)	2025-10-17T22:46:36.6572463Z     at performUnitOfWork (/home/runner/work/GplusAPP/GplusAPP/node_modules/react-dom/cjs/react-dom.development.js:26599:12) TypeError: i18n.getFixedT is not a function
run-frontend-ci	Run Vitest (frontend)	2025-10-17T22:46:36.6574721Z     at getT [90m(/home/runner/work/GplusAPP/GplusAPP/frontend/[39mnode_modules/[4mreact-i18next[24m/dist/commonjs/useTranslation.js:71:17[90m)[39m
run-frontend-ci	Run Vitest (frontend)	2025-10-17T22:46:36.6576563Z     at mountState (/home/runner/work/GplusAPP/GplusAPP/node_modules/[4mreact-dom[24m/cjs/react-dom.development.js:16167:20)
run-frontend-ci	Run Vitest (frontend)	2025-10-17T22:46:36.6578271Z     at Object.useState (/home/runner/work/GplusAPP/GplusAPP/node_modules/[4mreact-dom[24m/cjs/react-dom.development.js:16880:16)
run-frontend-ci	Run Vitest (frontend)	2025-10-17T22:46:36.6579866Z     at useState (/home/runner/work/GplusAPP/GplusAPP/node_modules/[4mreact[24m/cjs/react.development.js:1622:21)
run-frontend-ci	Run Vitest (frontend)	2025-10-17T22:46:36.6581908Z     at useTranslation [90m(/home/runner/work/GplusAPP/GplusAPP/frontend/[39mnode_modules/[4mreact-i18next[24m/dist/commonjs/useTranslation.js:74:39[90m)[39m
run-frontend-ci	Run Vitest (frontend)	2025-10-17T22:46:36.6583762Z     at AuthProvider [90m(/home/runner/work/GplusAPP/GplusAPP/frontend/[39msrc/contexts/AuthContext.jsx:30:17[90m)[39m
run-frontend-ci	Run Vitest (frontend)	2025-10-17T22:46:36.6585467Z     at renderWithHooks (/home/runner/work/GplusAPP/GplusAPP/node_modules/[4mreact-dom[24m/cjs/react-dom.development.js:15486:18)
run-frontend-ci	Run Vitest (frontend)	2025-10-17T22:46:36.6587384Z     at mountIndeterminateComponent (/home/runner/work/GplusAPP/GplusAPP/node_modules/[4mreact-dom[24m/cjs/react-dom.development.js:20103:13)
run-frontend-ci	Run Vitest (frontend)	2025-10-17T22:46:36.6589154Z     at beginWork (/home/runner/work/GplusAPP/GplusAPP/node_modules/[4mreact-dom[24m/cjs/react-dom.development.js:21626:16)
run-frontend-ci	Run Vitest (frontend)	2025-10-17T22:46:36.6591258Z     at HTMLUnknownElement.callCallback (/home/runner/work/GplusAPP/GplusAPP/node_modules/[4mreact-dom[24m/cjs/react-dom.development.js:4164:14)
run-frontend-ci	Run Vitest (frontend)	2025-10-17T22:46:36.6592574Z The above error occurred in the <AuthProvider> component:
run-frontend-ci	Run Vitest (frontend)	2025-10-17T22:46:36.6592971Z 
run-frontend-ci	Run Vitest (frontend)	2025-10-17T22:46:36.6593552Z     at AuthProvider (/home/runner/work/GplusAPP/GplusAPP/frontend/src/contexts/AuthContext.jsx:16:25)
run-frontend-ci	Run Vitest (frontend)	2025-10-17T22:46:36.6595070Z     at I18nextProvider (/home/runner/work/GplusAPP/GplusAPP/frontend/node_modules/react-i18next/dist/commonjs/I18nextProvider.js:13:19)
run-frontend-ci	Run Vitest (frontend)	2025-10-17T22:46:36.6597012Z     at Router (/home/runner/work/GplusAPP/GplusAPP/node_modules/react-router/dist/umd/react-router.development.js:1207:17)
run-frontend-ci	Run Vitest (frontend)	2025-10-17T22:46:36.6598812Z     at MemoryRouter (/home/runner/work/GplusAPP/GplusAPP/node_modules/react-router/dist/umd/react-router.development.js:1101:7)
run-frontend-ci	Run Vitest (frontend)	2025-10-17T22:46:36.6600306Z     at Wrapper (/home/runner/work/GplusAPP/GplusAPP/frontend/src/test-utils/renderWithProviders.jsx:22:22)
run-frontend-ci	Run Vitest (frontend)	2025-10-17T22:46:36.6601242Z 
run-frontend-ci	Run Vitest (frontend)	2025-10-17T22:46:36.6601797Z Consider adding an error boundary to your tree to customize error handling behavior.
run-frontend-ci	Run Vitest (frontend)	2025-10-17T22:46:36.6602917Z Visit https://reactjs.org/link/error-boundaries to learn more about error boundaries.
run-frontend-ci	Run Vitest (frontend)	2025-10-17T22:46:36.6603483Z 
run-frontend-ci	Run Vitest (frontend)	2025-10-17T22:46:36.6604712Z [90mstderr[2m | src/components/__tests__/Notifications.test.jsx[2m > [22m[2mNotifications Component[2m > [22m[2mlimits the number of notifications to 10
run-frontend-ci	Run Vitest (frontend)	2025-10-17T22:46:36.6606187Z [22m[39mError: Uncaught [TypeError: i18n.getFixedT is not a function]
run-frontend-ci	Run Vitest (frontend)	2025-10-17T22:46:36.6607474Z     at reportException (/home/runner/work/GplusAPP/GplusAPP/node_modules/jsdom/lib/jsdom/living/helpers/runtime-script-errors.js:66:24)
run-frontend-ci	Run Vitest (frontend)	2025-10-17T22:46:36.6609292Z     at innerInvokeEventListeners (/home/runner/work/GplusAPP/GplusAPP/node_modules/jsdom/lib/jsdom/living/events/EventTarget-impl.js:353:9)
run-frontend-ci	Run Vitest (frontend)	2025-10-17T22:46:36.6611303Z     at invokeEventListeners (/home/runner/work/GplusAPP/GplusAPP/node_modules/jsdom/lib/jsdom/living/events/EventTarget-impl.js:286:3)
run-frontend-ci	Run Vitest (frontend)	2025-10-17T22:46:36.6613143Z     at HTMLUnknownElementImpl._dispatch (/home/runner/work/GplusAPP/GplusAPP/node_modules/jsdom/lib/jsdom/living/events/EventTarget-impl.js:233:9)
run-frontend-ci	Run Vitest (frontend)	2025-10-17T22:46:36.6615145Z     at HTMLUnknownElementImpl.dispatchEvent (/home/runner/work/GplusAPP/GplusAPP/node_modules/jsdom/lib/jsdom/living/events/EventTarget-impl.js:104:17)
run-frontend-ci	Run Vitest (frontend)	2025-10-17T22:46:36.6617165Z     at HTMLUnknownElement.dispatchEvent (/home/runner/work/GplusAPP/GplusAPP/node_modules/jsdom/lib/jsdom/living/generated/EventTarget.js:241:34)
run-frontend-ci	Run Vitest (frontend)	2025-10-17T22:46:36.6619026Z     at Object.invokeGuardedCallbackDev (/home/runner/work/GplusAPP/GplusAPP/node_modules/react-dom/cjs/react-dom.development.js:4213:16)
run-frontend-ci	Run Vitest (frontend)	2025-10-17T22:46:36.6620947Z     at invokeGuardedCallback (/home/runner/work/GplusAPP/GplusAPP/node_modules/react-dom/cjs/react-dom.development.js:4277:31)
run-frontend-ci	Run Vitest (frontend)	2025-10-17T22:46:36.6622523Z     at beginWork$1 (/home/runner/work/GplusAPP/GplusAPP/node_modules/react-dom/cjs/react-dom.development.js:27490:7)
run-frontend-ci	Run Vitest (frontend)	2025-10-17T22:46:36.6624211Z     at performUnitOfWork (/home/runner/work/GplusAPP/GplusAPP/node_modules/react-dom/cjs/react-dom.development.js:26599:12) TypeError: i18n.getFixedT is not a function
run-frontend-ci	Run Vitest (frontend)	2025-10-17T22:46:36.6626443Z     at getT [90m(/home/runner/work/GplusAPP/GplusAPP/frontend/[39mnode_modules/[4mreact-i18next[24m/dist/commonjs/useTranslation.js:71:17[90m)[39m
run-frontend-ci	Run Vitest (frontend)	2025-10-17T22:46:36.6628221Z     at mountState (/home/runner/work/GplusAPP/GplusAPP/node_modules/[4mreact-dom[24m/cjs/react-dom.development.js:16167:20)
run-frontend-ci	Run Vitest (frontend)	2025-10-17T22:46:36.6630016Z     at Object.useState (/home/runner/work/GplusAPP/GplusAPP/node_modules/[4mreact-dom[24m/cjs/react-dom.development.js:16880:16)
run-frontend-ci	Run Vitest (frontend)	2025-10-17T22:46:36.6631968Z     at useState (/home/runner/work/GplusAPP/GplusAPP/node_modules/[4mreact[24m/cjs/react.development.js:1622:21)
run-frontend-ci	Run Vitest (frontend)	2025-10-17T22:46:36.6633903Z     at useTranslation [90m(/home/runner/work/GplusAPP/GplusAPP/frontend/[39mnode_modules/[4mreact-i18next[24m/dist/commonjs/useTranslation.js:74:39[90m)[39m
run-frontend-ci	Run Vitest (frontend)	2025-10-17T22:46:36.6635752Z     at AuthProvider [90m(/home/runner/work/GplusAPP/GplusAPP/frontend/[39msrc/contexts/AuthContext.jsx:30:17[90m)[39m
run-frontend-ci	Run Vitest (frontend)	2025-10-17T22:46:36.6637445Z     at renderWithHooks (/home/runner/work/GplusAPP/GplusAPP/node_modules/[4mreact-dom[24m/cjs/react-dom.development.js:15486:18)
run-frontend-ci	Run Vitest (frontend)	2025-10-17T22:46:36.6639338Z     at mountIndeterminateComponent (/home/runner/work/GplusAPP/GplusAPP/node_modules/[4mreact-dom[24m/cjs/react-dom.development.js:20103:13)
run-frontend-ci	Run Vitest (frontend)	2025-10-17T22:46:36.6641650Z     at beginWork (/home/runner/work/GplusAPP/GplusAPP/node_modules/[4mreact-dom[24m/cjs/react-dom.development.js:21626:16)
run-frontend-ci	Run Vitest (frontend)	2025-10-17T22:46:36.6643697Z     at HTMLUnknownElement.callCallback (/home/runner/work/GplusAPP/GplusAPP/node_modules/[4mreact-dom[24m/cjs/react-dom.development.js:4164:14)
run-frontend-ci	Run Vitest (frontend)	2025-10-17T22:46:36.6644999Z Error: Uncaught [TypeError: i18n.getFixedT is not a function]
run-frontend-ci	Run Vitest (frontend)	2025-10-17T22:46:36.6646246Z     at reportException (/home/runner/work/GplusAPP/GplusAPP/node_modules/jsdom/lib/jsdom/living/helpers/runtime-script-errors.js:66:24)
run-frontend-ci	Run Vitest (frontend)	2025-10-17T22:46:36.6647989Z     at innerInvokeEventListeners (/home/runner/work/GplusAPP/GplusAPP/node_modules/jsdom/lib/jsdom/living/events/EventTarget-impl.js:353:9)
run-frontend-ci	Run Vitest (frontend)	2025-10-17T22:46:36.6649706Z     at invokeEventListeners (/home/runner/work/GplusAPP/GplusAPP/node_modules/jsdom/lib/jsdom/living/events/EventTarget-impl.js:286:3)
run-frontend-ci	Run Vitest (frontend)	2025-10-17T22:46:36.6651608Z     at HTMLUnknownElementImpl._dispatch (/home/runner/work/GplusAPP/GplusAPP/node_modules/jsdom/lib/jsdom/living/events/EventTarget-impl.js:233:9)
run-frontend-ci	Run Vitest (frontend)	2025-10-17T22:46:36.6653463Z     at HTMLUnknownElementImpl.dispatchEvent (/home/runner/work/GplusAPP/GplusAPP/node_modules/jsdom/lib/jsdom/living/events/EventTarget-impl.js:104:17)
run-frontend-ci	Run Vitest (frontend)	2025-10-17T22:46:36.6655390Z     at HTMLUnknownElement.dispatchEvent (/home/runner/work/GplusAPP/GplusAPP/node_modules/jsdom/lib/jsdom/living/generated/EventTarget.js:241:34)
run-frontend-ci	Run Vitest (frontend)	2025-10-17T22:46:36.6657152Z     at Object.invokeGuardedCallbackDev (/home/runner/work/GplusAPP/GplusAPP/node_modules/react-dom/cjs/react-dom.development.js:4213:16)
run-frontend-ci	Run Vitest (frontend)	2025-10-17T22:46:36.6658739Z     at invokeGuardedCallback (/home/runner/work/GplusAPP/GplusAPP/node_modules/react-dom/cjs/react-dom.development.js:4277:31)
run-frontend-ci	Run Vitest (frontend)	2025-10-17T22:46:36.6660227Z     at beginWork$1 (/home/runner/work/GplusAPP/GplusAPP/node_modules/react-dom/cjs/react-dom.development.js:27490:7)
run-frontend-ci	Run Vitest (frontend)	2025-10-17T22:46:36.6662299Z     at performUnitOfWork (/home/runner/work/GplusAPP/GplusAPP/node_modules/react-dom/cjs/react-dom.development.js:26599:12) TypeError: i18n.getFixedT is not a function
run-frontend-ci	Run Vitest (frontend)	2025-10-17T22:46:36.6664492Z     at getT [90m(/home/runner/work/GplusAPP/GplusAPP/frontend/[39mnode_modules/[4mreact-i18next[24m/dist/commonjs/useTranslation.js:71:17[90m)[39m
run-frontend-ci	Run Vitest (frontend)	2025-10-17T22:46:36.6666278Z     at mountState (/home/runner/work/GplusAPP/GplusAPP/node_modules/[4mreact-dom[24m/cjs/react-dom.development.js:16167:20)
run-frontend-ci	Run Vitest (frontend)	2025-10-17T22:46:36.6667940Z     at Object.useState (/home/runner/work/GplusAPP/GplusAPP/node_modules/[4mreact-dom[24m/cjs/react-dom.development.js:16880:16)
run-frontend-ci	Run Vitest (frontend)	2025-10-17T22:46:36.6669611Z     at useState (/home/runner/work/GplusAPP/GplusAPP/node_modules/[4mreact[24m/cjs/react.development.js:1622:21)
run-frontend-ci	Run Vitest (frontend)	2025-10-17T22:46:36.6671775Z     at useTranslation [90m(/home/runner/work/GplusAPP/GplusAPP/frontend/[39mnode_modules/[4mreact-i18next[24m/dist/commonjs/useTranslation.js:74:39[90m)[39m
run-frontend-ci	Run Vitest (frontend)	2025-10-17T22:46:36.6673707Z     at AuthProvider [90m(/home/runner/work/GplusAPP/GplusAPP/frontend/[39msrc/contexts/AuthContext.jsx:30:17[90m)[39m
run-frontend-ci	Run Vitest (frontend)	2025-10-17T22:46:36.6675354Z     at renderWithHooks (/home/runner/work/GplusAPP/GplusAPP/node_modules/[4mreact-dom[24m/cjs/react-dom.development.js:15486:18)
run-frontend-ci	Run Vitest (frontend)	2025-10-17T22:46:36.6677282Z     at mountIndeterminateComponent (/home/runner/work/GplusAPP/GplusAPP/node_modules/[4mreact-dom[24m/cjs/react-dom.development.js:20103:13)
run-frontend-ci	Run Vitest (frontend)	2025-10-17T22:46:36.6679119Z     at beginWork (/home/runner/work/GplusAPP/GplusAPP/node_modules/[4mreact-dom[24m/cjs/react-dom.development.js:21626:16)
run-frontend-ci	Run Vitest (frontend)	2025-10-17T22:46:36.6681100Z     at HTMLUnknownElement.callCallback (/home/runner/work/GplusAPP/GplusAPP/node_modules/[4mreact-dom[24m/cjs/react-dom.development.js:4164:14)
run-frontend-ci	Run Vitest (frontend)	2025-10-17T22:46:36.6682389Z The above error occurred in the <AuthProvider> component:
run-frontend-ci	Run Vitest (frontend)	2025-10-17T22:46:36.6682774Z 
run-frontend-ci	Run Vitest (frontend)	2025-10-17T22:46:36.6683358Z     at AuthProvider (/home/runner/work/GplusAPP/GplusAPP/frontend/src/contexts/AuthContext.jsx:16:25)
run-frontend-ci	Run Vitest (frontend)	2025-10-17T22:46:36.6684844Z     at I18nextProvider (/home/runner/work/GplusAPP/GplusAPP/frontend/node_modules/react-i18next/dist/commonjs/I18nextProvider.js:13:19)
run-frontend-ci	Run Vitest (frontend)	2025-10-17T22:46:36.6686831Z     at Router (/home/runner/work/GplusAPP/GplusAPP/node_modules/react-router/dist/umd/react-router.development.js:1207:17)
run-frontend-ci	Run Vitest (frontend)	2025-10-17T22:46:36.6688639Z     at MemoryRouter (/home/runner/work/GplusAPP/GplusAPP/node_modules/react-router/dist/umd/react-router.development.js:1101:7)
run-frontend-ci	Run Vitest (frontend)	2025-10-17T22:46:36.6690113Z     at Wrapper (/home/runner/work/GplusAPP/GplusAPP/frontend/src/test-utils/renderWithProviders.jsx:22:22)
run-frontend-ci	Run Vitest (frontend)	2025-10-17T22:46:36.6691003Z 
run-frontend-ci	Run Vitest (frontend)	2025-10-17T22:46:36.6691558Z Consider adding an error boundary to your tree to customize error handling behavior.
run-frontend-ci	Run Vitest (frontend)	2025-10-17T22:46:36.6692664Z Visit https://reactjs.org/link/error-boundaries to learn more about error boundaries.
run-frontend-ci	Run Vitest (frontend)	2025-10-17T22:46:36.6693236Z 
run-frontend-ci	Run Vitest (frontend)	2025-10-17T22:46:38.5362326Z [90mstderr[2m | src/components/__tests__/Login.test.jsx[2m > [22m[2mLogin Component[2m > [22m[2mshows error message on login failure
run-frontend-ci	Run Vitest (frontend)	2025-10-17T22:46:38.5363610Z [22m[39mLogin error: Error: Login failed
run-frontend-ci	Run Vitest (frontend)	2025-10-17T22:46:38.5369482Z     at [90m/home/runner/work/GplusAPP/GplusAPP/frontend/[39msrc/components/__tests__/Login.test.jsx:94:21
run-frontend-ci	Run Vitest (frontend)	2025-10-17T22:46:38.5371315Z     at file:///home/runner/work/GplusAPP/GplusAPP/node_modules/[4m@vitest[24m/runner/dist/chunk-hooks.js:155:11
run-frontend-ci	Run Vitest (frontend)	2025-10-17T22:46:38.5372956Z     at file:///home/runner/work/GplusAPP/GplusAPP/node_modules/[4m@vitest[24m/runner/dist/chunk-hooks.js:752:26
run-frontend-ci	Run Vitest (frontend)	2025-10-17T22:46:38.5374535Z     at file:///home/runner/work/GplusAPP/GplusAPP/node_modules/[4m@vitest[24m/runner/dist/chunk-hooks.js:1897:20
run-frontend-ci	Run Vitest (frontend)	2025-10-17T22:46:38.5375419Z     at new Promise (<anonymous>)
run-frontend-ci	Run Vitest (frontend)	2025-10-17T22:46:38.5376689Z     at runWithTimeout (file:///home/runner/work/GplusAPP/GplusAPP/node_modules/[4m@vitest[24m/runner/dist/chunk-hooks.js:1863:10)
run-frontend-ci	Run Vitest (frontend)	2025-10-17T22:46:38.5378449Z     at runTest (file:///home/runner/work/GplusAPP/GplusAPP/node_modules/[4m@vitest[24m/runner/dist/chunk-hooks.js:1574:12)
run-frontend-ci	Run Vitest (frontend)	2025-10-17T22:46:38.5380360Z     at runSuite (file:///home/runner/work/GplusAPP/GplusAPP/node_modules/[4m@vitest[24m/runner/dist/chunk-hooks.js:1729:8)
run-frontend-ci	Run Vitest (frontend)	2025-10-17T22:46:38.5402534Z     at runSuite (file:///home/runner/work/GplusAPP/GplusAPP/node_modules/[4m@vitest[24m/runner/dist/chunk-hooks.js:1729:8)
run-frontend-ci	Run Vitest (frontend)	2025-10-17T22:46:38.5404246Z     at runFiles (file:///home/runner/work/GplusAPP/GplusAPP/node_modules/[4m@vitest[24m/runner/dist/chunk-hooks.js:1787:3) {
run-frontend-ci	Run Vitest (frontend)	2025-10-17T22:46:38.5405504Z   response: { data: { detail: [32m'Invalid credentials'[39m } }
run-frontend-ci	Run Vitest (frontend)	2025-10-17T22:46:38.5406055Z }
run-frontend-ci	Run Vitest (frontend)	2025-10-17T22:46:38.5406208Z 
run-frontend-ci	Run Vitest (frontend)	2025-10-17T22:46:39.2112396Z [90mstderr[2m | src/components/dashboard/__tests__/PerformanceDashboard.test.jsx[2m > [22m[2mPerformanceDashboard[2m > [22m[2mrenders error state when API calls fail
run-frontend-ci	Run Vitest (frontend)	2025-10-17T22:46:39.2113602Z [22m[39mError loading metrics: Error: Failed to load Redis metrics
run-frontend-ci	Run Vitest (frontend)	2025-10-17T22:46:39.2115259Z     at [90m/home/runner/work/GplusAPP/GplusAPP/frontend/[39msrc/components/dashboard/__tests__/PerformanceDashboard.test.jsx:154:56
run-frontend-ci	Run Vitest (frontend)	2025-10-17T22:46:39.2117016Z     at file:///home/runner/work/GplusAPP/GplusAPP/node_modules/[4m@vitest[24m/runner/dist/chunk-hooks.js:155:11
run-frontend-ci	Run Vitest (frontend)	2025-10-17T22:46:39.2118533Z     at file:///home/runner/work/GplusAPP/GplusAPP/node_modules/[4m@vitest[24m/runner/dist/chunk-hooks.js:752:26
run-frontend-ci	Run Vitest (frontend)	2025-10-17T22:46:39.2119908Z     at file:///home/runner/work/GplusAPP/GplusAPP/node_modules/[4m@vitest[24m/runner/dist/chunk-hooks.js:1897:20
run-frontend-ci	Run Vitest (frontend)	2025-10-17T22:46:39.2120831Z     at new Promise (<anonymous>)
run-frontend-ci	Run Vitest (frontend)	2025-10-17T22:46:39.2121843Z     at runWithTimeout (file:///home/runner/work/GplusAPP/GplusAPP/node_modules/[4m@vitest[24m/runner/dist/chunk-hooks.js:1863:10)
run-frontend-ci	Run Vitest (frontend)	2025-10-17T22:46:39.2123378Z     at runTest (file:///home/runner/work/GplusAPP/GplusAPP/node_modules/[4m@vitest[24m/runner/dist/chunk-hooks.js:1574:12)
run-frontend-ci	Run Vitest (frontend)	2025-10-17T22:46:39.2124739Z     at runSuite (file:///home/runner/work/GplusAPP/GplusAPP/node_modules/[4m@vitest[24m/runner/dist/chunk-hooks.js:1729:8)
run-frontend-ci	Run Vitest (frontend)	2025-10-17T22:46:39.2126100Z     at runSuite (file:///home/runner/work/GplusAPP/GplusAPP/node_modules/[4m@vitest[24m/runner/dist/chunk-hooks.js:1729:8)
run-frontend-ci	Run Vitest (frontend)	2025-10-17T22:46:39.2127856Z     at runFiles (file:///home/runner/work/GplusAPP/GplusAPP/node_modules/[4m@vitest[24m/runner/dist/chunk-hooks.js:1787:3)
run-frontend-ci	Run Vitest (frontend)	2025-10-17T22:46:39.2128696Z 
run-frontend-ci	Run Vitest (frontend)	2025-10-17T22:46:39.3977676Z Unable to revert mtime: /usr/share/fonts
run-frontend-ci	Run Vitest (frontend)	2025-10-17T22:46:39.4007884Z Unable to revert mtime: /usr/share/fonts/truetype
run-frontend-ci	Run Vitest (frontend)	2025-10-17T22:46:39.4012091Z Unable to revert mtime: /usr/share/fonts/truetype/dejavu
run-frontend-ci	Run Vitest (frontend)	2025-10-17T22:46:39.8632667Z Unable to revert mtime: /usr/share/fonts/truetype/lato
run-frontend-ci	Run Vitest (frontend)	2025-10-17T22:46:40.3313412Z Unable to revert mtime: /usr/share/fonts/truetype/liberation
run-frontend-ci	Run Vitest (frontend)	2025-10-17T22:46:40.5483284Z Unable to revert mtime: /usr/share/fonts/truetype/noto
run-frontend-ci	Run Vitest (frontend)	2025-10-17T22:46:42.5190992Z [90mstderr[2m | src/__tests__/useLoadingIndicator.test.jsx[2m > [22m[2museLoadingIndicator Hook[2m > [22m[2mshould wrap a promise with loading state
run-frontend-ci	Run Vitest (frontend)	2025-10-17T22:46:42.5200752Z [22m[39mWarning: The current testing environment is not configured to support act(...)
run-frontend-ci	Run Vitest (frontend)	2025-10-17T22:46:42.5201304Z 
run-frontend-ci	Run Vitest (frontend)	2025-10-17T22:46:44.2939585Z [90mstderr[2m | src/components/__tests__/GenericScreen.test.jsx[2m > [22m[2mGenericScreen Component[2m > [22m[2mshows loading initially
run-frontend-ci	Run Vitest (frontend)	2025-10-17T22:46:44.2955813Z [22m[39mError: Uncaught [TypeError: i18n.getFixedT is not a function]
run-frontend-ci	Run Vitest (frontend)	2025-10-17T22:46:44.2957188Z     at reportException (/home/runner/work/GplusAPP/GplusAPP/node_modules/jsdom/lib/jsdom/living/helpers/runtime-script-errors.js:66:24)
run-frontend-ci	Run Vitest (frontend)	2025-10-17T22:46:44.2959002Z     at innerInvokeEventListeners (/home/runner/work/GplusAPP/GplusAPP/node_modules/jsdom/lib/jsdom/living/events/EventTarget-impl.js:353:9)
run-frontend-ci	Run Vitest (frontend)	2025-10-17T22:46:44.2960999Z     at invokeEventListeners (/home/runner/work/GplusAPP/GplusAPP/node_modules/jsdom/lib/jsdom/living/events/EventTarget-impl.js:286:3)
run-frontend-ci	Run Vitest (frontend)	2025-10-17T22:46:44.2962840Z     at HTMLUnknownElementImpl._dispatch (/home/runner/work/GplusAPP/GplusAPP/node_modules/jsdom/lib/jsdom/living/events/EventTarget-impl.js:233:9)
run-frontend-ci	Run Vitest (frontend)	2025-10-17T22:46:44.2964839Z     at HTMLUnknownElementImpl.dispatchEvent (/home/runner/work/GplusAPP/GplusAPP/node_modules/jsdom/lib/jsdom/living/events/EventTarget-impl.js:104:17)
run-frontend-ci	Run Vitest (frontend)	2025-10-17T22:46:44.2991467Z     at HTMLUnknownElement.dispatchEvent (/home/runner/work/GplusAPP/GplusAPP/node_modules/jsdom/lib/jsdom/living/generated/EventTarget.js:241:34)
run-frontend-ci	Run Vitest (frontend)	2025-10-17T22:46:44.2993371Z     at Object.invokeGuardedCallbackDev (/home/runner/work/GplusAPP/GplusAPP/node_modules/react-dom/cjs/react-dom.development.js:4213:16)
run-frontend-ci	Run Vitest (frontend)	2025-10-17T22:46:44.2995083Z     at invokeGuardedCallback (/home/runner/work/GplusAPP/GplusAPP/node_modules/react-dom/cjs/react-dom.development.js:4277:31)
run-frontend-ci	Run Vitest (frontend)	2025-10-17T22:46:44.2996601Z     at beginWork$1 (/home/runner/work/GplusAPP/GplusAPP/node_modules/react-dom/cjs/react-dom.development.js:27490:7)
run-frontend-ci	Run Vitest (frontend)	2025-10-17T22:46:44.2998410Z     at performUnitOfWork (/home/runner/work/GplusAPP/GplusAPP/node_modules/react-dom/cjs/react-dom.development.js:26599:12) TypeError: i18n.getFixedT is not a function
run-frontend-ci	Run Vitest (frontend)	2025-10-17T22:46:44.3000834Z     at getT [90m(/home/runner/work/GplusAPP/GplusAPP/frontend/[39mnode_modules/[4mreact-i18next[24m/dist/commonjs/useTranslation.js:71:17[90m)[39m
run-frontend-ci	Run Vitest (frontend)	2025-10-17T22:46:44.3002753Z     at mountState (/home/runner/work/GplusAPP/GplusAPP/node_modules/[4mreact-dom[24m/cjs/react-dom.development.js:16167:20)
run-frontend-ci	Run Vitest (frontend)	2025-10-17T22:46:44.3004542Z     at Object.useState (/home/runner/work/GplusAPP/GplusAPP/node_modules/[4mreact-dom[24m/cjs/react-dom.development.js:16880:16)
run-frontend-ci	Run Vitest (frontend)	2025-10-17T22:46:44.3006215Z     at useState (/home/runner/work/GplusAPP/GplusAPP/node_modules/[4mreact[24m/cjs/react.development.js:1622:21)
run-frontend-ci	Run Vitest (frontend)	2025-10-17T22:46:44.3008175Z     at useTranslation [90m(/home/runner/work/GplusAPP/GplusAPP/frontend/[39mnode_modules/[4mreact-i18next[24m/dist/commonjs/useTranslation.js:74:39[90m)[39m
run-frontend-ci	Run Vitest (frontend)	2025-10-17T22:46:44.3010092Z     at AuthProvider [90m(/home/runner/work/GplusAPP/GplusAPP/frontend/[39msrc/contexts/AuthContext.jsx:30:17[90m)[39m
run-frontend-ci	Run Vitest (frontend)	2025-10-17T22:46:44.3012101Z     at renderWithHooks (/home/runner/work/GplusAPP/GplusAPP/node_modules/[4mreact-dom[24m/cjs/react-dom.development.js:15486:18)
run-frontend-ci	Run Vitest (frontend)	2025-10-17T22:46:44.3014486Z     at mountIndeterminateComponent (/home/runner/work/GplusAPP/GplusAPP/node_modules/[4mreact-dom[24m/cjs/react-dom.development.js:20103:13)
run-frontend-ci	Run Vitest (frontend)	2025-10-17T22:46:44.3016625Z     at beginWork (/home/runner/work/GplusAPP/GplusAPP/node_modules/[4mreact-dom[24m/cjs/react-dom.development.js:21626:16)
run-frontend-ci	Run Vitest (frontend)	2025-10-17T22:46:44.3018563Z     at HTMLUnknownElement.callCallback (/home/runner/work/GplusAPP/GplusAPP/node_modules/[4mreact-dom[24m/cjs/react-dom.development.js:4164:14)
run-frontend-ci	Run Vitest (frontend)	2025-10-17T22:46:44.3019803Z Error: Uncaught [TypeError: i18n.getFixedT is not a function]
run-frontend-ci	Run Vitest (frontend)	2025-10-17T22:46:44.3021089Z     at reportException (/home/runner/work/GplusAPP/GplusAPP/node_modules/jsdom/lib/jsdom/living/helpers/runtime-script-errors.js:66:24)
run-frontend-ci	Run Vitest (frontend)	2025-10-17T22:46:44.3022860Z     at innerInvokeEventListeners (/home/runner/work/GplusAPP/GplusAPP/node_modules/jsdom/lib/jsdom/living/events/EventTarget-impl.js:353:9)
run-frontend-ci	Run Vitest (frontend)	2025-10-17T22:46:44.3024640Z     at invokeEventListeners (/home/runner/work/GplusAPP/GplusAPP/node_modules/jsdom/lib/jsdom/living/events/EventTarget-impl.js:286:3)
run-frontend-ci	Run Vitest (frontend)	2025-10-17T22:46:44.3026446Z     at HTMLUnknownElementImpl._dispatch (/home/runner/work/GplusAPP/GplusAPP/node_modules/jsdom/lib/jsdom/living/events/EventTarget-impl.js:233:9)
run-frontend-ci	Run Vitest (frontend)	2025-10-17T22:46:44.3028384Z     at HTMLUnknownElementImpl.dispatchEvent (/home/runner/work/GplusAPP/GplusAPP/node_modules/jsdom/lib/jsdom/living/events/EventTarget-impl.js:104:17)
run-frontend-ci	Run Vitest (frontend)	2025-10-17T22:46:44.3030324Z     at HTMLUnknownElement.dispatchEvent (/home/runner/work/GplusAPP/GplusAPP/node_modules/jsdom/lib/jsdom/living/generated/EventTarget.js:241:34)
run-frontend-ci	Run Vitest (frontend)	2025-10-17T22:46:44.3032336Z     at Object.invokeGuardedCallbackDev (/home/runner/work/GplusAPP/GplusAPP/node_modules/react-dom/cjs/react-dom.development.js:4213:16)
run-frontend-ci	Run Vitest (frontend)	2025-10-17T22:46:44.3034009Z     at invokeGuardedCallback (/home/runner/work/GplusAPP/GplusAPP/node_modules/react-dom/cjs/react-dom.development.js:4277:31)
run-frontend-ci	Run Vitest (frontend)	2025-10-17T22:46:44.3035547Z     at beginWork$1 (/home/runner/work/GplusAPP/GplusAPP/node_modules/react-dom/cjs/react-dom.development.js:27490:7)
run-frontend-ci	Run Vitest (frontend)	2025-10-17T22:46:44.3037328Z     at performUnitOfWork (/home/runner/work/GplusAPP/GplusAPP/node_modules/react-dom/cjs/react-dom.development.js:26599:12) TypeError: i18n.getFixedT is not a function
run-frontend-ci	Run Vitest (frontend)	2025-10-17T22:46:44.3039549Z     at getT [90m(/home/runner/work/GplusAPP/GplusAPP/frontend/[39mnode_modules/[4mreact-i18next[24m/dist/commonjs/useTranslation.js:71:17[90m)[39m
run-frontend-ci	Run Vitest (frontend)	2025-10-17T22:46:44.3041635Z     at mountState (/home/runner/work/GplusAPP/GplusAPP/node_modules/[4mreact-dom[24m/cjs/react-dom.development.js:16167:20)
run-frontend-ci	Run Vitest (frontend)	2025-10-17T22:46:44.3043390Z     at Object.useState (/home/runner/work/GplusAPP/GplusAPP/node_modules/[4mreact-dom[24m/cjs/react-dom.development.js:16880:16)
run-frontend-ci	Run Vitest (frontend)	2025-10-17T22:46:44.3045006Z     at useState (/home/runner/work/GplusAPP/GplusAPP/node_modules/[4mreact[24m/cjs/react.development.js:1622:21)
run-frontend-ci	Run Vitest (frontend)	2025-10-17T22:46:44.3046879Z     at useTranslation [90m(/home/runner/work/GplusAPP/GplusAPP/frontend/[39mnode_modules/[4mreact-i18next[24m/dist/commonjs/useTranslation.js:74:39[90m)[39m
run-frontend-ci	Run Vitest (frontend)	2025-10-17T22:46:44.3048711Z     at AuthProvider [90m(/home/runner/work/GplusAPP/GplusAPP/frontend/[39msrc/contexts/AuthContext.jsx:30:17[90m)[39m
run-frontend-ci	Run Vitest (frontend)	2025-10-17T22:46:44.3050392Z     at renderWithHooks (/home/runner/work/GplusAPP/GplusAPP/node_modules/[4mreact-dom[24m/cjs/react-dom.development.js:15486:18)
run-frontend-ci	Run Vitest (frontend)	2025-10-17T22:46:44.3052476Z     at mountIndeterminateComponent (/home/runner/work/GplusAPP/GplusAPP/node_modules/[4mreact-dom[24m/cjs/react-dom.development.js:20103:13)
run-frontend-ci	Run Vitest (frontend)	2025-10-17T22:46:44.3054253Z     at beginWork (/home/runner/work/GplusAPP/GplusAPP/node_modules/[4mreact-dom[24m/cjs/react-dom.development.js:21626:16)
run-frontend-ci	Run Vitest (frontend)	2025-10-17T22:46:44.3056074Z     at HTMLUnknownElement.callCallback (/home/runner/work/GplusAPP/GplusAPP/node_modules/[4mreact-dom[24m/cjs/react-dom.development.js:4164:14)
run-frontend-ci	Run Vitest (frontend)	2025-10-17T22:46:44.3057318Z The above error occurred in the <AuthProvider> component:
run-frontend-ci	Run Vitest (frontend)	2025-10-17T22:46:44.3057996Z 
run-frontend-ci	Run Vitest (frontend)	2025-10-17T22:46:44.3058613Z     at AuthProvider (/home/runner/work/GplusAPP/GplusAPP/frontend/src/contexts/AuthContext.jsx:16:25)
run-frontend-ci	Run Vitest (frontend)	2025-10-17T22:46:44.3060288Z     at I18nextProvider (/home/runner/work/GplusAPP/GplusAPP/frontend/node_modules/react-i18next/dist/commonjs/I18nextProvider.js:13:19)
run-frontend-ci	Run Vitest (frontend)	2025-10-17T22:46:44.3062077Z     at Router (/home/runner/work/GplusAPP/GplusAPP/node_modules/react-router/dist/umd/react-router.development.js:1207:17)
run-frontend-ci	Run Vitest (frontend)	2025-10-17T22:46:44.3063661Z     at MemoryRouter (/home/runner/work/GplusAPP/GplusAPP/node_modules/react-router/dist/umd/react-router.development.js:1101:7)
run-frontend-ci	Run Vitest (frontend)	2025-10-17T22:46:44.3065106Z     at Wrapper (/home/runner/work/GplusAPP/GplusAPP/frontend/src/test-utils/renderWithProviders.jsx:22:22)
run-frontend-ci	Run Vitest (frontend)	2025-10-17T22:46:44.3065765Z 
run-frontend-ci	Run Vitest (frontend)	2025-10-17T22:46:44.3066289Z Consider adding an error boundary to your tree to customize error handling behavior.
run-frontend-ci	Run Vitest (frontend)	2025-10-17T22:46:44.3067356Z Visit https://reactjs.org/link/error-boundaries to learn more about error boundaries.
run-frontend-ci	Run Vitest (frontend)	2025-10-17T22:46:44.3067920Z 
run-frontend-ci	Run Vitest (frontend)	2025-10-17T22:46:44.3105205Z [90mstderr[2m | src/components/__tests__/GenericScreen.test.jsx[2m > [22m[2mGenericScreen Component[2m > [22m[2mrenders data when API succeeds
run-frontend-ci	Run Vitest (frontend)	2025-10-17T22:46:44.3106716Z [22m[39mError: Uncaught [TypeError: i18n.getFixedT is not a function]
run-frontend-ci	Run Vitest (frontend)	2025-10-17T22:46:44.3108107Z     at reportException (/home/runner/work/GplusAPP/GplusAPP/node_modules/jsdom/lib/jsdom/living/helpers/runtime-script-errors.js:66:24)
run-frontend-ci	Run Vitest (frontend)	2025-10-17T22:46:44.3110034Z     at innerInvokeEventListeners (/home/runner/work/GplusAPP/GplusAPP/node_modules/jsdom/lib/jsdom/living/events/EventTarget-impl.js:353:9)
run-frontend-ci	Run Vitest (frontend)	2025-10-17T22:46:44.3112010Z     at invokeEventListeners (/home/runner/work/GplusAPP/GplusAPP/node_modules/jsdom/lib/jsdom/living/events/EventTarget-impl.js:286:3)
run-frontend-ci	Run Vitest (frontend)	2025-10-17T22:46:44.3113850Z     at HTMLUnknownElementImpl._dispatch (/home/runner/work/GplusAPP/GplusAPP/node_modules/jsdom/lib/jsdom/living/events/EventTarget-impl.js:233:9)
run-frontend-ci	Run Vitest (frontend)	2025-10-17T22:46:44.3115856Z     at HTMLUnknownElementImpl.dispatchEvent (/home/runner/work/GplusAPP/GplusAPP/node_modules/jsdom/lib/jsdom/living/events/EventTarget-impl.js:104:17)
run-frontend-ci	Run Vitest (frontend)	2025-10-17T22:46:44.3131815Z     at HTMLUnknownElement.dispatchEvent (/home/runner/work/GplusAPP/GplusAPP/node_modules/jsdom/lib/jsdom/living/generated/EventTarget.js:241:34)
run-frontend-ci	Run Vitest (frontend)	2025-10-17T22:46:44.3133715Z     at Object.invokeGuardedCallbackDev (/home/runner/work/GplusAPP/GplusAPP/node_modules/react-dom/cjs/react-dom.development.js:4213:16)
run-frontend-ci	Run Vitest (frontend)	2025-10-17T22:46:44.3135434Z     at invokeGuardedCallback (/home/runner/work/GplusAPP/GplusAPP/node_modules/react-dom/cjs/react-dom.development.js:4277:31)
run-frontend-ci	Run Vitest (frontend)	2025-10-17T22:46:44.3136948Z     at beginWork$1 (/home/runner/work/GplusAPP/GplusAPP/node_modules/react-dom/cjs/react-dom.development.js:27490:7)
run-frontend-ci	Run Vitest (frontend)	2025-10-17T22:46:44.3138792Z     at performUnitOfWork (/home/runner/work/GplusAPP/GplusAPP/node_modules/react-dom/cjs/react-dom.development.js:26599:12) TypeError: i18n.getFixedT is not a function
run-frontend-ci	Run Vitest (frontend)	2025-10-17T22:46:44.3141240Z     at getT [90m(/home/runner/work/GplusAPP/GplusAPP/frontend/[39mnode_modules/[4mreact-i18next[24m/dist/commonjs/useTranslation.js:71:17[90m)[39m
run-frontend-ci	Run Vitest (frontend)	2025-10-17T22:46:44.3143142Z     at mountState (/home/runner/work/GplusAPP/GplusAPP/node_modules/[4mreact-dom[24m/cjs/react-dom.development.js:16167:20)
run-frontend-ci	Run Vitest (frontend)	2025-10-17T22:46:44.3144964Z     at Object.useState (/home/runner/work/GplusAPP/GplusAPP/node_modules/[4mreact-dom[24m/cjs/react-dom.development.js:16880:16)
run-frontend-ci	Run Vitest (frontend)	2025-10-17T22:46:44.3146685Z     at useState (/home/runner/work/GplusAPP/GplusAPP/node_modules/[4mreact[24m/cjs/react.development.js:1622:21)
run-frontend-ci	Run Vitest (frontend)	2025-10-17T22:46:44.3148686Z     at useTranslation [90m(/home/runner/work/GplusAPP/GplusAPP/frontend/[39mnode_modules/[4mreact-i18next[24m/dist/commonjs/useTranslation.js:74:39[90m)[39m
run-frontend-ci	Run Vitest (frontend)	2025-10-17T22:46:44.3150818Z     at AuthProvider [90m(/home/runner/work/GplusAPP/GplusAPP/frontend/[39msrc/contexts/AuthContext.jsx:30:17[90m)[39m
run-frontend-ci	Run Vitest (frontend)	2025-10-17T22:46:44.3152498Z     at renderWithHooks (/home/runner/work/GplusAPP/GplusAPP/node_modules/[4mreact-dom[24m/cjs/react-dom.development.js:15486:18)
run-frontend-ci	Run Vitest (frontend)	2025-10-17T22:46:44.3154727Z     at mountIndeterminateComponent (/home/runner/work/GplusAPP/GplusAPP/node_modules/[4mreact-dom[24m/cjs/react-dom.development.js:20103:13)
run-frontend-ci	Run Vitest (frontend)	2025-10-17T22:46:44.3156867Z     at beginWork (/home/runner/work/GplusAPP/GplusAPP/node_modules/[4mreact-dom[24m/cjs/react-dom.development.js:21626:16)
run-frontend-ci	Run Vitest (frontend)	2025-10-17T22:46:44.3158754Z     at HTMLUnknownElement.callCallback (/home/runner/work/GplusAPP/GplusAPP/node_modules/[4mreact-dom[24m/cjs/react-dom.development.js:4164:14)
run-frontend-ci	Run Vitest (frontend)	2025-10-17T22:46:44.3160114Z Error: Uncaught [TypeError: i18n.getFixedT is not a function]
run-frontend-ci	Run Vitest (frontend)	2025-10-17T22:46:44.3161632Z     at reportException (/home/runner/work/GplusAPP/GplusAPP/node_modules/jsdom/lib/jsdom/living/helpers/runtime-script-errors.js:66:24)
run-frontend-ci	Run Vitest (frontend)	2025-10-17T22:46:44.3163452Z     at innerInvokeEventListeners (/home/runner/work/GplusAPP/GplusAPP/node_modules/jsdom/lib/jsdom/living/events/EventTarget-impl.js:353:9)
run-frontend-ci	Run Vitest (frontend)	2025-10-17T22:46:44.3165127Z     at invokeEventListeners (/home/runner/work/GplusAPP/GplusAPP/node_modules/jsdom/lib/jsdom/living/events/EventTarget-impl.js:286:3)
run-frontend-ci	Run Vitest (frontend)	2025-10-17T22:46:44.3166891Z     at HTMLUnknownElementImpl._dispatch (/home/runner/work/GplusAPP/GplusAPP/node_modules/jsdom/lib/jsdom/living/events/EventTarget-impl.js:233:9)
run-frontend-ci	Run Vitest (frontend)	2025-10-17T22:46:44.3168806Z     at HTMLUnknownElementImpl.dispatchEvent (/home/runner/work/GplusAPP/GplusAPP/node_modules/jsdom/lib/jsdom/living/events/EventTarget-impl.js:104:17)
run-frontend-ci	Run Vitest (frontend)	2025-10-17T22:46:44.3229846Z     at HTMLUnknownElement.dispatchEvent (/home/runner/work/GplusAPP/GplusAPP/node_modules/jsdom/lib/jsdom/living/generated/EventTarget.js:241:34)
run-frontend-ci	Run Vitest (frontend)	2025-10-17T22:46:44.3231971Z     at Object.invokeGuardedCallbackDev (/home/runner/work/GplusAPP/GplusAPP/node_modules/react-dom/cjs/react-dom.development.js:4213:16)
run-frontend-ci	Run Vitest (frontend)	2025-10-17T22:46:44.3233688Z     at invokeGuardedCallback (/home/runner/work/GplusAPP/GplusAPP/node_modules/react-dom/cjs/react-dom.development.js:4277:31)
run-frontend-ci	Run Vitest (frontend)	2025-10-17T22:46:44.3235248Z     at beginWork$1 (/home/runner/work/GplusAPP/GplusAPP/node_modules/react-dom/cjs/react-dom.development.js:27490:7)
run-frontend-ci	Run Vitest (frontend)	2025-10-17T22:46:44.3237064Z     at performUnitOfWork (/home/runner/work/GplusAPP/GplusAPP/node_modules/react-dom/cjs/react-dom.development.js:26599:12) TypeError: i18n.getFixedT is not a function
run-frontend-ci	Run Vitest (frontend)	2025-10-17T22:46:44.3239485Z     at getT [90m(/home/runner/work/GplusAPP/GplusAPP/frontend/[39mnode_modules/[4mreact-i18next[24m/dist/commonjs/useTranslation.js:71:17[90m)[39m
run-frontend-ci	Run Vitest (frontend)	2025-10-17T22:46:44.3284845Z     at mountState (/home/runner/work/GplusAPP/GplusAPP/node_modules/[4mreact-dom[24m/cjs/react-dom.development.js:16167:20)
run-frontend-ci	Run Vitest (frontend)	2025-10-17T22:46:44.3286672Z     at Object.useState (/home/runner/work/GplusAPP/GplusAPP/node_modules/[4mreact-dom[24m/cjs/react-dom.development.js:16880:16)
run-frontend-ci	Run Vitest (frontend)	2025-10-17T22:46:44.3288109Z     at useState (/home/runner/work/GplusAPP/GplusAPP/node_modules/[4mreact[24m/cjs/react.development.js:1622:21)
run-frontend-ci	Run Vitest (frontend)	2025-10-17T22:46:44.3289702Z     at useTranslation [90m(/home/runner/work/GplusAPP/GplusAPP/frontend/[39mnode_modules/[4mreact-i18next[24m/dist/commonjs/useTranslation.js:74:39[90m)[39m
run-frontend-ci	Run Vitest (frontend)	2025-10-17T22:46:44.3291491Z     at AuthProvider [90m(/home/runner/work/GplusAPP/GplusAPP/frontend/[39msrc/contexts/AuthContext.jsx:30:17[90m)[39m
run-frontend-ci	Run Vitest (frontend)	2025-10-17T22:46:44.3292905Z     at renderWithHooks (/home/runner/work/GplusAPP/GplusAPP/node_modules/[4mreact-dom[24m/cjs/react-dom.development.js:15486:18)
run-frontend-ci	Run Vitest (frontend)	2025-10-17T22:46:44.3294435Z     at mountIndeterminateComponent (/home/runner/work/GplusAPP/GplusAPP/node_modules/[4mreact-dom[24m/cjs/react-dom.development.js:20103:13)
run-frontend-ci	Run Vitest (frontend)	2025-10-17T22:46:44.3295899Z     at beginWork (/home/runner/work/GplusAPP/GplusAPP/node_modules/[4mreact-dom[24m/cjs/react-dom.development.js:21626:16)
run-frontend-ci	Run Vitest (frontend)	2025-10-17T22:46:44.3297447Z     at HTMLUnknownElement.callCallback (/home/runner/work/GplusAPP/GplusAPP/node_modules/[4mreact-dom[24m/cjs/react-dom.development.js:4164:14)
run-frontend-ci	Run Vitest (frontend)	2025-10-17T22:46:44.3298686Z The above error occurred in the <AuthProvider> component:
run-frontend-ci	Run Vitest (frontend)	2025-10-17T22:46:44.3299425Z 
run-frontend-ci	Run Vitest (frontend)	2025-10-17T22:46:44.3300019Z     at AuthProvider (/home/runner/work/GplusAPP/GplusAPP/frontend/src/contexts/AuthContext.jsx:16:25)
run-frontend-ci	Run Vitest (frontend)	2025-10-17T22:46:44.3301838Z     at I18nextProvider (/home/runner/work/GplusAPP/GplusAPP/frontend/node_modules/react-i18next/dist/commonjs/I18nextProvider.js:13:19)
run-frontend-ci	Run Vitest (frontend)	2025-10-17T22:46:44.3303414Z     at Router (/home/runner/work/GplusAPP/GplusAPP/node_modules/react-router/dist/umd/react-router.development.js:1207:17)
run-frontend-ci	Run Vitest (frontend)	2025-10-17T22:46:44.3304906Z     at MemoryRouter (/home/runner/work/GplusAPP/GplusAPP/node_modules/react-router/dist/umd/react-router.development.js:1101:7)
run-frontend-ci	Run Vitest (frontend)	2025-10-17T22:46:44.3306305Z     at Wrapper (/home/runner/work/GplusAPP/GplusAPP/frontend/src/test-utils/renderWithProviders.jsx:22:22)
run-frontend-ci	Run Vitest (frontend)	2025-10-17T22:46:44.3306946Z 
run-frontend-ci	Run Vitest (frontend)	2025-10-17T22:46:44.3307404Z Consider adding an error boundary to your tree to customize error handling behavior.
run-frontend-ci	Run Vitest (frontend)	2025-10-17T22:46:44.3308349Z Visit https://reactjs.org/link/error-boundaries to learn more about error boundaries.
run-frontend-ci	Run Vitest (frontend)	2025-10-17T22:46:44.3309094Z 
run-frontend-ci	Run Vitest (frontend)	2025-10-17T22:46:44.3309797Z [90mstderr[2m | src/components/__tests__/GenericScreen.test.jsx[2m > [22m[2mGenericScreen Component[2m > [22m[2mshows error when API fails
run-frontend-ci	Run Vitest (frontend)	2025-10-17T22:46:44.3335732Z [22m[39mError: Uncaught [TypeError: i18n.getFixedT is not a function]
run-frontend-ci	Run Vitest (frontend)	2025-10-17T22:46:44.3337227Z     at reportException (/home/runner/work/GplusAPP/GplusAPP/node_modules/jsdom/lib/jsdom/living/helpers/runtime-script-errors.js:66:24)
run-frontend-ci	Run Vitest (frontend)	2025-10-17T22:46:44.3338778Z     at innerInvokeEventListeners (/home/runner/work/GplusAPP/GplusAPP/node_modules/jsdom/lib/jsdom/living/events/EventTarget-impl.js:353:9)
run-frontend-ci	Run Vitest (frontend)	2025-10-17T22:46:44.3340230Z     at invokeEventListeners (/home/runner/work/GplusAPP/GplusAPP/node_modules/jsdom/lib/jsdom/living/events/EventTarget-impl.js:286:3)
run-frontend-ci	Run Vitest (frontend)	2025-10-17T22:46:44.3341895Z     at HTMLUnknownElementImpl._dispatch (/home/runner/work/GplusAPP/GplusAPP/node_modules/jsdom/lib/jsdom/living/events/EventTarget-impl.js:233:9)
run-frontend-ci	Run Vitest (frontend)	2025-10-17T22:46:44.3343500Z     at HTMLUnknownElementImpl.dispatchEvent (/home/runner/work/GplusAPP/GplusAPP/node_modules/jsdom/lib/jsdom/living/events/EventTarget-impl.js:104:17)
run-frontend-ci	Run Vitest (frontend)	2025-10-17T22:46:44.3345099Z     at HTMLUnknownElement.dispatchEvent (/home/runner/work/GplusAPP/GplusAPP/node_modules/jsdom/lib/jsdom/living/generated/EventTarget.js:241:34)
run-frontend-ci	Run Vitest (frontend)	2025-10-17T22:46:44.3346597Z     at Object.invokeGuardedCallbackDev (/home/runner/work/GplusAPP/GplusAPP/node_modules/react-dom/cjs/react-dom.development.js:4213:16)
run-frontend-ci	Run Vitest (frontend)	2025-10-17T22:46:44.3348038Z     at invokeGuardedCallback (/home/runner/work/GplusAPP/GplusAPP/node_modules/react-dom/cjs/react-dom.development.js:4277:31)
run-frontend-ci	Run Vitest (frontend)	2025-10-17T22:46:44.3349288Z     at beginWork$1 (/home/runner/work/GplusAPP/GplusAPP/node_modules/react-dom/cjs/react-dom.development.js:27490:7)
run-frontend-ci	Run Vitest (frontend)	2025-10-17T22:46:44.3356374Z     at performUnitOfWork (/home/runner/work/GplusAPP/GplusAPP/node_modules/react-dom/cjs/react-dom.development.js:26599:12) TypeError: i18n.getFixedT is not a function
run-frontend-ci	Run Vitest (frontend)	2025-10-17T22:46:44.3358702Z     at getT [90m(/home/runner/work/GplusAPP/GplusAPP/frontend/[39mnode_modules/[4mreact-i18next[24m/dist/commonjs/useTranslation.js:71:17[90m)[39m
run-frontend-ci	Run Vitest (frontend)	2025-10-17T22:46:44.3412381Z     at mountState (/home/runner/work/GplusAPP/GplusAPP/node_modules/[4mreact-dom[24m/cjs/react-dom.development.js:16167:20)
run-frontend-ci	Run Vitest (frontend)	2025-10-17T22:46:44.3414075Z     at Object.useState (/home/runner/work/GplusAPP/GplusAPP/node_modules/[4mreact-dom[24m/cjs/react-dom.development.js:16880:16)
run-frontend-ci	Run Vitest (frontend)	2025-10-17T22:46:44.3415671Z     at useState (/home/runner/work/GplusAPP/GplusAPP/node_modules/[4mreact[24m/cjs/react.development.js:1622:21)
run-frontend-ci	Run Vitest (frontend)	2025-10-17T22:46:44.3417519Z     at useTranslation [90m(/home/runner/work/GplusAPP/GplusAPP/frontend/[39mnode_modules/[4mreact-i18next[24m/dist/commonjs/useTranslation.js:74:39[90m)[39m
run-frontend-ci	Run Vitest (frontend)	2025-10-17T22:46:44.3419328Z     at AuthProvider [90m(/home/runner/work/GplusAPP/GplusAPP/frontend/[39msrc/contexts/AuthContext.jsx:30:17[90m)[39m
run-frontend-ci	Run Vitest (frontend)	2025-10-17T22:46:44.3451194Z     at renderWithHooks (/home/runner/work/GplusAPP/GplusAPP/node_modules/[4mreact-dom[24m/cjs/react-dom.development.js:15486:18)
run-frontend-ci	Run Vitest (frontend)	2025-10-17T22:46:44.3453570Z     at mountIndeterminateComponent (/home/runner/work/GplusAPP/GplusAPP/node_modules/[4mreact-dom[24m/cjs/react-dom.development.js:20103:13)
run-frontend-ci	Run Vitest (frontend)	2025-10-17T22:46:44.3455559Z     at beginWork (/home/runner/work/GplusAPP/GplusAPP/node_modules/[4mreact-dom[24m/cjs/react-dom.development.js:21626:16)
run-frontend-ci	Run Vitest (frontend)	2025-10-17T22:46:44.3457454Z     at HTMLUnknownElement.callCallback (/home/runner/work/GplusAPP/GplusAPP/node_modules/[4mreact-dom[24m/cjs/react-dom.development.js:4164:14)
run-frontend-ci	Run Vitest (frontend)	2025-10-17T22:46:44.3458773Z Error: Uncaught [TypeError: i18n.getFixedT is not a function]
run-frontend-ci	Run Vitest (frontend)	2025-10-17T22:46:44.3460027Z     at reportException (/home/runner/work/GplusAPP/GplusAPP/node_modules/jsdom/lib/jsdom/living/helpers/runtime-script-errors.js:66:24)
run-frontend-ci	Run Vitest (frontend)	2025-10-17T22:46:44.3462060Z     at innerInvokeEventListeners (/home/runner/work/GplusAPP/GplusAPP/node_modules/jsdom/lib/jsdom/living/events/EventTarget-impl.js:353:9)
run-frontend-ci	Run Vitest (frontend)	2025-10-17T22:46:44.3463814Z     at invokeEventListeners (/home/runner/work/GplusAPP/GplusAPP/node_modules/jsdom/lib/jsdom/living/events/EventTarget-impl.js:286:3)
run-frontend-ci	Run Vitest (frontend)	2025-10-17T22:46:44.3465542Z     at HTMLUnknownElementImpl._dispatch (/home/runner/work/GplusAPP/GplusAPP/node_modules/jsdom/lib/jsdom/living/events/EventTarget-impl.js:233:9)
run-frontend-ci	Run Vitest (frontend)	2025-10-17T22:46:44.3467435Z     at HTMLUnknownElementImpl.dispatchEvent (/home/runner/work/GplusAPP/GplusAPP/node_modules/jsdom/lib/jsdom/living/events/EventTarget-impl.js:104:17)
run-frontend-ci	Run Vitest (frontend)	2025-10-17T22:46:44.3469358Z     at HTMLUnknownElement.dispatchEvent (/home/runner/work/GplusAPP/GplusAPP/node_modules/jsdom/lib/jsdom/living/generated/EventTarget.js:241:34)
run-frontend-ci	Run Vitest (frontend)	2025-10-17T22:46:44.3471346Z     at Object.invokeGuardedCallbackDev (/home/runner/work/GplusAPP/GplusAPP/node_modules/react-dom/cjs/react-dom.development.js:4213:16)
run-frontend-ci	Run Vitest (frontend)	2025-10-17T22:46:44.3473003Z     at invokeGuardedCallback (/home/runner/work/GplusAPP/GplusAPP/node_modules/react-dom/cjs/react-dom.development.js:4277:31)
run-frontend-ci	Run Vitest (frontend)	2025-10-17T22:46:44.3474517Z     at beginWork$1 (/home/runner/work/GplusAPP/GplusAPP/node_modules/react-dom/cjs/react-dom.development.js:27490:7)
run-frontend-ci	Run Vitest (frontend)	2025-10-17T22:46:44.3476275Z     at performUnitOfWork (/home/runner/work/GplusAPP/GplusAPP/node_modules/react-dom/cjs/react-dom.development.js:26599:12) TypeError: i18n.getFixedT is not a function
run-frontend-ci	Run Vitest (frontend)	2025-10-17T22:46:44.3478444Z     at getT [90m(/home/runner/work/GplusAPP/GplusAPP/frontend/[39mnode_modules/[4mreact-i18next[24m/dist/commonjs/useTranslation.js:71:17[90m)[39m
run-frontend-ci	Run Vitest (frontend)	2025-10-17T22:46:44.3480317Z     at mountState (/home/runner/work/GplusAPP/GplusAPP/node_modules/[4mreact-dom[24m/cjs/react-dom.development.js:16167:20)
run-frontend-ci	Run Vitest (frontend)	2025-10-17T22:46:44.3483075Z     at Object.useState (/home/runner/work/GplusAPP/GplusAPP/node_modules/[4mreact-dom[24m/cjs/react-dom.development.js:16880:16)
run-frontend-ci	Run Vitest (frontend)	2025-10-17T22:46:44.3484760Z     at useState (/home/runner/work/GplusAPP/GplusAPP/node_modules/[4mreact[24m/cjs/react.development.js:1622:21)
run-frontend-ci	Run Vitest (frontend)	2025-10-17T22:46:44.3486741Z     at useTranslation [90m(/home/runner/work/GplusAPP/GplusAPP/frontend/[39mnode_modules/[4mreact-i18next[24m/dist/commonjs/useTranslation.js:74:39[90m)[39m
run-frontend-ci	Run Vitest (frontend)	2025-10-17T22:46:44.3488704Z     at AuthProvider [90m(/home/runner/work/GplusAPP/GplusAPP/frontend/[39msrc/contexts/AuthContext.jsx:30:17[90m)[39m
run-frontend-ci	Run Vitest (frontend)	2025-10-17T22:46:44.3490428Z     at renderWithHooks (/home/runner/work/GplusAPP/GplusAPP/node_modules/[4mreact-dom[24m/cjs/react-dom.development.js:15486:18)
run-frontend-ci	Run Vitest (frontend)	2025-10-17T22:46:44.3492537Z     at mountIndeterminateComponent (/home/runner/work/GplusAPP/GplusAPP/node_modules/[4mreact-dom[24m/cjs/react-dom.development.js:20103:13)
run-frontend-ci	Run Vitest (frontend)	2025-10-17T22:46:44.3494326Z     at beginWork (/home/runner/work/GplusAPP/GplusAPP/node_modules/[4mreact-dom[24m/cjs/react-dom.development.js:21626:16)
run-frontend-ci	Run Vitest (frontend)	2025-10-17T22:46:44.3496139Z     at HTMLUnknownElement.callCallback (/home/runner/work/GplusAPP/GplusAPP/node_modules/[4mreact-dom[24m/cjs/react-dom.development.js:4164:14)
run-frontend-ci	Run Vitest (frontend)	2025-10-17T22:46:44.3497387Z The above error occurred in the <AuthProvider> component:
run-frontend-ci	Run Vitest (frontend)	2025-10-17T22:46:44.3497990Z 
run-frontend-ci	Run Vitest (frontend)	2025-10-17T22:46:44.3498598Z     at AuthProvider (/home/runner/work/GplusAPP/GplusAPP/frontend/src/contexts/AuthContext.jsx:16:25)
run-frontend-ci	Run Vitest (frontend)	2025-10-17T22:46:44.3500200Z     at I18nextProvider (/home/runner/work/GplusAPP/GplusAPP/frontend/node_modules/react-i18next/dist/commonjs/I18nextProvider.js:13:19)
run-frontend-ci	Run Vitest (frontend)	2025-10-17T22:46:44.3501935Z     at Router (/home/runner/work/GplusAPP/GplusAPP/node_modules/react-router/dist/umd/react-router.development.js:1207:17)
run-frontend-ci	Run Vitest (frontend)	2025-10-17T22:46:44.3503465Z     at MemoryRouter (/home/runner/work/GplusAPP/GplusAPP/node_modules/react-router/dist/umd/react-router.development.js:1101:7)
run-frontend-ci	Run Vitest (frontend)	2025-10-17T22:46:44.3504883Z     at Wrapper (/home/runner/work/GplusAPP/GplusAPP/frontend/src/test-utils/renderWithProviders.jsx:22:22)
run-frontend-ci	Run Vitest (frontend)	2025-10-17T22:46:44.3505526Z 
run-frontend-ci	Run Vitest (frontend)	2025-10-17T22:46:44.3506064Z Consider adding an error boundary to your tree to customize error handling behavior.
run-frontend-ci	Run Vitest (frontend)	2025-10-17T22:46:44.3507155Z Visit https://reactjs.org/link/error-boundaries to learn more about error boundaries.
run-frontend-ci	Run Vitest (frontend)	2025-10-17T22:46:44.3507736Z 
run-frontend-ci	Run Vitest (frontend)	2025-10-17T22:46:44.3508999Z [90mstderr[2m | src/components/__tests__/GenericScreen.test.jsx[2m > [22m[2mGenericScreen Component[2m > [22m[2mallows retry after error
run-frontend-ci	Run Vitest (frontend)	2025-10-17T22:46:44.3510448Z [22m[39mError: Uncaught [TypeError: i18n.getFixedT is not a function]
run-frontend-ci	Run Vitest (frontend)	2025-10-17T22:46:44.3511588Z     at reportException (/home/runner/work/GplusAPP/GplusAPP/node_modules/jsdom/lib/jsdom/living/helpers/runtime-script-errors.js:66:24)
run-frontend-ci	Run Vitest (frontend)	2025-10-17T22:46:44.3512611Z     at innerInvokeEventListeners (/home/runner/work/GplusAPP/GplusAPP/node_modules/jsdom/lib/jsdom/living/events/EventTarget-impl.js:353:9)
run-frontend-ci	Run Vitest (frontend)	2025-10-17T22:46:44.3514074Z     at invokeEventListeners (/home/runner/work/GplusAPP/GplusAPP/node_modules/jsdom/lib/jsdom/living/events/EventTarget-impl.js:286:3)
run-frontend-ci	Run Vitest (frontend)	2025-10-17T22:46:44.3515920Z     at HTMLUnknownElementImpl._dispatch (/home/runner/work/GplusAPP/GplusAPP/node_modules/jsdom/lib/jsdom/living/events/EventTarget-impl.js:233:9)
run-frontend-ci	Run Vitest (frontend)	2025-10-17T22:46:44.3517193Z     at HTMLUnknownElementImpl.dispatchEvent (/home/runner/work/GplusAPP/GplusAPP/node_modules/jsdom/lib/jsdom/living/events/EventTarget-impl.js:104:17)
run-frontend-ci	Run Vitest (frontend)	2025-10-17T22:46:44.3519877Z     at HTMLUnknownElement.dispatchEvent (/home/runner/work/GplusAPP/GplusAPP/node_modules/jsdom/lib/jsdom/living/generated/EventTarget.js:241:34)
run-frontend-ci	Run Vitest (frontend)	2025-10-17T22:46:44.3521896Z     at Object.invokeGuardedCallbackDev (/home/runner/work/GplusAPP/GplusAPP/node_modules/react-dom/cjs/react-dom.development.js:4213:16)
run-frontend-ci	Run Vitest (frontend)	2025-10-17T22:46:44.3523466Z     at invokeGuardedCallback (/home/runner/work/GplusAPP/GplusAPP/node_modules/react-dom/cjs/react-dom.development.js:4277:31)
run-frontend-ci	Run Vitest (frontend)	2025-10-17T22:46:44.3524881Z     at beginWork$1 (/home/runner/work/GplusAPP/GplusAPP/node_modules/react-dom/cjs/react-dom.development.js:27490:7)
run-frontend-ci	Run Vitest (frontend)	2025-10-17T22:46:44.3526531Z     at performUnitOfWork (/home/runner/work/GplusAPP/GplusAPP/node_modules/react-dom/cjs/react-dom.development.js:26599:12) TypeError: i18n.getFixedT is not a function
run-frontend-ci	Run Vitest (frontend)	2025-10-17T22:46:44.3528590Z     at getT [90m(/home/runner/work/GplusAPP/GplusAPP/frontend/[39mnode_modules/[4mreact-i18next[24m/dist/commonjs/useTranslation.js:71:17[90m)[39m
run-frontend-ci	Run Vitest (frontend)	2025-10-17T22:46:44.3530399Z     at mountState (/home/runner/work/GplusAPP/GplusAPP/node_modules/[4mreact-dom[24m/cjs/react-dom.development.js:16167:20)
run-frontend-ci	Run Vitest (frontend)	2025-10-17T22:46:44.3532238Z     at Object.useState (/home/runner/work/GplusAPP/GplusAPP/node_modules/[4mreact-dom[24m/cjs/react-dom.development.js:16880:16)
run-frontend-ci	Run Vitest (frontend)	2025-10-17T22:46:44.3533657Z     at useState (/home/runner/work/GplusAPP/GplusAPP/node_modules/[4mreact[24m/cjs/react.development.js:1622:21)
run-frontend-ci	Run Vitest (frontend)	2025-10-17T22:46:44.3535326Z     at useTranslation [90m(/home/runner/work/GplusAPP/GplusAPP/frontend/[39mnode_modules/[4mreact-i18next[24m/dist/commonjs/useTranslation.js:74:39[90m)[39m
run-frontend-ci	Run Vitest (frontend)	2025-10-17T22:46:44.3536922Z     at AuthProvider [90m(/home/runner/work/GplusAPP/GplusAPP/frontend/[39msrc/contexts/AuthContext.jsx:30:17[90m)[39m
run-frontend-ci	Run Vitest (frontend)	2025-10-17T22:46:44.3538393Z     at renderWithHooks (/home/runner/work/GplusAPP/GplusAPP/node_modules/[4mreact-dom[24m/cjs/react-dom.development.js:15486:18)
run-frontend-ci	Run Vitest (frontend)	2025-10-17T22:46:44.3540298Z     at mountIndeterminateComponent (/home/runner/work/GplusAPP/GplusAPP/node_modules/[4mreact-dom[24m/cjs/react-dom.development.js:20103:13)
run-frontend-ci	Run Vitest (frontend)	2025-10-17T22:46:44.3542159Z     at beginWork (/home/runner/work/GplusAPP/GplusAPP/node_modules/[4mreact-dom[24m/cjs/react-dom.development.js:21626:16)
run-frontend-ci	Run Vitest (frontend)	2025-10-17T22:46:44.3543774Z     at HTMLUnknownElement.callCallback (/home/runner/work/GplusAPP/GplusAPP/node_modules/[4mreact-dom[24m/cjs/react-dom.development.js:4164:14)
run-frontend-ci	Run Vitest (frontend)	2025-10-17T22:46:44.3544915Z Error: Uncaught [TypeError: i18n.getFixedT is not a function]
run-frontend-ci	Run Vitest (frontend)	2025-10-17T22:46:44.3546037Z     at reportException (/home/runner/work/GplusAPP/GplusAPP/node_modules/jsdom/lib/jsdom/living/helpers/runtime-script-errors.js:66:24)
run-frontend-ci	Run Vitest (frontend)	2025-10-17T22:46:44.3547587Z     at innerInvokeEventListeners (/home/runner/work/GplusAPP/GplusAPP/node_modules/jsdom/lib/jsdom/living/events/EventTarget-impl.js:353:9)
run-frontend-ci	Run Vitest (frontend)	2025-10-17T22:46:44.3549122Z     at invokeEventListeners (/home/runner/work/GplusAPP/GplusAPP/node_modules/jsdom/lib/jsdom/living/events/EventTarget-impl.js:286:3)
run-frontend-ci	Run Vitest (frontend)	2025-10-17T22:46:44.3550833Z     at HTMLUnknownElementImpl._dispatch (/home/runner/work/GplusAPP/GplusAPP/node_modules/jsdom/lib/jsdom/living/events/EventTarget-impl.js:233:9)
run-frontend-ci	Run Vitest (frontend)	2025-10-17T22:46:44.3552521Z     at HTMLUnknownElementImpl.dispatchEvent (/home/runner/work/GplusAPP/GplusAPP/node_modules/jsdom/lib/jsdom/living/events/EventTarget-impl.js:104:17)
run-frontend-ci	Run Vitest (frontend)	2025-10-17T22:46:44.3554347Z     at HTMLUnknownElement.dispatchEvent (/home/runner/work/GplusAPP/GplusAPP/node_modules/jsdom/lib/jsdom/living/generated/EventTarget.js:241:34)
run-frontend-ci	Run Vitest (frontend)	2025-10-17T22:46:44.3556040Z     at Object.invokeGuardedCallbackDev (/home/runner/work/GplusAPP/GplusAPP/node_modules/react-dom/cjs/react-dom.development.js:4213:16)
run-frontend-ci	Run Vitest (frontend)	2025-10-17T22:46:44.3557583Z     at invokeGuardedCallback (/home/runner/work/GplusAPP/GplusAPP/node_modules/react-dom/cjs/react-dom.development.js:4277:31)
run-frontend-ci	Run Vitest (frontend)	2025-10-17T22:46:44.3558976Z     at beginWork$1 (/home/runner/work/GplusAPP/GplusAPP/node_modules/react-dom/cjs/react-dom.development.js:27490:7)
run-frontend-ci	Run Vitest (frontend)	2025-10-17T22:46:44.3560762Z     at performUnitOfWork (/home/runner/work/GplusAPP/GplusAPP/node_modules/react-dom/cjs/react-dom.development.js:26599:12) TypeError: i18n.getFixedT is not a function
run-frontend-ci	Run Vitest (frontend)	2025-10-17T22:46:44.3562790Z     at getT [90m(/home/runner/work/GplusAPP/GplusAPP/frontend/[39mnode_modules/[4mreact-i18next[24m/dist/commonjs/useTranslation.js:71:17[90m)[39m
run-frontend-ci	Run Vitest (frontend)	2025-10-17T22:46:44.3564485Z     at mountState (/home/runner/work/GplusAPP/GplusAPP/node_modules/[4mreact-dom[24m/cjs/react-dom.development.js:16167:20)
run-frontend-ci	Run Vitest (frontend)	2025-10-17T22:46:44.3565991Z     at Object.useState (/home/runner/work/GplusAPP/GplusAPP/node_modules/[4mreact-dom[24m/cjs/react-dom.development.js:16880:16)
run-frontend-ci	Run Vitest (frontend)	2025-10-17T22:46:44.3567371Z     at useState (/home/runner/work/GplusAPP/GplusAPP/node_modules/[4mreact[24m/cjs/react.development.js:1622:21)
run-frontend-ci	Run Vitest (frontend)	2025-10-17T22:46:44.3569141Z     at useTranslation [90m(/home/runner/work/GplusAPP/GplusAPP/frontend/[39mnode_modules/[4mreact-i18next[24m/dist/commonjs/useTranslation.js:74:39[90m)[39m
run-frontend-ci	Run Vitest (frontend)	2025-10-17T22:46:44.3571104Z     at AuthProvider [90m(/home/runner/work/GplusAPP/GplusAPP/frontend/[39msrc/contexts/AuthContext.jsx:30:17[90m)[39m
run-frontend-ci	Run Vitest (frontend)	2025-10-17T22:46:44.3572654Z     at renderWithHooks (/home/runner/work/GplusAPP/GplusAPP/node_modules/[4mreact-dom[24m/cjs/react-dom.development.js:15486:18)
run-frontend-ci	Run Vitest (frontend)	2025-10-17T22:46:44.3574259Z     at mountIndeterminateComponent (/home/runner/work/GplusAPP/GplusAPP/node_modules/[4mreact-dom[24m/cjs/react-dom.development.js:20103:13)
run-frontend-ci	Run Vitest (frontend)	2025-10-17T22:46:44.3575904Z     at beginWork (/home/runner/work/GplusAPP/GplusAPP/node_modules/[4mreact-dom[24m/cjs/react-dom.development.js:21626:16)
run-frontend-ci	Run Vitest (frontend)	2025-10-17T22:46:44.3577618Z     at HTMLUnknownElement.callCallback (/home/runner/work/GplusAPP/GplusAPP/node_modules/[4mreact-dom[24m/cjs/react-dom.development.js:4164:14)
run-frontend-ci	Run Vitest (frontend)	2025-10-17T22:46:44.3578790Z The above error occurred in the <AuthProvider> component:
run-frontend-ci	Run Vitest (frontend)	2025-10-17T22:46:44.3579289Z 
run-frontend-ci	Run Vitest (frontend)	2025-10-17T22:46:44.3579832Z     at AuthProvider (/home/runner/work/GplusAPP/GplusAPP/frontend/src/contexts/AuthContext.jsx:16:25)
run-frontend-ci	Run Vitest (frontend)	2025-10-17T22:46:44.3581426Z     at I18nextProvider (/home/runner/work/GplusAPP/GplusAPP/frontend/node_modules/react-i18next/dist/commonjs/I18nextProvider.js:13:19)
run-frontend-ci	Run Vitest (frontend)	2025-10-17T22:46:44.3582848Z     at Router (/home/runner/work/GplusAPP/GplusAPP/node_modules/react-router/dist/umd/react-router.development.js:1207:17)
run-frontend-ci	Run Vitest (frontend)	2025-10-17T22:46:44.3584221Z     at MemoryRouter (/home/runner/work/GplusAPP/GplusAPP/node_modules/react-router/dist/umd/react-router.development.js:1101:7)
run-frontend-ci	Run Vitest (frontend)	2025-10-17T22:46:44.3585483Z     at Wrapper (/home/runner/work/GplusAPP/GplusAPP/frontend/src/test-utils/renderWithProviders.jsx:22:22)
run-frontend-ci	Run Vitest (frontend)	2025-10-17T22:46:44.3586088Z 
run-frontend-ci	Run Vitest (frontend)	2025-10-17T22:46:44.3586552Z Consider adding an error boundary to your tree to customize error handling behavior.
run-frontend-ci	Run Vitest (frontend)	2025-10-17T22:46:44.3587504Z Visit https://reactjs.org/link/error-boundaries to learn more about error boundaries.
run-frontend-ci	Run Vitest (frontend)	2025-10-17T22:46:44.3587995Z 
run-frontend-ci	Run Vitest (frontend)	2025-10-17T22:46:44.3589060Z [90mstderr[2m | src/components/__tests__/GenericScreen.test.jsx[2m > [22m[2mGenericScreen Component[2m > [22m[2mshows empty state for empty array
run-frontend-ci	Run Vitest (frontend)	2025-10-17T22:46:44.3590291Z [22m[39mError: Uncaught [TypeError: i18n.getFixedT is not a function]
run-frontend-ci	Run Vitest (frontend)	2025-10-17T22:46:44.3591582Z     at reportException (/home/runner/work/GplusAPP/GplusAPP/node_modules/jsdom/lib/jsdom/living/helpers/runtime-script-errors.js:66:24)
run-frontend-ci	Run Vitest (frontend)	2025-10-17T22:46:44.3593154Z     at innerInvokeEventListeners (/home/runner/work/GplusAPP/GplusAPP/node_modules/jsdom/lib/jsdom/living/events/EventTarget-impl.js:353:9)
run-frontend-ci	Run Vitest (frontend)	2025-10-17T22:46:44.3594696Z     at invokeEventListeners (/home/runner/work/GplusAPP/GplusAPP/node_modules/jsdom/lib/jsdom/living/events/EventTarget-impl.js:286:3)
run-frontend-ci	Run Vitest (frontend)	2025-10-17T22:46:44.3596270Z     at HTMLUnknownElementImpl._dispatch (/home/runner/work/GplusAPP/GplusAPP/node_modules/jsdom/lib/jsdom/living/events/EventTarget-impl.js:233:9)
run-frontend-ci	Run Vitest (frontend)	2025-10-17T22:46:44.3597973Z     at HTMLUnknownElementImpl.dispatchEvent (/home/runner/work/GplusAPP/GplusAPP/node_modules/jsdom/lib/jsdom/living/events/EventTarget-impl.js:104:17)
run-frontend-ci	Run Vitest (frontend)	2025-10-17T22:46:44.3599686Z     at HTMLUnknownElement.dispatchEvent (/home/runner/work/GplusAPP/GplusAPP/node_modules/jsdom/lib/jsdom/living/generated/EventTarget.js:241:34)
run-frontend-ci	Run Vitest (frontend)	2025-10-17T22:46:44.3601466Z     at Object.invokeGuardedCallbackDev (/home/runner/work/GplusAPP/GplusAPP/node_modules/react-dom/cjs/react-dom.development.js:4213:16)
run-frontend-ci	Run Vitest (frontend)	2025-10-17T22:46:44.3602901Z     at invokeGuardedCallback (/home/runner/work/GplusAPP/GplusAPP/node_modules/react-dom/cjs/react-dom.development.js:4277:31)
run-frontend-ci	Run Vitest (frontend)	2025-10-17T22:46:44.3604290Z     at beginWork$1 (/home/runner/work/GplusAPP/GplusAPP/node_modules/react-dom/cjs/react-dom.development.js:27490:7)
run-frontend-ci	Run Vitest (frontend)	2025-10-17T22:46:44.3605951Z     at performUnitOfWork (/home/runner/work/GplusAPP/GplusAPP/node_modules/react-dom/cjs/react-dom.development.js:26599:12) TypeError: i18n.getFixedT is not a function
run-frontend-ci	Run Vitest (frontend)	2025-10-17T22:46:44.3607915Z     at getT [90m(/home/runner/work/GplusAPP/GplusAPP/frontend/[39mnode_modules/[4mreact-i18next[24m/dist/commonjs/useTranslation.js:71:17[90m)[39m
run-frontend-ci	Run Vitest (frontend)	2025-10-17T22:46:44.3609488Z     at mountState (/home/runner/work/GplusAPP/GplusAPP/node_modules/[4mreact-dom[24m/cjs/react-dom.development.js:16167:20)
run-frontend-ci	Run Vitest (frontend)	2025-10-17T22:46:44.3611270Z     at Object.useState (/home/runner/work/GplusAPP/GplusAPP/node_modules/[4mreact-dom[24m/cjs/react-dom.development.js:16880:16)
run-frontend-ci	Run Vitest (frontend)	2025-10-17T22:46:44.3612771Z     at useState (/home/runner/work/GplusAPP/GplusAPP/node_modules/[4mreact[24m/cjs/react.development.js:1622:21)
run-frontend-ci	Run Vitest (frontend)	2025-10-17T22:46:44.3614511Z     at useTranslation [90m(/home/runner/work/GplusAPP/GplusAPP/frontend/[39mnode_modules/[4mreact-i18next[24m/dist/commonjs/useTranslation.js:74:39[90m)[39m
run-frontend-ci	Run Vitest (frontend)	2025-10-17T22:46:44.3616105Z     at AuthProvider [90m(/home/runner/work/GplusAPP/GplusAPP/frontend/[39msrc/contexts/AuthContext.jsx:30:17[90m)[39m
run-frontend-ci	Run Vitest (frontend)	2025-10-17T22:46:44.3617840Z     at renderWithHooks (/home/runner/work/GplusAPP/GplusAPP/node_modules/[4mreact-dom[24m/cjs/react-dom.development.js:15486:18)
run-frontend-ci	Run Vitest (frontend)	2025-10-17T22:46:44.3619814Z     at mountIndeterminateComponent (/home/runner/work/GplusAPP/GplusAPP/node_modules/[4mreact-dom[24m/cjs/react-dom.development.js:20103:13)
run-frontend-ci	Run Vitest (frontend)	2025-10-17T22:46:44.3621694Z     at beginWork (/home/runner/work/GplusAPP/GplusAPP/node_modules/[4mreact-dom[24m/cjs/react-dom.development.js:21626:16)
run-frontend-ci	Run Vitest (frontend)	2025-10-17T22:46:44.3623262Z     at HTMLUnknownElement.callCallback (/home/runner/work/GplusAPP/GplusAPP/node_modules/[4mreact-dom[24m/cjs/react-dom.development.js:4164:14)
run-frontend-ci	Run Vitest (frontend)	2025-10-17T22:46:44.3624452Z Error: Uncaught [TypeError: i18n.getFixedT is not a function]
run-frontend-ci	Run Vitest (frontend)	2025-10-17T22:46:44.3625622Z     at reportException (/home/runner/work/GplusAPP/GplusAPP/node_modules/jsdom/lib/jsdom/living/helpers/runtime-script-errors.js:66:24)
run-frontend-ci	Run Vitest (frontend)	2025-10-17T22:46:44.3627266Z     at innerInvokeEventListeners (/home/runner/work/GplusAPP/GplusAPP/node_modules/jsdom/lib/jsdom/living/events/EventTarget-impl.js:353:9)
run-frontend-ci	Run Vitest (frontend)	2025-10-17T22:46:44.3628815Z     at invokeEventListeners (/home/runner/work/GplusAPP/GplusAPP/node_modules/jsdom/lib/jsdom/living/events/EventTarget-impl.js:286:3)
run-frontend-ci	Run Vitest (frontend)	2025-10-17T22:46:44.3630382Z     at HTMLUnknownElementImpl._dispatch (/home/runner/work/GplusAPP/GplusAPP/node_modules/jsdom/lib/jsdom/living/events/EventTarget-impl.js:233:9)
run-frontend-ci	Run Vitest (frontend)	2025-10-17T22:46:44.3632321Z     at HTMLUnknownElementImpl.dispatchEvent (/home/runner/work/GplusAPP/GplusAPP/node_modules/jsdom/lib/jsdom/living/events/EventTarget-impl.js:104:17)
run-frontend-ci	Run Vitest (frontend)	2025-10-17T22:46:44.3634052Z     at HTMLUnknownElement.dispatchEvent (/home/runner/work/GplusAPP/GplusAPP/node_modules/jsdom/lib/jsdom/living/generated/EventTarget.js:241:34)
run-frontend-ci	Run Vitest (frontend)	2025-10-17T22:46:44.3635640Z     at Object.invokeGuardedCallbackDev (/home/runner/work/GplusAPP/GplusAPP/node_modules/react-dom/cjs/react-dom.development.js:4213:16)
run-frontend-ci	Run Vitest (frontend)	2025-10-17T22:46:44.3637115Z     at invokeGuardedCallback (/home/runner/work/GplusAPP/GplusAPP/node_modules/react-dom/cjs/react-dom.development.js:4277:31)
run-frontend-ci	Run Vitest (frontend)	2025-10-17T22:46:44.3638449Z     at beginWork$1 (/home/runner/work/GplusAPP/GplusAPP/node_modules/react-dom/cjs/react-dom.development.js:27490:7)
run-frontend-ci	Run Vitest (frontend)	2025-10-17T22:46:44.3640024Z     at performUnitOfWork (/home/runner/work/GplusAPP/GplusAPP/node_modules/react-dom/cjs/react-dom.development.js:26599:12) TypeError: i18n.getFixedT is not a function
run-frontend-ci	Run Vitest (frontend)	2025-10-17T22:46:44.3642051Z     at getT [90m(/home/runner/work/GplusAPP/GplusAPP/frontend/[39mnode_modules/[4mreact-i18next[24m/dist/commonjs/useTranslation.js:71:17[90m)[39m
run-frontend-ci	Run Vitest (frontend)	2025-10-17T22:46:44.3643667Z     at mountState (/home/runner/work/GplusAPP/GplusAPP/node_modules/[4mreact-dom[24m/cjs/react-dom.development.js:16167:20)
run-frontend-ci	Run Vitest (frontend)	2025-10-17T22:46:44.3645214Z     at Object.useState (/home/runner/work/GplusAPP/GplusAPP/node_modules/[4mreact-dom[24m/cjs/react-dom.development.js:16880:16)
run-frontend-ci	Run Vitest (frontend)	2025-10-17T22:46:44.3646671Z     at useState (/home/runner/work/GplusAPP/GplusAPP/node_modules/[4mreact[24m/cjs/react.development.js:1622:21)
run-frontend-ci	Run Vitest (frontend)	2025-10-17T22:46:44.3648389Z     at useTranslation [90m(/home/runner/work/GplusAPP/GplusAPP/frontend/[39mnode_modules/[4mreact-i18next[24m/dist/commonjs/useTranslation.js:74:39[90m)[39m
run-frontend-ci	Run Vitest (frontend)	2025-10-17T22:46:44.3649998Z     at AuthProvider [90m(/home/runner/work/GplusAPP/GplusAPP/frontend/[39msrc/contexts/AuthContext.jsx:30:17[90m)[39m
run-frontend-ci	Run Vitest (frontend)	2025-10-17T22:46:44.3651621Z     at renderWithHooks (/home/runner/work/GplusAPP/GplusAPP/node_modules/[4mreact-dom[24m/cjs/react-dom.development.js:15486:18)
run-frontend-ci	Run Vitest (frontend)	2025-10-17T22:46:44.3653335Z     at mountIndeterminateComponent (/home/runner/work/GplusAPP/GplusAPP/node_modules/[4mreact-dom[24m/cjs/react-dom.development.js:20103:13)
run-frontend-ci	Run Vitest (frontend)	2025-10-17T22:46:44.3654970Z     at beginWork (/home/runner/work/GplusAPP/GplusAPP/node_modules/[4mreact-dom[24m/cjs/react-dom.development.js:21626:16)
run-frontend-ci	Run Vitest (frontend)	2025-10-17T22:46:44.3656645Z     at HTMLUnknownElement.callCallback (/home/runner/work/GplusAPP/GplusAPP/node_modules/[4mreact-dom[24m/cjs/react-dom.development.js:4164:14)
run-frontend-ci	Run Vitest (frontend)	2025-10-17T22:46:44.3657982Z The above error occurred in the <AuthProvider> component:
run-frontend-ci	Run Vitest (frontend)	2025-10-17T22:46:44.3658345Z 
run-frontend-ci	Run Vitest (frontend)	2025-10-17T22:46:44.3658905Z     at AuthProvider (/home/runner/work/GplusAPP/GplusAPP/frontend/src/contexts/AuthContext.jsx:16:25)
run-frontend-ci	Run Vitest (frontend)	2025-10-17T22:46:44.3660381Z     at I18nextProvider (/home/runner/work/GplusAPP/GplusAPP/frontend/node_modules/react-i18next/dist/commonjs/I18nextProvider.js:13:19)
run-frontend-ci	Run Vitest (frontend)	2025-10-17T22:46:44.3661913Z     at Router (/home/runner/work/GplusAPP/GplusAPP/node_modules/react-router/dist/umd/react-router.development.js:1207:17)
run-frontend-ci	Run Vitest (frontend)	2025-10-17T22:46:44.3663363Z     at MemoryRouter (/home/runner/work/GplusAPP/GplusAPP/node_modules/react-router/dist/umd/react-router.development.js:1101:7)
run-frontend-ci	Run Vitest (frontend)	2025-10-17T22:46:44.3664709Z     at Wrapper (/home/runner/work/GplusAPP/GplusAPP/frontend/src/test-utils/renderWithProviders.jsx:22:22)
run-frontend-ci	Run Vitest (frontend)	2025-10-17T22:46:44.3665349Z 
run-frontend-ci	Run Vitest (frontend)	2025-10-17T22:46:44.3665850Z Consider adding an error boundary to your tree to customize error handling behavior.
run-frontend-ci	Run Vitest (frontend)	2025-10-17T22:46:44.3666803Z Visit https://reactjs.org/link/error-boundaries to learn more about error boundaries.
run-frontend-ci	Run Vitest (frontend)	2025-10-17T22:46:44.3667285Z 
run-frontend-ci	Run Vitest (frontend)	2025-10-17T22:46:45.8439214Z [33m[39m[32m‚î¨‚ïñ[39m[33m[39m[32m‚î¨‚ïñ[39m[33m[39m[32m‚î¨‚ïñ[39m[33m[39m[32m‚î¨‚ïñ[39m[33m[39m[32m‚î¨‚ïñ[39m[33m[39m[32m‚î¨‚ïñ[39m[33m[39m[32m‚î¨‚ïñ[39m[33m[39m[32m‚î¨‚ïñ[39m[33m[39m[32m‚î¨‚ïñ[39m[33m[39m[2m[90m-[39m[22m[33m[39m[32m‚î¨‚ïñ[39m[33m[39m[32m‚î¨‚ïñ[39m[33m[39m[32m‚î¨‚ïñ[39m[33m[39m[32m‚î¨‚ïñ[39m[33m[39m[32m‚î¨‚ïñ[39m[33m[39m[32m‚î¨‚ïñ[39m[33m[39m[32m‚î¨‚ïñ[39m[33m[39m[32m‚î¨‚ïñ[39m[33m[39m[32m‚î¨‚ïñ[39m[33m[39m[32m‚î¨‚ïñ[39m[33m[39m[32m‚î¨‚ïñ[39m[33m[39m[32m‚î¨‚ïñ[39m[33m[39m[32m‚î¨‚ïñ[39m[33m[39m[32m‚î¨‚ïñ[39m[33m[39m[32m‚î¨‚ïñ[39m[33m[39m[32m‚î¨‚ïñ[39m[33m[39m[32m‚î¨‚ïñ[39m[33m[39m[32m‚î¨‚ïñ[39m[33m[39m[32m‚î¨‚ïñ[39m[33m[39m[32m‚î¨‚ïñ[39m[33m[39m[32m‚î¨‚ïñ[39m[33m[39m[32m‚î¨‚ïñ[39m[33m[39m[32m‚î¨‚ïñ[39m[33m[39m[32m‚î¨‚ïñ[39m[33m[39m[32m‚î¨‚ïñ[39m[33m[39m[32m‚î¨‚ïñ[39m[33m[39m[32m‚î¨‚ïñ[39m[33m[39m[32m‚î¨‚ïñ[39m[33m[39m[32m‚î¨‚ïñ[39m[33m[39m[32m‚î¨‚ïñ[39m[33m[39m[32m‚î¨‚ïñ[39m[33m[39m[32m‚î¨‚ïñ[39m[33m[39m[32m‚î¨‚ïñ[39m[33m[39m[32m‚î¨‚ïñ[39m[33m[39m[32m‚î¨‚ïñ[39m[33m[39m[32m‚î¨‚ïñ[39m[33m[39m[32m‚î¨‚ïñ[39m[33m[39m[32m‚î¨‚ïñ[39m[33m[39m[32m‚î¨‚ïñ[39m[33m[39m[32m‚î¨‚ïñ[39m[33m[39m[32m‚î¨‚ïñ[39m[33m[39m[32m‚î¨‚ïñ[39m[33m[39m[32m‚î¨‚ïñ[39m[33m[39m[32m‚î¨‚ïñ[39m[33m[39m[32m‚î¨‚ïñ[39m[33m[39m[32m‚î¨‚ïñ[39m[33m[39m[32m‚î¨‚ïñ[39m[33m[39m[32m‚î¨‚ïñ[39m[33m[39m[32m‚î¨‚ïñ[39m[33m[39m[32m‚î¨‚ïñ[39m[33m[39m[32m‚î¨‚ïñ[39m[33m[39m[32m‚î¨‚ïñ[39m[33m[39m[32m‚î¨‚ïñ[39m[33m[39m[32m‚î¨‚ïñ[39m[33m[39m[32m‚î¨‚ïñ[39m[33m[39m[32m‚î¨‚ïñ[39m[33m[39m[32m‚î¨‚ïñ[39m[33m[39m[32m‚î¨‚ïñ[39m[33m[39m[32m‚î¨‚ïñ[39m[33m[39m[32m‚î¨‚ïñ[39m[33m[39m[32m‚î¨‚ïñ[39m[33m[39m[32m‚î¨‚ïñ[39m[33m[39m[32m‚î¨‚ïñ[39m[33m[39m[32m‚î¨‚ïñ[39m[33m[39m[32m‚î¨‚ïñ[39m[33m[39m[32m‚î¨‚ïñ[39m[33m[39m[32m‚î¨‚ïñ[39m[33m[39m[32m‚î¨‚ïñ[39m[33m[39m[32m‚î¨‚ïñ[39m[33m[39m[32m‚î¨‚ïñ[39m[33m[39m[32m‚î¨‚ïñ[39m[33m[39m[32m‚î¨‚ïñ[39m[33m[39m[32m‚î¨‚ïñ[39m[33m[39m[32m‚î¨‚ïñ[39m[33m[39m[32m‚î¨‚ïñ[39m[33m[39m[32m‚î¨‚ïñ[39m[33m[39m[32m‚î¨‚ïñ[39m[33m[39m[32m‚î¨‚ïñ[39m[33m[39m[32m‚î¨‚ïñ[39m[33m[39m[31mx[39m[33m[39m[32m‚î¨‚ïñ[39m[33m[39m[32m‚î¨‚ïñ[39m[33m[39m[32m‚î¨‚ïñ[39m[33m[39m[32m‚î¨‚ïñ[39m[33m[39m[32m‚î¨‚ïñ[39m[33m[39m[32m‚î¨‚ïñ[39m[33m[39m[32m‚î¨‚ïñ[39m[33m[39m[32m‚î¨‚ïñ[39m[33m[39m[31mx[39m[33m[39m[31mx[39m[33m[39m[31mx[39m[33m[39m[31mx[39m[33m[39m[32m‚î¨‚ïñ[39m[33m[39m[32m‚î¨‚ïñ[39m[33m[39m[32m‚î¨‚ïñ[39m[33m[39m[32m‚î¨‚ïñ[39m[33m[39m[32m‚î¨‚ïñ[39m[33m[39m[32m‚î¨‚ïñ[39m[33m[39m[32m‚î¨‚ïñ[39m[33m[39m[32m‚î¨‚ïñ[39m[33m[39m[32m‚î¨‚ïñ[39m[33m[39m[32m‚î¨‚ïñ[39m[33m[39m[32m‚î¨‚ïñ[39m[33m[39m[32m‚î¨‚ïñ[39m[33m[39m[32m‚î¨‚ïñ[39m[33m[39m[32m‚î¨‚ïñ[39m[33m[39m[32m‚î¨‚ïñ[39m[33m[39m[32m‚î¨‚ïñ[39m[33m[39m[32m‚î¨‚ïñ[39m[33m[39m[32m‚î¨‚ïñ[39m[33m[39m[32m‚î¨‚ïñ[39m[33m[39m[32m‚î¨‚ïñ[39m[33m[39m[32m‚î¨‚ïñ[39m[33m[39m[32m‚î¨‚ïñ[39m[33m[39m[32m‚î¨‚ïñ[39m[33m[39m[32m‚î¨‚ïñ[39m[33m[39m[32m‚î¨‚ïñ[39m[33m[39m[32m‚î¨‚ïñ[39m[33m[39m[32m‚î¨‚ïñ[39m[33m[39m[32m‚î¨‚ïñ[39m[33m[39m[32m‚î¨‚ïñ[39m[33m[39m[32m‚î¨‚ïñ[39m[33m[39m[32m‚î¨‚ïñ[39m[33m[39m[32m‚î¨‚ïñ[39m[33m[39m[32m‚î¨‚ïñ[39m[33m[39m[32m‚î¨‚ïñ[39m[33m[39m[32m‚î¨‚ïñ[39m[33m[39m[32m‚î¨‚ïñ[39m[33m[39m[32m‚î¨‚ïñ[39m[33m[39m[32m‚î¨‚ïñ[39m[33m[39m[32m‚î¨‚ïñ[39m[33m[39m[32m‚î¨‚ïñ[39m[33m[39m[32m‚î¨‚ïñ[39m[33m[39m[32m‚î¨‚ïñ[39m[33m[39m[32m‚î¨‚ïñ[39m[33m[39m[32m‚î¨‚ïñ[39m[33m[39m[32m‚î¨‚ïñ[39m[33m[39m[32m‚î¨‚ïñ[39m[33m[39m[32m‚î¨‚ïñ[39m[33m[39m[32m‚î¨‚ïñ[39m[33m[39m[32m‚î¨‚ïñ[39m[33m[39m[32m‚î¨‚ïñ[39m[33m[39m[32m‚î¨‚ïñ[39m[33m[39m[32m‚î¨‚ïñ[39m[33m[39m[31mx[39m[33m[39m[31mx[39m[33m[39m[32m‚î¨‚ïñ[39m[33m[39m[32m‚î¨‚ïñ[39m[33m[39m[32m‚î¨‚ïñ[39m[33m[39m[32m‚î¨‚ïñ[39m[33m[39m[32m‚î¨‚ïñ[39m[33m[39m[32m‚î¨‚ïñ[39m[33m[39m[32m‚î¨‚ïñ[39m[33m[39m[32m‚î¨‚ïñ[39m[33m[39m[32m‚î¨‚ïñ[39m[33m[39m[32m‚î¨‚ïñ[39m[33m[39m[32m‚î¨‚ïñ[39m[33m[39m[32m‚î¨‚ïñ[39m[33m[39m[32m‚î¨‚ïñ[39m[33m[39m[32m‚î¨‚ïñ[39m[33m[39m[32m‚î¨‚ïñ[39m[33m[39m[32m‚î¨‚ïñ[39m[33m[39m[32m‚î¨‚ïñ[39m[33m[39m[31mx[39m[33m[39m[31mx[39m[33m[39m[31mx[39m[33m[39m[31mx[39m[33m[39m[31mx[39m[33m[39m[32m‚î¨‚ïñ[39m[33m[39m[32m‚î¨‚ïñ[39m[33m[39m[32m‚î¨‚ïñ[39m[33m[39m[32m‚î¨‚ïñ[39m[33m[39m[32m‚î¨‚ïñ[39m[33m[39m[32m‚î¨‚ïñ[39m[33m[39m[32m‚î¨‚ïñ[39m[33m[39m[32m‚î¨‚ïñ[39m[33m[39m[32m‚î¨‚ïñ[39m[33m[39m[32m‚î¨‚ïñ[39m[90mstdout[2m | src/tests/test-msw.spec.jsx
run-frontend-ci	Run Vitest (frontend)	2025-10-17T22:46:45.8482386Z [22m[39mTEST DIAG: imported server.__mswReal -> [33mfalse[39m
run-frontend-ci	Run Vitest (frontend)	2025-10-17T22:46:45.8483740Z TEST DIAG: typeof fetch -> function fetch.toString -> function fetch(input, init = undefined) { // eslint-disable-line func-name-matching
run-frontend-ci	Run Vitest (frontend)	2025-10-17T22:46:45.8485001Z     if (!fetchImpl) { // Implement lazy loading of undici module for fetch function
run-frontend-ci	Run Vitest (frontend)	2025-10-17T22:46:45.8485716Z       const undiciModule = requi
run-frontend-ci	Run Vitest (frontend)	2025-10-17T22:46:45.8485992Z 
run-frontend-ci	Run Vitest (frontend)	2025-10-17T22:46:48.8044745Z [90mstderr[2m | src/__tests__/auth.unit.test.jsx
run-frontend-ci	Run Vitest (frontend)	2025-10-17T22:46:48.8051285Z [22m[39mUsing an object as a third argument is deprecated. Vitest 4 will throw an error if the third argument is not a timeout number. Please use the second argument for options. See more at https://vitest.dev/guide/migration
run-frontend-ci	Run Vitest (frontend)	2025-10-17T22:46:48.8056030Z 
run-frontend-ci	Run Vitest (frontend)	2025-10-17T22:46:51.7575129Z [90mstderr[2m | src/__tests__/GlobalLoadingIndicator.test.jsx[2m > [22m[2mGlobalLoadingIndicator[2m > [22m[2mrenders the loading indicator
run-frontend-ci	Run Vitest (frontend)	2025-10-17T22:46:51.7578262Z [22m[39mWarning: React does not recognize the `isLoading` prop on a DOM element. If you intentionally want it to appear in the DOM as a custom attribute, spell it as lowercase `isloading` instead. If you accidentally passed it from a parent component, remove it from the DOM element.
run-frontend-ci	Run Vitest (frontend)	2025-10-17T22:46:51.7579845Z     at div
run-frontend-ci	Run Vitest (frontend)	2025-10-17T22:46:51.7583220Z     at I (/home/runner/work/GplusAPP/GplusAPP/node_modules/styled-components/dist/styled-components.cjs.js:1:22895)
run-frontend-ci	Run Vitest (frontend)	2025-10-17T22:46:51.7591195Z     at GlobalLoadingIndicator (/home/runner/work/GplusAPP/GplusAPP/frontend/src/components/GlobalLoadingIndicator.jsx:43:71)
run-frontend-ci	Run Vitest (frontend)	2025-10-17T22:46:51.7592080Z 
run-frontend-ci	Run Vitest (frontend)	2025-10-17T22:47:01.2584310Z [90mstderr[2m | src/__tests__/debug-document.test.jsx[2m > [22m[2mdebug document[2m > [22m[2mprints document.createElement type
run-frontend-ci	Run Vitest (frontend)	2025-10-17T22:47:01.2589263Z [22m[39mtypeof document: object
run-frontend-ci	Run Vitest (frontend)	2025-10-17T22:47:01.2593684Z typeof document.createElement: function
run-frontend-ci	Run Vitest (frontend)	2025-10-17T22:47:01.2598000Z typeof window.document: object
run-frontend-ci	Run Vitest (frontend)	2025-10-17T22:47:01.2602877Z typeof window.document.createElement: function
run-frontend-ci	Run Vitest (frontend)	2025-10-17T22:47:01.2606991Z 
run-frontend-ci	Run Vitest (frontend)	2025-10-17T22:47:03.0783679Z [90mstderr[2m | src/App.test.jsx[2m > [22m[2mrenders main app component
run-frontend-ci	Run Vitest (frontend)	2025-10-17T22:47:03.0793809Z [22m[39mWarning: React does not recognize the `isLoading` prop on a DOM element. If you intentionally want it to appear in the DOM as a custom attribute, spell it as lowercase `isloading` instead. If you accidentally passed it from a parent component, remove it from the DOM element.
run-frontend-ci	Run Vitest (frontend)	2025-10-17T22:47:03.0795467Z     at div
run-frontend-ci	Run Vitest (frontend)	2025-10-17T22:47:03.0796335Z     at I (/home/runner/work/GplusAPP/GplusAPP/node_modules/styled-components/dist/styled-components.cjs.js:1:22895)
run-frontend-ci	Run Vitest (frontend)	2025-10-17T22:47:03.0797863Z     at GlobalLoadingIndicator (/home/runner/work/GplusAPP/GplusAPP/frontend/src/components/GlobalLoadingIndicator.jsx:43:71)
run-frontend-ci	Run Vitest (frontend)	2025-10-17T22:47:03.0799124Z     at AppContent (/home/runner/work/GplusAPP/GplusAPP/frontend/src/App.jsx:93:57)
run-frontend-ci	Run Vitest (frontend)	2025-10-17T22:47:03.0800974Z     at Router (/home/runner/work/GplusAPP/GplusAPP/node_modules/react-router/dist/umd/react-router.development.js:1207:17)
run-frontend-ci	Run Vitest (frontend)	2025-10-17T22:47:03.0802781Z     at MemoryRouter (/home/runner/work/GplusAPP/GplusAPP/node_modules/react-router/dist/umd/react-router.development.js:1101:7)
run-frontend-ci	Run Vitest (frontend)	2025-10-17T22:47:03.0803596Z 
run-frontend-ci	Run Vitest (frontend)	2025-10-17T22:47:04.2617190Z [90mstderr[2m | src/components/__tests__/Companies.test.jsx[2m > [22m[2mCompanies[2m > [22m[2mrenders companies list
run-frontend-ci	Run Vitest (frontend)	2025-10-17T22:47:04.2620089Z [22m[39mError: Uncaught [TypeError: i18n.getFixedT is not a function]
run-frontend-ci	Run Vitest (frontend)	2025-10-17T22:47:04.2625162Z     at reportException (/home/runner/work/GplusAPP/GplusAPP/node_modules/jsdom/lib/jsdom/living/helpers/runtime-script-errors.js:66:24)
run-frontend-ci	Run Vitest (frontend)	2025-10-17T22:47:04.2628982Z     at innerInvokeEventListeners (/home/runner/work/GplusAPP/GplusAPP/node_modules/jsdom/lib/jsdom/living/events/EventTarget-impl.js:353:9)
run-frontend-ci	Run Vitest (frontend)	2025-10-17T22:47:04.2636716Z     at invokeEventListeners (/home/runner/work/GplusAPP/GplusAPP/node_modules/jsdom/lib/jsdom/living/events/EventTarget-impl.js:286:3)
run-frontend-ci	Run Vitest (frontend)	2025-10-17T22:47:04.2638617Z     at HTMLUnknownElementImpl._dispatch (/home/runner/work/GplusAPP/GplusAPP/node_modules/jsdom/lib/jsdom/living/events/EventTarget-impl.js:233:9)
run-frontend-ci	Run Vitest (frontend)	2025-10-17T22:47:04.2640859Z     at HTMLUnknownElementImpl.dispatchEvent (/home/runner/work/GplusAPP/GplusAPP/node_modules/jsdom/lib/jsdom/living/events/EventTarget-impl.js:104:17)
run-frontend-ci	Run Vitest (frontend)	2025-10-17T22:47:04.2642865Z     at HTMLUnknownElement.dispatchEvent (/home/runner/work/GplusAPP/GplusAPP/node_modules/jsdom/lib/jsdom/living/generated/EventTarget.js:241:34)
run-frontend-ci	Run Vitest (frontend)	2025-10-17T22:47:04.2644686Z     at Object.invokeGuardedCallbackDev (/home/runner/work/GplusAPP/GplusAPP/node_modules/react-dom/cjs/react-dom.development.js:4213:16)
run-frontend-ci	Run Vitest (frontend)	2025-10-17T22:47:04.2646344Z     at invokeGuardedCallback (/home/runner/work/GplusAPP/GplusAPP/node_modules/react-dom/cjs/react-dom.development.js:4277:31)
run-frontend-ci	Run Vitest (frontend)	2025-10-17T22:47:04.2647848Z     at beginWork$1 (/home/runner/work/GplusAPP/GplusAPP/node_modules/react-dom/cjs/react-dom.development.js:27490:7)
run-frontend-ci	Run Vitest (frontend)	2025-10-17T22:47:04.2649672Z     at performUnitOfWork (/home/runner/work/GplusAPP/GplusAPP/node_modules/react-dom/cjs/react-dom.development.js:26599:12) TypeError: i18n.getFixedT is not a function
run-frontend-ci	Run Vitest (frontend)	2025-10-17T22:47:04.2652172Z     at getT [90m(/home/runner/work/GplusAPP/GplusAPP/frontend/[39mnode_modules/[4mreact-i18next[24m/dist/commonjs/useTranslation.js:71:17[90m)[39m
run-frontend-ci	Run Vitest (frontend)	2025-10-17T22:47:04.2653957Z     at mountState (/home/runner/work/GplusAPP/GplusAPP/node_modules/[4mreact-dom[24m/cjs/react-dom.development.js:16167:20)
run-frontend-ci	Run Vitest (frontend)	2025-10-17T22:47:04.2655904Z     at Object.useState (/home/runner/work/GplusAPP/GplusAPP/node_modules/[4mreact-dom[24m/cjs/react-dom.development.js:16880:16)
run-frontend-ci	Run Vitest (frontend)	2025-10-17T22:47:04.2657602Z     at useState (/home/runner/work/GplusAPP/GplusAPP/node_modules/[4mreact[24m/cjs/react.development.js:1622:21)
run-frontend-ci	Run Vitest (frontend)	2025-10-17T22:47:04.2659599Z     at useTranslation [90m(/home/runner/work/GplusAPP/GplusAPP/frontend/[39mnode_modules/[4mreact-i18next[24m/dist/commonjs/useTranslation.js:74:39[90m)[39m
run-frontend-ci	Run Vitest (frontend)	2025-10-17T22:47:04.2661323Z     at AuthProvider [90m(/home/runner/work/GplusAPP/GplusAPP/frontend/[39msrc/contexts/AuthContext.jsx:30:17[90m)[39m
run-frontend-ci	Run Vitest (frontend)	2025-10-17T22:47:04.2662366Z     at renderWithHooks (/home/runner/work/GplusAPP/GplusAPP/node_modules/[4mreact-dom[24m/cjs/react-dom.development.js:15486:18)
run-frontend-ci	Run Vitest (frontend)	2025-10-17T22:47:04.2663428Z     at mountIndeterminateComponent (/home/runner/work/GplusAPP/GplusAPP/node_modules/[4mreact-dom[24m/cjs/react-dom.development.js:20103:13)
run-frontend-ci	Run Vitest (frontend)	2025-10-17T22:47:04.2664413Z     at beginWork (/home/runner/work/GplusAPP/GplusAPP/node_modules/[4mreact-dom[24m/cjs/react-dom.development.js:21626:16)
run-frontend-ci	Run Vitest (frontend)	2025-10-17T22:47:04.2665420Z     at HTMLUnknownElement.callCallback (/home/runner/work/GplusAPP/GplusAPP/node_modules/[4mreact-dom[24m/cjs/react-dom.development.js:4164:14)
run-frontend-ci	Run Vitest (frontend)	2025-10-17T22:47:04.2666151Z Error: Uncaught [TypeError: i18n.getFixedT is not a function]
run-frontend-ci	Run Vitest (frontend)	2025-10-17T22:47:04.2666878Z     at reportException (/home/runner/work/GplusAPP/GplusAPP/node_modules/jsdom/lib/jsdom/living/helpers/runtime-script-errors.js:66:24)
run-frontend-ci	Run Vitest (frontend)	2025-10-17T22:47:04.2668179Z     at innerInvokeEventListeners (/home/runner/work/GplusAPP/GplusAPP/node_modules/jsdom/lib/jsdom/living/events/EventTarget-impl.js:353:9)
run-frontend-ci	Run Vitest (frontend)	2025-10-17T22:47:04.2669269Z     at invokeEventListeners (/home/runner/work/GplusAPP/GplusAPP/node_modules/jsdom/lib/jsdom/living/events/EventTarget-impl.js:286:3)
run-frontend-ci	Run Vitest (frontend)	2025-10-17T22:47:04.2670244Z     at HTMLUnknownElementImpl._dispatch (/home/runner/work/GplusAPP/GplusAPP/node_modules/jsdom/lib/jsdom/living/events/EventTarget-impl.js:233:9)
run-frontend-ci	Run Vitest (frontend)	2025-10-17T22:47:04.2672148Z     at HTMLUnknownElementImpl.dispatchEvent (/home/runner/work/GplusAPP/GplusAPP/node_modules/jsdom/lib/jsdom/living/events/EventTarget-impl.js:104:17)
run-frontend-ci	Run Vitest (frontend)	2025-10-17T22:47:04.2674116Z     at HTMLUnknownElement.dispatchEvent (/home/runner/work/GplusAPP/GplusAPP/node_modules/jsdom/lib/jsdom/living/generated/EventTarget.js:241:34)
run-frontend-ci	Run Vitest (frontend)	2025-10-17T22:47:04.2676079Z     at Object.invokeGuardedCallbackDev (/home/runner/work/GplusAPP/GplusAPP/node_modules/react-dom/cjs/react-dom.development.js:4213:16)
run-frontend-ci	Run Vitest (frontend)	2025-10-17T22:47:04.2677756Z     at invokeGuardedCallback (/home/runner/work/GplusAPP/GplusAPP/node_modules/react-dom/cjs/react-dom.development.js:4277:31)
run-frontend-ci	Run Vitest (frontend)	2025-10-17T22:47:04.2679262Z     at beginWork$1 (/home/runner/work/GplusAPP/GplusAPP/node_modules/react-dom/cjs/react-dom.development.js:27490:7)
run-frontend-ci	Run Vitest (frontend)	2025-10-17T22:47:04.2681231Z     at performUnitOfWork (/home/runner/work/GplusAPP/GplusAPP/node_modules/react-dom/cjs/react-dom.development.js:26599:12) TypeError: i18n.getFixedT is not a function
run-frontend-ci	Run Vitest (frontend)	2025-10-17T22:47:04.2683491Z     at getT [90m(/home/runner/work/GplusAPP/GplusAPP/frontend/[39mnode_modules/[4mreact-i18next[24m/dist/commonjs/useTranslation.js:71:17[90m)[39m
run-frontend-ci	Run Vitest (frontend)	2025-10-17T22:47:04.2685402Z     at mountState (/home/runner/work/GplusAPP/GplusAPP/node_modules/[4mreact-dom[24m/cjs/react-dom.development.js:16167:20)
run-frontend-ci	Run Vitest (frontend)	2025-10-17T22:47:04.2687187Z     at Object.useState (/home/runner/work/GplusAPP/GplusAPP/node_modules/[4mreact-dom[24m/cjs/react-dom.development.js:16880:16)
run-frontend-ci	Run Vitest (frontend)	2025-10-17T22:47:04.2688927Z     at useState (/home/runner/work/GplusAPP/GplusAPP/node_modules/[4mreact[24m/cjs/react.development.js:1622:21)
run-frontend-ci	Run Vitest (frontend)	2025-10-17T22:47:04.2691145Z     at useTranslation [90m(/home/runner/work/GplusAPP/GplusAPP/frontend/[39mnode_modules/[4mreact-i18next[24m/dist/commonjs/useTranslation.js:74:39[90m)[39m
run-frontend-ci	Run Vitest (frontend)	2025-10-17T22:47:04.2693051Z     at AuthProvider [90m(/home/runner/work/GplusAPP/GplusAPP/frontend/[39msrc/contexts/AuthContext.jsx:30:17[90m)[39m
run-frontend-ci	Run Vitest (frontend)	2025-10-17T22:47:04.2694830Z     at renderWithHooks (/home/runner/work/GplusAPP/GplusAPP/node_modules/[4mreact-dom[24m/cjs/react-dom.development.js:15486:18)
run-frontend-ci	Run Vitest (frontend)	2025-10-17T22:47:04.2696811Z     at mountIndeterminateComponent (/home/runner/work/GplusAPP/GplusAPP/node_modules/[4mreact-dom[24m/cjs/react-dom.development.js:20103:13)
run-frontend-ci	Run Vitest (frontend)	2025-10-17T22:47:04.2698681Z     at beginWork (/home/runner/work/GplusAPP/GplusAPP/node_modules/[4mreact-dom[24m/cjs/react-dom.development.js:21626:16)
run-frontend-ci	Run Vitest (frontend)	2025-10-17T22:47:04.2700764Z     at HTMLUnknownElement.callCallback (/home/runner/work/GplusAPP/GplusAPP/node_modules/[4mreact-dom[24m/cjs/react-dom.development.js:4164:14)
run-frontend-ci	Run Vitest (frontend)	2025-10-17T22:47:04.2702009Z The above error occurred in the <AuthProvider> component:
run-frontend-ci	Run Vitest (frontend)	2025-10-17T22:47:04.2702421Z 
run-frontend-ci	Run Vitest (frontend)	2025-10-17T22:47:04.2703044Z     at AuthProvider (/home/runner/work/GplusAPP/GplusAPP/frontend/src/contexts/AuthContext.jsx:16:25)
run-frontend-ci	Run Vitest (frontend)	2025-10-17T22:47:04.2704577Z     at I18nextProvider (/home/runner/work/GplusAPP/GplusAPP/frontend/node_modules/react-i18next/dist/commonjs/I18nextProvider.js:13:19)
run-frontend-ci	Run Vitest (frontend)	2025-10-17T22:47:04.2706196Z     at Router (/home/runner/work/GplusAPP/GplusAPP/node_modules/react-router/dist/umd/react-router.development.js:1207:17)
run-frontend-ci	Run Vitest (frontend)	2025-10-17T22:47:04.2708558Z     at MemoryRouter (/home/runner/work/GplusAPP/GplusAPP/node_modules/react-router/dist/umd/react-router.development.js:1101:7)
run-frontend-ci	Run Vitest (frontend)	2025-10-17T22:47:04.2709897Z     at Wrapper (/home/runner/work/GplusAPP/GplusAPP/frontend/src/test-utils/renderWithProviders.jsx:22:22)
run-frontend-ci	Run Vitest (frontend)	2025-10-17T22:47:04.2710952Z 
run-frontend-ci	Run Vitest (frontend)	2025-10-17T22:47:04.2711473Z Consider adding an error boundary to your tree to customize error handling behavior.
run-frontend-ci	Run Vitest (frontend)	2025-10-17T22:47:04.2712678Z Visit https://reactjs.org/link/error-boundaries to learn more about error boundaries.
run-frontend-ci	Run Vitest (frontend)	2025-10-17T22:47:04.2713202Z 
run-frontend-ci	Run Vitest (frontend)	2025-10-17T22:47:05.2503104Z [90mstderr[2m | src/components/__tests__/CompaniesScreen.test.jsx[2m > [22m[2mCompaniesScreen tests[2m > [22m[2mrenders success state
run-frontend-ci	Run Vitest (frontend)	2025-10-17T22:47:05.2508393Z [22m[39mAPI Error: {
run-frontend-ci	Run Vitest (frontend)	2025-10-17T22:47:05.2509224Z   url: [32m'/companies'[39m,
run-frontend-ci	Run Vitest (frontend)	2025-10-17T22:47:05.2509971Z   method: [32m'get'[39m,
run-frontend-ci	Run Vitest (frontend)	2025-10-17T22:47:05.2510464Z   status: [90mundefined[39m,
run-frontend-ci	Run Vitest (frontend)	2025-10-17T22:47:05.2511064Z   data: [90mundefined[39m,
run-frontend-ci	Run Vitest (frontend)	2025-10-17T22:47:05.2511690Z   error: AxiosError: connect ECONNREFUSED ::1:80
run-frontend-ci	Run Vitest (frontend)	2025-10-17T22:47:05.2512502Z   [90m    at TCPConnectWrap.afterConnect [as oncomplete] (node:net:1611:16)[39m {
run-frontend-ci	Run Vitest (frontend)	2025-10-17T22:47:05.2513163Z     port: [33m80[39m,
run-frontend-ci	Run Vitest (frontend)	2025-10-17T22:47:05.2513743Z     address: [32m'::1'[39m,
run-frontend-ci	Run Vitest (frontend)	2025-10-17T22:47:05.2514192Z     syscall: [32m'connect'[39m,
run-frontend-ci	Run Vitest (frontend)	2025-10-17T22:47:05.2514675Z     code: [32m'ECONNREFUSED'[39m,
run-frontend-ci	Run Vitest (frontend)	2025-10-17T22:47:05.2515122Z     errno: [33m-111[39m,
run-frontend-ci	Run Vitest (frontend)	2025-10-17T22:47:05.2515439Z     config: {
run-frontend-ci	Run Vitest (frontend)	2025-10-17T22:47:05.2515893Z       transitional: [36m[Object][39m,
run-frontend-ci	Run Vitest (frontend)	2025-10-17T22:47:05.2516519Z       adapter: [36m[Function: httpAdapter][39m,
run-frontend-ci	Run Vitest (frontend)	2025-10-17T22:47:05.2517118Z       transformRequest: [36m[Array][39m,
run-frontend-ci	Run Vitest (frontend)	2025-10-17T22:47:05.2517689Z       transformResponse: [36m[Array][39m,
run-frontend-ci	Run Vitest (frontend)	2025-10-17T22:47:05.2518178Z       timeout: [33m10000[39m,
run-frontend-ci	Run Vitest (frontend)	2025-10-17T22:47:05.2518716Z       xsrfCookieName: [32m'XSRF-TOKEN'[39m,
run-frontend-ci	Run Vitest (frontend)	2025-10-17T22:47:05.2519287Z       xsrfHeaderName: [32m'X-XSRF-TOKEN'[39m,
run-frontend-ci	Run Vitest (frontend)	2025-10-17T22:47:05.2519838Z       maxContentLength: [33m-1[39m,
run-frontend-ci	Run Vitest (frontend)	2025-10-17T22:47:05.2520380Z       maxBodyLength: [33m-1[39m,
run-frontend-ci	Run Vitest (frontend)	2025-10-17T22:47:05.2521224Z       env: [36m[Object][39m,
run-frontend-ci	Run Vitest (frontend)	2025-10-17T22:47:05.2521852Z       validateStatus: [36m[Function: validateStatus][39m,
run-frontend-ci	Run Vitest (frontend)	2025-10-17T22:47:05.2522466Z       headers: [36m[Object][39m,
run-frontend-ci	Run Vitest (frontend)	2025-10-17T22:47:05.2522938Z       baseURL: [32m''[39m,
run-frontend-ci	Run Vitest (frontend)	2025-10-17T22:47:05.2523435Z       method: [32m'get'[39m,
run-frontend-ci	Run Vitest (frontend)	2025-10-17T22:47:05.2523958Z       url: [32m'/companies'[39m,
run-frontend-ci	Run Vitest (frontend)	2025-10-17T22:47:05.2524514Z       requestId: [32m'get:/companies'[39m,
run-frontend-ci	Run Vitest (frontend)	2025-10-17T22:47:05.2525071Z       data: [90mundefined[39m
run-frontend-ci	Run Vitest (frontend)	2025-10-17T22:47:05.2525440Z     },
run-frontend-ci	Run Vitest (frontend)	2025-10-17T22:47:05.2525725Z     request: Writable {
run-frontend-ci	Run Vitest (frontend)	2025-10-17T22:47:05.2526191Z       _events: [36m[Object][39m,
run-frontend-ci	Run Vitest (frontend)	2025-10-17T22:47:05.2526728Z       _writableState: [36m[WritableState][39m,
run-frontend-ci	Run Vitest (frontend)	2025-10-17T22:47:05.2528758Z       _maxListeners: [90mundefined[39m,
run-frontend-ci	Run Vitest (frontend)	2025-10-17T22:47:05.2529328Z       _options: [36m[Object][39m,
run-frontend-ci	Run Vitest (frontend)	2025-10-17T22:47:05.2529794Z       _ended: [33mtrue[39m,
run-frontend-ci	Run Vitest (frontend)	2025-10-17T22:47:05.2531085Z       _ending: [33mtrue[39m,
run-frontend-ci	Run Vitest (frontend)	2025-10-17T22:47:05.2531640Z       _redirectCount: [33m0[39m,
run-frontend-ci	Run Vitest (frontend)	2025-10-17T22:47:05.2532074Z       _redirects: [],
run-frontend-ci	Run Vitest (frontend)	2025-10-17T22:47:05.2532600Z       _requestBodyLength: [33m0[39m,
run-frontend-ci	Run Vitest (frontend)	2025-10-17T22:47:05.2533093Z       _requestBodyBuffers: [],
run-frontend-ci	Run Vitest (frontend)	2025-10-17T22:47:05.2533651Z       _eventsCount: [33m3[39m,
run-frontend-ci	Run Vitest (frontend)	2025-10-17T22:47:05.2534324Z       _onNativeResponse: [36m[Function (anonymous)][39m,
run-frontend-ci	Run Vitest (frontend)	2025-10-17T22:47:05.2535062Z       _currentRequest: [36m[ClientRequest][39m,
run-frontend-ci	Run Vitest (frontend)	2025-10-17T22:47:05.2535872Z       _currentUrl: [32m'http://[::1]/companies'[39m,
run-frontend-ci	Run Vitest (frontend)	2025-10-17T22:47:05.2536517Z       _timeout: [1mnull[22m,
run-frontend-ci	Run Vitest (frontend)	2025-10-17T22:47:05.2537072Z       [[32mSymbol(shapeMode)[39m]: [33mtrue[39m,
run-frontend-ci	Run Vitest (frontend)	2025-10-17T22:47:05.2537670Z       [[32mSymbol(kCapture)[39m]: [33mfalse[39m
run-frontend-ci	Run Vitest (frontend)	2025-10-17T22:47:05.2538115Z     }
run-frontend-ci	Run Vitest (frontend)	2025-10-17T22:47:05.2538391Z   }
run-frontend-ci	Run Vitest (frontend)	2025-10-17T22:47:05.2538672Z }
run-frontend-ci	Run Vitest (frontend)	2025-10-17T22:47:05.2538830Z 
run-frontend-ci	Run Vitest (frontend)	2025-10-17T22:47:05.2547236Z [90mstderr[2m | src/components/__tests__/CompaniesScreen.test.jsx[2m > [22m[2mCompaniesScreen tests[2m > [22m[2mrenders success state
run-frontend-ci	Run Vitest (frontend)	2025-10-17T22:47:05.2550365Z [22m[39mAPI Error: {
run-frontend-ci	Run Vitest (frontend)	2025-10-17T22:47:05.2551371Z   url: [32m'/companies'[39m,
run-frontend-ci	Run Vitest (frontend)	2025-10-17T22:47:05.2551808Z   method: [32m'get'[39m,
run-frontend-ci	Run Vitest (frontend)	2025-10-17T22:47:05.2552267Z   status: [90mundefined[39m,
run-frontend-ci	Run Vitest (frontend)	2025-10-17T22:47:05.2552974Z   data: [90mundefined[39m,
run-frontend-ci	Run Vitest (frontend)	2025-10-17T22:47:05.2553500Z   error: AxiosError: connect ECONNREFUSED ::1:80
run-frontend-ci	Run Vitest (frontend)	2025-10-17T22:47:05.2554435Z   [90m    at TCPConnectWrap.afterConnect [as oncomplete] (node:net:1611:16)[39m {
run-frontend-ci	Run Vitest (frontend)	2025-10-17T22:47:05.2555133Z     port: [33m80[39m,
run-frontend-ci	Run Vitest (frontend)	2025-10-17T22:47:05.2555625Z     address: [32m'::1'[39m,
run-frontend-ci	Run Vitest (frontend)	2025-10-17T22:47:05.2556139Z     syscall: [32m'connect'[39m,
run-frontend-ci	Run Vitest (frontend)	2025-10-17T22:47:05.2556677Z     code: [32m'ECONNREFUSED'[39m,
run-frontend-ci	Run Vitest (frontend)	2025-10-17T22:47:05.2557152Z     errno: [33m-111[39m,
run-frontend-ci	Run Vitest (frontend)	2025-10-17T22:47:05.2557488Z     config: {
run-frontend-ci	Run Vitest (frontend)	2025-10-17T22:47:05.2557942Z       transitional: [36m[Object][39m,
run-frontend-ci	Run Vitest (frontend)	2025-10-17T22:47:05.2558577Z       adapter: [36m[Function: httpAdapter][39m,
run-frontend-ci	Run Vitest (frontend)	2025-10-17T22:47:05.2559226Z       transformRequest: [36m[Array][39m,
run-frontend-ci	Run Vitest (frontend)	2025-10-17T22:47:05.2559840Z       transformResponse: [36m[Array][39m,
run-frontend-ci	Run Vitest (frontend)	2025-10-17T22:47:05.2560446Z       timeout: [33m10000[39m,
run-frontend-ci	Run Vitest (frontend)	2025-10-17T22:47:05.2564592Z       xsrfCookieName: [32m'XSRF-TOKEN'[39m,
run-frontend-ci	Run Vitest (frontend)	2025-10-17T22:47:05.2565249Z       xsrfHeaderName: [32m'X-XSRF-TOKEN'[39m,
run-frontend-ci	Run Vitest (frontend)	2025-10-17T22:47:05.2565877Z       maxContentLength: [33m-1[39m,
run-frontend-ci	Run Vitest (frontend)	2025-10-17T22:47:05.2566419Z       maxBodyLength: [33m-1[39m,
run-frontend-ci	Run Vitest (frontend)	2025-10-17T22:47:05.2576248Z       env: [36m[Object][39m,
run-frontend-ci	Run Vitest (frontend)	2025-10-17T22:47:05.2576956Z       validateStatus: [36m[Function: validateStatus][39m,
run-frontend-ci	Run Vitest (frontend)	2025-10-17T22:47:05.2577647Z       headers: [36m[Object][39m,
run-frontend-ci	Run Vitest (frontend)	2025-10-17T22:47:05.2578157Z       baseURL: [32m''[39m,
run-frontend-ci	Run Vitest (frontend)	2025-10-17T22:47:05.2578670Z       method: [32m'get'[39m,
run-frontend-ci	Run Vitest (frontend)	2025-10-17T22:47:05.2579213Z       url: [32m'/companies'[39m,
run-frontend-ci	Run Vitest (frontend)	2025-10-17T22:47:05.2579819Z       requestId: [32m'get:/companies'[39m,
run-frontend-ci	Run Vitest (frontend)	2025-10-17T22:47:05.2580429Z       data: [90mundefined[39m
run-frontend-ci	Run Vitest (frontend)	2025-10-17T22:47:05.2581180Z     },
run-frontend-ci	Run Vitest (frontend)	2025-10-17T22:47:05.2581498Z     request: Writable {
run-frontend-ci	Run Vitest (frontend)	2025-10-17T22:47:05.2582010Z       _events: [36m[Object][39m,
run-frontend-ci	Run Vitest (frontend)	2025-10-17T22:47:05.2582632Z       _writableState: [36m[WritableState][39m,
run-frontend-ci	Run Vitest (frontend)	2025-10-17T22:47:05.2583205Z       _maxListeners: [90mundefined[39m,
run-frontend-ci	Run Vitest (frontend)	2025-10-17T22:47:05.2583740Z       _options: [36m[Object][39m,
run-frontend-ci	Run Vitest (frontend)	2025-10-17T22:47:05.2584225Z       _ended: [33mtrue[39m,
run-frontend-ci	Run Vitest (frontend)	2025-10-17T22:47:05.2584708Z       _ending: [33mtrue[39m,
run-frontend-ci	Run Vitest (frontend)	2025-10-17T22:47:05.2585234Z       _redirectCount: [33m0[39m,
run-frontend-ci	Run Vitest (frontend)	2025-10-17T22:47:05.2585648Z       _redirects: [],
run-frontend-ci	Run Vitest (frontend)	2025-10-17T22:47:05.2586161Z       _requestBodyLength: [33m0[39m,
run-frontend-ci	Run Vitest (frontend)	2025-10-17T22:47:05.2586656Z       _requestBodyBuffers: [],
run-frontend-ci	Run Vitest (frontend)	2025-10-17T22:47:05.2587203Z       _eventsCount: [33m3[39m,
run-frontend-ci	Run Vitest (frontend)	2025-10-17T22:47:05.2587840Z       _onNativeResponse: [36m[Function (anonymous)][39m,
run-frontend-ci	Run Vitest (frontend)	2025-10-17T22:47:05.2588545Z       _currentRequest: [36m[ClientRequest][39m,
run-frontend-ci	Run Vitest (frontend)	2025-10-17T22:47:05.2589314Z       _currentUrl: [32m'http://[::1]/companies'[39m,
run-frontend-ci	Run Vitest (frontend)	2025-10-17T22:47:05.2589946Z       _timeout: [1mnull[22m,
run-frontend-ci	Run Vitest (frontend)	2025-10-17T22:47:05.2590767Z       [[32mSymbol(shapeMode)[39m]: [33mtrue[39m,
run-frontend-ci	Run Vitest (frontend)	2025-10-17T22:47:05.2591488Z       [[32mSymbol(kCapture)[39m]: [33mfalse[39m
run-frontend-ci	Run Vitest (frontend)	2025-10-17T22:47:05.2591956Z     }
run-frontend-ci	Run Vitest (frontend)	2025-10-17T22:47:05.2592252Z   }
run-frontend-ci	Run Vitest (frontend)	2025-10-17T22:47:05.2592520Z }
run-frontend-ci	Run Vitest (frontend)	2025-10-17T22:47:05.2592687Z 
run-frontend-ci	Run Vitest (frontend)	2025-10-17T22:47:05.2778216Z [90mstderr[2m | src/components/__tests__/CompaniesScreen.test.jsx[2m > [22m[2mCompaniesScreen tests[2m > [22m[2mrenders empty state
run-frontend-ci	Run Vitest (frontend)	2025-10-17T22:47:05.2779340Z [22m[39mAPI Error: {
run-frontend-ci	Run Vitest (frontend)	2025-10-17T22:47:05.2779828Z   url: [32m'/companies'[39m,
run-frontend-ci	Run Vitest (frontend)	2025-10-17T22:47:05.2780299Z   method: [32m'get'[39m,
run-frontend-ci	Run Vitest (frontend)	2025-10-17T22:47:05.2781038Z   status: [90mundefined[39m,
run-frontend-ci	Run Vitest (frontend)	2025-10-17T22:47:05.2781514Z   data: [90mundefined[39m,
run-frontend-ci	Run Vitest (frontend)	2025-10-17T22:47:05.2782063Z   error: AxiosError: connect ECONNREFUSED ::1:80
run-frontend-ci	Run Vitest (frontend)	2025-10-17T22:47:05.2782988Z   [90m    at TCPConnectWrap.afterConnect [as oncomplete] (node:net:1611:16)[39m {
run-frontend-ci	Run Vitest (frontend)	2025-10-17T22:47:05.2783727Z     port: [33m80[39m,
run-frontend-ci	Run Vitest (frontend)	2025-10-17T22:47:05.2784277Z     address: [32m'::1'[39m,
run-frontend-ci	Run Vitest (frontend)	2025-10-17T22:47:05.2785175Z     syscall: [32m'connect'[39m,
run-frontend-ci	Run Vitest (frontend)	2025-10-17T22:47:05.2785743Z     code: [32m'ECONNREFUSED'[39m,
run-frontend-ci	Run Vitest (frontend)	2025-10-17T22:47:05.2786254Z     errno: [33m-111[39m,
run-frontend-ci	Run Vitest (frontend)	2025-10-17T22:47:05.2786924Z     config: {
run-frontend-ci	Run Vitest (frontend)	2025-10-17T22:47:05.2787428Z       transitional: [36m[Object][39m,
run-frontend-ci	Run Vitest (frontend)	2025-10-17T22:47:05.2788092Z       adapter: [36m[Function: httpAdapter][39m,
run-frontend-ci	Run Vitest (frontend)	2025-10-17T22:47:05.2788738Z       transformRequest: [36m[Array][39m,
run-frontend-ci	Run Vitest (frontend)	2025-10-17T22:47:05.2789357Z       transformResponse: [36m[Array][39m,
run-frontend-ci	Run Vitest (frontend)	2025-10-17T22:47:05.2789935Z       timeout: [33m10000[39m,
run-frontend-ci	Run Vitest (frontend)	2025-10-17T22:47:05.2790725Z       xsrfCookieName: [32m'XSRF-TOKEN'[39m,
run-frontend-ci	Run Vitest (frontend)	2025-10-17T22:47:05.2791397Z       xsrfHeaderName: [32m'X-XSRF-TOKEN'[39m,
run-frontend-ci	Run Vitest (frontend)	2025-10-17T22:47:05.2792002Z       maxContentLength: [33m-1[39m,
run-frontend-ci	Run Vitest (frontend)	2025-10-17T22:47:05.2792600Z       maxBodyLength: [33m-1[39m,
run-frontend-ci	Run Vitest (frontend)	2025-10-17T22:47:05.2793145Z       env: [36m[Object][39m,
run-frontend-ci	Run Vitest (frontend)	2025-10-17T22:47:05.2793809Z       validateStatus: [36m[Function: validateStatus][39m,
run-frontend-ci	Run Vitest (frontend)	2025-10-17T22:47:05.2794495Z       headers: [36m[Object][39m,
run-frontend-ci	Run Vitest (frontend)	2025-10-17T22:47:05.2794991Z       baseURL: [32m''[39m,
run-frontend-ci	Run Vitest (frontend)	2025-10-17T22:47:05.2795500Z       method: [32m'get'[39m,
run-frontend-ci	Run Vitest (frontend)	2025-10-17T22:47:05.2796019Z       url: [32m'/companies'[39m,
run-frontend-ci	Run Vitest (frontend)	2025-10-17T22:47:05.2796601Z       requestId: [32m'get:/companies'[39m,
run-frontend-ci	Run Vitest (frontend)	2025-10-17T22:47:05.2797178Z       data: [90mundefined[39m
run-frontend-ci	Run Vitest (frontend)	2025-10-17T22:47:05.2797556Z     },
run-frontend-ci	Run Vitest (frontend)	2025-10-17T22:47:05.2797855Z     request: Writable {
run-frontend-ci	Run Vitest (frontend)	2025-10-17T22:47:05.2798365Z       _events: [36m[Object][39m,
run-frontend-ci	Run Vitest (frontend)	2025-10-17T22:47:05.2798966Z       _writableState: [36m[WritableState][39m,
run-frontend-ci	Run Vitest (frontend)	2025-10-17T22:47:05.2799589Z       _maxListeners: [90mundefined[39m,
run-frontend-ci	Run Vitest (frontend)	2025-10-17T22:47:05.2800167Z       _options: [36m[Object][39m,
run-frontend-ci	Run Vitest (frontend)	2025-10-17T22:47:05.2808257Z       _ended: [33mtrue[39m,
run-frontend-ci	Run Vitest (frontend)	2025-10-17T22:47:05.2808843Z       _ending: [33mtrue[39m,
run-frontend-ci	Run Vitest (frontend)	2025-10-17T22:47:05.2809349Z       _redirectCount: [33m0[39m,
run-frontend-ci	Run Vitest (frontend)	2025-10-17T22:47:05.2809740Z       _redirects: [],
run-frontend-ci	Run Vitest (frontend)	2025-10-17T22:47:05.2810215Z       _requestBodyLength: [33m0[39m,
run-frontend-ci	Run Vitest (frontend)	2025-10-17T22:47:05.2810913Z       _requestBodyBuffers: [],
run-frontend-ci	Run Vitest (frontend)	2025-10-17T22:47:05.2811429Z       _eventsCount: [33m3[39m,
run-frontend-ci	Run Vitest (frontend)	2025-10-17T22:47:05.2812068Z       _onNativeResponse: [36m[Function (anonymous)][39m,
run-frontend-ci	Run Vitest (frontend)	2025-10-17T22:47:05.2812751Z       _currentRequest: [36m[ClientRequest][39m,
run-frontend-ci	Run Vitest (frontend)	2025-10-17T22:47:05.2813525Z       _currentUrl: [32m'http://[::1]/companies'[39m,
run-frontend-ci	Run Vitest (frontend)	2025-10-17T22:47:05.2814144Z       _timeout: [1mnull[22m,
run-frontend-ci	Run Vitest (frontend)	2025-10-17T22:47:05.2814926Z       [[32mSymbol(shapeMode)[39m]: [33mtrue[39m,
run-frontend-ci	Run Vitest (frontend)	2025-10-17T22:47:05.2815590Z       [[32mSymbol(kCapture)[39m]: [33mfalse[39m
run-frontend-ci	Run Vitest (frontend)	2025-10-17T22:47:05.2816032Z     }
run-frontend-ci	Run Vitest (frontend)	2025-10-17T22:47:05.2816294Z   }
run-frontend-ci	Run Vitest (frontend)	2025-10-17T22:47:05.2816560Z }
run-frontend-ci	Run Vitest (frontend)	2025-10-17T22:47:05.2816705Z 
run-frontend-ci	Run Vitest (frontend)	2025-10-17T22:47:05.2973997Z [90mstderr[2m | src/components/__tests__/CompaniesScreen.test.jsx[2m > [22m[2mCompaniesScreen tests[2m > [22m[2mrenders error state
run-frontend-ci	Run Vitest (frontend)	2025-10-17T22:47:05.2975084Z [22m[39mAPI Error: {
run-frontend-ci	Run Vitest (frontend)	2025-10-17T22:47:05.2975576Z   url: [32m'/companies'[39m,
run-frontend-ci	Run Vitest (frontend)	2025-10-17T22:47:05.2975991Z   method: [32m'get'[39m,
run-frontend-ci	Run Vitest (frontend)	2025-10-17T22:47:05.2976467Z   status: [90mundefined[39m,
run-frontend-ci	Run Vitest (frontend)	2025-10-17T22:47:05.2976921Z   data: [90mundefined[39m,
run-frontend-ci	Run Vitest (frontend)	2025-10-17T22:47:05.2977457Z   error: AxiosError: connect ECONNREFUSED ::1:80
run-frontend-ci	Run Vitest (frontend)	2025-10-17T22:47:05.2978376Z   [90m    at TCPConnectWrap.afterConnect [as oncomplete] (node:net:1611:16)[39m {
run-frontend-ci	Run Vitest (frontend)	2025-10-17T22:47:05.2979106Z     port: [33m80[39m,
run-frontend-ci	Run Vitest (frontend)	2025-10-17T22:47:05.2979618Z     address: [32m'::1'[39m,
run-frontend-ci	Run Vitest (frontend)	2025-10-17T22:47:05.2980123Z     syscall: [32m'connect'[39m,
run-frontend-ci	Run Vitest (frontend)	2025-10-17T22:47:05.2981053Z     code: [32m'ECONNREFUSED'[39m,
run-frontend-ci	Run Vitest (frontend)	2025-10-17T22:47:05.2981545Z     errno: [33m-111[39m,
run-frontend-ci	Run Vitest (frontend)	2025-10-17T22:47:05.2981914Z     config: {
run-frontend-ci	Run Vitest (frontend)	2025-10-17T22:47:05.2982379Z       transitional: [36m[Object][39m,
run-frontend-ci	Run Vitest (frontend)	2025-10-17T22:47:05.2983017Z       adapter: [36m[Function: httpAdapter][39m,
run-frontend-ci	Run Vitest (frontend)	2025-10-17T22:47:05.2983628Z       transformRequest: [36m[Array][39m,
run-frontend-ci	Run Vitest (frontend)	2025-10-17T22:47:05.2984216Z       transformResponse: [36m[Array][39m,
run-frontend-ci	Run Vitest (frontend)	2025-10-17T22:47:05.2984785Z       timeout: [33m10000[39m,
run-frontend-ci	Run Vitest (frontend)	2025-10-17T22:47:05.2985698Z       xsrfCookieName: [32m'XSRF-TOKEN'[39m,
run-frontend-ci	Run Vitest (frontend)	2025-10-17T22:47:05.2986327Z       xsrfHeaderName: [32m'X-XSRF-TOKEN'[39m,
run-frontend-ci	Run Vitest (frontend)	2025-10-17T22:47:05.2987182Z       maxContentLength: [33m-1[39m,
run-frontend-ci	Run Vitest (frontend)	2025-10-17T22:47:05.2987732Z       maxBodyLength: [33m-1[39m,
run-frontend-ci	Run Vitest (frontend)	2025-10-17T22:47:05.2988241Z       env: [36m[Object][39m,
run-frontend-ci	Run Vitest (frontend)	2025-10-17T22:47:05.2988870Z       validateStatus: [36m[Function: validateStatus][39m,
run-frontend-ci	Run Vitest (frontend)	2025-10-17T22:47:05.2989490Z       headers: [36m[Object][39m,
run-frontend-ci	Run Vitest (frontend)	2025-10-17T22:47:05.2989940Z       baseURL: [32m''[39m,
run-frontend-ci	Run Vitest (frontend)	2025-10-17T22:47:05.2990393Z       method: [32m'get'[39m,
run-frontend-ci	Run Vitest (frontend)	2025-10-17T22:47:05.2991080Z       url: [32m'/companies'[39m,
run-frontend-ci	Run Vitest (frontend)	2025-10-17T22:47:05.2991636Z       requestId: [32m'get:/companies'[39m,
run-frontend-ci	Run Vitest (frontend)	2025-10-17T22:47:05.2992161Z       data: [90mundefined[39m
run-frontend-ci	Run Vitest (frontend)	2025-10-17T22:47:05.2992517Z     },
run-frontend-ci	Run Vitest (frontend)	2025-10-17T22:47:05.2992813Z     request: Writable {
run-frontend-ci	Run Vitest (frontend)	2025-10-17T22:47:05.2993268Z       _events: [36m[Object][39m,
run-frontend-ci	Run Vitest (frontend)	2025-10-17T22:47:05.2993835Z       _writableState: [36m[WritableState][39m,
run-frontend-ci	Run Vitest (frontend)	2025-10-17T22:47:05.2994439Z       _maxListeners: [90mundefined[39m,
run-frontend-ci	Run Vitest (frontend)	2025-10-17T22:47:05.2994968Z       _options: [36m[Object][39m,
run-frontend-ci	Run Vitest (frontend)	2025-10-17T22:47:05.2995479Z       _ended: [33mtrue[39m,
run-frontend-ci	Run Vitest (frontend)	2025-10-17T22:47:05.2995948Z       _ending: [33mtrue[39m,
run-frontend-ci	Run Vitest (frontend)	2025-10-17T22:47:05.2996478Z       _redirectCount: [33m0[39m,
run-frontend-ci	Run Vitest (frontend)	2025-10-17T22:47:05.2996868Z       _redirects: [],
run-frontend-ci	Run Vitest (frontend)	2025-10-17T22:47:05.2997321Z       _requestBodyLength: [33m0[39m,
run-frontend-ci	Run Vitest (frontend)	2025-10-17T22:47:05.2997771Z       _requestBodyBuffers: [],
run-frontend-ci	Run Vitest (frontend)	2025-10-17T22:47:05.2998257Z       _eventsCount: [33m3[39m,
run-frontend-ci	Run Vitest (frontend)	2025-10-17T22:47:05.2998869Z       _onNativeResponse: [36m[Function (anonymous)][39m,
run-frontend-ci	Run Vitest (frontend)	2025-10-17T22:47:05.2999542Z       _currentRequest: [36m[ClientRequest][39m,
run-frontend-ci	Run Vitest (frontend)	2025-10-17T22:47:05.3000255Z       _currentUrl: [32m'http://[::1]/companies'[39m,
run-frontend-ci	Run Vitest (frontend)	2025-10-17T22:47:05.3019446Z       _timeout: [1mnull[22m,
run-frontend-ci	Run Vitest (frontend)	2025-10-17T22:47:05.3020111Z       [[32mSymbol(shapeMode)[39m]: [33mtrue[39m,
run-frontend-ci	Run Vitest (frontend)	2025-10-17T22:47:05.3020985Z       [[32mSymbol(kCapture)[39m]: [33mfalse[39m
run-frontend-ci	Run Vitest (frontend)	2025-10-17T22:47:05.3021452Z     }
run-frontend-ci	Run Vitest (frontend)	2025-10-17T22:47:05.3021728Z   }
run-frontend-ci	Run Vitest (frontend)	2025-10-17T22:47:05.3022000Z }
run-frontend-ci	Run Vitest (frontend)	2025-10-17T22:47:05.3022162Z 
run-frontend-ci	Run Vitest (frontend)	2025-10-17T22:47:07.2992458Z [33m[39m[32m‚î¨‚ïñ[39m[33m[39m[32m‚î¨‚ïñ[39m[33m[39m[32m‚î¨‚ïñ[39m[33m[39m[32m‚î¨‚ïñ[39m[33m[39m[32m‚î¨‚ïñ[39m[33m[39m[32m‚î¨‚ïñ[39m[33m[39m[32m‚î¨‚ïñ[39m[33m[39m[32m‚î¨‚ïñ[39m[33m[39m[32m‚î¨‚ïñ[39m[33m[39m[32m‚î¨‚ïñ[39m[33m[39m[32m‚î¨‚ïñ[39m[33m[39m[32m‚î¨‚ïñ[39m[33m[39m[32m‚î¨‚ïñ[39m[33m[39m[32m‚î¨‚ïñ[39m[33m[39m[32m‚î¨‚ïñ[39m[33m[39m[32m‚î¨‚ïñ[39m[33m[39m[32m‚î¨‚ïñ[39m[33m[39m[32m‚î¨‚ïñ[39m[33m[39m[32m‚î¨‚ïñ[39m[33m[39m[32m‚î¨‚ïñ[39m[33m[39m[32m‚î¨‚ïñ[39m[33m[39m[32m‚î¨‚ïñ[39m[33m[39m[32m‚î¨‚ïñ[39m[33m[39m[32m‚î¨‚ïñ[39m[33m[39m[32m‚î¨‚ïñ[39m[33m[39m[32m‚î¨‚ïñ[39m[33m[39m[32m‚î¨‚ïñ[39m[33m[39m[32m‚î¨‚ïñ[39m[33m[39m[32m‚î¨‚ïñ[39m[33m[39m[32m‚î¨‚ïñ[39m[33m[39m[32m‚î¨‚ïñ[39m[33m[39m[32m‚î¨‚ïñ[39m[33m[39m[32m‚î¨‚ïñ[39m[33m[39m[32m‚î¨‚ïñ[39m[33m[39m[32m‚î¨‚ïñ[39m[33m[39m[32m‚î¨‚ïñ[39m[33m[39m[32m‚î¨‚ïñ[39m[33m[39m[32m‚î¨‚ïñ[39m[33m[39m[32m‚î¨‚ïñ[39m[33m[39m[32m‚î¨‚ïñ[39m[33m[39m[32m‚î¨‚ïñ[39m[33m[39m[32m‚î¨‚ïñ[39m[33m[39m[32m‚î¨‚ïñ[39m[33m[39m[32m‚î¨‚ïñ[39m[33m[39m[32m‚î¨‚ïñ[39m[33m[39m[32m‚î¨‚ïñ[39m[33m[39m[32m‚î¨‚ïñ[39m[33m[39m[32m‚î¨‚ïñ[39m[33m[39m[32m‚î¨‚ïñ[39m[33m[39m[32m‚î¨‚ïñ[39m[33m[39m[32m‚î¨‚ïñ[39m[33m[39m[32m‚î¨‚ïñ[39m[33m[39m[32m‚î¨‚ïñ[39m[33m[39m[32m‚î¨‚ïñ[39m[33m[39m[32m‚î¨‚ïñ[39m[33m[39m[32m‚î¨‚ïñ[39m[33m[39m[32m‚î¨‚ïñ[39m[33m[39m[32m‚î¨‚ïñ[39m[33m[39m[32m‚î¨‚ïñ[39m[33m[39m[32m‚î¨‚ïñ[39m[33m[39m[32m‚î¨‚ïñ[39m[33m[39m[32m‚î¨‚ïñ[39m[33m[39m[32m‚î¨‚ïñ[39m[33m[39m[32m‚î¨‚ïñ[39m[33m[39m[32m‚î¨‚ïñ[39m[33m[39m[32m‚î¨‚ïñ[39m[33m[39m[32m‚î¨‚ïñ[39m[33m[39m[32m‚î¨‚ïñ[39m[33m[39m[32m‚î¨‚ïñ[39m[33m[39m[32m‚î¨‚ïñ[39m[33m[39m[32m‚î¨‚ïñ[39m[33m[39m[32m‚î¨‚ïñ[39m[33m[39m[32m‚î¨‚ïñ[39m[33m[39m[32m‚î¨‚ïñ[39m[33m[39m[32m‚î¨‚ïñ[39m[33m[39m[32m‚î¨‚ïñ[39m[33m[39m[32m‚î¨‚ïñ[39m[33m[39m[32m‚î¨‚ïñ[39m[33m[39m[32m‚î¨‚ïñ[39m[33m[39m[32m‚î¨‚ïñ[39m[33m[39m[32m‚î¨‚ïñ[39m[33m[39m[32m‚î¨‚ïñ[39m[33m[39m[32m‚î¨‚ïñ[39m[33m[39m[32m‚î¨‚ïñ[39m[33m[39m[32m‚î¨‚ïñ[39m[33m[39m[32m‚î¨‚ïñ[39m[33m[39m[32m‚î¨‚ïñ[39m[33m[39m[32m‚î¨‚ïñ[39m[33m[39m[32m‚î¨‚ïñ[39m[33m[39m[31mx[39m[33m[39m[32m‚î¨‚ïñ[39m[33m[39m[32m‚î¨‚ïñ[39m[33m[39m[32m‚î¨‚ïñ[39m[33m[39m[32m‚î¨‚ïñ[39m[33m[39m[32m‚î¨‚ïñ[39m[33m[39m[32m‚î¨‚ïñ[39m[33m[39m[32m‚î¨‚ïñ[39m[33m[39m[32m‚î¨‚ïñ[39m[33m[39m[32m‚î¨‚ïñ[39m[33m[39m[32m‚î¨‚ïñ[39m[33m[39m[32m‚î¨‚ïñ[39m[33m[39m[32m‚î¨‚ïñ[39m[33m[39m[32m‚î¨‚ïñ[39m[33m[39m[32m‚î¨‚ïñ[39m[33m[39m[32m‚î¨‚ïñ[39m[33m[39m[32m‚î¨‚ïñ[39m[33m[39m[32m‚î¨‚ïñ[39m[33m[39m[32m‚î¨‚ïñ[39m[33m[39m[32m‚î¨‚ïñ[39m[33m[39m[32m‚î¨‚ïñ[39m[33m[39m[32m‚î¨‚ïñ[39m[33m[39m[32m‚î¨‚ïñ[39m[33m[39m[32m‚î¨‚ïñ[39m[33m[39m[31mx[39m[33m[39m[32m‚î¨‚ïñ[39m[33m[39m[32m‚î¨‚ïñ[39m[33m[39m[32m‚î¨‚ïñ[39m[33m[39m[32m‚î¨‚ïñ[39m[33m[39m[32m‚î¨‚ïñ[39m[33m[39m[32m‚î¨‚ïñ[39m[33m[39m[32m‚î¨‚ïñ[39m[33m[39m[32m‚î¨‚ïñ[39m[33m[39m[32m‚î¨‚ïñ[39m[33m[39m[32m‚î¨‚ïñ[39m[33m[39m[32m‚î¨‚ïñ[39m[33m[39m[32m‚î¨‚ïñ[39m[33m[39m[32m‚î¨‚ïñ[39m[33m[39m[32m‚î¨‚ïñ[39m[33m[39m[32m‚î¨‚ïñ[39m[33m[39m[31mx[39m[33m[39m[32m‚î¨‚ïñ[39m[33m[39m[32m‚î¨‚ïñ[39m[33m[39m[32m‚î¨‚ïñ[39m[33m[39m[32m‚î¨‚ïñ[39m[33m[39m[32m‚î¨‚ïñ[39m[33m[39m[32m‚î¨‚ïñ[39m[33m[39m[32m‚î¨‚ïñ[39m[33m[39m[32m‚î¨‚ïñ[39m[33m[39m[32m‚î¨‚ïñ[39m[33m[39m[32m‚î¨‚ïñ[39m[33m[39m[32m‚î¨‚ïñ[39m[33m[39m[32m‚î¨‚ïñ[39m[33m[39m[32m‚î¨‚ïñ[39m[33m[39m[32m‚î¨‚ïñ[39m[33m[39m[32m‚î¨‚ïñ[39m[33m[39m[32m‚î¨‚ïñ[39m[33m[39m[32m‚î¨‚ïñ[39m[33m[39m[32m‚î¨‚ïñ[39m[33m[39m[32m‚î¨‚ïñ[39m[33m[39m[32m‚î¨‚ïñ[39m[33m[39m[32m‚î¨‚ïñ[39m[33m[39m[32m‚î¨‚ïñ[39m[33m[39m[32m‚î¨‚ïñ[39m[33m[39m[32m‚î¨‚ïñ[39m[33m[39m[32m‚î¨‚ïñ[39m[33m[39m[32m‚î¨‚ïñ[39m
run-frontend-ci	Run Vitest (frontend)	2025-10-17T22:47:07.3004397Z 
run-frontend-ci	Run Vitest (frontend)	2025-10-17T22:47:07.3005012Z [31mŒì√Ñ¬ªŒì√Ñ¬ªŒì√Ñ¬ªŒì√Ñ¬ªŒì√Ñ¬ªŒì√Ñ¬ª[39m[1m[41m Failed Tests 15 [49m[22m[31mŒì√Ñ¬ªŒì√Ñ¬ªŒì√Ñ¬ªŒì√Ñ¬ªŒì√Ñ¬ªŒì√Ñ¬ªŒì√Ñ¬ª[39m
run-frontend-ci	Run Vitest (frontend)	2025-10-17T22:47:07.3005411Z 
run-frontend-ci	Run Vitest (frontend)	2025-10-17T22:47:07.3006425Z [41m[1m FAIL [22m[49m src/__tests__/useErrorHandler.test.js[2m > [22museErrorHandler[2m > [22mclearError should reset error state
run-frontend-ci	Run Vitest (frontend)	2025-10-17T22:47:07.3009345Z [31m[1mAssertionError[22m: expected Error: Test error to be null[39m
run-frontend-ci	Run Vitest (frontend)	2025-10-17T22:47:07.3009835Z 
run-frontend-ci	Run Vitest (frontend)	2025-10-17T22:47:07.3010077Z [32m- Expected:[39m 
run-frontend-ci	Run Vitest (frontend)	2025-10-17T22:47:07.3010422Z null
run-frontend-ci	Run Vitest (frontend)	2025-10-17T22:47:07.3010774Z 
run-frontend-ci	Run Vitest (frontend)	2025-10-17T22:47:07.3011023Z [31m+ Received:[39m 
run-frontend-ci	Run Vitest (frontend)	2025-10-17T22:47:07.3011376Z Error {
run-frontend-ci	Run Vitest (frontend)	2025-10-17T22:47:07.3011659Z   "message": "Test error",
run-frontend-ci	Run Vitest (frontend)	2025-10-17T22:47:07.3011987Z }
run-frontend-ci	Run Vitest (frontend)	2025-10-17T22:47:07.3012127Z 
run-frontend-ci	Run Vitest (frontend)	2025-10-17T22:47:07.3012713Z [36m [2mŒì¬•¬ª[22m src/__tests__/useErrorHandler.test.js:[2m120:34[22m[39m
run-frontend-ci	Run Vitest (frontend)	2025-10-17T22:47:07.3058644Z     [90m118| [39m    result[33m.[39mcurrent[33m.[39m[34mclearError[39m()[33m;[39m
run-frontend-ci	Run Vitest (frontend)	2025-10-17T22:47:07.3059571Z     [90m119| [39m    
run-frontend-ci	Run Vitest (frontend)	2025-10-17T22:47:07.3060790Z     [90m120| [39m    [34mexpect[39m(result[33m.[39mcurrent[33m.[39merror)[33m.[39m[34mtoBeNull[39m()[33m;[39m
run-frontend-ci	Run Vitest (frontend)	2025-10-17T22:47:07.3062171Z     [90m   | [39m                                 [31m^[39m
run-frontend-ci	Run Vitest (frontend)	2025-10-17T22:47:07.3064064Z     [90m121| [39m  })[33m;[39m
run-frontend-ci	Run Vitest (frontend)	2025-10-17T22:47:07.3064582Z     [90m122| [39m})[33m;[39m
run-frontend-ci	Run Vitest (frontend)	2025-10-17T22:47:07.3064836Z 
run-frontend-ci	Run Vitest (frontend)	2025-10-17T22:47:07.3065242Z [31m[2mŒì√Ñ¬ªŒì√Ñ¬ªŒì√Ñ¬ªŒì√Ñ¬ªŒì√Ñ¬ªŒì√Ñ¬ªŒì√Ñ¬ªŒì√Ñ¬ªŒì√Ñ¬ªŒì√Ñ¬ªŒì√Ñ¬ªŒì√Ñ¬ªŒì√Ñ¬ªŒì√Ñ¬ªŒì√Ñ¬ªŒì√Ñ¬ªŒì√Ñ¬ªŒì√Ñ¬ªŒì√Ñ¬ªŒì√Ñ¬ªŒì√Ñ¬ªŒì√Ñ¬ªŒì√Ñ¬ª[1/15]Œì√Ñ¬ª[22m[39m
run-frontend-ci	Run Vitest (frontend)	2025-10-17T22:47:07.3065558Z 
run-frontend-ci	Run Vitest (frontend)	2025-10-17T22:47:07.3066651Z [41m[1m FAIL [22m[49m src/__tests__/useLoadingIndicator.test.jsx[2m > [22museLoadingIndicator Hook[2m > [22mshould start and stop loading
run-frontend-ci	Run Vitest (frontend)	2025-10-17T22:47:07.3070048Z [31m[1mAssertionError[22m: expected false to be true // Object.is equality[39m
run-frontend-ci	Run Vitest (frontend)	2025-10-17T22:47:07.3070771Z 
run-frontend-ci	Run Vitest (frontend)	2025-10-17T22:47:07.3071000Z [32m- Expected[39m
run-frontend-ci	Run Vitest (frontend)	2025-10-17T22:47:07.3071408Z [31m+ Received[39m
run-frontend-ci	Run Vitest (frontend)	2025-10-17T22:47:07.3071618Z 
run-frontend-ci	Run Vitest (frontend)	2025-10-17T22:47:07.3071781Z [32m- true[39m
run-frontend-ci	Run Vitest (frontend)	2025-10-17T22:47:07.3072141Z [31m+ false[39m
run-frontend-ci	Run Vitest (frontend)	2025-10-17T22:47:07.3072323Z 
run-frontend-ci	Run Vitest (frontend)	2025-10-17T22:47:07.3072903Z [36m [2mŒì¬•¬ª[22m src/__tests__/useLoadingIndicator.test.jsx:[2m30:38[22m[39m
run-frontend-ci	Run Vitest (frontend)	2025-10-17T22:47:07.3095685Z     [90m 28| [39m
run-frontend-ci	Run Vitest (frontend)	2025-10-17T22:47:07.3097831Z     [90m 29| [39m    [90m// Should be loading[39m
run-frontend-ci	Run Vitest (frontend)	2025-10-17T22:47:07.3099529Z     [90m 30| [39m    [34mexpect[39m(result[33m.[39mcurrent[33m.[39misLoading)[33m.[39m[34mtoBe[39m([35mtrue[39m)[33m;[39m
run-frontend-ci	Run Vitest (frontend)	2025-10-17T22:47:07.3102969Z     [90m   | [39m                                     [31m^[39m
run-frontend-ci	Run Vitest (frontend)	2025-10-17T22:47:07.3104385Z     [90m 31| [39m
run-frontend-ci	Run Vitest (frontend)	2025-10-17T22:47:07.3105416Z     [90m 32| [39m    [90m// Stop loading (synchronous)[39m
run-frontend-ci	Run Vitest (frontend)	2025-10-17T22:47:07.3105792Z 
run-frontend-ci	Run Vitest (frontend)	2025-10-17T22:47:07.3106450Z [31m[2mŒì√Ñ¬ªŒì√Ñ¬ªŒì√Ñ¬ªŒì√Ñ¬ªŒì√Ñ¬ªŒì√Ñ¬ªŒì√Ñ¬ªŒì√Ñ¬ªŒì√Ñ¬ªŒì√Ñ¬ªŒì√Ñ¬ªŒì√Ñ¬ªŒì√Ñ¬ªŒì√Ñ¬ªŒì√Ñ¬ªŒì√Ñ¬ªŒì√Ñ¬ªŒì√Ñ¬ªŒì√Ñ¬ªŒì√Ñ¬ªŒì√Ñ¬ªŒì√Ñ¬ªŒì√Ñ¬ª[2/15]Œì√Ñ¬ª[22m[39m
run-frontend-ci	Run Vitest (frontend)	2025-10-17T22:47:07.3106807Z 
run-frontend-ci	Run Vitest (frontend)	2025-10-17T22:47:07.3108020Z [41m[1m FAIL [22m[49m src/__tests__/useLoadingIndicator.test.jsx[2m > [22museLoadingIndicator Hook[2m > [22mshould wrap a promise with loading state
run-frontend-ci	Run Vitest (frontend)	2025-10-17T22:47:07.3109506Z [31m[1mAssertionError[22m: expected false to be true // Object.is equality
run-frontend-ci	Run Vitest (frontend)	2025-10-17T22:47:07.3109987Z 
run-frontend-ci	Run Vitest (frontend)	2025-10-17T22:47:07.3110247Z Ignored nodes: comments, script, style
run-frontend-ci	Run Vitest (frontend)	2025-10-17T22:47:07.3110941Z [36m<html>[31m
run-frontend-ci	Run Vitest (frontend)	2025-10-17T22:47:07.3111305Z   [36m<head />[31m
run-frontend-ci	Run Vitest (frontend)	2025-10-17T22:47:07.3111665Z   [36m<body>[31m
run-frontend-ci	Run Vitest (frontend)	2025-10-17T22:47:07.3112013Z     [36m<div />[31m
run-frontend-ci	Run Vitest (frontend)	2025-10-17T22:47:07.3112378Z   [36m</body>[31m
run-frontend-ci	Run Vitest (frontend)	2025-10-17T22:47:07.3112755Z [36m</html>[31m[39m
run-frontend-ci	Run Vitest (frontend)	2025-10-17T22:47:07.3112968Z 
run-frontend-ci	Run Vitest (frontend)	2025-10-17T22:47:07.3113173Z [32m- Expected[39m
run-frontend-ci	Run Vitest (frontend)	2025-10-17T22:47:07.3113576Z [31m+ Received[39m
run-frontend-ci	Run Vitest (frontend)	2025-10-17T22:47:07.3113787Z 
run-frontend-ci	Run Vitest (frontend)	2025-10-17T22:47:07.3113965Z [32m- true[39m
run-frontend-ci	Run Vitest (frontend)	2025-10-17T22:47:07.3114373Z [31m+ false[39m
run-frontend-ci	Run Vitest (frontend)	2025-10-17T22:47:07.3114594Z 
run-frontend-ci	Run Vitest (frontend)	2025-10-17T22:47:07.3115296Z [36m [2mŒì¬•¬ª[22m timeout src/__tests__/useLoadingIndicator.test.jsx:[2m55:56[22m[39m
run-frontend-ci	Run Vitest (frontend)	2025-10-17T22:47:07.3116638Z     [90m 53| [39m      [35mconst[39m p [33m=[39m result[33m.[39mcurrent[33m.[39m[34mwrapPromise[39m(testPromise)[33m;[39m
run-frontend-ci	Run Vitest (frontend)	2025-10-17T22:47:07.3117828Z     [90m 54| [39m      // Should be loading while promise is pending - use waitFor to aŒì√á¬™
run-frontend-ci	Run Vitest (frontend)	2025-10-17T22:47:07.3118828Z     [90m 55| [39m  await waitFor(() => expect(result.current.isLoading).toBe(true), { tŒì√á¬™
run-frontend-ci	Run Vitest (frontend)	2025-10-17T22:47:07.3119769Z     [90m   | [39m                                                       [31m^[39m
run-frontend-ci	Run Vitest (frontend)	2025-10-17T22:47:07.3120806Z     [90m 56| [39m      resolved [33m=[39m [35mawait[39m p[33m;[39m
run-frontend-ci	Run Vitest (frontend)	2025-10-17T22:47:07.3121514Z     [90m 57| [39m    })[33m;[39m
run-frontend-ci	Run Vitest (frontend)	2025-10-17T22:47:07.3123241Z [90m [2mŒì¬•¬ª[22m runWithExpensiveErrorDiagnosticsDisabled ../node_modules/@testing-library/react/node_modules/@testing-library/dom/dist/config.js:[2m47:12[22m[39m
run-frontend-ci	Run Vitest (frontend)	2025-10-17T22:47:07.3125428Z [90m [2mŒì¬•¬ª[22m checkCallback ../node_modules/@testing-library/react/node_modules/@testing-library/dom/dist/wait-for.js:[2m124:77[22m[39m
run-frontend-ci	Run Vitest (frontend)	2025-10-17T22:47:07.3127595Z [90m [2mŒì¬•¬ª[22m Timeout.checkRealTimersCallback ../node_modules/@testing-library/react/node_modules/@testing-library/dom/dist/wait-for.js:[2m118:16[22m[39m
run-frontend-ci	Run Vitest (frontend)	2025-10-17T22:47:07.3128562Z 
run-frontend-ci	Run Vitest (frontend)	2025-10-17T22:47:07.3129041Z [31m[2mŒì√Ñ¬ªŒì√Ñ¬ªŒì√Ñ¬ªŒì√Ñ¬ªŒì√Ñ¬ªŒì√Ñ¬ªŒì√Ñ¬ªŒì√Ñ¬ªŒì√Ñ¬ªŒì√Ñ¬ªŒì√Ñ¬ªŒì√Ñ¬ªŒì√Ñ¬ªŒì√Ñ¬ªŒì√Ñ¬ªŒì√Ñ¬ªŒì√Ñ¬ªŒì√Ñ¬ªŒì√Ñ¬ªŒì√Ñ¬ªŒì√Ñ¬ªŒì√Ñ¬ªŒì√Ñ¬ª[3/15]Œì√Ñ¬ª[22m[39m
run-frontend-ci	Run Vitest (frontend)	2025-10-17T22:47:07.3129367Z 
run-frontend-ci	Run Vitest (frontend)	2025-10-17T22:47:07.3130323Z [41m[1m FAIL [22m[49m src/components/__tests__/Companies.test.jsx[2m > [22mCompanies[2m > [22mrenders companies list
run-frontend-ci	Run Vitest (frontend)	2025-10-17T22:47:07.3137090Z [41m[1m FAIL [22m[49m src/components/__tests__/GenericScreen.test.jsx[2m > [22mGenericScreen Component[2m > [22mshows loading initially
run-frontend-ci	Run Vitest (frontend)	2025-10-17T22:47:07.3139215Z [41m[1m FAIL [22m[49m src/components/__tests__/GenericScreen.test.jsx[2m > [22mGenericScreen Component[2m > [22mrenders data when API succeeds
run-frontend-ci	Run Vitest (frontend)	2025-10-17T22:47:07.3141444Z [41m[1m FAIL [22m[49m src/components/__tests__/GenericScreen.test.jsx[2m > [22mGenericScreen Component[2m > [22mshows error when API fails
run-frontend-ci	Run Vitest (frontend)	2025-10-17T22:47:07.3143407Z [41m[1m FAIL [22m[49m src/components/__tests__/GenericScreen.test.jsx[2m > [22mGenericScreen Component[2m > [22mallows retry after error
run-frontend-ci	Run Vitest (frontend)	2025-10-17T22:47:07.3145396Z [41m[1m FAIL [22m[49m src/components/__tests__/GenericScreen.test.jsx[2m > [22mGenericScreen Component[2m > [22mshows empty state for empty array
run-frontend-ci	Run Vitest (frontend)	2025-10-17T22:47:07.3147568Z [41m[1m FAIL [22m[49m src/components/__tests__/Notifications.test.jsx[2m > [22mNotifications Component[2m > [22mshows empty state when there are no notifications
run-frontend-ci	Run Vitest (frontend)	2025-10-17T22:47:07.3149800Z [41m[1m FAIL [22m[49m src/components/__tests__/Notifications.test.jsx[2m > [22mNotifications Component[2m > [22mrenders notifications when they are received
run-frontend-ci	Run Vitest (frontend)	2025-10-17T22:47:07.3152431Z [41m[1m FAIL [22m[49m src/components/__tests__/Notifications.test.jsx[2m > [22mNotifications Component[2m > [22mdisplays multiple notifications in order
run-frontend-ci	Run Vitest (frontend)	2025-10-17T22:47:07.3175446Z [41m[1m FAIL [22m[49m src/components/__tests__/Notifications.test.jsx[2m > [22mNotifications Component[2m > [22mlimits the number of notifications to 10
run-frontend-ci	Run Vitest (frontend)	2025-10-17T22:47:07.3176860Z [31m[1mTypeError[22m: i18n.getFixedT is not a function[39m
run-frontend-ci	Run Vitest (frontend)	2025-10-17T22:47:07.3178114Z [90m [2mŒì¬•¬ª[22m getT node_modules/react-i18next/dist/commonjs/useTranslation.js:[2m71:17[22m[39m
run-frontend-ci	Run Vitest (frontend)	2025-10-17T22:47:07.3179576Z [90m [2mŒì¬•¬ª[22m mountState ../node_modules/react-dom/cjs/react-dom.development.js:[2m16167:20[22m[39m
run-frontend-ci	Run Vitest (frontend)	2025-10-17T22:47:07.3181291Z [90m [2mŒì¬•¬ª[22m Object.useState ../node_modules/react-dom/cjs/react-dom.development.js:[2m16880:16[22m[39m
run-frontend-ci	Run Vitest (frontend)	2025-10-17T22:47:07.3182794Z [90m [2mŒì¬•¬ª[22m useState ../node_modules/react/cjs/react.development.js:[2m1622:21[22m[39m
run-frontend-ci	Run Vitest (frontend)	2025-10-17T22:47:07.3184295Z [90m [2mŒì¬•¬ª[22m useTranslation node_modules/react-i18next/dist/commonjs/useTranslation.js:[2m74:39[22m[39m
run-frontend-ci	Run Vitest (frontend)	2025-10-17T22:47:07.3185632Z [36m [2mŒì¬•¬ª[22m AuthProvider src/contexts/AuthContext.jsx:[2m30:17[22m[39m
run-frontend-ci	Run Vitest (frontend)	2025-10-17T22:47:07.3186375Z     [90m 28| [39m
run-frontend-ci	Run Vitest (frontend)	2025-10-17T22:47:07.3187317Z     [90m 29| [39m[35mexport[39m [35mconst[39m [33mAuthProvider[39m [33m=[39m ({ children }) [33m=>[39m {
run-frontend-ci	Run Vitest (frontend)	2025-10-17T22:47:07.3188496Z     [90m 30| [39m  [35mconst[39m { t } [33m=[39m [34museTranslation[39m()[33m;[39m
run-frontend-ci	Run Vitest (frontend)	2025-10-17T22:47:07.3189305Z     [90m   | [39m                [31m^[39m
run-frontend-ci	Run Vitest (frontend)	2025-10-17T22:47:07.3190461Z     [90m 31| [39m  [35mconst[39m [currentUser[33m,[39m setCurrentUser] [33m=[39m [34museState[39m([35mnull[39m)[33m;[39m
run-frontend-ci	Run Vitest (frontend)	2025-10-17T22:47:07.3192121Z     [90m 32| [39m  [35mconst[39m [loading[33m,[39m setLoading] [33m=[39m [34museState[39m([35mtrue[39m)[33m;[39m
run-frontend-ci	Run Vitest (frontend)	2025-10-17T22:47:07.3193706Z [90m [2mŒì¬•¬ª[22m renderWithHooks ../node_modules/react-dom/cjs/react-dom.development.js:[2m15486:18[22m[39m
run-frontend-ci	Run Vitest (frontend)	2025-10-17T22:47:07.3195446Z [90m [2mŒì¬•¬ª[22m mountIndeterminateComponent ../node_modules/react-dom/cjs/react-dom.development.js:[2m20103:13[22m[39m
run-frontend-ci	Run Vitest (frontend)	2025-10-17T22:47:07.3197022Z [90m [2mŒì¬•¬ª[22m beginWork ../node_modules/react-dom/cjs/react-dom.development.js:[2m21626:16[22m[39m
run-frontend-ci	Run Vitest (frontend)	2025-10-17T22:47:07.3198506Z [90m [2mŒì¬•¬ª[22m beginWork$1 ../node_modules/react-dom/cjs/react-dom.development.js:[2m27465:14[22m[39m
run-frontend-ci	Run Vitest (frontend)	2025-10-17T22:47:07.3199137Z 
run-frontend-ci	Run Vitest (frontend)	2025-10-17T22:47:07.3199605Z [31m[2mŒì√Ñ¬ªŒì√Ñ¬ªŒì√Ñ¬ªŒì√Ñ¬ªŒì√Ñ¬ªŒì√Ñ¬ªŒì√Ñ¬ªŒì√Ñ¬ªŒì√Ñ¬ªŒì√Ñ¬ªŒì√Ñ¬ªŒì√Ñ¬ªŒì√Ñ¬ªŒì√Ñ¬ªŒì√Ñ¬ªŒì√Ñ¬ªŒì√Ñ¬ªŒì√Ñ¬ªŒì√Ñ¬ªŒì√Ñ¬ªŒì√Ñ¬ªŒì√Ñ¬ªŒì√Ñ¬ª[4/15]Œì√Ñ¬ª[22m[39m
run-frontend-ci	Run Vitest (frontend)	2025-10-17T22:47:07.3199948Z 
run-frontend-ci	Run Vitest (frontend)	2025-10-17T22:47:07.3201461Z [41m[1m FAIL [22m[49m src/components/__tests__/Pickup.integration.test.jsx[2m > [22mPickup Screen Integration[2m > [22mrenders pickups and creates new pickup
run-frontend-ci	Run Vitest (frontend)	2025-10-17T22:47:07.3203085Z [31m[1mError[22m: [2mexpect([22m[31melement[31m[2m).toBeInTheDocument()[22m
run-frontend-ci	Run Vitest (frontend)	2025-10-17T22:47:07.3203608Z 
run-frontend-ci	Run Vitest (frontend)	2025-10-17T22:47:07.3204109Z [31melement could not be found in the document[31m[39m
run-frontend-ci	Run Vitest (frontend)	2025-10-17T22:47:07.3205224Z [36m [2mŒì¬•¬ª[22m src/components/__tests__/Pickup.integration.test.jsx:[2m28:25[22m[39m
run-frontend-ci	Run Vitest (frontend)	2025-10-17T22:47:07.3206373Z     [90m 26| [39m    [90m// Loading indicator inside this component (scoped)[39m
run-frontend-ci	Run Vitest (frontend)	2025-10-17T22:47:07.3207928Z     [90m 27| [39m    [35mconst[39m loadingNode [33m=[39m [35mawait[39m [34mwithin[39m(container)[33m.[39m[34mfindByText[39m([36m/loading/i[39m)[33m;[39m
run-frontend-ci	Run Vitest (frontend)	2025-10-17T22:47:07.3209439Z     [90m 28| [39m    [34mexpect[39m(loadingNode)[33m.[39m[34mtoBeInTheDocument[39m()[33m;[39m
run-frontend-ci	Run Vitest (frontend)	2025-10-17T22:47:07.3210340Z     [90m   | [39m                        [31m^[39m
run-frontend-ci	Run Vitest (frontend)	2025-10-17T22:47:07.3211094Z     [90m 29| [39m
run-frontend-ci	Run Vitest (frontend)	2025-10-17T22:47:07.3211724Z     [90m 30| [39m    [90m// Wait for the pickups list to render[39m
run-frontend-ci	Run Vitest (frontend)	2025-10-17T22:47:07.3212370Z 
run-frontend-ci	Run Vitest (frontend)	2025-10-17T22:47:07.3212620Z 
run-frontend-ci	Run Vitest (frontend)	2025-10-17T22:47:07.3213339Z [31m[2mŒì√Ñ¬ªŒì√Ñ¬ªŒì√Ñ¬ªŒì√Ñ¬ªŒì√Ñ¬ªŒì√Ñ¬ªŒì√Ñ¬ªŒì√Ñ¬ªŒì√Ñ¬ªŒì√Ñ¬ªŒì√Ñ¬ªŒì√Ñ¬ªŒì√Ñ¬ªŒì√Ñ¬ªŒì√Ñ¬ªŒì√Ñ¬ªŒì√Ñ¬ªŒì√Ñ¬ªŒì√Ñ¬ªŒì√Ñ¬ªŒì√Ñ¬ªŒì√Ñ¬ªŒì√Ñ¬ª[5/15]Œì√Ñ¬ª[22m[39m
run-frontend-ci	Run Vitest (frontend)	2025-10-17T22:47:07.3214709Z [2m Test Files [22m [1m[31m7 failed[39m[22m[2m | [22m[1m[32m71 passed[39m[22m[90m (78)[39m
run-frontend-ci	Run Vitest (frontend)	2025-10-17T22:47:07.3216216Z [2m      Tests [22m [1m[31m15 failed[39m[22m[2m | [22m[1m[32m328 passed[39m[22m[2m | [22m[33m1 skipped[39m[90m (344)[39m
run-frontend-ci	Run Vitest (frontend)	2025-10-17T22:47:07.3217439Z [2m   Start at [22m 22:46:28
run-frontend-ci	Run Vitest (frontend)	2025-10-17T22:47:07.3218686Z [2m   Duration [22m 38.47s[2m (transform 2.07s, setup 17.08s, collect 23.09s, tests 12.96s, environment 40.95s, prepare 7.21s)[22m
run-frontend-ci	Run Vitest (frontend)	2025-10-17T22:47:07.3219393Z 
run-frontend-ci	Run Vitest (frontend)	2025-10-17T22:47:07.3219601Z 
run-frontend-ci	Run Vitest (frontend)	2025-10-17T22:47:07.3220848Z [41m[1m FAIL [22m[49m src/components/__tests__/Points.test.jsx[2m > [22mPoints[2m > [22mshows loading initially
run-frontend-ci	Run Vitest (frontend)	2025-10-17T22:47:07.3222332Z [31m[1mError[22m: [2mexpect([22m[31melement[31m[2m).toBeInTheDocument()[22m
run-frontend-ci	Run Vitest (frontend)	2025-10-17T22:47:07.3222990Z 
run-frontend-ci	Run Vitest (frontend)	2025-10-17T22:47:07.3223597Z [31melement could not be found in the document[31m[39m
run-frontend-ci	Run Vitest (frontend)	2025-10-17T22:47:07.3224741Z [36m [2mŒì¬•¬ª[22m src/components/__tests__/Points.test.jsx:[2m27:49[22m[39m
run-frontend-ci	Run Vitest (frontend)	2025-10-17T22:47:07.3226948Z     [90m 25| [39m      [33m<[39m[33m/[39m[33mI18nextProvider[39m[33m>[39m
run-frontend-ci	Run Vitest (frontend)	2025-10-17T22:47:07.3227664Z     [90m 26| [39m    )[33m;[39m
run-frontend-ci	Run Vitest (frontend)	2025-10-17T22:47:07.3228975Z     [90m 27| [39m    [34mexpect[39m([35mawait[39m screen[33m.[39m[34mfindByText[39m([36m/loading/i[39m))[33m.[39m[34mtoBeInTheDocument[39m()[33m;[39m
run-frontend-ci	Run Vitest (frontend)	2025-10-17T22:47:07.3230233Z     [90m   | [39m                                                [31m^[39m
run-frontend-ci	Run Vitest (frontend)	2025-10-17T22:47:07.3231059Z     [90m 28| [39m  })[33m;[39m
run-frontend-ci	Run Vitest (frontend)	2025-10-17T22:47:07.3231511Z     [90m 29| [39m
run-frontend-ci	Run Vitest (frontend)	2025-10-17T22:47:07.3231706Z 
run-frontend-ci	Run Vitest (frontend)	2025-10-17T22:47:07.3232108Z [31m[2mŒì√Ñ¬ªŒì√Ñ¬ªŒì√Ñ¬ªŒì√Ñ¬ªŒì√Ñ¬ªŒì√Ñ¬ªŒì√Ñ¬ªŒì√Ñ¬ªŒì√Ñ¬ªŒì√Ñ¬ªŒì√Ñ¬ªŒì√Ñ¬ªŒì√Ñ¬ªŒì√Ñ¬ªŒì√Ñ¬ªŒì√Ñ¬ªŒì√Ñ¬ªŒì√Ñ¬ªŒì√Ñ¬ªŒì√Ñ¬ªŒì√Ñ¬ªŒì√Ñ¬ªŒì√Ñ¬ª[6/15]Œì√Ñ¬ª[22m[39m
run-frontend-ci	Run Vitest (frontend)	2025-10-17T22:47:07.3232446Z 
run-frontend-ci	Run Vitest (frontend)	2025-10-17T22:47:07.4476845Z JUNIT report written to /home/runner/work/GplusAPP/GplusAPP/frontend/vitest-report.xml
run-frontend-ci	Run Vitest (frontend)	2025-10-17T22:47:07.4949068Z ##[error]Process completed with exit code 1.
run-frontend-ci	Upload Vitest JUnit report	‚à©‚ïó‚îê2025-10-17T22:47:07.5016771Z ##[group]Run actions/upload-artifact@v4
run-frontend-ci	Upload Vitest JUnit report	2025-10-17T22:47:07.5017039Z with:
run-frontend-ci	Upload Vitest JUnit report	2025-10-17T22:47:07.5017202Z   name: vitest-report
run-frontend-ci	Upload Vitest JUnit report	2025-10-17T22:47:07.5017410Z   path: frontend/vitest-report.xml
run-frontend-ci	Upload Vitest JUnit report	2025-10-17T22:47:07.5017660Z   if-no-files-found: warn
run-frontend-ci	Upload Vitest JUnit report	2025-10-17T22:47:07.5017865Z   compression-level: 6
run-frontend-ci	Upload Vitest JUnit report	2025-10-17T22:47:07.5018057Z   overwrite: false
run-frontend-ci	Upload Vitest JUnit report	2025-10-17T22:47:07.5018246Z   include-hidden-files: false
run-frontend-ci	Upload Vitest JUnit report	2025-10-17T22:47:07.5018457Z ##[endgroup]
run-frontend-ci	Upload Vitest JUnit report	2025-10-17T22:47:07.7163379Z With the provided path, there will be 1 file uploaded
run-frontend-ci	Upload Vitest JUnit report	2025-10-17T22:47:07.7168147Z Artifact name is valid!
run-frontend-ci	Upload Vitest JUnit report	2025-10-17T22:47:07.7169424Z Root directory input is valid!
run-frontend-ci	Upload Vitest JUnit report	2025-10-17T22:47:07.8920062Z Beginning upload of artifact content to blob storage
run-frontend-ci	Upload Vitest JUnit report	2025-10-17T22:47:08.1102201Z Uploaded bytes 14729
run-frontend-ci	Upload Vitest JUnit report	2025-10-17T22:47:08.1588719Z Finished uploading artifact content to blob storage!
run-frontend-ci	Upload Vitest JUnit report	2025-10-17T22:47:08.1592273Z SHA256 digest of uploaded artifact zip is f8a9c9b3e7fda6cfe03a5b6b25dc05176ecdb9462230d0c5fc22b2eb27d3a87b
run-frontend-ci	Upload Vitest JUnit report	2025-10-17T22:47:08.1594116Z Finalizing artifact upload
run-frontend-ci	Upload Vitest JUnit report	2025-10-17T22:47:08.2556252Z Artifact vitest-report.zip successfully finalized. Artifact ID 4304657158
run-frontend-ci	Upload Vitest JUnit report	2025-10-17T22:47:08.2557978Z Artifact vitest-report has been successfully uploaded! Final size is 14729 bytes. Artifact ID is 4304657158
run-frontend-ci	Upload Vitest JUnit report	2025-10-17T22:47:08.2565250Z Artifact download URL: https://github.com/Moo-hub/GplusAPP/actions/runs/18606592688/artifacts/4304657158
run-frontend-ci	Post Checkout	‚à©‚ïó‚îê2025-10-17T22:47:08.2705632Z Post job cleanup.
run-frontend-ci	Post Checkout	2025-10-17T22:47:08.3642593Z [command]/usr/bin/git version
run-frontend-ci	Post Checkout	2025-10-17T22:47:08.3680278Z git version 2.51.0
run-frontend-ci	Post Checkout	2025-10-17T22:47:08.3725684Z Temporarily overriding HOME='/home/runner/work/_temp/e2634ee6-d42d-4a0f-80aa-96fda29b61f2' before making global git config changes
run-frontend-ci	Post Checkout	2025-10-17T22:47:08.3727060Z Adding repository directory to the temporary git global config as a safe directory
run-frontend-ci	Post Checkout	2025-10-17T22:47:08.3732714Z [command]/usr/bin/git config --global --add safe.directory /home/runner/work/GplusAPP/GplusAPP
run-frontend-ci	Post Checkout	2025-10-17T22:47:08.3775825Z [command]/usr/bin/git config --local --name-only --get-regexp core\.sshCommand
run-frontend-ci	Post Checkout	2025-10-17T22:47:08.3809951Z [command]/usr/bin/git submodule foreach --recursive sh -c "git config --local --name-only --get-regexp 'core\.sshCommand' && git config --local --unset-all 'core.sshCommand' || :"
run-frontend-ci	Post Checkout	2025-10-17T22:47:08.4055344Z fatal: No url found for submodule path 'worktree-md-fix' in .gitmodules
run-frontend-ci	Post Checkout	2025-10-17T22:47:08.4101557Z ##[warning]The process '/usr/bin/git' failed with exit code 128
run-frontend-ci	Complete job	‚à©‚ïó‚îê2025-10-17T22:47:08.4185928Z Cleaning up orphan processes
