<?xml version="1.0" encoding="UTF-8" ?>
<testsuites name="vitest tests" tests="349" failures="181" errors="0" time="20.667515">
    <testsuite name="src/App.test.jsx" timestamp="2025-10-21T01:29:21.478Z" hostname="DESKTOP-LB24BKB" tests="1" failures="1" errors="0" skipped="0" time="0.0102733">
        <testcase classname="src/App.test.jsx" name="renders main app component" time="0.0059391">
            <failure message="AppContent is not defined" type="ReferenceError">
ReferenceError: AppContent is not defined
 ❯ src/App.test.jsx:9:8
            </failure>
        </testcase>
    </testsuite>
    <testsuite name="src/sanity.test.jsx" timestamp="2025-10-21T01:29:21.493Z" hostname="DESKTOP-LB24BKB" tests="1" failures="0" errors="0" skipped="0" time="0.0832249">
        <testcase classname="src/sanity.test.jsx" name="sanity jsx transform" time="0.0785547">
        </testcase>
    </testsuite>
    <testsuite name="src/sanity2.test.js" timestamp="2025-10-21T01:29:21.495Z" hostname="DESKTOP-LB24BKB" tests="2" failures="0" errors="0" skipped="0" time="0.0060251">
        <testcase classname="src/sanity2.test.js" name="sanity non-jsx" time="0.0023031">
        </testcase>
        <testcase classname="src/sanity2.test.js" name="sanity non-jsx" time="0.0004739">
        </testcase>
    </testsuite>
    <testsuite name="src/tests/handlers-inspect.test.js" timestamp="2025-10-21T01:29:21.497Z" hostname="DESKTOP-LB24BKB" tests="1" failures="0" errors="0" skipped="0" time="0.0296087">
        <testcase classname="src/tests/handlers-inspect.test.js" name="inspect handlers module exports" time="0.0245475">
            <system-out>
INSPECT: relative import keys= [ [32m&apos;handlers&apos;[39m, [32m&apos;default&apos;[39m ]
INSPECT: relative.handlers.len= [33m65[39m

INSPECT: file-url import keys= [ [32m&apos;handlers&apos;[39m, [32m&apos;default&apos;[39m ]
INSPECT: file.handlers.len= [33m65[39m
INSPECT: global diag flags: {
  HANDLERS_IMPORTED: [33m1761010150629[39m,
  HANDLERS_IMPORTED_COUNT: [33m65[39m,
  HANDLERS_APPLIED: [90mundefined[39m,
  REALSERVER_CREATED: [33m1761010150644[39m,
  GLOBAL_MSW_SERVER: [33mtrue[39m
}

            </system-out>
        </testcase>
    </testsuite>
    <testsuite name="src/tests/msw-ci-guard.test.js" timestamp="2025-10-21T01:29:21.498Z" hostname="DESKTOP-LB24BKB" tests="1" failures="0" errors="0" skipped="0" time="0.0082475">
        <testcase classname="src/tests/msw-ci-guard.test.js" name="msw has registered handlers (CI guard)" time="0.0045418">
        </testcase>
    </testsuite>
    <testsuite name="src/tests/msw-handlers-dump.test.js" timestamp="2025-10-21T01:29:21.499Z" hostname="DESKTOP-LB24BKB" tests="1" failures="0" errors="0" skipped="0" time="0.0340754">
        <testcase classname="src/tests/msw-handlers-dump.test.js" name="dump msw handlers" time="0.0218898">
            <system-out>
HANDLER: [object Object]
HANDLER: [object Object]
HANDLER: [object Object]
HANDLER: [object Object]
HANDLER: [object Object]
HANDLER: [object Object]
HANDLER: [object Object]
HANDLER: [object Object]
HANDLER: [object Object]
HANDLER: [object Object]
HANDLER: [object Object]
HANDLER: [object Object]
HANDLER: [object Object]
HANDLER: [object Object]
HANDLER: [object Object]
HANDLER: [object Object]
HANDLER: [object Object]
HANDLER: [object Object]
HANDLER: [object Object]
HANDLER: [object Object]
HANDLER: [object Object]
HANDLER: [object Object]
HANDLER: [object Object]
HANDLER: [object Object]
HANDLER: [object Object]
HANDLER: [object Object]
HANDLER: [object Object]
HANDLER: [object Object]
HANDLER: [object Object]
HANDLER: [object Object]
HANDLER: [object Object]
HANDLER: [object Object]
HANDLER: [object Object]
HANDLER: [object Object]
HANDLER: [object Object]
HANDLER: [object Object]
HANDLER: [object Object]
HANDLER: [object Object]
HANDLER: [object Object]
HANDLER: [object Object]
HANDLER: [object Object]
HANDLER: [object Object]
HANDLER: [object Object]
HANDLER: [object Object]
HANDLER: [object Object]
HANDLER: [object Object]
HANDLER: [object Object]
HANDLER: [object Object]
HANDLER: [object Object]
HANDLER: [object Object]
HANDLER: [object Object]
HANDLER: [object Object]
HANDLER: [object Object]
HANDLER: [object Object]
HANDLER: [object Object]
HANDLER: [object Object]
HANDLER: [object Object]
HANDLER: [object Object]
HANDLER: [object Object]
HANDLER: [object Object]
HANDLER: [object Object]
HANDLER: [object Object]
HANDLER: [object Object]
HANDLER: [object Object]
HANDLER: [object Object]

            </system-out>
        </testcase>
    </testsuite>
    <testsuite name="src/tests/msw-probe.test.js" timestamp="2025-10-21T01:29:21.501Z" hostname="DESKTOP-LB24BKB" tests="1" failures="0" errors="0" skipped="0" time="0.0173755">
        <testcase classname="src/tests/msw-probe.test.js" name="msw resolution probe - worker" time="0.0121194">
        </testcase>
    </testsuite>
    <testsuite name="src/tests/test-msw.spec.jsx" timestamp="2025-10-21T01:29:21.503Z" hostname="DESKTOP-LB24BKB" tests="5" failures="0" errors="0" skipped="0" time="0.4734154">
        <testcase classname="src/tests/test-msw.spec.jsx" name="MSW server mocks &gt; returns payment methods" time="0.2361569">
        </testcase>
        <testcase classname="src/tests/test-msw.spec.jsx" name="MSW server mocks &gt; returns vehicles list" time="0.0838563">
        </testcase>
        <testcase classname="src/tests/test-msw.spec.jsx" name="MSW server mocks &gt; returns points balance" time="0.0365116">
        </testcase>
        <testcase classname="src/tests/test-msw.spec.jsx" name="MSW server mocks &gt; returns companies list" time="0.0520819">
        </testcase>
        <testcase classname="src/tests/test-msw.spec.jsx" name="MSW server mocks &gt; can override handler to return 500 for /api/points" time="0.0380925">
        </testcase>
    </testsuite>
    <testsuite name="src/__tests__/auth.test.js" timestamp="2025-10-21T01:29:21.509Z" hostname="DESKTOP-LB24BKB" tests="2" failures="0" errors="0" skipped="0" time="0.122517">
        <testcase classname="src/__tests__/auth.test.js" name="MSW login handler accepts valid credentials (JSON endpoint)" time="0.0827318">
        </testcase>
        <testcase classname="src/__tests__/auth.test.js" name="MSW backend-style login endpoint (form data) succeeds" time="0.0332948">
        </testcase>
    </testsuite>
    <testsuite name="src/__tests__/auth.unit.test.jsx" timestamp="2025-10-21T01:29:21.511Z" hostname="DESKTOP-LB24BKB" tests="1" failures="1" errors="0" skipped="0" time="0.0176779">
        <testcase classname="src/__tests__/auth.unit.test.jsx" name="Auth unit tests (fast) &gt; login saves token/user and connects websocket quickly" time="0.0101445">
            <failure message="AuthProvider is not defined" type="ReferenceError">
ReferenceError: AuthProvider is not defined
 ❯ timeout src/__tests__/auth.unit.test.jsx:67:10
            </failure>
        </testcase>
    </testsuite>
    <testsuite name="src/__tests__/Authentication.integration.test.jsx" timestamp="2025-10-21T01:29:21.514Z" hostname="DESKTOP-LB24BKB" tests="5" failures="4" errors="0" skipped="1" time="0.0268374">
        <testcase classname="src/__tests__/Authentication.integration.test.jsx" name="Authentication Flow Integration Test &gt; redirects unauthenticated users to login page when accessing protected route" time="0.014628">
            <failure message="LoginScreen is not defined" type="ReferenceError">
ReferenceError: LoginScreen is not defined
 ❯ setupTest src/__tests__/Authentication.integration.test.jsx:87:46
 ❯ src/__tests__/Authentication.integration.test.jsx:173:5
            </failure>
        </testcase>
        <testcase classname="src/__tests__/Authentication.integration.test.jsx" name="Authentication Flow Integration Test &gt; allows users to log in and access protected routes" time="0">
            <skipped/>
        </testcase>
        <testcase classname="src/__tests__/Authentication.integration.test.jsx" name="Authentication Flow Integration Test &gt; shows error message on failed login" time="0.0031734">
            <failure message="LoginScreen is not defined" type="ReferenceError">
ReferenceError: LoginScreen is not defined
 ❯ minimalSetup src/__tests__/Authentication.integration.test.jsx:140:44
 ❯ src/__tests__/Authentication.integration.test.jsx:287:20
            </failure>
        </testcase>
        <testcase classname="src/__tests__/Authentication.integration.test.jsx" name="Authentication Flow Integration Test &gt; allows users to log out" time="0.0019634">
            <failure message="LoginScreen is not defined" type="ReferenceError">
ReferenceError: LoginScreen is not defined
 ❯ setupTest src/__tests__/Authentication.integration.test.jsx:87:46
 ❯ src/__tests__/Authentication.integration.test.jsx:315:5
            </failure>
        </testcase>
        <testcase classname="src/__tests__/Authentication.integration.test.jsx" name="Authentication Flow Integration Test &gt; remembers user session on page reload" time="0.0023485">
            <failure message="LoginScreen is not defined" type="ReferenceError">
ReferenceError: LoginScreen is not defined
 ❯ setupTest src/__tests__/Authentication.integration.test.jsx:87:46
 ❯ src/__tests__/Authentication.integration.test.jsx:349:5
            </failure>
        </testcase>
    </testsuite>
    <testsuite name="src/__tests__/debug-document.test.jsx" timestamp="2025-10-21T01:29:21.524Z" hostname="DESKTOP-LB24BKB" tests="1" failures="0" errors="0" skipped="0" time="0.0171707">
        <testcase classname="src/__tests__/debug-document.test.jsx" name="debug document &gt; prints document.createElement type" time="0.0117427">
            <system-err>
typeof document: object
typeof document.createElement: function
typeof window.document: object
typeof window.document.createElement: function

            </system-err>
        </testcase>
    </testsuite>
    <testsuite name="src/__tests__/ErrorContext.test.js" timestamp="2025-10-21T01:29:21.526Z" hostname="DESKTOP-LB24BKB" tests="5" failures="0" errors="0" skipped="0" time="0.3444976">
        <testcase classname="src/__tests__/ErrorContext.test.js" name="ErrorContext &gt; should throw error when used outside of provider" time="0.1576937">
        </testcase>
        <testcase classname="src/__tests__/ErrorContext.test.js" name="ErrorContext &gt; should initialize with null error state" time="0.0609268">
        </testcase>
        <testcase classname="src/__tests__/ErrorContext.test.js" name="ErrorContext &gt; should set error when setError is called" time="0.0628401">
        </testcase>
        <testcase classname="src/__tests__/ErrorContext.test.js" name="ErrorContext &gt; should clear error when clearError is called" time="0.0324864">
        </testcase>
        <testcase classname="src/__tests__/ErrorContext.test.js" name="ErrorContext &gt; should set error when async operation fails" time="0.0222343">
        </testcase>
    </testsuite>
    <testsuite name="src/__tests__/ErrorContext.test.jsx" timestamp="2025-10-21T01:29:21.528Z" hostname="DESKTOP-LB24BKB" tests="5" failures="0" errors="0" skipped="0" time="0.4236097">
        <testcase classname="src/__tests__/ErrorContext.test.jsx" name="ErrorContext &gt; should throw error when used outside of provider" time="0.2127509">
        </testcase>
        <testcase classname="src/__tests__/ErrorContext.test.jsx" name="ErrorContext &gt; should initialize with null error state" time="0.0776997">
        </testcase>
        <testcase classname="src/__tests__/ErrorContext.test.jsx" name="ErrorContext &gt; should set error when setError is called" time="0.0682609">
        </testcase>
        <testcase classname="src/__tests__/ErrorContext.test.jsx" name="ErrorContext &gt; should clear error when clearError is called" time="0.0283644">
        </testcase>
        <testcase classname="src/__tests__/ErrorContext.test.jsx" name="ErrorContext &gt; should set error when async operation fails" time="0.0259381">
        </testcase>
    </testsuite>
    <testsuite name="src/__tests__/GlobalLoadingIndicator.test.jsx" timestamp="2025-10-21T01:29:21.531Z" hostname="DESKTOP-LB24BKB" tests="4" failures="4" errors="0" skipped="0" time="0.0254367">
        <testcase classname="src/__tests__/GlobalLoadingIndicator.test.jsx" name="GlobalLoadingIndicator &gt; renders the loading indicator" time="0.0086647">
            <failure message="GlobalLoadingIndicator is not defined" type="ReferenceError">
ReferenceError: GlobalLoadingIndicator is not defined
 ❯ src/__tests__/GlobalLoadingIndicator.test.jsx:19:35
            </failure>
        </testcase>
        <testcase classname="src/__tests__/GlobalLoadingIndicator.test.jsx" name="GlobalLoadingIndicator &gt; shows loading state when API calls are in progress" time="0.0051968">
            <failure message="GlobalLoadingIndicator is not defined" type="ReferenceError">
ReferenceError: GlobalLoadingIndicator is not defined
 ❯ src/__tests__/GlobalLoadingIndicator.test.jsx:28:35
            </failure>
        </testcase>
        <testcase classname="src/__tests__/GlobalLoadingIndicator.test.jsx" name="GlobalLoadingIndicator &gt; hides loading state when API calls complete" time="0.0027917">
            <failure message="GlobalLoadingIndicator is not defined" type="ReferenceError">
ReferenceError: GlobalLoadingIndicator is not defined
 ❯ src/__tests__/GlobalLoadingIndicator.test.jsx:43:35
            </failure>
        </testcase>
        <testcase classname="src/__tests__/GlobalLoadingIndicator.test.jsx" name="GlobalLoadingIndicator &gt; cleans up timers on unmount" time="0.0036047">
            <failure message="GlobalLoadingIndicator is not defined" type="ReferenceError">
ReferenceError: GlobalLoadingIndicator is not defined
 ❯ src/__tests__/GlobalLoadingIndicator.test.jsx:69:33
            </failure>
        </testcase>
    </testsuite>
    <testsuite name="src/__tests__/LoadingComponents.test.jsx" timestamp="2025-10-21T01:29:21.541Z" hostname="DESKTOP-LB24BKB" tests="8" failures="8" errors="0" skipped="0" time="0.047233">
        <testcase classname="src/__tests__/LoadingComponents.test.jsx" name="Loading Components Integration &gt; LoadingOverlay Component &gt; renders correctly when visible" time="0.0088535">
            <failure message="LoadingOverlay is not defined" type="ReferenceError">
ReferenceError: LoadingOverlay is not defined
 ❯ src/__tests__/LoadingComponents.test.jsx:21:37
            </failure>
        </testcase>
        <testcase classname="src/__tests__/LoadingComponents.test.jsx" name="Loading Components Integration &gt; LoadingOverlay Component &gt; does not render when not visible" time="0.001735">
            <failure message="LoadingOverlay is not defined" type="ReferenceError">
ReferenceError: LoadingOverlay is not defined
 ❯ src/__tests__/LoadingComponents.test.jsx:30:37
            </failure>
        </testcase>
        <testcase classname="src/__tests__/LoadingComponents.test.jsx" name="Loading Components Integration &gt; LoadingOverlay Component &gt; accepts custom spinner component" time="0.0013714">
            <failure message="LoadingOverlay is not defined" type="ReferenceError">
ReferenceError: LoadingOverlay is not defined
 ❯ src/__tests__/LoadingComponents.test.jsx:42:10
            </failure>
        </testcase>
        <testcase classname="src/__tests__/LoadingComponents.test.jsx" name="Loading Components Integration &gt; InlineLoader Component &gt; renders with default props" time="0.0021059">
            <failure message="InlineLoader is not defined" type="ReferenceError">
ReferenceError: InlineLoader is not defined
 ❯ src/__tests__/LoadingComponents.test.jsx:58:37
            </failure>
        </testcase>
        <testcase classname="src/__tests__/LoadingComponents.test.jsx" name="Loading Components Integration &gt; InlineLoader Component &gt; renders with message" time="0.0011927">
            <failure message="InlineLoader is not defined" type="ReferenceError">
ReferenceError: InlineLoader is not defined
 ❯ src/__tests__/LoadingComponents.test.jsx:65:15
            </failure>
        </testcase>
        <testcase classname="src/__tests__/LoadingComponents.test.jsx" name="Loading Components Integration &gt; InlineLoader Component &gt; applies different sizes" time="0.0012797">
            <failure message="InlineLoader is not defined" type="ReferenceError">
ReferenceError: InlineLoader is not defined
 ❯ src/__tests__/LoadingComponents.test.jsx:70:43
            </failure>
        </testcase>
        <testcase classname="src/__tests__/LoadingComponents.test.jsx" name="Loading Components Integration &gt; LoadingContext &gt; provides loading state and methods" time="0.0013631">
            <failure message="LoadingProvider is not defined" type="ReferenceError">
ReferenceError: LoadingProvider is not defined
 ❯ src/__tests__/LoadingComponents.test.jsx:88:10
            </failure>
        </testcase>
        <testcase classname="src/__tests__/LoadingComponents.test.jsx" name="Loading Components Integration &gt; LoadingContext &gt; handles named loading operations" time="0.0013015">
            <failure message="LoadingProvider is not defined" type="ReferenceError">
ReferenceError: LoadingProvider is not defined
 ❯ src/__tests__/LoadingComponents.test.jsx:138:10
            </failure>
        </testcase>
    </testsuite>
    <testsuite name="src/__tests__/msw_safety_net_guard.test.jsx" timestamp="2025-10-21T01:29:21.554Z" hostname="DESKTOP-LB24BKB" tests="1" failures="0" errors="0" skipped="0" time="0.0071062">
        <testcase classname="src/__tests__/msw_safety_net_guard.test.jsx" name="msw safety-net guard &gt; did not invoke safety-net handler" time="0.0031955">
        </testcase>
    </testsuite>
    <testsuite name="src/__tests__/toast.test.js" timestamp="2025-10-21T01:29:21.555Z" hostname="DESKTOP-LB24BKB" tests="9" failures="9" errors="0" skipped="0" time="0.0227553">
        <testcase classname="src/__tests__/toast.test.js" name="Toast Utility &gt; showSuccess should call toast.success with correct parameters" time="0.006643">
            <failure message="showSuccess is not a function" type="TypeError">
TypeError: showSuccess is not a function
 ❯ src/__tests__/toast.test.jsx:47:5
            </failure>
        </testcase>
        <testcase classname="src/__tests__/toast.test.js" name="Toast Utility &gt; showError should call toast.error with correct parameters" time="0.0014794">
            <failure message="showError is not a function" type="TypeError">
TypeError: showError is not a function
 ❯ src/__tests__/toast.test.jsx:59:5
            </failure>
        </testcase>
        <testcase classname="src/__tests__/toast.test.js" name="Toast Utility &gt; showError should handle Error objects" time="0.0013381">
            <failure message="showError is not a function" type="TypeError">
TypeError: showError is not a function
 ❯ src/__tests__/toast.test.jsx:73:5
            </failure>
        </testcase>
        <testcase classname="src/__tests__/toast.test.js" name="Toast Utility &gt; showWarning should call toast.warn with correct parameters" time="0.0015312">
            <failure message="showWarning is not a function" type="TypeError">
TypeError: showWarning is not a function
 ❯ src/__tests__/toast.test.jsx:81:5
            </failure>
        </testcase>
        <testcase classname="src/__tests__/toast.test.js" name="Toast Utility &gt; showInfo should call toast.info with correct parameters" time="0.0013154">
            <failure message="showInfo is not a function" type="TypeError">
TypeError: showInfo is not a function
 ❯ src/__tests__/toast.test.jsx:93:5
            </failure>
        </testcase>
        <testcase classname="src/__tests__/toast.test.js" name="Toast Utility &gt; showPromise should call toast.promise with correct parameters" time="0.0011281">
            <failure message="showPromise is not a function" type="TypeError">
TypeError: showPromise is not a function
 ❯ src/__tests__/toast.test.jsx:107:5
            </failure>
        </testcase>
        <testcase classname="src/__tests__/toast.test.js" name="Toast Utility &gt; dismissAll should call toast.dismiss" time="0.0012704">
            <failure message="dismissAll is not a function" type="TypeError">
TypeError: dismissAll is not a function
 ❯ src/__tests__/toast.test.jsx:126:5
            </failure>
        </testcase>
        <testcase classname="src/__tests__/toast.test.js" name="Toast Utility &gt; updateToast should call toast.update if toast is active" time="0.0012494">
            <failure message="updateToast is not a function" type="TypeError">
TypeError: updateToast is not a function
 ❯ src/__tests__/toast.test.jsx:140:5
            </failure>
        </testcase>
        <testcase classname="src/__tests__/toast.test.js" name="Toast Utility &gt; updateToast should not call toast.update if toast is not active" time="0.0017458">
            <failure message="updateToast is not a function" type="TypeError">
TypeError: updateToast is not a function
 ❯ src/__tests__/toast.test.jsx:152:5
            </failure>
        </testcase>
    </testsuite>
    <testsuite name="src/__tests__/toast.test.jsx" timestamp="2025-10-21T01:29:21.569Z" hostname="DESKTOP-LB24BKB" tests="9" failures="9" errors="0" skipped="0" time="0.0220778">
        <testcase classname="src/__tests__/toast.test.jsx" name="Toast Utility &gt; showSuccess should call toast.success with correct parameters" time="0.0069584">
            <failure message="showSuccess is not a function" type="TypeError">
TypeError: showSuccess is not a function
 ❯ src/__tests__/toast.test.jsx:47:5
            </failure>
        </testcase>
        <testcase classname="src/__tests__/toast.test.jsx" name="Toast Utility &gt; showError should call toast.error with correct parameters" time="0.0015094">
            <failure message="showError is not a function" type="TypeError">
TypeError: showError is not a function
 ❯ src/__tests__/toast.test.jsx:59:5
            </failure>
        </testcase>
        <testcase classname="src/__tests__/toast.test.jsx" name="Toast Utility &gt; showError should handle Error objects" time="0.0013835">
            <failure message="showError is not a function" type="TypeError">
TypeError: showError is not a function
 ❯ src/__tests__/toast.test.jsx:73:5
            </failure>
        </testcase>
        <testcase classname="src/__tests__/toast.test.jsx" name="Toast Utility &gt; showWarning should call toast.warn with correct parameters" time="0.0014841">
            <failure message="showWarning is not a function" type="TypeError">
TypeError: showWarning is not a function
 ❯ src/__tests__/toast.test.jsx:81:5
            </failure>
        </testcase>
        <testcase classname="src/__tests__/toast.test.jsx" name="Toast Utility &gt; showInfo should call toast.info with correct parameters" time="0.0010869">
            <failure message="showInfo is not a function" type="TypeError">
TypeError: showInfo is not a function
 ❯ src/__tests__/toast.test.jsx:93:5
            </failure>
        </testcase>
        <testcase classname="src/__tests__/toast.test.jsx" name="Toast Utility &gt; showPromise should call toast.promise with correct parameters" time="0.001005">
            <failure message="showPromise is not a function" type="TypeError">
TypeError: showPromise is not a function
 ❯ src/__tests__/toast.test.jsx:107:5
            </failure>
        </testcase>
        <testcase classname="src/__tests__/toast.test.jsx" name="Toast Utility &gt; dismissAll should call toast.dismiss" time="0.0012475">
            <failure message="dismissAll is not a function" type="TypeError">
TypeError: dismissAll is not a function
 ❯ src/__tests__/toast.test.jsx:126:5
            </failure>
        </testcase>
        <testcase classname="src/__tests__/toast.test.jsx" name="Toast Utility &gt; updateToast should call toast.update if toast is active" time="0.0010551">
            <failure message="updateToast is not a function" type="TypeError">
TypeError: updateToast is not a function
 ❯ src/__tests__/toast.test.jsx:140:5
            </failure>
        </testcase>
        <testcase classname="src/__tests__/toast.test.jsx" name="Toast Utility &gt; updateToast should not call toast.update if toast is not active" time="0.0015848">
            <failure message="updateToast is not a function" type="TypeError">
TypeError: updateToast is not a function
 ❯ src/__tests__/toast.test.jsx:152:5
            </failure>
        </testcase>
    </testsuite>
    <testsuite name="src/__tests__/useErrorHandler.test.js" timestamp="2025-10-21T01:29:21.584Z" hostname="DESKTOP-LB24BKB" tests="14" failures="0" errors="0" skipped="0" time="0.1878254">
        <testcase classname="src/__tests__/useErrorHandler.test.js" name="useErrorHandler &gt; should initialize with correct default values" time="0.0689121">
        </testcase>
        <testcase classname="src/__tests__/useErrorHandler.test.js" name="useErrorHandler &gt; should handle successful async operations" time="0.0207193">
        </testcase>
        <testcase classname="src/__tests__/useErrorHandler.test.js" name="useErrorHandler &gt; should handle async operation errors" time="0.022274">
        </testcase>
        <testcase classname="src/__tests__/useErrorHandler.test.js" name="useErrorHandler &gt; should call custom onError function when provided" time="0.0185167">
        </testcase>
        <testcase classname="src/__tests__/useErrorHandler.test.js" name="useErrorHandler &gt; should not show toast when showToast is false" time="0.0227972">
        </testcase>
        <testcase classname="src/__tests__/useErrorHandler.test.js" name="useErrorHandler &gt; clearError should reset error state" time="0.0174529">
        </testcase>
        <testcase classname="src/__tests__/useErrorHandler.test.js" name="getErrorMessage &gt; should handle network errors" time="0.0014614">
        </testcase>
        <testcase classname="src/__tests__/useErrorHandler.test.js" name="getErrorMessage &gt; should handle authentication errors (401)" time="0.001157">
        </testcase>
        <testcase classname="src/__tests__/useErrorHandler.test.js" name="getErrorMessage &gt; should handle permission errors (403)" time="0.0015232">
        </testcase>
        <testcase classname="src/__tests__/useErrorHandler.test.js" name="getErrorMessage &gt; should handle not found errors (404)" time="0.0011708">
        </testcase>
        <testcase classname="src/__tests__/useErrorHandler.test.js" name="getErrorMessage &gt; should handle validation errors (422) with array details" time="0.0010315">
        </testcase>
        <testcase classname="src/__tests__/useErrorHandler.test.js" name="getErrorMessage &gt; should handle server errors (500)" time="0.0007906">
        </testcase>
        <testcase classname="src/__tests__/useErrorHandler.test.js" name="getErrorMessage &gt; should handle other API errors with detail" time="0.0008222">
        </testcase>
        <testcase classname="src/__tests__/useErrorHandler.test.js" name="getErrorMessage &gt; should return default message for unknown errors" time="0.0008769">
        </testcase>
    </testsuite>
    <testsuite name="src/__tests__/useLoadingIndicator.test.js" timestamp="2025-10-21T01:29:21.588Z" hostname="DESKTOP-LB24BKB" tests="5" failures="1" errors="0" skipped="0" time="0.1547417">
        <testcase classname="src/__tests__/useLoadingIndicator.test.js" name="useLoadingIndicator Hook &gt; should start and stop loading" time="0.060535">
        </testcase>
        <testcase classname="src/__tests__/useLoadingIndicator.test.js" name="useLoadingIndicator Hook &gt; should wrap a promise with loading state" time="0.0438891">
            <failure message="expected true to be false // Object.is equality" type="AssertionError">
AssertionError: expected true to be false // Object.is equality

- Expected
+ Received

- false
+ true

 ❯ src/__tests__/useLoadingIndicator.test.js:70:38
            </failure>
        </testcase>
        <testcase classname="src/__tests__/useLoadingIndicator.test.js" name="useLoadingIndicator Hook &gt; should handle errors in wrapped promises without leaking loading state" time="0.0108459">
        </testcase>
        <testcase classname="src/__tests__/useLoadingIndicator.test.js" name="useLoadingIndicator Hook &gt; should use the provided ID" time="0.0172487">
        </testcase>
        <testcase classname="src/__tests__/useLoadingIndicator.test.js" name="useLoadingIndicator Hook &gt; should affect global loading state when global option is true" time="0.016721">
        </testcase>
    </testsuite>
    <testsuite name="src/__tests__/useLoadingIndicator.test.jsx" timestamp="2025-10-21T01:29:21.592Z" hostname="DESKTOP-LB24BKB" tests="5" failures="5" errors="0" skipped="0" time="0.2008655">
        <testcase classname="src/__tests__/useLoadingIndicator.test.jsx" name="useLoadingIndicator Hook &gt; should start and stop loading" time="0.0996617">
            <system-err>
Error: Uncaught [ReferenceError: LoadingProvider is not defined]
    at reportException (C:\GplusApp_backup\node_modules\jsdom\lib\jsdom\living\helpers\runtime-script-errors.js:66:24)
    at innerInvokeEventListeners (C:\GplusApp_backup\node_modules\jsdom\lib\jsdom\living\events\EventTarget-impl.js:353:9)
    at invokeEventListeners (C:\GplusApp_backup\node_modules\jsdom\lib\jsdom\living\events\EventTarget-impl.js:286:3)
    at HTMLUnknownElementImpl._dispatch (C:\GplusApp_backup\node_modules\jsdom\lib\jsdom\living\events\EventTarget-impl.js:233:9)
    at HTMLUnknownElementImpl.dispatchEvent (C:\GplusApp_backup\node_modules\jsdom\lib\jsdom\living\events\EventTarget-impl.js:104:17)
    at HTMLUnknownElement.dispatchEvent (C:\GplusApp_backup\node_modules\jsdom\lib\jsdom\living\generated\EventTarget.js:241:34)
    at Object.invokeGuardedCallbackDev (C:\GplusApp_backup\node_modules\react-dom\cjs\react-dom.development.js:4213:16)
    at invokeGuardedCallback (C:\GplusApp_backup\node_modules\react-dom\cjs\react-dom.development.js:4277:31)
    at beginWork$1 (C:\GplusApp_backup\node_modules\react-dom\cjs\react-dom.development.js:27490:7)
    at performUnitOfWork (C:\GplusApp_backup\node_modules\react-dom\cjs\react-dom.development.js:26599:12) ReferenceError: LoadingProvider is not defined
    at wrapper [90m(C:\GplusApp_backup\frontend\[39msrc\__tests__\useLoadingIndicator.test.jsx:16:38[90m)[39m
    at renderWithHooks (C:\GplusApp_backup\node_modules\[4mreact-dom[24m\cjs\react-dom.development.js:15486:18)
    at mountIndeterminateComponent (C:\GplusApp_backup\node_modules\[4mreact-dom[24m\cjs\react-dom.development.js:20103:13)
    at beginWork (C:\GplusApp_backup\node_modules\[4mreact-dom[24m\cjs\react-dom.development.js:21626:16)
    at HTMLUnknownElement.callCallback (C:\GplusApp_backup\node_modules\[4mreact-dom[24m\cjs\react-dom.development.js:4164:14)
    at HTMLUnknownElement.callTheUserObjectsOperation (C:\GplusApp_backup\node_modules\[4mjsdom[24m\lib\jsdom\living\generated\EventListener.js:26:30)
    at innerInvokeEventListeners (C:\GplusApp_backup\node_modules\[4mjsdom[24m\lib\jsdom\living\events\EventTarget-impl.js:350:25)
    at invokeEventListeners (C:\GplusApp_backup\node_modules\[4mjsdom[24m\lib\jsdom\living\events\EventTarget-impl.js:286:3)
    at HTMLUnknownElementImpl._dispatch (C:\GplusApp_backup\node_modules\[4mjsdom[24m\lib\jsdom\living\events\EventTarget-impl.js:233:9)
    at HTMLUnknownElementImpl.dispatchEvent (C:\GplusApp_backup\node_modules\[4mjsdom[24m\lib\jsdom\living\events\EventTarget-impl.js:104:17)
Error: Uncaught [ReferenceError: LoadingProvider is not defined]
    at reportException (C:\GplusApp_backup\node_modules\jsdom\lib\jsdom\living\helpers\runtime-script-errors.js:66:24)
    at innerInvokeEventListeners (C:\GplusApp_backup\node_modules\jsdom\lib\jsdom\living\events\EventTarget-impl.js:353:9)
    at invokeEventListeners (C:\GplusApp_backup\node_modules\jsdom\lib\jsdom\living\events\EventTarget-impl.js:286:3)
    at HTMLUnknownElementImpl._dispatch (C:\GplusApp_backup\node_modules\jsdom\lib\jsdom\living\events\EventTarget-impl.js:233:9)
    at HTMLUnknownElementImpl.dispatchEvent (C:\GplusApp_backup\node_modules\jsdom\lib\jsdom\living\events\EventTarget-impl.js:104:17)
    at HTMLUnknownElement.dispatchEvent (C:\GplusApp_backup\node_modules\jsdom\lib\jsdom\living\generated\EventTarget.js:241:34)
    at Object.invokeGuardedCallbackDev (C:\GplusApp_backup\node_modules\react-dom\cjs\react-dom.development.js:4213:16)
    at invokeGuardedCallback (C:\GplusApp_backup\node_modules\react-dom\cjs\react-dom.development.js:4277:31)
    at beginWork$1 (C:\GplusApp_backup\node_modules\react-dom\cjs\react-dom.development.js:27490:7)
    at performUnitOfWork (C:\GplusApp_backup\node_modules\react-dom\cjs\react-dom.development.js:26599:12) ReferenceError: LoadingProvider is not defined
    at wrapper [90m(C:\GplusApp_backup\frontend\[39msrc\__tests__\useLoadingIndicator.test.jsx:16:38[90m)[39m
    at renderWithHooks (C:\GplusApp_backup\node_modules\[4mreact-dom[24m\cjs\react-dom.development.js:15486:18)
    at mountIndeterminateComponent (C:\GplusApp_backup\node_modules\[4mreact-dom[24m\cjs\react-dom.development.js:20103:13)
    at beginWork (C:\GplusApp_backup\node_modules\[4mreact-dom[24m\cjs\react-dom.development.js:21626:16)
    at HTMLUnknownElement.callCallback (C:\GplusApp_backup\node_modules\[4mreact-dom[24m\cjs\react-dom.development.js:4164:14)
    at HTMLUnknownElement.callTheUserObjectsOperation (C:\GplusApp_backup\node_modules\[4mjsdom[24m\lib\jsdom\living\generated\EventListener.js:26:30)
    at innerInvokeEventListeners (C:\GplusApp_backup\node_modules\[4mjsdom[24m\lib\jsdom\living\events\EventTarget-impl.js:350:25)
    at invokeEventListeners (C:\GplusApp_backup\node_modules\[4mjsdom[24m\lib\jsdom\living\events\EventTarget-impl.js:286:3)
    at HTMLUnknownElementImpl._dispatch (C:\GplusApp_backup\node_modules\[4mjsdom[24m\lib\jsdom\living\events\EventTarget-impl.js:233:9)
    at HTMLUnknownElementImpl.dispatchEvent (C:\GplusApp_backup\node_modules\[4mjsdom[24m\lib\jsdom\living\events\EventTarget-impl.js:104:17)
The above error occurred in the &lt;wrapper&gt; component:

    at wrapper (C:\GplusApp_backup\frontend\src\__tests__\useLoadingIndicator.test.jsx:16:22)

Consider adding an error boundary to your tree to customize error handling behavior.
Visit https://reactjs.org/link/error-boundaries to learn more about error boundaries.

            </system-err>
            <failure message="LoadingProvider is not defined" type="ReferenceError">
ReferenceError: LoadingProvider is not defined
 ❯ wrapper src/__tests__/useLoadingIndicator.test.jsx:16:38
 ❯ renderWithHooks ../node_modules/react-dom/cjs/react-dom.development.js:15486:18
 ❯ mountIndeterminateComponent ../node_modules/react-dom/cjs/react-dom.development.js:20103:13
 ❯ beginWork ../node_modules/react-dom/cjs/react-dom.development.js:21626:16
 ❯ beginWork$1 ../node_modules/react-dom/cjs/react-dom.development.js:27465:14
 ❯ performUnitOfWork ../node_modules/react-dom/cjs/react-dom.development.js:26599:12
 ❯ workLoopSync ../node_modules/react-dom/cjs/react-dom.development.js:26505:5
 ❯ renderRootSync ../node_modules/react-dom/cjs/react-dom.development.js:26473:7
 ❯ recoverFromConcurrentError ../node_modules/react-dom/cjs/react-dom.development.js:25889:20
 ❯ performConcurrentWorkOnRoot ../node_modules/react-dom/cjs/react-dom.development.js:25789:22
            </failure>
        </testcase>
        <testcase classname="src/__tests__/useLoadingIndicator.test.jsx" name="useLoadingIndicator Hook &gt; should wrap a promise with loading state" time="0.01332">
            <system-err>
Error: Uncaught [ReferenceError: LoadingProvider is not defined]
    at reportException (C:\GplusApp_backup\node_modules\jsdom\lib\jsdom\living\helpers\runtime-script-errors.js:66:24)
    at innerInvokeEventListeners (C:\GplusApp_backup\node_modules\jsdom\lib\jsdom\living\events\EventTarget-impl.js:353:9)
    at invokeEventListeners (C:\GplusApp_backup\node_modules\jsdom\lib\jsdom\living\events\EventTarget-impl.js:286:3)
    at HTMLUnknownElementImpl._dispatch (C:\GplusApp_backup\node_modules\jsdom\lib\jsdom\living\events\EventTarget-impl.js:233:9)
    at HTMLUnknownElementImpl.dispatchEvent (C:\GplusApp_backup\node_modules\jsdom\lib\jsdom\living\events\EventTarget-impl.js:104:17)
    at HTMLUnknownElement.dispatchEvent (C:\GplusApp_backup\node_modules\jsdom\lib\jsdom\living\generated\EventTarget.js:241:34)
    at Object.invokeGuardedCallbackDev (C:\GplusApp_backup\node_modules\react-dom\cjs\react-dom.development.js:4213:16)
    at invokeGuardedCallback (C:\GplusApp_backup\node_modules\react-dom\cjs\react-dom.development.js:4277:31)
    at beginWork$1 (C:\GplusApp_backup\node_modules\react-dom\cjs\react-dom.development.js:27490:7)
    at performUnitOfWork (C:\GplusApp_backup\node_modules\react-dom\cjs\react-dom.development.js:26599:12) ReferenceError: LoadingProvider is not defined
    at wrapper [90m(C:\GplusApp_backup\frontend\[39msrc\__tests__\useLoadingIndicator.test.jsx:16:38[90m)[39m
    at renderWithHooks (C:\GplusApp_backup\node_modules\[4mreact-dom[24m\cjs\react-dom.development.js:15486:18)
    at mountIndeterminateComponent (C:\GplusApp_backup\node_modules\[4mreact-dom[24m\cjs\react-dom.development.js:20103:13)
    at beginWork (C:\GplusApp_backup\node_modules\[4mreact-dom[24m\cjs\react-dom.development.js:21626:16)
    at HTMLUnknownElement.callCallback (C:\GplusApp_backup\node_modules\[4mreact-dom[24m\cjs\react-dom.development.js:4164:14)
    at HTMLUnknownElement.callTheUserObjectsOperation (C:\GplusApp_backup\node_modules\[4mjsdom[24m\lib\jsdom\living\generated\EventListener.js:26:30)
    at innerInvokeEventListeners (C:\GplusApp_backup\node_modules\[4mjsdom[24m\lib\jsdom\living\events\EventTarget-impl.js:350:25)
    at invokeEventListeners (C:\GplusApp_backup\node_modules\[4mjsdom[24m\lib\jsdom\living\events\EventTarget-impl.js:286:3)
    at HTMLUnknownElementImpl._dispatch (C:\GplusApp_backup\node_modules\[4mjsdom[24m\lib\jsdom\living\events\EventTarget-impl.js:233:9)
    at HTMLUnknownElementImpl.dispatchEvent (C:\GplusApp_backup\node_modules\[4mjsdom[24m\lib\jsdom\living\events\EventTarget-impl.js:104:17)
Error: Uncaught [ReferenceError: LoadingProvider is not defined]
    at reportException (C:\GplusApp_backup\node_modules\jsdom\lib\jsdom\living\helpers\runtime-script-errors.js:66:24)
    at innerInvokeEventListeners (C:\GplusApp_backup\node_modules\jsdom\lib\jsdom\living\events\EventTarget-impl.js:353:9)
    at invokeEventListeners (C:\GplusApp_backup\node_modules\jsdom\lib\jsdom\living\events\EventTarget-impl.js:286:3)
    at HTMLUnknownElementImpl._dispatch (C:\GplusApp_backup\node_modules\jsdom\lib\jsdom\living\events\EventTarget-impl.js:233:9)
    at HTMLUnknownElementImpl.dispatchEvent (C:\GplusApp_backup\node_modules\jsdom\lib\jsdom\living\events\EventTarget-impl.js:104:17)
    at HTMLUnknownElement.dispatchEvent (C:\GplusApp_backup\node_modules\jsdom\lib\jsdom\living\generated\EventTarget.js:241:34)
    at Object.invokeGuardedCallbackDev (C:\GplusApp_backup\node_modules\react-dom\cjs\react-dom.development.js:4213:16)
    at invokeGuardedCallback (C:\GplusApp_backup\node_modules\react-dom\cjs\react-dom.development.js:4277:31)
    at beginWork$1 (C:\GplusApp_backup\node_modules\react-dom\cjs\react-dom.development.js:27490:7)
    at performUnitOfWork (C:\GplusApp_backup\node_modules\react-dom\cjs\react-dom.development.js:26599:12) ReferenceError: LoadingProvider is not defined
    at wrapper [90m(C:\GplusApp_backup\frontend\[39msrc\__tests__\useLoadingIndicator.test.jsx:16:38[90m)[39m
    at renderWithHooks (C:\GplusApp_backup\node_modules\[4mreact-dom[24m\cjs\react-dom.development.js:15486:18)
    at mountIndeterminateComponent (C:\GplusApp_backup\node_modules\[4mreact-dom[24m\cjs\react-dom.development.js:20103:13)
    at beginWork (C:\GplusApp_backup\node_modules\[4mreact-dom[24m\cjs\react-dom.development.js:21626:16)
    at HTMLUnknownElement.callCallback (C:\GplusApp_backup\node_modules\[4mreact-dom[24m\cjs\react-dom.development.js:4164:14)
    at HTMLUnknownElement.callTheUserObjectsOperation (C:\GplusApp_backup\node_modules\[4mjsdom[24m\lib\jsdom\living\generated\EventListener.js:26:30)
    at innerInvokeEventListeners (C:\GplusApp_backup\node_modules\[4mjsdom[24m\lib\jsdom\living\events\EventTarget-impl.js:350:25)
    at invokeEventListeners (C:\GplusApp_backup\node_modules\[4mjsdom[24m\lib\jsdom\living\events\EventTarget-impl.js:286:3)
    at HTMLUnknownElementImpl._dispatch (C:\GplusApp_backup\node_modules\[4mjsdom[24m\lib\jsdom\living\events\EventTarget-impl.js:233:9)
    at HTMLUnknownElementImpl.dispatchEvent (C:\GplusApp_backup\node_modules\[4mjsdom[24m\lib\jsdom\living\events\EventTarget-impl.js:104:17)
The above error occurred in the &lt;wrapper&gt; component:

    at wrapper (C:\GplusApp_backup\frontend\src\__tests__\useLoadingIndicator.test.jsx:16:22)

Consider adding an error boundary to your tree to customize error handling behavior.
Visit https://reactjs.org/link/error-boundaries to learn more about error boundaries.

            </system-err>
            <failure message="LoadingProvider is not defined" type="ReferenceError">
ReferenceError: LoadingProvider is not defined
 ❯ wrapper src/__tests__/useLoadingIndicator.test.jsx:16:38
 ❯ renderWithHooks ../node_modules/react-dom/cjs/react-dom.development.js:15486:18
 ❯ mountIndeterminateComponent ../node_modules/react-dom/cjs/react-dom.development.js:20103:13
 ❯ beginWork ../node_modules/react-dom/cjs/react-dom.development.js:21626:16
 ❯ beginWork$1 ../node_modules/react-dom/cjs/react-dom.development.js:27465:14
 ❯ performUnitOfWork ../node_modules/react-dom/cjs/react-dom.development.js:26599:12
 ❯ workLoopSync ../node_modules/react-dom/cjs/react-dom.development.js:26505:5
 ❯ renderRootSync ../node_modules/react-dom/cjs/react-dom.development.js:26473:7
 ❯ recoverFromConcurrentError ../node_modules/react-dom/cjs/react-dom.development.js:25889:20
 ❯ performConcurrentWorkOnRoot ../node_modules/react-dom/cjs/react-dom.development.js:25789:22
            </failure>
        </testcase>
        <testcase classname="src/__tests__/useLoadingIndicator.test.jsx" name="useLoadingIndicator Hook &gt; should handle errors in wrapped promises without leaking loading state" time="0.0275823">
            <system-err>
Error: Uncaught [ReferenceError: LoadingProvider is not defined]
    at reportException (C:\GplusApp_backup\node_modules\jsdom\lib\jsdom\living\helpers\runtime-script-errors.js:66:24)
    at innerInvokeEventListeners (C:\GplusApp_backup\node_modules\jsdom\lib\jsdom\living\events\EventTarget-impl.js:353:9)
    at invokeEventListeners (C:\GplusApp_backup\node_modules\jsdom\lib\jsdom\living\events\EventTarget-impl.js:286:3)
    at HTMLUnknownElementImpl._dispatch (C:\GplusApp_backup\node_modules\jsdom\lib\jsdom\living\events\EventTarget-impl.js:233:9)
    at HTMLUnknownElementImpl.dispatchEvent (C:\GplusApp_backup\node_modules\jsdom\lib\jsdom\living\events\EventTarget-impl.js:104:17)
    at HTMLUnknownElement.dispatchEvent (C:\GplusApp_backup\node_modules\jsdom\lib\jsdom\living\generated\EventTarget.js:241:34)
    at Object.invokeGuardedCallbackDev (C:\GplusApp_backup\node_modules\react-dom\cjs\react-dom.development.js:4213:16)
    at invokeGuardedCallback (C:\GplusApp_backup\node_modules\react-dom\cjs\react-dom.development.js:4277:31)
    at beginWork$1 (C:\GplusApp_backup\node_modules\react-dom\cjs\react-dom.development.js:27490:7)
    at performUnitOfWork (C:\GplusApp_backup\node_modules\react-dom\cjs\react-dom.development.js:26599:12) ReferenceError: LoadingProvider is not defined
    at wrapper [90m(C:\GplusApp_backup\frontend\[39msrc\__tests__\useLoadingIndicator.test.jsx:16:38[90m)[39m
    at renderWithHooks (C:\GplusApp_backup\node_modules\[4mreact-dom[24m\cjs\react-dom.development.js:15486:18)
    at mountIndeterminateComponent (C:\GplusApp_backup\node_modules\[4mreact-dom[24m\cjs\react-dom.development.js:20103:13)
    at beginWork (C:\GplusApp_backup\node_modules\[4mreact-dom[24m\cjs\react-dom.development.js:21626:16)
    at HTMLUnknownElement.callCallback (C:\GplusApp_backup\node_modules\[4mreact-dom[24m\cjs\react-dom.development.js:4164:14)
    at HTMLUnknownElement.callTheUserObjectsOperation (C:\GplusApp_backup\node_modules\[4mjsdom[24m\lib\jsdom\living\generated\EventListener.js:26:30)
    at innerInvokeEventListeners (C:\GplusApp_backup\node_modules\[4mjsdom[24m\lib\jsdom\living\events\EventTarget-impl.js:350:25)
    at invokeEventListeners (C:\GplusApp_backup\node_modules\[4mjsdom[24m\lib\jsdom\living\events\EventTarget-impl.js:286:3)
    at HTMLUnknownElementImpl._dispatch (C:\GplusApp_backup\node_modules\[4mjsdom[24m\lib\jsdom\living\events\EventTarget-impl.js:233:9)
    at HTMLUnknownElementImpl.dispatchEvent (C:\GplusApp_backup\node_modules\[4mjsdom[24m\lib\jsdom\living\events\EventTarget-impl.js:104:17)
Error: Uncaught [ReferenceError: LoadingProvider is not defined]
    at reportException (C:\GplusApp_backup\node_modules\jsdom\lib\jsdom\living\helpers\runtime-script-errors.js:66:24)
    at innerInvokeEventListeners (C:\GplusApp_backup\node_modules\jsdom\lib\jsdom\living\events\EventTarget-impl.js:353:9)
    at invokeEventListeners (C:\GplusApp_backup\node_modules\jsdom\lib\jsdom\living\events\EventTarget-impl.js:286:3)
    at HTMLUnknownElementImpl._dispatch (C:\GplusApp_backup\node_modules\jsdom\lib\jsdom\living\events\EventTarget-impl.js:233:9)
    at HTMLUnknownElementImpl.dispatchEvent (C:\GplusApp_backup\node_modules\jsdom\lib\jsdom\living\events\EventTarget-impl.js:104:17)
    at HTMLUnknownElement.dispatchEvent (C:\GplusApp_backup\node_modules\jsdom\lib\jsdom\living\generated\EventTarget.js:241:34)
    at Object.invokeGuardedCallbackDev (C:\GplusApp_backup\node_modules\react-dom\cjs\react-dom.development.js:4213:16)
    at invokeGuardedCallback (C:\GplusApp_backup\node_modules\react-dom\cjs\react-dom.development.js:4277:31)
    at beginWork$1 (C:\GplusApp_backup\node_modules\react-dom\cjs\react-dom.development.js:27490:7)
    at performUnitOfWork (C:\GplusApp_backup\node_modules\react-dom\cjs\react-dom.development.js:26599:12) ReferenceError: LoadingProvider is not defined
    at wrapper [90m(C:\GplusApp_backup\frontend\[39msrc\__tests__\useLoadingIndicator.test.jsx:16:38[90m)[39m
    at renderWithHooks (C:\GplusApp_backup\node_modules\[4mreact-dom[24m\cjs\react-dom.development.js:15486:18)
    at mountIndeterminateComponent (C:\GplusApp_backup\node_modules\[4mreact-dom[24m\cjs\react-dom.development.js:20103:13)
    at beginWork (C:\GplusApp_backup\node_modules\[4mreact-dom[24m\cjs\react-dom.development.js:21626:16)
    at HTMLUnknownElement.callCallback (C:\GplusApp_backup\node_modules\[4mreact-dom[24m\cjs\react-dom.development.js:4164:14)
    at HTMLUnknownElement.callTheUserObjectsOperation (C:\GplusApp_backup\node_modules\[4mjsdom[24m\lib\jsdom\living\generated\EventListener.js:26:30)
    at innerInvokeEventListeners (C:\GplusApp_backup\node_modules\[4mjsdom[24m\lib\jsdom\living\events\EventTarget-impl.js:350:25)
    at invokeEventListeners (C:\GplusApp_backup\node_modules\[4mjsdom[24m\lib\jsdom\living\events\EventTarget-impl.js:286:3)
    at HTMLUnknownElementImpl._dispatch (C:\GplusApp_backup\node_modules\[4mjsdom[24m\lib\jsdom\living\events\EventTarget-impl.js:233:9)
    at HTMLUnknownElementImpl.dispatchEvent (C:\GplusApp_backup\node_modules\[4mjsdom[24m\lib\jsdom\living\events\EventTarget-impl.js:104:17)
The above error occurred in the &lt;wrapper&gt; component:

    at wrapper (C:\GplusApp_backup\frontend\src\__tests__\useLoadingIndicator.test.jsx:16:22)

Consider adding an error boundary to your tree to customize error handling behavior.
Visit https://reactjs.org/link/error-boundaries to learn more about error boundaries.

            </system-err>
            <failure message="LoadingProvider is not defined" type="ReferenceError">
ReferenceError: LoadingProvider is not defined
 ❯ wrapper src/__tests__/useLoadingIndicator.test.jsx:16:38
 ❯ renderWithHooks ../node_modules/react-dom/cjs/react-dom.development.js:15486:18
 ❯ mountIndeterminateComponent ../node_modules/react-dom/cjs/react-dom.development.js:20103:13
 ❯ beginWork ../node_modules/react-dom/cjs/react-dom.development.js:21626:16
 ❯ beginWork$1 ../node_modules/react-dom/cjs/react-dom.development.js:27465:14
 ❯ performUnitOfWork ../node_modules/react-dom/cjs/react-dom.development.js:26599:12
 ❯ workLoopSync ../node_modules/react-dom/cjs/react-dom.development.js:26505:5
 ❯ renderRootSync ../node_modules/react-dom/cjs/react-dom.development.js:26473:7
 ❯ recoverFromConcurrentError ../node_modules/react-dom/cjs/react-dom.development.js:25889:20
 ❯ performConcurrentWorkOnRoot ../node_modules/react-dom/cjs/react-dom.development.js:25789:22
            </failure>
        </testcase>
        <testcase classname="src/__tests__/useLoadingIndicator.test.jsx" name="useLoadingIndicator Hook &gt; should use the provided ID" time="0.021485">
            <system-err>
Error: Uncaught [ReferenceError: LoadingProvider is not defined]
    at reportException (C:\GplusApp_backup\node_modules\jsdom\lib\jsdom\living\helpers\runtime-script-errors.js:66:24)
    at innerInvokeEventListeners (C:\GplusApp_backup\node_modules\jsdom\lib\jsdom\living\events\EventTarget-impl.js:353:9)
    at invokeEventListeners (C:\GplusApp_backup\node_modules\jsdom\lib\jsdom\living\events\EventTarget-impl.js:286:3)
    at HTMLUnknownElementImpl._dispatch (C:\GplusApp_backup\node_modules\jsdom\lib\jsdom\living\events\EventTarget-impl.js:233:9)
    at HTMLUnknownElementImpl.dispatchEvent (C:\GplusApp_backup\node_modules\jsdom\lib\jsdom\living\events\EventTarget-impl.js:104:17)
    at HTMLUnknownElement.dispatchEvent (C:\GplusApp_backup\node_modules\jsdom\lib\jsdom\living\generated\EventTarget.js:241:34)
    at Object.invokeGuardedCallbackDev (C:\GplusApp_backup\node_modules\react-dom\cjs\react-dom.development.js:4213:16)
    at invokeGuardedCallback (C:\GplusApp_backup\node_modules\react-dom\cjs\react-dom.development.js:4277:31)
    at beginWork$1 (C:\GplusApp_backup\node_modules\react-dom\cjs\react-dom.development.js:27490:7)
    at performUnitOfWork (C:\GplusApp_backup\node_modules\react-dom\cjs\react-dom.development.js:26599:12) ReferenceError: LoadingProvider is not defined
    at wrapper [90m(C:\GplusApp_backup\frontend\[39msrc\__tests__\useLoadingIndicator.test.jsx:16:38[90m)[39m
    at renderWithHooks (C:\GplusApp_backup\node_modules\[4mreact-dom[24m\cjs\react-dom.development.js:15486:18)
    at mountIndeterminateComponent (C:\GplusApp_backup\node_modules\[4mreact-dom[24m\cjs\react-dom.development.js:20103:13)
    at beginWork (C:\GplusApp_backup\node_modules\[4mreact-dom[24m\cjs\react-dom.development.js:21626:16)
    at HTMLUnknownElement.callCallback (C:\GplusApp_backup\node_modules\[4mreact-dom[24m\cjs\react-dom.development.js:4164:14)
    at HTMLUnknownElement.callTheUserObjectsOperation (C:\GplusApp_backup\node_modules\[4mjsdom[24m\lib\jsdom\living\generated\EventListener.js:26:30)
    at innerInvokeEventListeners (C:\GplusApp_backup\node_modules\[4mjsdom[24m\lib\jsdom\living\events\EventTarget-impl.js:350:25)
    at invokeEventListeners (C:\GplusApp_backup\node_modules\[4mjsdom[24m\lib\jsdom\living\events\EventTarget-impl.js:286:3)
    at HTMLUnknownElementImpl._dispatch (C:\GplusApp_backup\node_modules\[4mjsdom[24m\lib\jsdom\living\events\EventTarget-impl.js:233:9)
    at HTMLUnknownElementImpl.dispatchEvent (C:\GplusApp_backup\node_modules\[4mjsdom[24m\lib\jsdom\living\events\EventTarget-impl.js:104:17)
Error: Uncaught [ReferenceError: LoadingProvider is not defined]
    at reportException (C:\GplusApp_backup\node_modules\jsdom\lib\jsdom\living\helpers\runtime-script-errors.js:66:24)
    at innerInvokeEventListeners (C:\GplusApp_backup\node_modules\jsdom\lib\jsdom\living\events\EventTarget-impl.js:353:9)
    at invokeEventListeners (C:\GplusApp_backup\node_modules\jsdom\lib\jsdom\living\events\EventTarget-impl.js:286:3)
    at HTMLUnknownElementImpl._dispatch (C:\GplusApp_backup\node_modules\jsdom\lib\jsdom\living\events\EventTarget-impl.js:233:9)
    at HTMLUnknownElementImpl.dispatchEvent (C:\GplusApp_backup\node_modules\jsdom\lib\jsdom\living\events\EventTarget-impl.js:104:17)
    at HTMLUnknownElement.dispatchEvent (C:\GplusApp_backup\node_modules\jsdom\lib\jsdom\living\generated\EventTarget.js:241:34)
    at Object.invokeGuardedCallbackDev (C:\GplusApp_backup\node_modules\react-dom\cjs\react-dom.development.js:4213:16)
    at invokeGuardedCallback (C:\GplusApp_backup\node_modules\react-dom\cjs\react-dom.development.js:4277:31)
    at beginWork$1 (C:\GplusApp_backup\node_modules\react-dom\cjs\react-dom.development.js:27490:7)
    at performUnitOfWork (C:\GplusApp_backup\node_modules\react-dom\cjs\react-dom.development.js:26599:12) ReferenceError: LoadingProvider is not defined
    at wrapper [90m(C:\GplusApp_backup\frontend\[39msrc\__tests__\useLoadingIndicator.test.jsx:16:38[90m)[39m
    at renderWithHooks (C:\GplusApp_backup\node_modules\[4mreact-dom[24m\cjs\react-dom.development.js:15486:18)
    at mountIndeterminateComponent (C:\GplusApp_backup\node_modules\[4mreact-dom[24m\cjs\react-dom.development.js:20103:13)
    at beginWork (C:\GplusApp_backup\node_modules\[4mreact-dom[24m\cjs\react-dom.development.js:21626:16)
    at HTMLUnknownElement.callCallback (C:\GplusApp_backup\node_modules\[4mreact-dom[24m\cjs\react-dom.development.js:4164:14)
    at HTMLUnknownElement.callTheUserObjectsOperation (C:\GplusApp_backup\node_modules\[4mjsdom[24m\lib\jsdom\living\generated\EventListener.js:26:30)
    at innerInvokeEventListeners (C:\GplusApp_backup\node_modules\[4mjsdom[24m\lib\jsdom\living\events\EventTarget-impl.js:350:25)
    at invokeEventListeners (C:\GplusApp_backup\node_modules\[4mjsdom[24m\lib\jsdom\living\events\EventTarget-impl.js:286:3)
    at HTMLUnknownElementImpl._dispatch (C:\GplusApp_backup\node_modules\[4mjsdom[24m\lib\jsdom\living\events\EventTarget-impl.js:233:9)
    at HTMLUnknownElementImpl.dispatchEvent (C:\GplusApp_backup\node_modules\[4mjsdom[24m\lib\jsdom\living\events\EventTarget-impl.js:104:17)
The above error occurred in the &lt;wrapper&gt; component:

    at wrapper (C:\GplusApp_backup\frontend\src\__tests__\useLoadingIndicator.test.jsx:16:22)

Consider adding an error boundary to your tree to customize error handling behavior.
Visit https://reactjs.org/link/error-boundaries to learn more about error boundaries.

            </system-err>
            <failure message="LoadingProvider is not defined" type="ReferenceError">
ReferenceError: LoadingProvider is not defined
 ❯ wrapper src/__tests__/useLoadingIndicator.test.jsx:16:38
 ❯ renderWithHooks ../node_modules/react-dom/cjs/react-dom.development.js:15486:18
 ❯ mountIndeterminateComponent ../node_modules/react-dom/cjs/react-dom.development.js:20103:13
 ❯ beginWork ../node_modules/react-dom/cjs/react-dom.development.js:21626:16
 ❯ beginWork$1 ../node_modules/react-dom/cjs/react-dom.development.js:27465:14
 ❯ performUnitOfWork ../node_modules/react-dom/cjs/react-dom.development.js:26599:12
 ❯ workLoopSync ../node_modules/react-dom/cjs/react-dom.development.js:26505:5
 ❯ renderRootSync ../node_modules/react-dom/cjs/react-dom.development.js:26473:7
 ❯ recoverFromConcurrentError ../node_modules/react-dom/cjs/react-dom.development.js:25889:20
 ❯ performConcurrentWorkOnRoot ../node_modules/react-dom/cjs/react-dom.development.js:25789:22
            </failure>
        </testcase>
        <testcase classname="src/__tests__/useLoadingIndicator.test.jsx" name="useLoadingIndicator Hook &gt; should affect global loading state when global option is true" time="0.0307785">
            <system-err>
Error: Uncaught [ReferenceError: LoadingProvider is not defined]
    at reportException (C:\GplusApp_backup\node_modules\jsdom\lib\jsdom\living\helpers\runtime-script-errors.js:66:24)
    at innerInvokeEventListeners (C:\GplusApp_backup\node_modules\jsdom\lib\jsdom\living\events\EventTarget-impl.js:353:9)
    at invokeEventListeners (C:\GplusApp_backup\node_modules\jsdom\lib\jsdom\living\events\EventTarget-impl.js:286:3)
    at HTMLUnknownElementImpl._dispatch (C:\GplusApp_backup\node_modules\jsdom\lib\jsdom\living\events\EventTarget-impl.js:233:9)
    at HTMLUnknownElementImpl.dispatchEvent (C:\GplusApp_backup\node_modules\jsdom\lib\jsdom\living\events\EventTarget-impl.js:104:17)
    at HTMLUnknownElement.dispatchEvent (C:\GplusApp_backup\node_modules\jsdom\lib\jsdom\living\generated\EventTarget.js:241:34)
    at Object.invokeGuardedCallbackDev (C:\GplusApp_backup\node_modules\react-dom\cjs\react-dom.development.js:4213:16)
    at invokeGuardedCallback (C:\GplusApp_backup\node_modules\react-dom\cjs\react-dom.development.js:4277:31)
    at beginWork$1 (C:\GplusApp_backup\node_modules\react-dom\cjs\react-dom.development.js:27490:7)
    at performUnitOfWork (C:\GplusApp_backup\node_modules\react-dom\cjs\react-dom.development.js:26599:12) ReferenceError: LoadingProvider is not defined
    at wrapper [90m(C:\GplusApp_backup\frontend\[39msrc\__tests__\useLoadingIndicator.test.jsx:16:38[90m)[39m
    at renderWithHooks (C:\GplusApp_backup\node_modules\[4mreact-dom[24m\cjs\react-dom.development.js:15486:18)
    at mountIndeterminateComponent (C:\GplusApp_backup\node_modules\[4mreact-dom[24m\cjs\react-dom.development.js:20103:13)
    at beginWork (C:\GplusApp_backup\node_modules\[4mreact-dom[24m\cjs\react-dom.development.js:21626:16)
    at HTMLUnknownElement.callCallback (C:\GplusApp_backup\node_modules\[4mreact-dom[24m\cjs\react-dom.development.js:4164:14)
    at HTMLUnknownElement.callTheUserObjectsOperation (C:\GplusApp_backup\node_modules\[4mjsdom[24m\lib\jsdom\living\generated\EventListener.js:26:30)
    at innerInvokeEventListeners (C:\GplusApp_backup\node_modules\[4mjsdom[24m\lib\jsdom\living\events\EventTarget-impl.js:350:25)
    at invokeEventListeners (C:\GplusApp_backup\node_modules\[4mjsdom[24m\lib\jsdom\living\events\EventTarget-impl.js:286:3)
    at HTMLUnknownElementImpl._dispatch (C:\GplusApp_backup\node_modules\[4mjsdom[24m\lib\jsdom\living\events\EventTarget-impl.js:233:9)
    at HTMLUnknownElementImpl.dispatchEvent (C:\GplusApp_backup\node_modules\[4mjsdom[24m\lib\jsdom\living\events\EventTarget-impl.js:104:17)
Error: Uncaught [ReferenceError: LoadingProvider is not defined]
    at reportException (C:\GplusApp_backup\node_modules\jsdom\lib\jsdom\living\helpers\runtime-script-errors.js:66:24)
    at innerInvokeEventListeners (C:\GplusApp_backup\node_modules\jsdom\lib\jsdom\living\events\EventTarget-impl.js:353:9)
    at invokeEventListeners (C:\GplusApp_backup\node_modules\jsdom\lib\jsdom\living\events\EventTarget-impl.js:286:3)
    at HTMLUnknownElementImpl._dispatch (C:\GplusApp_backup\node_modules\jsdom\lib\jsdom\living\events\EventTarget-impl.js:233:9)
    at HTMLUnknownElementImpl.dispatchEvent (C:\GplusApp_backup\node_modules\jsdom\lib\jsdom\living\events\EventTarget-impl.js:104:17)
    at HTMLUnknownElement.dispatchEvent (C:\GplusApp_backup\node_modules\jsdom\lib\jsdom\living\generated\EventTarget.js:241:34)
    at Object.invokeGuardedCallbackDev (C:\GplusApp_backup\node_modules\react-dom\cjs\react-dom.development.js:4213:16)
    at invokeGuardedCallback (C:\GplusApp_backup\node_modules\react-dom\cjs\react-dom.development.js:4277:31)
    at beginWork$1 (C:\GplusApp_backup\node_modules\react-dom\cjs\react-dom.development.js:27490:7)
    at performUnitOfWork (C:\GplusApp_backup\node_modules\react-dom\cjs\react-dom.development.js:26599:12) ReferenceError: LoadingProvider is not defined
    at wrapper [90m(C:\GplusApp_backup\frontend\[39msrc\__tests__\useLoadingIndicator.test.jsx:16:38[90m)[39m
    at renderWithHooks (C:\GplusApp_backup\node_modules\[4mreact-dom[24m\cjs\react-dom.development.js:15486:18)
    at mountIndeterminateComponent (C:\GplusApp_backup\node_modules\[4mreact-dom[24m\cjs\react-dom.development.js:20103:13)
    at beginWork (C:\GplusApp_backup\node_modules\[4mreact-dom[24m\cjs\react-dom.development.js:21626:16)
    at HTMLUnknownElement.callCallback (C:\GplusApp_backup\node_modules\[4mreact-dom[24m\cjs\react-dom.development.js:4164:14)
    at HTMLUnknownElement.callTheUserObjectsOperation (C:\GplusApp_backup\node_modules\[4mjsdom[24m\lib\jsdom\living\generated\EventListener.js:26:30)
    at innerInvokeEventListeners (C:\GplusApp_backup\node_modules\[4mjsdom[24m\lib\jsdom\living\events\EventTarget-impl.js:350:25)
    at invokeEventListeners (C:\GplusApp_backup\node_modules\[4mjsdom[24m\lib\jsdom\living\events\EventTarget-impl.js:286:3)
    at HTMLUnknownElementImpl._dispatch (C:\GplusApp_backup\node_modules\[4mjsdom[24m\lib\jsdom\living\events\EventTarget-impl.js:233:9)
    at HTMLUnknownElementImpl.dispatchEvent (C:\GplusApp_backup\node_modules\[4mjsdom[24m\lib\jsdom\living\events\EventTarget-impl.js:104:17)
The above error occurred in the &lt;wrapper&gt; component:

    at wrapper (C:\GplusApp_backup\frontend\src\__tests__\useLoadingIndicator.test.jsx:16:22)

Consider adding an error boundary to your tree to customize error handling behavior.
Visit https://reactjs.org/link/error-boundaries to learn more about error boundaries.

            </system-err>
            <failure message="LoadingProvider is not defined" type="ReferenceError">
ReferenceError: LoadingProvider is not defined
 ❯ wrapper src/__tests__/useLoadingIndicator.test.jsx:16:38
 ❯ renderWithHooks ../node_modules/react-dom/cjs/react-dom.development.js:15486:18
 ❯ mountIndeterminateComponent ../node_modules/react-dom/cjs/react-dom.development.js:20103:13
 ❯ beginWork ../node_modules/react-dom/cjs/react-dom.development.js:21626:16
 ❯ beginWork$1 ../node_modules/react-dom/cjs/react-dom.development.js:27465:14
 ❯ performUnitOfWork ../node_modules/react-dom/cjs/react-dom.development.js:26599:12
 ❯ workLoopSync ../node_modules/react-dom/cjs/react-dom.development.js:26505:5
 ❯ renderRootSync ../node_modules/react-dom/cjs/react-dom.development.js:26473:7
 ❯ recoverFromConcurrentError ../node_modules/react-dom/cjs/react-dom.development.js:25889:20
 ❯ performConcurrentWorkOnRoot ../node_modules/react-dom/cjs/react-dom.development.js:25789:22
            </failure>
        </testcase>
    </testsuite>
    <testsuite name="src/__tests__/useOfflineStatus.test.js" timestamp="2025-10-21T01:29:21.605Z" hostname="DESKTOP-LB24BKB" tests="7" failures="0" errors="0" skipped="0" time="0.1626068">
        <testcase classname="src/__tests__/useOfflineStatus.test.js" name="useOfflineStatus Hook &gt; should initially detect online status from navigator" time="0.0625749">
        </testcase>
        <testcase classname="src/__tests__/useOfflineStatus.test.js" name="useOfflineStatus Hook &gt; should initially detect offline status from navigator" time="0.0092464">
        </testcase>
        <testcase classname="src/__tests__/useOfflineStatus.test.js" name="useOfflineStatus Hook &gt; should respond to online event" time="0.0144986">
        </testcase>
        <testcase classname="src/__tests__/useOfflineStatus.test.js" name="useOfflineStatus Hook &gt; should respond to offline event" time="0.0123521">
        </testcase>
        <testcase classname="src/__tests__/useOfflineStatus.test.js" name="useOfflineStatus Hook &gt; should perform active connection check" time="0.0174899">
        </testcase>
        <testcase classname="src/__tests__/useOfflineStatus.test.js" name="useOfflineStatus Hook &gt; should handle failed connection checks" time="0.0194247">
        </testcase>
        <testcase classname="src/__tests__/useOfflineStatus.test.js" name="useOfflineStatus Hook &gt; should handle fetch errors during connection checks" time="0.0209676">
        </testcase>
    </testsuite>
    <testsuite name="src/__tests__/useToastHandler.test.js" timestamp="2025-10-21T01:29:21.609Z" hostname="DESKTOP-LB24BKB" tests="9" failures="0" errors="0" skipped="0" time="0.2145815">
        <testcase classname="src/__tests__/useToastHandler.test.js" name="useToastHandler &gt; should initialize with correct default values" time="0.0873282">
        </testcase>
        <testcase classname="src/__tests__/useToastHandler.test.js" name="useToastHandler &gt; should call success toast utility" time="0.0315132">
        </testcase>
        <testcase classname="src/__tests__/useToastHandler.test.js" name="useToastHandler &gt; should call error toast utility" time="0.0058146">
        </testcase>
        <testcase classname="src/__tests__/useToastHandler.test.js" name="useToastHandler &gt; should call warning toast utility" time="0.0047212">
        </testcase>
        <testcase classname="src/__tests__/useToastHandler.test.js" name="useToastHandler &gt; should call info toast utility" time="0.0162088">
        </testcase>
        <testcase classname="src/__tests__/useToastHandler.test.js" name="useToastHandler &gt; handleAsync should manage loading state and show appropriate toasts on success" time="0.026027">
        </testcase>
        <testcase classname="src/__tests__/useToastHandler.test.js" name="useToastHandler &gt; handleAsync should manage loading state and not update global error when specified" time="0.0138392">
        </testcase>
        <testcase classname="src/__tests__/useToastHandler.test.js" name="useToastHandler &gt; handleAsync should handle errors and show error toast when not updating global error" time="0.00968">
        </testcase>
        <testcase classname="src/__tests__/useToastHandler.test.js" name="useToastHandler &gt; handleAsync should handle errors with global error context and not show duplicate toast" time="0.011897">
        </testcase>
    </testsuite>
    <testsuite name="src/components/screens/index.test.jsx" timestamp="2025-10-21T01:29:21.613Z" hostname="DESKTOP-LB24BKB" tests="18" failures="15" errors="0" skipped="0" time="0.3503208">
        <testcase classname="src/components/screens/index.test.jsx" name="GPlus Screens Integration &gt; getPickups - loading" time="0.0864606">
            <system-err>
Error: Uncaught [ReferenceError: GenericScreen is not defined]
    at reportException (C:\GplusApp_backup\node_modules\jsdom\lib\jsdom\living\helpers\runtime-script-errors.js:66:24)
    at innerInvokeEventListeners (C:\GplusApp_backup\node_modules\jsdom\lib\jsdom\living\events\EventTarget-impl.js:353:9)
    at invokeEventListeners (C:\GplusApp_backup\node_modules\jsdom\lib\jsdom\living\events\EventTarget-impl.js:286:3)
    at HTMLUnknownElementImpl._dispatch (C:\GplusApp_backup\node_modules\jsdom\lib\jsdom\living\events\EventTarget-impl.js:233:9)
    at HTMLUnknownElementImpl.dispatchEvent (C:\GplusApp_backup\node_modules\jsdom\lib\jsdom\living\events\EventTarget-impl.js:104:17)
    at HTMLUnknownElement.dispatchEvent (C:\GplusApp_backup\node_modules\jsdom\lib\jsdom\living\generated\EventTarget.js:241:34)
    at Object.invokeGuardedCallbackDev (C:\GplusApp_backup\node_modules\react-dom\cjs\react-dom.development.js:4213:16)
    at invokeGuardedCallback (C:\GplusApp_backup\node_modules\react-dom\cjs\react-dom.development.js:4277:31)
    at beginWork$1 (C:\GplusApp_backup\node_modules\react-dom\cjs\react-dom.development.js:27490:7)
    at performUnitOfWork (C:\GplusApp_backup\node_modules\react-dom\cjs\react-dom.development.js:26599:12) ReferenceError: GenericScreen is not defined
    at PickupScreen [90m(C:\GplusApp_backup\frontend\[39msrc\components\screens\PickupScreen.jsx:6:8[90m)[39m
    at renderWithHooks (C:\GplusApp_backup\node_modules\[4mreact-dom[24m\cjs\react-dom.development.js:15486:18)
    at mountIndeterminateComponent (C:\GplusApp_backup\node_modules\[4mreact-dom[24m\cjs\react-dom.development.js:20103:13)
    at beginWork (C:\GplusApp_backup\node_modules\[4mreact-dom[24m\cjs\react-dom.development.js:21626:16)
    at HTMLUnknownElement.callCallback (C:\GplusApp_backup\node_modules\[4mreact-dom[24m\cjs\react-dom.development.js:4164:14)
    at HTMLUnknownElement.callTheUserObjectsOperation (C:\GplusApp_backup\node_modules\[4mjsdom[24m\lib\jsdom\living\generated\EventListener.js:26:30)
    at innerInvokeEventListeners (C:\GplusApp_backup\node_modules\[4mjsdom[24m\lib\jsdom\living\events\EventTarget-impl.js:350:25)
    at invokeEventListeners (C:\GplusApp_backup\node_modules\[4mjsdom[24m\lib\jsdom\living\events\EventTarget-impl.js:286:3)
    at HTMLUnknownElementImpl._dispatch (C:\GplusApp_backup\node_modules\[4mjsdom[24m\lib\jsdom\living\events\EventTarget-impl.js:233:9)
    at HTMLUnknownElementImpl.dispatchEvent (C:\GplusApp_backup\node_modules\[4mjsdom[24m\lib\jsdom\living\events\EventTarget-impl.js:104:17)
Error: Uncaught [ReferenceError: GenericScreen is not defined]
    at reportException (C:\GplusApp_backup\node_modules\jsdom\lib\jsdom\living\helpers\runtime-script-errors.js:66:24)
    at innerInvokeEventListeners (C:\GplusApp_backup\node_modules\jsdom\lib\jsdom\living\events\EventTarget-impl.js:353:9)
    at invokeEventListeners (C:\GplusApp_backup\node_modules\jsdom\lib\jsdom\living\events\EventTarget-impl.js:286:3)
    at HTMLUnknownElementImpl._dispatch (C:\GplusApp_backup\node_modules\jsdom\lib\jsdom\living\events\EventTarget-impl.js:233:9)
    at HTMLUnknownElementImpl.dispatchEvent (C:\GplusApp_backup\node_modules\jsdom\lib\jsdom\living\events\EventTarget-impl.js:104:17)
    at HTMLUnknownElement.dispatchEvent (C:\GplusApp_backup\node_modules\jsdom\lib\jsdom\living\generated\EventTarget.js:241:34)
    at Object.invokeGuardedCallbackDev (C:\GplusApp_backup\node_modules\react-dom\cjs\react-dom.development.js:4213:16)
    at invokeGuardedCallback (C:\GplusApp_backup\node_modules\react-dom\cjs\react-dom.development.js:4277:31)
    at beginWork$1 (C:\GplusApp_backup\node_modules\react-dom\cjs\react-dom.development.js:27490:7)
    at performUnitOfWork (C:\GplusApp_backup\node_modules\react-dom\cjs\react-dom.development.js:26599:12) ReferenceError: GenericScreen is not defined
    at PickupScreen [90m(C:\GplusApp_backup\frontend\[39msrc\components\screens\PickupScreen.jsx:6:8[90m)[39m
    at renderWithHooks (C:\GplusApp_backup\node_modules\[4mreact-dom[24m\cjs\react-dom.development.js:15486:18)
    at mountIndeterminateComponent (C:\GplusApp_backup\node_modules\[4mreact-dom[24m\cjs\react-dom.development.js:20103:13)
    at beginWork (C:\GplusApp_backup\node_modules\[4mreact-dom[24m\cjs\react-dom.development.js:21626:16)
    at HTMLUnknownElement.callCallback (C:\GplusApp_backup\node_modules\[4mreact-dom[24m\cjs\react-dom.development.js:4164:14)
    at HTMLUnknownElement.callTheUserObjectsOperation (C:\GplusApp_backup\node_modules\[4mjsdom[24m\lib\jsdom\living\generated\EventListener.js:26:30)
    at innerInvokeEventListeners (C:\GplusApp_backup\node_modules\[4mjsdom[24m\lib\jsdom\living\events\EventTarget-impl.js:350:25)
    at invokeEventListeners (C:\GplusApp_backup\node_modules\[4mjsdom[24m\lib\jsdom\living\events\EventTarget-impl.js:286:3)
    at HTMLUnknownElementImpl._dispatch (C:\GplusApp_backup\node_modules\[4mjsdom[24m\lib\jsdom\living\events\EventTarget-impl.js:233:9)
    at HTMLUnknownElementImpl.dispatchEvent (C:\GplusApp_backup\node_modules\[4mjsdom[24m\lib\jsdom\living\events\EventTarget-impl.js:104:17)
The above error occurred in the &lt;PickupScreen&gt; component:

    at PickupScreen (C:\GplusApp_backup\frontend\src\components\screens\PickupScreen.jsx:9:5)
    at I18nextProvider (C:\GplusApp_backup\node_modules\react-i18next\index.js:31:28)
    at globalThis.QueryClientProvider (C:\GplusApp_backup\frontend\src\setupTests.js:2950:47)
    at Router (C:\GplusApp_backup\node_modules\react-router\dist\umd\react-router.development.js:1207:17)
    at MemoryRouter (C:\GplusApp_backup\node_modules\react-router\dist\umd\react-router.development.js:1101:7)
    at Wrapper (C:\GplusApp_backup\frontend\src\setupTests.js:105:26)

Consider adding an error boundary to your tree to customize error handling behavior.
Visit https://reactjs.org/link/error-boundaries to learn more about error boundaries.

            </system-err>
            <failure message="GenericScreen is not defined" type="ReferenceError">
ReferenceError: GenericScreen is not defined
 ❯ PickupScreen src/components/screens/PickupScreen.jsx:6:8
 ❯ renderWithHooks ../node_modules/react-dom/cjs/react-dom.development.js:15486:18
 ❯ mountIndeterminateComponent ../node_modules/react-dom/cjs/react-dom.development.js:20103:13
 ❯ beginWork ../node_modules/react-dom/cjs/react-dom.development.js:21626:16
 ❯ beginWork$1 ../node_modules/react-dom/cjs/react-dom.development.js:27465:14
 ❯ performUnitOfWork ../node_modules/react-dom/cjs/react-dom.development.js:26599:12
 ❯ workLoopSync ../node_modules/react-dom/cjs/react-dom.development.js:26505:5
 ❯ renderRootSync ../node_modules/react-dom/cjs/react-dom.development.js:26473:7
 ❯ recoverFromConcurrentError ../node_modules/react-dom/cjs/react-dom.development.js:25889:20
 ❯ performConcurrentWorkOnRoot ../node_modules/react-dom/cjs/react-dom.development.js:25789:22
            </failure>
        </testcase>
        <testcase classname="src/components/screens/index.test.jsx" name="GPlus Screens Integration &gt; getPickups - empty" time="0.0115762">
            <system-err>
Error: Uncaught [ReferenceError: GenericScreen is not defined]
    at reportException (C:\GplusApp_backup\node_modules\jsdom\lib\jsdom\living\helpers\runtime-script-errors.js:66:24)
    at innerInvokeEventListeners (C:\GplusApp_backup\node_modules\jsdom\lib\jsdom\living\events\EventTarget-impl.js:353:9)
    at invokeEventListeners (C:\GplusApp_backup\node_modules\jsdom\lib\jsdom\living\events\EventTarget-impl.js:286:3)
    at HTMLUnknownElementImpl._dispatch (C:\GplusApp_backup\node_modules\jsdom\lib\jsdom\living\events\EventTarget-impl.js:233:9)
    at HTMLUnknownElementImpl.dispatchEvent (C:\GplusApp_backup\node_modules\jsdom\lib\jsdom\living\events\EventTarget-impl.js:104:17)
    at HTMLUnknownElement.dispatchEvent (C:\GplusApp_backup\node_modules\jsdom\lib\jsdom\living\generated\EventTarget.js:241:34)
    at Object.invokeGuardedCallbackDev (C:\GplusApp_backup\node_modules\react-dom\cjs\react-dom.development.js:4213:16)
    at invokeGuardedCallback (C:\GplusApp_backup\node_modules\react-dom\cjs\react-dom.development.js:4277:31)
    at beginWork$1 (C:\GplusApp_backup\node_modules\react-dom\cjs\react-dom.development.js:27490:7)
    at performUnitOfWork (C:\GplusApp_backup\node_modules\react-dom\cjs\react-dom.development.js:26599:12) ReferenceError: GenericScreen is not defined
    at PickupScreen [90m(C:\GplusApp_backup\frontend\[39msrc\components\screens\PickupScreen.jsx:6:8[90m)[39m
    at renderWithHooks (C:\GplusApp_backup\node_modules\[4mreact-dom[24m\cjs\react-dom.development.js:15486:18)
    at mountIndeterminateComponent (C:\GplusApp_backup\node_modules\[4mreact-dom[24m\cjs\react-dom.development.js:20103:13)
    at beginWork (C:\GplusApp_backup\node_modules\[4mreact-dom[24m\cjs\react-dom.development.js:21626:16)
    at HTMLUnknownElement.callCallback (C:\GplusApp_backup\node_modules\[4mreact-dom[24m\cjs\react-dom.development.js:4164:14)
    at HTMLUnknownElement.callTheUserObjectsOperation (C:\GplusApp_backup\node_modules\[4mjsdom[24m\lib\jsdom\living\generated\EventListener.js:26:30)
    at innerInvokeEventListeners (C:\GplusApp_backup\node_modules\[4mjsdom[24m\lib\jsdom\living\events\EventTarget-impl.js:350:25)
    at invokeEventListeners (C:\GplusApp_backup\node_modules\[4mjsdom[24m\lib\jsdom\living\events\EventTarget-impl.js:286:3)
    at HTMLUnknownElementImpl._dispatch (C:\GplusApp_backup\node_modules\[4mjsdom[24m\lib\jsdom\living\events\EventTarget-impl.js:233:9)
    at HTMLUnknownElementImpl.dispatchEvent (C:\GplusApp_backup\node_modules\[4mjsdom[24m\lib\jsdom\living\events\EventTarget-impl.js:104:17)
Error: Uncaught [ReferenceError: GenericScreen is not defined]
    at reportException (C:\GplusApp_backup\node_modules\jsdom\lib\jsdom\living\helpers\runtime-script-errors.js:66:24)
    at innerInvokeEventListeners (C:\GplusApp_backup\node_modules\jsdom\lib\jsdom\living\events\EventTarget-impl.js:353:9)
    at invokeEventListeners (C:\GplusApp_backup\node_modules\jsdom\lib\jsdom\living\events\EventTarget-impl.js:286:3)
    at HTMLUnknownElementImpl._dispatch (C:\GplusApp_backup\node_modules\jsdom\lib\jsdom\living\events\EventTarget-impl.js:233:9)
    at HTMLUnknownElementImpl.dispatchEvent (C:\GplusApp_backup\node_modules\jsdom\lib\jsdom\living\events\EventTarget-impl.js:104:17)
    at HTMLUnknownElement.dispatchEvent (C:\GplusApp_backup\node_modules\jsdom\lib\jsdom\living\generated\EventTarget.js:241:34)
    at Object.invokeGuardedCallbackDev (C:\GplusApp_backup\node_modules\react-dom\cjs\react-dom.development.js:4213:16)
    at invokeGuardedCallback (C:\GplusApp_backup\node_modules\react-dom\cjs\react-dom.development.js:4277:31)
    at beginWork$1 (C:\GplusApp_backup\node_modules\react-dom\cjs\react-dom.development.js:27490:7)
    at performUnitOfWork (C:\GplusApp_backup\node_modules\react-dom\cjs\react-dom.development.js:26599:12) ReferenceError: GenericScreen is not defined
    at PickupScreen [90m(C:\GplusApp_backup\frontend\[39msrc\components\screens\PickupScreen.jsx:6:8[90m)[39m
    at renderWithHooks (C:\GplusApp_backup\node_modules\[4mreact-dom[24m\cjs\react-dom.development.js:15486:18)
    at mountIndeterminateComponent (C:\GplusApp_backup\node_modules\[4mreact-dom[24m\cjs\react-dom.development.js:20103:13)
    at beginWork (C:\GplusApp_backup\node_modules\[4mreact-dom[24m\cjs\react-dom.development.js:21626:16)
    at HTMLUnknownElement.callCallback (C:\GplusApp_backup\node_modules\[4mreact-dom[24m\cjs\react-dom.development.js:4164:14)
    at HTMLUnknownElement.callTheUserObjectsOperation (C:\GplusApp_backup\node_modules\[4mjsdom[24m\lib\jsdom\living\generated\EventListener.js:26:30)
    at innerInvokeEventListeners (C:\GplusApp_backup\node_modules\[4mjsdom[24m\lib\jsdom\living\events\EventTarget-impl.js:350:25)
    at invokeEventListeners (C:\GplusApp_backup\node_modules\[4mjsdom[24m\lib\jsdom\living\events\EventTarget-impl.js:286:3)
    at HTMLUnknownElementImpl._dispatch (C:\GplusApp_backup\node_modules\[4mjsdom[24m\lib\jsdom\living\events\EventTarget-impl.js:233:9)
    at HTMLUnknownElementImpl.dispatchEvent (C:\GplusApp_backup\node_modules\[4mjsdom[24m\lib\jsdom\living\events\EventTarget-impl.js:104:17)
The above error occurred in the &lt;PickupScreen&gt; component:

    at PickupScreen (C:\GplusApp_backup\frontend\src\components\screens\PickupScreen.jsx:9:5)
    at I18nextProvider (C:\GplusApp_backup\node_modules\react-i18next\index.js:31:28)
    at globalThis.QueryClientProvider (C:\GplusApp_backup\frontend\src\setupTests.js:2950:47)
    at Router (C:\GplusApp_backup\node_modules\react-router\dist\umd\react-router.development.js:1207:17)
    at MemoryRouter (C:\GplusApp_backup\node_modules\react-router\dist\umd\react-router.development.js:1101:7)
    at Wrapper (C:\GplusApp_backup\frontend\src\setupTests.js:105:26)

Consider adding an error boundary to your tree to customize error handling behavior.
Visit https://reactjs.org/link/error-boundaries to learn more about error boundaries.

            </system-err>
            <failure message="GenericScreen is not defined" type="ReferenceError">
ReferenceError: GenericScreen is not defined
 ❯ PickupScreen src/components/screens/PickupScreen.jsx:6:8
 ❯ renderWithHooks ../node_modules/react-dom/cjs/react-dom.development.js:15486:18
 ❯ mountIndeterminateComponent ../node_modules/react-dom/cjs/react-dom.development.js:20103:13
 ❯ beginWork ../node_modules/react-dom/cjs/react-dom.development.js:21626:16
 ❯ beginWork$1 ../node_modules/react-dom/cjs/react-dom.development.js:27465:14
 ❯ performUnitOfWork ../node_modules/react-dom/cjs/react-dom.development.js:26599:12
 ❯ workLoopSync ../node_modules/react-dom/cjs/react-dom.development.js:26505:5
 ❯ renderRootSync ../node_modules/react-dom/cjs/react-dom.development.js:26473:7
[...]
        <testcase classname="src/screens/__tests__/PointsScreen.test.jsx" name="PointsScreen &gt; shows error message when API call fails" time="1.0376102">
            <failure message="Unable to find an element by: [data-testid=&quot;error&quot;]

Ignored nodes: comments, script, style
[36m&lt;body&gt;[39m
  [36m&lt;div&gt;[39m
    [36m&lt;div[39m
      [33mdata-testid[39m=[32m&quot;stub-PointsScreen&quot;[39m
    [36m/&gt;[39m
  [36m&lt;/div&gt;[39m
[36m&lt;/body&gt;[39m

Ignored nodes: comments, script, style
[36m&lt;html&gt;[39m
  [36m&lt;head /&gt;[39m
  [36m&lt;body&gt;[39m
    [36m&lt;div&gt;[39m
      [36m&lt;div[39m
        [33mdata-testid[39m=[32m&quot;stub-PointsScreen&quot;[39m
      [36m/&gt;[39m
    [36m&lt;/div&gt;[39m
  [36m&lt;/body&gt;[39m
[36m&lt;/html&gt;[39m" type="TestingLibraryElementError">
TestingLibraryElementError: Unable to find an element by: [data-testid=&quot;error&quot;]

Ignored nodes: comments, script, style
&lt;body&gt;
  &lt;div&gt;
    &lt;div
      data-testid=&quot;stub-PointsScreen&quot;
    /&gt;
  &lt;/div&gt;
&lt;/body&gt;

Ignored nodes: comments, script, style
&lt;html&gt;
  &lt;head /&gt;
  &lt;body&gt;
    &lt;div&gt;
      &lt;div
        data-testid=&quot;stub-PointsScreen&quot;
      /&gt;
    &lt;/div&gt;
  &lt;/body&gt;
&lt;/html&gt;
 ❯ Proxy.waitForWrapper ../node_modules/@testing-library/react/node_modules/@testing-library/dom/dist/wait-for.js:163:27
 ❯ src/screens/__tests__/PointsScreen.test.jsx:46:11
            </failure>
        </testcase>
    </testsuite>
    <testsuite name="src/screens/__tests__/RequestPickupScreen.test.jsx" timestamp="2025-10-21T01:29:21.896Z" hostname="DESKTOP-LB24BKB" tests="2" failures="2" errors="0" skipped="0" time="0.0139851">
        <testcase classname="src/screens/__tests__/RequestPickupScreen.test.jsx" name="RequestPickupScreen &gt; shows success message after successful request" time="0.0070238">
            <failure message="RequestPickupScreen is not defined" type="ReferenceError">
ReferenceError: RequestPickupScreen is not defined
 ❯ src/screens/__tests__/RequestPickupScreen.test.jsx:26:13
            </failure>
        </testcase>
        <testcase classname="src/screens/__tests__/RequestPickupScreen.test.jsx" name="RequestPickupScreen &gt; allows requesting another pickup after success" time="0.0019244">
            <failure message="RequestPickupScreen is not defined" type="ReferenceError">
ReferenceError: RequestPickupScreen is not defined
 ❯ src/screens/__tests__/RequestPickupScreen.test.jsx:53:13
            </failure>
        </testcase>
    </testsuite>
    <testsuite name="src/services/__tests__/analyticsService.test.js" timestamp="2025-10-21T01:29:21.899Z" hostname="DESKTOP-LB24BKB" tests="7" failures="4" errors="0" skipped="0" time="0.0665638">
        <testcase classname="src/services/__tests__/analyticsService.test.js" name="Analytics Service &gt; Development Environment &gt; logs page_view events to console in development" time="0.0294078">
            <system-out>
Analytics Event: {
  eventType: [32m&apos;page_view&apos;[39m,
  pageName: [32m&apos;HomePage&apos;[39m,
  path: [32m&apos;/home&apos;[39m,
  sessionId: [32m&apos;session_1761010077859_soojm99&apos;[39m,
  userAgent: [32m&apos;Mozilla/5.0 Test UserAgent&apos;[39m,
  screenSize: [32m&apos;1920x1080&apos;[39m,
  timestamp: [32m&apos;2023-01-01T12:00:00.000Z&apos;[39m
}

            </system-out>
            <failure message="expected &quot;spy&quot; to be called with arguments: [ &apos;Analytics Event:&apos;, …(1) ][90m

Number of calls: [1m0[22m
[39m" type="AssertionError">
AssertionError: expected &quot;spy&quot; to be called with arguments: [ &apos;Analytics Event:&apos;, …(1) ]

Number of calls: 0

 ❯ src/services/__tests__/analyticsService.test.js:86:27
            </failure>
        </testcase>
        <testcase classname="src/services/__tests__/analyticsService.test.js" name="Analytics Service &gt; Development Environment &gt; logs user_action events to console in development" time="0.0068606">
            <system-out>
Analytics Event: {
  eventType: [32m&apos;user_action&apos;[39m,
  category: [32m&apos;Button&apos;[39m,
  action: [32m&apos;Click&apos;[39m,
  label: [32m&apos;Submit Form&apos;[39m,
  value: [33m1[39m,
  sessionId: [32m&apos;session_1761010077859_soojm99&apos;[39m,
  userAgent: [32m&apos;Mozilla/5.0 Test UserAgent&apos;[39m,
  screenSize: [32m&apos;1920x1080&apos;[39m,
  timestamp: [32m&apos;2023-01-01T12:00:00.000Z&apos;[39m
}

            </system-out>
            <failure message="expected &quot;spy&quot; to be called with arguments: [ &apos;Analytics Event:&apos;, …(1) ][90m

Number of calls: [1m0[22m
[39m" type="AssertionError">
AssertionError: expected &quot;spy&quot; to be called with arguments: [ &apos;Analytics Event:&apos;, …(1) ]

Number of calls: 0

 ❯ src/services/__tests__/analyticsService.test.js:106:27
            </failure>
        </testcase>
        <testcase classname="src/services/__tests__/analyticsService.test.js" name="Analytics Service &gt; Development Environment &gt; logs error events to console in development" time="0.0045167">
            <system-out>
Analytics Event: {
  eventType: [32m&apos;error&apos;[39m,
  errorMessage: [32m&apos;API Connection Failed&apos;[39m,
  errorSource: [32m&apos;NetworkService&apos;[39m,
  isFatal: [33mtrue[39m,
  sessionId: [32m&apos;session_1761010077859_soojm99&apos;[39m,
  userAgent: [32m&apos;Mozilla/5.0 Test UserAgent&apos;[39m,
  screenSize: [32m&apos;1920x1080&apos;[39m,
  timestamp: [32m&apos;2023-01-01T12:00:00.000Z&apos;[39m
}

            </system-out>
            <failure message="expected &quot;spy&quot; to be called with arguments: [ &apos;Analytics Event:&apos;, …(1) ][90m

Number of calls: [1m0[22m
[39m" type="AssertionError">
AssertionError: expected &quot;spy&quot; to be called with arguments: [ &apos;Analytics Event:&apos;, …(1) ]

Number of calls: 0

 ❯ src/services/__tests__/analyticsService.test.js:127:27
            </failure>
        </testcase>
        <testcase classname="src/services/__tests__/analyticsService.test.js" name="Analytics Service &gt; Development Environment &gt; logs performance events to console in development" time="0.0044612">
            <system-out>
Analytics Event: {
  eventType: [32m&apos;performance&apos;[39m,
  metric: [32m&apos;pageLoadTime&apos;[39m,
  value: [33m1200[39m,
  sessionId: [32m&apos;session_1761010077859_soojm99&apos;[39m,
  userAgent: [32m&apos;Mozilla/5.0 Test UserAgent&apos;[39m,
  screenSize: [32m&apos;1920x1080&apos;[39m,
  timestamp: [32m&apos;2023-01-01T12:00:00.000Z&apos;[39m
}

            </system-out>
            <failure message="expected &quot;spy&quot; to be called with arguments: [ &apos;Analytics Event:&apos;, …(1) ][90m

Number of calls: [1m0[22m
[39m" type="AssertionError">
AssertionError: expected &quot;spy&quot; to be called with arguments: [ &apos;Analytics Event:&apos;, …(1) ]

Number of calls: 0

 ❯ src/services/__tests__/analyticsService.test.js:147:27
            </failure>
        </testcase>
        <testcase classname="src/services/__tests__/analyticsService.test.js" name="Analytics Service &gt; Production Environment &gt; sends page_view events to server in production" time="0.0083634">
        </testcase>
        <testcase classname="src/services/__tests__/analyticsService.test.js" name="Analytics Service &gt; Production Environment &gt; handles errors when sending analytics in production" time="0.0026663">
        </testcase>
        <testcase classname="src/services/__tests__/analyticsService.test.js" name="Analytics Service &gt; Production Environment &gt; sends user_action events to server in production" time="0.00503">
        </testcase>
    </testsuite>
    <testsuite name="src/services/__tests__/api.test.js" timestamp="2025-10-21T01:29:21.908Z" hostname="DESKTOP-LB24BKB" tests="10" failures="0" errors="0" skipped="0" time="0.1360001">
        <testcase classname="src/services/__tests__/api.test.js" name="API Service &gt; Axios Instance Configuration &gt; installs handlers which are functions" time="0.0618965">
        </testcase>
        <testcase classname="src/services/__tests__/api.test.js" name="API Service &gt; Axios Instance Configuration &gt; sets authorization header when token exists" time="0.0090571">
        </testcase>
        <testcase classname="src/services/__tests__/api.test.js" name="API Service &gt; Axios Instance Configuration &gt; does not set authorization header when token does not exist" time="0.0033682">
        </testcase>
        <testcase classname="src/services/__tests__/api.test.js" name="API Service &gt; Axios Instance Configuration &gt; extracts data from successful responses" time="0.0047834">
        </testcase>
        <testcase classname="src/services/__tests__/api.test.js" name="API Service &gt; Axios Instance Configuration &gt; shows toast for non-401 errors" time="0.0223568">
            <system-out>
API: responseErrorHandler called with [33m500[39m
API: about to import toast wrapper, msg= Server error

API: called toast wrapper

API: responseErrorHandler called toast.error with Server error

            </system-out>
        </testcase>
        <testcase classname="src/services/__tests__/api.test.js" name="API Service &gt; Axios Instance Configuration &gt; dispatches auth-error event for 401 errors" time="0.0122039">
            <system-out>
API: responseErrorHandler called with [33m401[39m

            </system-out>
        </testcase>
        <testcase classname="src/services/__tests__/api.test.js" name="API Service &gt; Axios Instance Configuration &gt; uses default error message when detail is not provided" time="0.0062604">
            <system-out>
API: responseErrorHandler called with [33m500[39m
API: about to import toast wrapper, msg= errors.generalError

API: called toast wrapper

API: responseErrorHandler called toast.error with errors.generalError

            </system-out>
        </testcase>
        <testcase classname="src/services/__tests__/api.test.js" name="API Service &gt; API Methods &gt; getPickups calls the correct endpoint" time="0.0040526">
        </testcase>
        <testcase classname="src/services/__tests__/api.test.js" name="API Service &gt; API Methods &gt; createPickup calls the correct endpoint with data" time="0.0039621">
        </testcase>
        <testcase classname="src/services/__tests__/api.test.js" name="API Service &gt; API Methods &gt; getCompanies calls the correct endpoint" time="0.0021016">
        </testcase>
    </testsuite>
    <testsuite name="src/services/__tests__/websocket.service.test.js" timestamp="2025-10-21T01:29:21.913Z" hostname="DESKTOP-LB24BKB" tests="8" failures="0" errors="0" skipped="0" time="0.0783783">
        <testcase classname="src/services/__tests__/websocket.service.test.js" name="WebSocketService &gt; initializes with empty listeners" time="0.0140283">
        </testcase>
        <testcase classname="src/services/__tests__/websocket.service.test.js" name="WebSocketService &gt; connects to WebSocket with token and connection ID" time="0.0116913">
        </testcase>
        <testcase classname="src/services/__tests__/websocket.service.test.js" name="WebSocketService &gt; generates new connection ID if none exists" time="0.0111957">
        </testcase>
        <testcase classname="src/services/__tests__/websocket.service.test.js" name="WebSocketService &gt; sets up ping interval on connection" time="0.008233">
        </testcase>
        <testcase classname="src/services/__tests__/websocket.service.test.js" name="WebSocketService &gt; processes incoming messages and notifies listeners" time="0.0092541">
        </testcase>
        <testcase classname="src/services/__tests__/websocket.service.test.js" name="WebSocketService &gt; handles connection close and attempts reconnection" time="0.0040997">
        </testcase>
        <testcase classname="src/services/__tests__/websocket.service.test.js" name="WebSocketService &gt; disconnects and cleans up properly" time="0.0040732">
        </testcase>
        <testcase classname="src/services/__tests__/websocket.service.test.js" name="WebSocketService &gt; provides unsubscribe function when registering listeners" time="0.0097765">
        </testcase>
    </testsuite>
    <testsuite name="src/utils/__tests__/lazyLoad.test.jsx" timestamp="2025-10-21T01:29:21.916Z" hostname="DESKTOP-LB24BKB" tests="2" failures="0" errors="0" skipped="0" time="0.1416145">
        <testcase classname="src/utils/__tests__/lazyLoad.test.jsx" name="lazyLoad Utility &gt; renders a loading fallback initially and then the component" time="0.1179557">
        </testcase>
        <testcase classname="src/utils/__tests__/lazyLoad.test.jsx" name="lazyLoad Utility &gt; renders a custom fallback if provided" time="0.0183419">
        </testcase>
    </testsuite>
    <testsuite name="src/components/dashboard/__tests__/ApiPerformanceCard.test.jsx" timestamp="2025-10-21T01:29:21.917Z" hostname="DESKTOP-LB24BKB" tests="3" failures="0" errors="0" skipped="0" time="0.4576793">
        <testcase classname="src/components/dashboard/__tests__/ApiPerformanceCard.test.jsx" name="ApiPerformanceCard &gt; renders skeleton when no data is provided" time="0.2213336">
        </testcase>
        <testcase classname="src/components/dashboard/__tests__/ApiPerformanceCard.test.jsx" name="ApiPerformanceCard &gt; renders API performance data correctly" time="0.1018132">
        </testcase>
        <testcase classname="src/components/dashboard/__tests__/ApiPerformanceCard.test.jsx" name="ApiPerformanceCard &gt; applies correct color coding to performance metrics" time="0.1218028">
        </testcase>
    </testsuite>
    <testsuite name="src/components/dashboard/__tests__/MemoryUsageCard.test.jsx" timestamp="2025-10-21T01:29:21.918Z" hostname="DESKTOP-LB24BKB" tests="4" failures="0" errors="0" skipped="0" time="0.2522372">
        <testcase classname="src/components/dashboard/__tests__/MemoryUsageCard.test.jsx" name="MemoryUsageCard &gt; renders skeleton when no data is provided" time="0.102716">
        </testcase>
        <testcase classname="src/components/dashboard/__tests__/MemoryUsageCard.test.jsx" name="MemoryUsageCard &gt; renders memory usage data correctly" time="0.0711647">
        </testcase>
        <testcase classname="src/components/dashboard/__tests__/MemoryUsageCard.test.jsx" name="MemoryUsageCard &gt; applies correct color based on pressure level" time="0.0490112">
        </testcase>
        <testcase classname="src/components/dashboard/__tests__/MemoryUsageCard.test.jsx" name="MemoryUsageCard &gt; applies correct trend direction styling" time="0.023912">
        </testcase>
    </testsuite>
    <testsuite name="src/components/dashboard/__tests__/PerformanceDashboard.test.jsx" timestamp="2025-10-21T01:29:21.920Z" hostname="DESKTOP-LB24BKB" tests="3" failures="0" errors="0" skipped="0" time="0.4327873">
        <testcase classname="src/components/dashboard/__tests__/PerformanceDashboard.test.jsx" name="PerformanceDashboard &gt; renders loading state initially" time="0.080804">
        </testcase>
        <testcase classname="src/components/dashboard/__tests__/PerformanceDashboard.test.jsx" name="PerformanceDashboard &gt; renders dashboard with metrics data when loaded" time="0.3036586">
        </testcase>
        <testcase classname="src/components/dashboard/__tests__/PerformanceDashboard.test.jsx" name="PerformanceDashboard &gt; renders error state when API calls fail" time="0.0420237">
            <system-err>
Error loading metrics: Error: Failed to load Redis metrics
    at [90mC:\GplusApp_backup\frontend\[39msrc\components\dashboard\__tests__\PerformanceDashboard.test.jsx:153:56
    at file:///C:/GplusApp_backup/node_modules/[4m@vitest[24m/runner/dist/chunk-hooks.js:155:11
    at file:///C:/GplusApp_backup/node_modules/[4m@vitest[24m/runner/dist/chunk-hooks.js:752:26
    at file:///C:/GplusApp_backup/node_modules/[4m@vitest[24m/runner/dist/chunk-hooks.js:1897:20
    at new Promise (&lt;anonymous&gt;)
    at runWithTimeout (file:///C:/GplusApp_backup/node_modules/[4m@vitest[24m/runner/dist/chunk-hooks.js:1863:10)
    at runTest (file:///C:/GplusApp_backup/node_modules/[4m@vitest[24m/runner/dist/chunk-hooks.js:1574:12)
    at runSuite (file:///C:/GplusApp_backup/node_modules/[4m@vitest[24m/runner/dist/chunk-hooks.js:1729:8)
    at runSuite (file:///C:/GplusApp_backup/node_modules/[4m@vitest[24m/runner/dist/chunk-hooks.js:1729:8)
    at runFiles (file:///C:/GplusApp_backup/node_modules/[4m@vitest[24m/runner/dist/chunk-hooks.js:1787:3)

            </system-err>
        </testcase>
    </testsuite>
    <testsuite name="src/components/dashboard/cards/__tests__/ApiPerformanceCard.test.jsx" timestamp="2025-10-21T01:29:21.922Z" hostname="DESKTOP-LB24BKB" tests="4" failures="0" errors="0" skipped="0" time="0.2976204">
        <testcase classname="src/components/dashboard/cards/__tests__/ApiPerformanceCard.test.jsx" name="ApiPerformanceCard &gt; renders skeleton when data is not provided" time="0.1244267">
        </testcase>
        <testcase classname="src/components/dashboard/cards/__tests__/ApiPerformanceCard.test.jsx" name="ApiPerformanceCard &gt; renders with data properly" time="0.0806018">
        </testcase>
        <testcase classname="src/components/dashboard/cards/__tests__/ApiPerformanceCard.test.jsx" name="ApiPerformanceCard &gt; renders top endpoints section" time="0.041277">
        </testcase>
        <testcase classname="src/components/dashboard/cards/__tests__/ApiPerformanceCard.test.jsx" name="ApiPerformanceCard &gt; applies correct styling based on metric values" time="0.0373381">
        </testcase>
    </testsuite>
    <testsuite name="src/components/dashboard/cards/__tests__/KeyPatternCard.test.jsx" timestamp="2025-10-21T01:29:21.924Z" hostname="DESKTOP-LB24BKB" tests="4" failures="0" errors="0" skipped="0" time="0.3059767">
        <testcase classname="src/components/dashboard/cards/__tests__/KeyPatternCard.test.jsx" name="KeyPatternCard &gt; renders skeleton when data is not provided" time="0.0992556">
        </testcase>
        <testcase classname="src/components/dashboard/cards/__tests__/KeyPatternCard.test.jsx" name="KeyPatternCard &gt; renders with data properly" time="0.0821432">
        </testcase>
        <testcase classname="src/components/dashboard/cards/__tests__/KeyPatternCard.test.jsx" name="KeyPatternCard &gt; displays summary information correctly" time="0.0338519">
        </testcase>
        <testcase classname="src/components/dashboard/cards/__tests__/KeyPatternCard.test.jsx" name="KeyPatternCard &gt; formats pattern names correctly" time="0.0848651">
        </testcase>
    </testsuite>
    <testsuite name="src/components/dashboard/cards/__tests__/SystemHealthCard.test.jsx" timestamp="2025-10-21T01:29:21.926Z" hostname="DESKTOP-LB24BKB" tests="5" failures="0" errors="0" skipped="0" time="0.3721446">
        <testcase classname="src/components/dashboard/cards/__tests__/SystemHealthCard.test.jsx" name="SystemHealthCard &gt; renders skeleton when data is not provided" time="0.110177">
        </testcase>
        <testcase classname="src/components/dashboard/cards/__tests__/SystemHealthCard.test.jsx" name="SystemHealthCard &gt; renders with data properly" time="0.0794314">
        </testcase>
        <testcase classname="src/components/dashboard/cards/__tests__/SystemHealthCard.test.jsx" name="SystemHealthCard &gt; displays correct status indicators" time="0.0341557">
        </testcase>
        <testcase classname="src/components/dashboard/cards/__tests__/SystemHealthCard.test.jsx" name="SystemHealthCard &gt; displays service metrics correctly" time="0.1023648">
        </testcase>
        <testcase classname="src/components/dashboard/cards/__tests__/SystemHealthCard.test.jsx" name="SystemHealthCard &gt; displays service status text correctly" time="0.0377051">
        </testcase>
    </testsuite>
</testsuites>
