<?xml version="1.0" encoding="UTF-8" ?>
<testsuites name="vitest tests" tests="38" failures="0" errors="0" time="3.1558276">
    <testsuite name="src/__tests__/ErrorContext.test.jsx" timestamp="2025-10-18T13:52:29.680Z" hostname="DESKTOP-LB24BKB" tests="5" failures="0" errors="0" skipped="0" time="0.2022298">
        <testcase classname="src/__tests__/ErrorContext.test.jsx" name="ErrorContext &gt; should throw error when used outside of provider" time="0.080099">
        </testcase>
        <testcase classname="src/__tests__/ErrorContext.test.jsx" name="ErrorContext &gt; should initialize with null error state" time="0.0292896">
        </testcase>
        <testcase classname="src/__tests__/ErrorContext.test.jsx" name="ErrorContext &gt; should set error when setError is called" time="0.0446863">
        </testcase>
        <testcase classname="src/__tests__/ErrorContext.test.jsx" name="ErrorContext &gt; should clear error when clearError is called" time="0.0248412">
        </testcase>
        <testcase classname="src/__tests__/ErrorContext.test.jsx" name="ErrorContext &gt; should set error when async operation fails" time="0.0183284">
        </testcase>
    </testsuite>
    <testsuite name="src/__tests__/useLoadingIndicator.test.js" timestamp="2025-10-18T13:52:29.686Z" hostname="DESKTOP-LB24BKB" tests="5" failures="0" errors="0" skipped="0" time="0.1092973">
        <testcase classname="src/__tests__/useLoadingIndicator.test.js" name="useLoadingIndicator Hook &gt; should start and stop loading" time="0.0518234">
        </testcase>
        <testcase classname="src/__tests__/useLoadingIndicator.test.js" name="useLoadingIndicator Hook &gt; should wrap a promise with loading state" time="0.0222749">
        </testcase>
        <testcase classname="src/__tests__/useLoadingIndicator.test.js" name="useLoadingIndicator Hook &gt; should handle errors in wrapped promises without leaking loading state" time="0.009009">
        </testcase>
        <testcase classname="src/__tests__/useLoadingIndicator.test.js" name="useLoadingIndicator Hook &gt; should use the provided ID" time="0.0057307">
        </testcase>
        <testcase classname="src/__tests__/useLoadingIndicator.test.js" name="useLoadingIndicator Hook &gt; should affect global loading state when global option is true" time="0.0159069">
        </testcase>
    </testsuite>
    <testsuite name="src/__tests__/useLoadingIndicator.test.jsx" timestamp="2025-10-18T13:52:29.691Z" hostname="DESKTOP-LB24BKB" tests="5" failures="0" errors="0" skipped="0" time="0.3759084">
        <testcase classname="src/__tests__/useLoadingIndicator.test.jsx" name="useLoadingIndicator Hook &gt; should start and stop loading" time="0.0759303">
        </testcase>
        <testcase classname="src/__tests__/useLoadingIndicator.test.jsx" name="useLoadingIndicator Hook &gt; should wrap a promise with loading state" time="0.2388563">
        </testcase>
        <testcase classname="src/__tests__/useLoadingIndicator.test.jsx" name="useLoadingIndicator Hook &gt; should handle errors in wrapped promises without leaking loading state" time="0.0339702">
            <system-err>
[unhandledRejection] Rethrowing unexpected rejection: Error: Test error
    at [90mC:\GplusApp_backup\frontend\[39msrc\__tests__\useLoadingIndicator.test.jsx:102:18
    at C:\GplusApp_backup\node_modules\[4m@testing-library[24m\react\dist\act-compat.js:48:24
    at act (C:\GplusApp_backup\node_modules\[4mreact[24m\cjs\react.development.js:2512:16)
    at C:\GplusApp_backup\node_modules\[4m@testing-library[24m\react\dist\act-compat.js:47:25
    at [90mC:\GplusApp_backup\frontend\[39msrc\__tests__\useLoadingIndicator.test.jsx:101:5
    at file:///C:/GplusApp_backup/node_modules/[4m@vitest[24m/runner/dist/chunk-hooks.js:155:11
    at file:///C:/GplusApp_backup/node_modules/[4m@vitest[24m/runner/dist/chunk-hooks.js:752:26
    at file:///C:/GplusApp_backup/node_modules/[4m@vitest[24m/runner/dist/chunk-hooks.js:1897:20
    at new Promise (&lt;anonymous&gt;)
    at runWithTimeout (file:///C:/GplusApp_backup/node_modules/[4m@vitest[24m/runner/dist/chunk-hooks.js:1863:10)

            </system-err>
        </testcase>
        <testcase classname="src/__tests__/useLoadingIndicator.test.jsx" name="useLoadingIndicator Hook &gt; should use the provided ID" time="0.0048333">
        </testcase>
        <testcase classname="src/__tests__/useLoadingIndicator.test.jsx" name="useLoadingIndicator Hook &gt; should affect global loading state when global option is true" time="0.0162999">
        </testcase>
    </testsuite>
    <testsuite name="src/components/screens/index.test.jsx" timestamp="2025-10-18T13:52:29.695Z" hostname="DESKTOP-LB24BKB" tests="18" failures="0" errors="0" skipped="0" time="0.3986622">
        <testcase classname="src/components/screens/index.test.jsx" name="GPlus Screens Integration &gt; getPickups - loading" time="0.0933949">
        </testcase>
        <testcase classname="src/components/screens/index.test.jsx" name="GPlus Screens Integration &gt; getPickups - empty" time="0.0410901">
        </testcase>
        <testcase classname="src/components/screens/index.test.jsx" name="GPlus Screens Integration &gt; getPickups - error" time="0.0416634">
        </testcase>
        <testcase classname="src/components/screens/index.test.jsx" name="GPlus Screens Integration &gt; getPickupSchedule - loading" time="0.0112155">
        </testcase>
        <testcase classname="src/components/screens/index.test.jsx" name="GPlus Screens Integration &gt; getPickupSchedule - empty" time="0.0259262">
        </testcase>
        <testcase classname="src/components/screens/index.test.jsx" name="GPlus Screens Integration &gt; getPickupSchedule - error" time="0.017976">
        </testcase>
        <testcase classname="src/components/screens/index.test.jsx" name="GPlus Screens Integration &gt; getVehicles - loading" time="0.0062022">
        </testcase>
        <testcase classname="src/components/screens/index.test.jsx" name="GPlus Screens Integration &gt; getVehicles - empty" time="0.0290882">
        </testcase>
        <testcase classname="src/components/screens/index.test.jsx" name="GPlus Screens Integration &gt; getVehicles - error" time="0.0268736">
        </testcase>
        <testcase classname="src/components/screens/index.test.jsx" name="GPlus Screens Integration &gt; getPoints - loading" time="0.0091854">
        </testcase>
        <testcase classname="src/components/screens/index.test.jsx" name="GPlus Screens Integration &gt; getPoints - empty" time="0.0116914">
        </testcase>
        <testcase classname="src/components/screens/index.test.jsx" name="GPlus Screens Integration &gt; getPoints - error" time="0.0166121">
        </testcase>
        <testcase classname="src/components/screens/index.test.jsx" name="GPlus Screens Integration &gt; getCompanies - loading" time="0.0055558">
        </testcase>
        <testcase classname="src/components/screens/index.test.jsx" name="GPlus Screens Integration &gt; getCompanies - empty" time="0.0091144">
        </testcase>
        <testcase classname="src/components/screens/index.test.jsx" name="GPlus Screens Integration &gt; getCompanies - error" time="0.0159043">
        </testcase>
        <testcase classname="src/components/screens/index.test.jsx" name="GPlus Screens Integration &gt; getPaymentMethods - loading" time="0.0078869">
        </testcase>
        <testcase classname="src/components/screens/index.test.jsx" name="GPlus Screens Integration &gt; getPaymentMethods - empty" time="0.0075479">
        </testcase>
        <testcase classname="src/components/screens/index.test.jsx" name="GPlus Screens Integration &gt; getPaymentMethods - error" time="0.015764">
        </testcase>
    </testsuite>
    <testsuite name="src/components/__tests__/Login.test.jsx" timestamp="2025-10-18T13:52:29.705Z" hostname="DESKTOP-LB24BKB" tests="5" failures="0" errors="0" skipped="0" time="2.0697299">
        <testcase classname="src/components/__tests__/Login.test.jsx" name="Login Component &gt; renders the login form correctly" time="0.0736979">
        </testcase>
        <testcase classname="src/components/__tests__/Login.test.jsx" name="Login Component &gt; validates input fields and shows error when fields are empty" time="0.1363755">
        </testcase>
        <testcase classname="src/components/__tests__/Login.test.jsx" name="Login Component &gt; calls login function with entered credentials and navigates on success" time="0.6859029">
        </testcase>
        <testcase classname="src/components/__tests__/Login.test.jsx" name="Login Component &gt; shows error message on login failure" time="0.5977806">
            <system-err>
Login error: Error: Login failed
    at [90mC:\GplusApp_backup\frontend\[39msrc\components\__tests__\Login.test.jsx:94:21
    at file:///C:/GplusApp_backup/node_modules/[4m@vitest[24m/runner/dist/chunk-hooks.js:155:11
    at file:///C:/GplusApp_backup/node_modules/[4m@vitest[24m/runner/dist/chunk-hooks.js:752:26
    at file:///C:/GplusApp_backup/node_modules/[4m@vitest[24m/runner/dist/chunk-hooks.js:1897:20
    at new Promise (&lt;anonymous&gt;)
    at runWithTimeout (file:///C:/GplusApp_backup/node_modules/[4m@vitest[24m/runner/dist/chunk-hooks.js:1863:10)
    at runTest (file:///C:/GplusApp_backup/node_modules/[4m@vitest[24m/runner/dist/chunk-hooks.js:1574:12)
    at runSuite (file:///C:/GplusApp_backup/node_modules/[4m@vitest[24m/runner/dist/chunk-hooks.js:1729:8)
    at runSuite (file:///C:/GplusApp_backup/node_modules/[4m@vitest[24m/runner/dist/chunk-hooks.js:1729:8)
    at runFiles (file:///C:/GplusApp_backup/node_modules/[4m@vitest[24m/runner/dist/chunk-hooks.js:1787:3) {
  response: { data: { detail: [32m&apos;Invalid credentials&apos;[39m } }
}

            </system-err>
        </testcase>
        <testcase classname="src/components/__tests__/Login.test.jsx" name="Login Component &gt; disables the login button and shows loading state during submission" time="0.5722411">
        </testcase>
    </testsuite>
</testsuites>
