{"numTotalTestSuites":168,"numPassedTestSuites":164,"numFailedTestSuites":4,"numPendingTestSuites":0,"numTotalTests":346,"numPassedTests":335,"numFailedTests":10,"numPendingTests":1,"numTodoTests":0,"snapshot":{"added":0,"failure":false,"filesAdded":0,"filesRemoved":0,"filesRemovedList":[],"filesUnmatched":0,"filesUpdated":0,"matched":0,"total":0,"unchecked":0,"uncheckedKeysByFile":[],"unmatched":0,"updated":0,"didUpdate":false},"startTime":1761757363204,"success":false,"testResults":[{"assertionResults":[{"ancestorTitles":[],"fullName":"renders main app component","status":"passed","title":"renders main app component","duration":427.91190000000097,"failureMessages":[],"meta":{}}],"startTime":1761757375459,"endTime":1761757375886.9119,"status":"passed","message":"","name":"C:/GplusApp_backup/frontend/src/App.test.jsx"},{"assertionResults":[{"ancestorTitles":[],"fullName":"sanity jsx transform","status":"passed","title":"sanity jsx transform","duration":56.659999999999854,"failureMessages":[],"meta":{}}],"startTime":1761757464605,"endTime":1761757464661.66,"status":"passed","message":"","name":"C:/GplusApp_backup/frontend/src/sanity.test.jsx"},{"assertionResults":[{"ancestorTitles":[],"fullName":"sanity non-jsx","status":"passed","title":"sanity non-jsx","duration":3.649000000000342,"failureMessages":[],"meta":{}},{"ancestorTitles":[],"fullName":"sanity non-jsx","status":"passed","title":"sanity non-jsx","duration":0.36570000000028813,"failureMessages":[],"meta":{}}],"startTime":1761757468850,"endTime":1761757468854.3657,"status":"passed","message":"","name":"C:/GplusApp_backup/frontend/src/sanity2.test.js"},{"assertionResults":[{"ancestorTitles":["MSW server mocks"],"fullName":"MSW server mocks returns payment methods","status":"passed","title":"returns payment methods","duration":206.34510000000046,"failureMessages":[],"meta":{}},{"ancestorTitles":["MSW server mocks"],"fullName":"MSW server mocks returns vehicles list","status":"passed","title":"returns vehicles list","duration":65.3741,"failureMessages":[],"meta":{}},{"ancestorTitles":["MSW server mocks"],"fullName":"MSW server mocks returns points balance","status":"passed","title":"returns points balance","duration":59.569400000000314,"failureMessages":[],"meta":{}},{"ancestorTitles":["MSW server mocks"],"fullName":"MSW server mocks returns companies list","status":"passed","title":"returns companies list","duration":57.27070000000003,"failureMessages":[],"meta":{}},{"ancestorTitles":["MSW server mocks"],"fullName":"MSW server mocks can override handler to return 500 for /api/points","status":"passed","title":"can override handler to return 500 for /api/points","duration":50.944800000000214,"failureMessages":[],"meta":{}}],"startTime":1761757421107,"endTime":1761757421560.9448,"status":"passed","message":"","name":"C:/GplusApp_backup/frontend/src/tests/test-msw.spec.jsx"},{"assertionResults":[{"ancestorTitles":[],"fullName":"MSW login handler accepts valid credentials (JSON endpoint)","status":"passed","title":"MSW login handler accepts valid credentials (JSON endpoint)","duration":86.05099999999948,"failureMessages":[],"meta":{}},{"ancestorTitles":[],"fullName":"MSW backend-style login endpoint (form data) succeeds","status":"passed","title":"MSW backend-style login endpoint (form data) succeeds","duration":41.11119999999937,"failureMessages":[],"meta":{}}],"startTime":1761757429769,"endTime":1761757429897.111,"status":"passed","message":"","name":"C:/GplusApp_backup/frontend/src/__tests__/auth.test.js"},{"assertionResults":[{"ancestorTitles":["Auth unit tests (fast)"],"fullName":"Auth unit tests (fast) login saves token/user and connects websocket quickly","status":"passed","title":"login saves token/user and connects websocket quickly","duration":116.43790000000081,"failureMessages":[],"meta":{}}],"startTime":1761757448843,"endTime":1761757448959.438,"status":"passed","message":"","name":"C:/GplusApp_backup/frontend/src/__tests__/auth.unit.test.jsx"},{"assertionResults":[{"ancestorTitles":["Authentication Flow Integration Test"],"fullName":"Authentication Flow Integration Test redirects unauthenticated users to login page when accessing protected route","status":"passed","title":"redirects unauthenticated users to login page when accessing protected route","duration":199.26239999999962,"failureMessages":[],"meta":{}},{"ancestorTitles":["Authentication Flow Integration Test"],"fullName":"Authentication Flow Integration Test allows users to log in and access protected routes","status":"skipped","title":"allows users to log in and access protected routes","failureMessages":[],"meta":{}},{"ancestorTitles":["Authentication Flow Integration Test"],"fullName":"Authentication Flow Integration Test shows error message on failed login","status":"passed","title":"shows error message on failed login","duration":1005.1533,"failureMessages":[],"meta":{}},{"ancestorTitles":["Authentication Flow Integration Test"],"fullName":"Authentication Flow Integration Test allows users to log out","status":"passed","title":"allows users to log out","duration":112.41910000000098,"failureMessages":[],"meta":{}},{"ancestorTitles":["Authentication Flow Integration Test"],"fullName":"Authentication Flow Integration Test remembers user session on page reload","status":"passed","title":"remembers user session on page reload","duration":26.984400000001187,"failureMessages":[],"meta":{}}],"startTime":1761757405841,"endTime":1761757407184.9844,"status":"passed","message":"","name":"C:/GplusApp_backup/frontend/src/__tests__/Authentication.integration.test.jsx"},{"assertionResults":[{"ancestorTitles":["debug document"],"fullName":"debug document prints document.createElement type","status":"passed","title":"prints document.createElement type","duration":7.53690000000006,"failureMessages":[],"meta":{}}],"startTime":1761757465938,"endTime":1761757465945.5369,"status":"passed","message":"","name":"C:/GplusApp_backup/frontend/src/__tests__/debug-document.test.jsx"},{"assertionResults":[{"ancestorTitles":["ErrorContext"],"fullName":"ErrorContext should throw error when used outside of provider","status":"passed","title":"should throw error when used outside of provider","duration":87.91119999999955,"failureMessages":[],"meta":{}},{"ancestorTitles":["ErrorContext"],"fullName":"ErrorContext should initialize with null error state","status":"passed","title":"should initialize with null error state","duration":50.405800000000454,"failureMessages":[],"meta":{}},{"ancestorTitles":["ErrorContext"],"fullName":"ErrorContext should set error when setError is called","status":"passed","title":"should set error when setError is called","duration":47.91390000000047,"failureMessages":[],"meta":{}},{"ancestorTitles":["ErrorContext"],"fullName":"ErrorContext should clear error when clearError is called","status":"passed","title":"should clear error when clearError is called","duration":19.6279999999997,"failureMessages":[],"meta":{}},{"ancestorTitles":["ErrorContext"],"fullName":"ErrorContext should set error when async operation fails","status":"passed","title":"should set error when async operation fails","duration":17.02680000000055,"failureMessages":[],"meta":{}}],"startTime":1761757437938,"endTime":1761757438162.0269,"status":"passed","message":"","name":"C:/GplusApp_backup/frontend/src/__tests__/ErrorContext.test.js"},{"assertionResults":[{"ancestorTitles":["ErrorContext"],"fullName":"ErrorContext should throw error when used outside of provider","status":"passed","title":"should throw error when used outside of provider","duration":89.67489999999998,"failureMessages":[],"meta":{}},{"ancestorTitles":["ErrorContext"],"fullName":"ErrorContext should initialize with null error state","status":"passed","title":"should initialize with null error state","duration":51.73350000000028,"failureMessages":[],"meta":{}},{"ancestorTitles":["ErrorContext"],"fullName":"ErrorContext should set error when setError is called","status":"passed","title":"should set error when setError is called","duration":65.44740000000002,"failureMessages":[],"meta":{}},{"ancestorTitles":["ErrorContext"],"fullName":"ErrorContext should clear error when clearError is called","status":"passed","title":"should clear error when clearError is called","duration":24.394400000000132,"failureMessages":[],"meta":{}},{"ancestorTitles":["ErrorContext"],"fullName":"ErrorContext should set error when async operation fails","status":"passed","title":"should set error when async operation fails","duration":18.4387999999999,"failureMessages":[],"meta":{}}],"startTime":1761757438215,"endTime":1761757438464.4387,"status":"passed","message":"","name":"C:/GplusApp_backup/frontend/src/__tests__/ErrorContext.test.jsx"},{"assertionResults":[{"ancestorTitles":["GlobalLoadingIndicator"],"fullName":"GlobalLoadingIndicator renders the loading indicator","status":"passed","title":"renders the loading indicator","duration":100.6322999999993,"failureMessages":[],"meta":{}},{"ancestorTitles":["GlobalLoadingIndicator"],"fullName":"GlobalLoadingIndicator shows loading state when API calls are in progress","status":"passed","title":"shows loading state when API calls are in progress","duration":29.243500000000495,"failureMessages":[],"meta":{}},{"ancestorTitles":["GlobalLoadingIndicator"],"fullName":"GlobalLoadingIndicator hides loading state when API calls complete","status":"passed","title":"hides loading state when API calls complete","duration":20.045900000000984,"failureMessages":[],"meta":{}},{"ancestorTitles":["GlobalLoadingIndicator"],"fullName":"GlobalLoadingIndicator cleans up timers on unmount","status":"passed","title":"cleans up timers on unmount","duration":13.085199999999531,"failureMessages":[],"meta":{}}],"startTime":1761757448062,"endTime":1761757448225.0852,"status":"passed","message":"","name":"C:/GplusApp_backup/frontend/src/__tests__/GlobalLoadingIndicator.test.jsx"},{"assertionResults":[{"ancestorTitles":["Loading Components Integration","LoadingOverlay Component"],"fullName":"Loading Components Integration LoadingOverlay Component renders correctly when visible","status":"passed","title":"renders correctly when visible","duration":113.40250000000015,"failureMessages":[],"meta":{}},{"ancestorTitles":["Loading Components Integration","LoadingOverlay Component"],"fullName":"Loading Components Integration LoadingOverlay Component does not render when not visible","status":"passed","title":"does not render when not visible","duration":7.364599999999882,"failureMessages":[],"meta":{}},{"ancestorTitles":["Loading Components Integration","LoadingOverlay Component"],"fullName":"Loading Components Integration LoadingOverlay Component accepts custom spinner component","status":"passed","title":"accepts custom spinner component","duration":41.07759999999962,"failureMessages":[],"meta":{}},{"ancestorTitles":["Loading Components Integration","InlineLoader Component"],"fullName":"Loading Components Integration InlineLoader Component renders with default props","status":"passed","title":"renders with default props","duration":97.22620000000006,"failureMessages":[],"meta":{}},{"ancestorTitles":["Loading Components Integration","InlineLoader Component"],"fullName":"Loading Components Integration InlineLoader Component renders with message","status":"passed","title":"renders with message","duration":15.111299999999574,"failureMessages":[],"meta":{}},{"ancestorTitles":["Loading Components Integration","InlineLoader Component"],"fullName":"Loading Components Integration InlineLoader Component applies different sizes","status":"passed","title":"applies different sizes","duration":44.617699999999786,"failureMessages":[],"meta":{}},{"ancestorTitles":["Loading Components Integration","LoadingContext"],"fullName":"Loading Components Integration LoadingContext provides loading state and methods","status":"passed","title":"provides loading state and methods","duration":80.55050000000028,"failureMessages":[],"meta":{}},{"ancestorTitles":["Loading Components Integration","LoadingContext"],"fullName":"Loading Components Integration LoadingContext handles named loading operations","status":"passed","title":"handles named loading operations","duration":52.55580000000009,"failureMessages":[],"meta":{}}],"startTime":1761757414994,"endTime":1761757415447.556,"status":"passed","message":"","name":"C:/GplusApp_backup/frontend/src/__tests__/LoadingComponents.test.jsx"},{"assertionResults":[{"ancestorTitles":["Toast Utility"],"fullName":"Toast Utility showSuccess should call toast.success with correct parameters","status":"passed","title":"showSuccess should call toast.success with correct parameters","duration":12.24539999999979,"failureMessages":[],"meta":{}},{"ancestorTitles":["Toast Utility"],"fullName":"Toast Utility showError should call toast.error with correct parameters","status":"passed","title":"showError should call toast.error with correct parameters","duration":3.655999999999949,"failureMessages":[],"meta":{}},{"ancestorTitles":["Toast Utility"],"fullName":"Toast Utility showError should handle Error objects","status":"passed","title":"showError should handle Error objects","duration":3.0913000000000466,"failureMessages":[],"meta":{}},{"ancestorTitles":["Toast Utility"],"fullName":"Toast Utility showWarning should call toast.warn with correct parameters","status":"passed","title":"showWarning should call toast.warn with correct parameters","duration":2.03899999999976,"failureMessages":[],"meta":{}},{"ancestorTitles":["Toast Utility"],"fullName":"Toast Utility showInfo should call toast.info with correct parameters","status":"passed","title":"showInfo should call toast.info with correct parameters","duration":3.7417999999997846,"failureMessages":[],"meta":{}},{"ancestorTitles":["Toast Utility"],"fullName":"Toast Utility showPromise should call toast.promise with correct parameters","status":"passed","title":"showPromise should call toast.promise with correct parameters","duration":4.254299999999603,"failureMessages":[],"meta":{}},{"ancestorTitles":["Toast Utility"],"fullName":"Toast Utility dismissAll should call toast.dismiss","status":"passed","title":"dismissAll should call toast.dismiss","duration":1.2102999999997337,"failureMessages":[],"meta":{}},{"ancestorTitles":["Toast Utility"],"fullName":"Toast Utility updateToast should call toast.update if toast is active","status":"passed","title":"updateToast should call toast.update if toast is active","duration":1.1563000000005559,"failureMessages":[],"meta":{}},{"ancestorTitles":["Toast Utility"],"fullName":"Toast Utility updateToast should not call toast.update if toast is not active","status":"passed","title":"updateToast should not call toast.update if toast is not active","duration":2.318000000000211,"failureMessages":[],"meta":{}}],"startTime":1761757466186,"endTime":1761757466220.318,"status":"passed","message":"","name":"C:/GplusApp_backup/frontend/src/__tests__/toast.test.js"},{"assertionResults":[{"ancestorTitles":["Toast Utility"],"fullName":"Toast Utility showSuccess should call toast.success with correct parameters","status":"passed","title":"showSuccess should call toast.success with correct parameters","duration":11.921899999999368,"failureMessages":[],"meta":{}},{"ancestorTitles":["Toast Utility"],"fullName":"Toast Utility showError should call toast.error with correct parameters","status":"passed","title":"showError should call toast.error with correct parameters","duration":2.297500000000582,"failureMessages":[],"meta":{}},{"ancestorTitles":["Toast Utility"],"fullName":"Toast Utility showError should handle Error objects","status":"passed","title":"showError should handle Error objects","duration":1.8795000000009168,"failureMessages":[],"meta":{}},{"ancestorTitles":["Toast Utility"],"fullName":"Toast Utility showWarning should call toast.warn with correct parameters","status":"passed","title":"showWarning should call toast.warn with correct parameters","duration":1.4377000000004045,"failureMessages":[],"meta":{}},{"ancestorTitles":["Toast Utility"],"fullName":"Toast Utility showInfo should call toast.info with correct parameters","status":"passed","title":"showInfo should call toast.info with correct parameters","duration":2.774300000000949,"failureMessages":[],"meta":{}},{"ancestorTitles":["Toast Utility"],"fullName":"Toast Utility showPromise should call toast.promise with correct parameters","status":"passed","title":"showPromise should call toast.promise with correct parameters","duration":4.620700000001307,"failureMessages":[],"meta":{}},{"ancestorTitles":["Toast Utility"],"fullName":"Toast Utility dismissAll should call toast.dismiss","status":"passed","title":"dismissAll should call toast.dismiss","duration":1.4855999999999767,"failureMessages":[],"meta":{}},{"ancestorTitles":["Toast Utility"],"fullName":"Toast Utility updateToast should call toast.update if toast is active","status":"passed","title":"updateToast should call toast.update if toast is active","duration":1.4804999999996653,"failureMessages":[],"meta":{}},{"ancestorTitles":["Toast Utility"],"fullName":"Toast Utility updateToast should not call toast.update if toast is not active","status":"passed","title":"updateToast should not call toast.update if toast is not active","duration":2.466499999998632,"failureMessages":[],"meta":{}}],"startTime":1761757466745,"endTime":1761757466776.4666,"status":"passed","message":"","name":"C:/GplusApp_backup/frontend/src/__tests__/toast.test.jsx"},{"assertionResults":[{"ancestorTitles":["useErrorHandler"],"fullName":"useErrorHandler should initialize with correct default values","status":"passed","title":"should initialize with correct default values","duration":49.2518,"failureMessages":[],"meta":{}},{"ancestorTitles":["useErrorHandler"],"fullName":"useErrorHandler should handle successful async operations","status":"passed","title":"should handle successful async operations","duration":14.479299999999967,"failureMessages":[],"meta":{}},{"ancestorTitles":["useErrorHandler"],"fullName":"useErrorHandler should handle async operation errors","status":"passed","title":"should handle async operation errors","duration":13.884499999999207,"failureMessages":[],"meta":{}},{"ancestorTitles":["useErrorHandler"],"fullName":"useErrorHandler should call custom onError function when provided","status":"passed","title":"should call custom onError function when provided","duration":9.79529999999977,"failureMessages":[],"meta":{}},{"ancestorTitles":["useErrorHandler"],"fullName":"useErrorHandler should not show toast when showToast is false","status":"passed","title":"should not show toast when showToast is false","duration":6.648699999999735,"failureMessages":[],"meta":{}},{"ancestorTitles":["useErrorHandler"],"fullName":"useErrorHandler clearError should reset error state","status":"passed","title":"clearError should reset error state","duration":6.8289999999997235,"failureMessages":[],"meta":{}},{"ancestorTitles":["getErrorMessage"],"fullName":"getErrorMessage should handle network errors","status":"passed","title":"should handle network errors","duration":1.0311000000001513,"failureMessages":[],"meta":{}},{"ancestorTitles":["getErrorMessage"],"fullName":"getErrorMessage should handle authentication errors (401)","status":"passed","title":"should handle authentication errors (401)","duration":0.7193999999999505,"failureMessages":[],"meta":{}},{"ancestorTitles":["getErrorMessage"],"fullName":"getErrorMessage should handle permission errors (403)","status":"passed","title":"should handle permission errors (403)","duration":1.0871999999999389,"failureMessages":[],"meta":{}},{"ancestorTitles":["getErrorMessage"],"fullName":"getErrorMessage should handle not found errors (404)","status":"passed","title":"should handle not found errors (404)","duration":0.812300000000505,"failureMessages":[],"meta":{}},{"ancestorTitles":["getErrorMessage"],"fullName":"getErrorMessage should handle validation errors (422) with array details","status":"passed","title":"should handle validation errors (422) with array details","duration":0.886899999999514,"failureMessages":[],"meta":{}},{"ancestorTitles":["getErrorMessage"],"fullName":"getErrorMessage should handle server errors (500)","status":"passed","title":"should handle server errors (500)","duration":1.3827000000001135,"failureMessages":[],"meta":{}},{"ancestorTitles":["getErrorMessage"],"fullName":"getErrorMessage should handle other API errors with detail","status":"passed","title":"should handle other API errors with detail","duration":0.6864000000005035,"failureMessages":[],"meta":{}},{"ancestorTitles":["getErrorMessage"],"fullName":"getErrorMessage should return default message for unknown errors","status":"passed","title":"should return default message for unknown errors","duration":0.6995999999999185,"failureMessages":[],"meta":{}}],"startTime":1761757456233,"endTime":1761757456344.6997,"status":"passed","message":"","name":"C:/GplusApp_backup/frontend/src/__tests__/useErrorHandler.test.js"},{"assertionResults":[{"ancestorTitles":["useLoadingIndicator Hook"],"fullName":"useLoadingIndicator Hook should start and stop loading","status":"passed","title":"should start and stop loading","duration":76.25640000000021,"failureMessages":[],"meta":{}},{"ancestorTitles":["useLoadingIndicator Hook"],"fullName":"useLoadingIndicator Hook should wrap a promise with loading state","status":"passed","title":"should wrap a promise with loading state","duration":21.749700000000303,"failureMessages":[],"meta":{}},{"ancestorTitles":["useLoadingIndicator Hook"],"fullName":"useLoadingIndicator Hook should handle errors in wrapped promises without leaking loading state","status":"passed","title":"should handle errors in wrapped promises without leaking loading state","duration":17.325299999999515,"failureMessages":[],"meta":{}},{"ancestorTitles":["useLoadingIndicator Hook"],"fullName":"useLoadingIndicator Hook should use the provided ID","status":"passed","title":"should use the provided ID","duration":6.246100000000297,"failureMessages":[],"meta":{}},{"ancestorTitles":["useLoadingIndicator Hook"],"fullName":"useLoadingIndicator Hook should affect global loading state when global option is true","status":"passed","title":"should affect global loading state when global option is true","duration":14.131099999999606,"failureMessages":[],"meta":{}}],"startTime":1761757456831,"endTime":1761757456967.131,"status":"passed","message":"","name":"C:/GplusApp_backup/frontend/src/__tests__/useLoadingIndicator.test.js"},{"assertionResults":[{"ancestorTitles":["useLoadingIndicator Hook"],"fullName":"useLoadingIndicator Hook should start and stop loading","status":"passed","title":"should start and stop loading","duration":136.77250000000004,"failureMessages":[],"meta":{}},{"ancestorTitles":["useLoadingIndicator Hook"],"fullName":"useLoadingIndicator Hook should wrap a promise with loading state","status":"passed","title":"should wrap a promise with loading state","duration":254.1207999999997,"failureMessages":[],"meta":{}},{"ancestorTitles":["useLoadingIndicator Hook"],"fullName":"useLoadingIndicator Hook should handle errors in wrapped promises without leaking loading state","status":"passed","title":"should handle errors in wrapped promises without leaking loading state","duration":16.81970000000001,"failureMessages":[],"meta":{}},{"ancestorTitles":["useLoadingIndicator Hook"],"fullName":"useLoadingIndicator Hook should use the provided ID","status":"passed","title":"should use the provided ID","duration":6.3924000000006345,"failureMessages":[],"meta":{}},{"ancestorTitles":["useLoadingIndicator Hook"],"fullName":"useLoadingIndicator Hook should affect global loading state when global option is true","status":"passed","title":"should affect global loading state when global option is true","duration":35.4360999999999,"failureMessages":[],"meta":{}}],"startTime":1761757422900,"endTime":1761757423350.436,"status":"passed","message":"","name":"C:/GplusApp_backup/frontend/src/__tests__/useLoadingIndicator.test.jsx"},{"assertionResults":[{"ancestorTitles":["useOfflineStatus Hook"],"fullName":"useOfflineStatus Hook should initially detect online status from navigator","status":"passed","title":"should initially detect online status from navigator","duration":53.50350000000071,"failureMessages":[],"meta":{}},{"ancestorTitles":["useOfflineStatus Hook"],"fullName":"useOfflineStatus Hook should initially detect offline status from navigator","status":"passed","title":"should initially detect offline status from navigator","duration":8.112300000000687,"failureMessages":[],"meta":{}},{"ancestorTitles":["useOfflineStatus Hook"],"fullName":"useOfflineStatus Hook should respond to online event","status":"passed","title":"should respond to online event","duration":14.158299999999144,"failureMessages":[],"meta":{}},{"ancestorTitles":["useOfflineStatus Hook"],"fullName":"useOfflineStatus Hook should respond to offline event","status":"passed","title":"should respond to offline event","duration":9.606499999999869,"failureMessages":[],"meta":{}},{"ancestorTitles":["useOfflineStatus Hook"],"fullName":"useOfflineStatus Hook should perform active connection check","status":"passed","title":"should perform active connection check","duration":16.413900000001377,"failureMessages":[],"meta":{}},{"ancestorTitles":["useOfflineStatus Hook"],"fullName":"useOfflineStatus Hook should handle failed connection checks","status":"passed","title":"should handle failed connection checks","duration":11.324399999999514,"failureMessages":[],"meta":{}},{"ancestorTitles":["useOfflineStatus Hook"],"fullName":"useOfflineStatus Hook should handle fetch errors during connection checks","status":"passed","title":"should handle fetch errors during connection checks","duration":21.738499999999476,"failureMessages":[],"meta":{}}],"startTime":1761757448363,"endTime":1761757448498.7385,"status":"passed","message":"","name":"C:/GplusApp_backup/frontend/src/__tests__/useOfflineStatus.test.js"},{"assertionResults":[{"ancestorTitles":["useToastHandler"],"fullName":"useToastHandler should initialize with correct default values","status":"passed","title":"should initialize with correct default values","duration":56.15129999999954,"failureMessages":[],"meta":{}},{"ancestorTitles":["useToastHandler"],"fullName":"useToastHandler should call success toast utility","status":"passed","title":"should call success toast utility","duration":18.421800000000076,"failureMessages":[],"meta":{}},{"ancestorTitles":["useToastHandler"],"fullName":"useToastHandler should call error toast utility","status":"passed","title":"should call error toast utility","duration":6.387900000000627,"failureMessages":[],"meta":{}},{"ancestorTitles":["useToastHandler"],"fullName":"useToastHandler should call warning toast utility","status":"passed","title":"should call warning toast utility","duration":6.3725000000004,"failureMessages":[],"meta":{}},{"ancestorTitles":["useToastHandler"],"fullName":"useToastHandler should call info toast utility","status":"passed","title":"should call info toast utility","duration":10.656299999999646,"failureMessages":[],"meta":{}},{"ancestorTitles":["useToastHandler"],"fullName":"useToastHandler handleAsync should manage loading state and show appropriate toasts on success","status":"passed","title":"handleAsync should manage loading state and show appropriate toasts on success","duration":21.6899999999996,"failureMessages":[],"meta":{}},{"ancestorTitles":["useToastHandler"],"fullName":"useToastHandler handleAsync should manage loading state and not update global error when specified","status":"passed","title":"handleAsync should manage loading state and not update global error when specified","duration":9.456000000000131,"failureMessages":[],"meta":{}},{"ancestorTitles":["useToastHandler"],"fullName":"useToastHandler handleAsync should handle errors and show error toast when not updating global error","status":"passed","title":"handleAsync should handle errors and show error toast when not updating global error","duration":9.139599999999518,"failureMessages":[],"meta":{}},{"ancestorTitles":["useToastHandler"],"fullName":"useToastHandler handleAsync should handle errors with global error context and not show duplicate toast","status":"passed","title":"handleAsync should handle errors with global error context and not show duplicate toast","duration":11.101599999999962,"failureMessages":[],"meta":{}}],"startTime":1761757456400,"endTime":1761757456550.1016,"status":"passed","message":"","name":"C:/GplusApp_backup/frontend/src/__tests__/useToastHandler.test.js"},{"assertionResults":[{"ancestorTitles":["i18n Translation System"],"fullName":"i18n Translation System properly translates strings in English","status":"passed","title":"properly translates strings in English","duration":117.39279999999962,"failureMessages":[],"meta":{}},{"ancestorTitles":["i18n Translation System"],"fullName":"i18n Translation System properly translates strings in Arabic","status":"passed","title":"properly translates strings in Arabic","duration":47.806799999999384,"failureMessages":[],"meta":{}},{"ancestorTitles":["i18n Translation System"],"fullName":"i18n Translation System falls back to English when the key is missing in current language","status":"passed","title":"falls back to English when the key is missing in current language","duration":8.737600000000384,"failureMessages":[],"meta":{}},{"ancestorTitles":["i18n Translation System"],"fullName":"i18n Translation System supports interpolation of variables","status":"passed","title":"supports interpolation of variables","duration":17.219200000000455,"failureMessages":[],"meta":{}},{"ancestorTitles":["i18n Translation System"],"fullName":"i18n Translation System loads and applies language based on explicit setting","status":"passed","title":"loads and applies language based on explicit setting","duration":12.002300000000105,"failureMessages":[],"meta":{}},{"ancestorTitles":["i18n Translation System"],"fullName":"i18n Translation System exposes the t function through useTranslation hook","status":"passed","title":"exposes the t function through useTranslation hook","duration":25.535699999998542,"failureMessages":[],"meta":{}}],"startTime":1761757437817,"endTime":1761757438046.5356,"status":"passed","message":"","name":"C:/GplusApp_backup/frontend/src/i18n/__tests__/i18n.test.jsx"},{"assertionResults":[{"ancestorTitles":["GPlus Screens Integration"],"fullName":"GPlus Screens Integration getPickups - loading","status":"passed","title":"getPickups - loading","duration":104.05869999999959,"failureMessages":[],"meta":{}},{"ancestorTitles":["GPlus Screens Integration"],"fullName":"GPlus Screens Integration getPickups - empty","status":"passed","title":"getPickups - empty","duration":57.615600000000086,"failureMessages":[],"meta":{}},{"ancestorTitles":["GPlus Screens Integration"],"fullName":"GPlus Screens Integration getPickups - error","status":"passed","title":"getPickups - error","duration":53.98369999999977,"failureMessages":[],"meta":{}},{"ancestorTitles":["GPlus Screens Integration"],"fullName":"GPlus Screens Integration getPickupSchedule - loading","status":"passed","title":"getPickupSchedule - loading","duration":8.82890000000043,"failureMessages":[],"meta":{}},{"ancestorTitles":["GPlus Screens Integration"],"fullName":"GPlus Screens Integration getPickupSchedule - empty","status":"passed","title":"getPickupSchedule - empty","duration":46.54480000000058,"failureMessages":[],"meta":{}},{"ancestorTitles":["GPlus Screens Integration"],"fullName":"GPlus Screens Integration getPickupSchedule - error","status":"passed","title":"getPickupSchedule - error","duration":43.05190000000039,"failureMessages":[],"meta":{}},{"ancestorTitles":["GPlus Screens Integration"],"fullName":"GPlus Screens Integration getVehicles - loading","status":"passed","title":"getVehicles - loading","duration":7.871499999999287,"failureMessages":[],"meta":{}},{"ancestorTitles":["GPlus Screens Integration"],"fullName":"GPlus Screens Integration getVehicles - empty","status":"passed","title":"getVehicles - empty","duration":60.902100000000246,"failureMessages":[],"meta":{}},{"ancestorTitles":["GPlus Screens Integration"],"fullName":"GPlus Screens Integration getVehicles - error","status":"passed","title":"getVehicles - error","duration":17.293800000000374,"failureMessages":[],"meta":{}},{"ancestorTitles":["GPlus Screens Integration"],"fullName":"GPlus Screens Integration getPoints - loading","status":"passed","title":"getPoints - loading","duration":7.249699999999393,"failureMessages":[],"meta":{}},{"ancestorTitles":["GPlus Screens Integration"],"fullName":"GPlus Screens Integration getPoints - empty","status":"passed","title":"getPoints - empty","duration":20.779599999999846,"failureMessages":[],"meta":{}},{"ancestorTitles":["GPlus Screens Integration"],"fullName":"GPlus Screens Integration getPoints - error","status":"passed","title":"getPoints - error","duration":32.029599999999846,"failureMessages":[],"meta":{}},{"ancestorTitles":["GPlus Screens Integration"],"fullName":"GPlus Screens Integration getCompanies - loading","status":"passed","title":"getCompanies - loading","duration":12.338200000000143,"failureMessages":[],"meta":{}},{"ancestorTitles":["GPlus Screens Integration"],"fullName":"GPlus Screens Integration getCompanies - empty","status":"passed","title":"getCompanies - empty","duration":28.640300000000025,"failureMessages":[],"meta":{}},{"ancestorTitles":["GPlus Screens Integration"],"fullName":"GPlus Screens Integration getCompanies - error","status":"passed","title":"getCompanies - error","duration":16.95809999999983,"failureMessages":[],"meta":{}},{"ancestorTitles":["GPlus Screens Integration"],"fullName":"GPlus Screens Integration getPaymentMethods - loading","status":"passed","title":"getPaymentMethods - loading","duration":5.661199999999553,"failureMessages":[],"meta":{}},{"ancestorTitles":["GPlus Screens Integration"],"fullName":"GPlus Screens Integration getPaymentMethods - empty","status":"passed","title":"getPaymentMethods - empty","duration":19.28189999999995,"failureMessages":[],"meta":{}},{"ancestorTitles":["GPlus Screens Integration"],"fullName":"GPlus Screens Integration getPaymentMethods - error","status":"passed","title":"getPaymentMethods - error","duration":21.61959999999999,"failureMessages":[],"meta":{}}],"startTime":1761757422417,"endTime":1761757422982.6196,"status":"passed","message":"","name":"C:/GplusApp_backup/frontend/src/components/screens/index.test.jsx"},{"assertionResults":[{"ancestorTitles":["Accessibility Tests","Button Component"],"fullName":"Accessibility Tests Button Component should have no accessibility violations with default variant","status":"passed","title":"should have no accessibility violations with default variant","duration":289.7370000000001,"failureMessages":[],"meta":{}},{"ancestorTitles":["Accessibility Tests","Button Component"],"fullName":"Accessibility Tests Button Component should have no accessibility violations with primary variant","status":"passed","title":"should have no accessibility violations with primary variant","duration":72.35550000000057,"failureMessages":[],"meta":{}},{"ancestorTitles":["Accessibility Tests","Button Component"],"fullName":"Accessibility Tests Button Component should have no accessibility violations when disabled","status":"passed","title":"should have no accessibility violations when disabled","duration":45.58179999999993,"failureMessages":[],"meta":{}},{"ancestorTitles":["Accessibility Tests","Button Component"],"fullName":"Accessibility Tests Button Component should have no accessibility violations with aria attributes","status":"passed","title":"should have no accessibility violations with aria attributes","duration":71.32310000000052,"failureMessages":[],"meta":{}},{"ancestorTitles":["Accessibility Tests","Card Component"],"fullName":"Accessibility Tests Card Component should have no accessibility violations","status":"passed","title":"should have no accessibility violations","duration":83.85840000000007,"failureMessages":[],"meta":{}},{"ancestorTitles":["Accessibility Tests","Card Component"],"fullName":"Accessibility Tests Card Component should have no accessibility violations with custom heading level","status":"passed","title":"should have no accessibility violations with custom heading level","duration":73.28760000000057,"failureMessages":[],"meta":{}},{"ancestorTitles":["Accessibility Tests","Navigation Accessibility"],"fullName":"Accessibility Tests Navigation Accessibility should have no accessibility violations in navigation links","status":"passed","title":"should have no accessibility violations in navigation links","duration":133.22239999999965,"failureMessages":[],"meta":{}}],"startTime":1761757414173,"endTime":1761757414944.2224,"status":"passed","message":"","name":"C:/GplusApp_backup/frontend/src/components/__tests__/a11y-components.test.jsx"},{"assertionResults":[{"ancestorTitles":["ErrorBoundary Accessibility Tests"],"fullName":"ErrorBoundary Accessibility Tests should have accessible error message","status":"passed","title":"should have accessible error message","duration":428.33640000000014,"failureMessages":[],"meta":{}},{"ancestorTitles":["ErrorBoundary Accessibility Tests"],"fullName":"ErrorBoundary Accessibility Tests should maintain focus when showing error","status":"passed","title":"should maintain focus when showing error","duration":146.79720000000088,"failureMessages":[],"meta":{}},{"ancestorTitles":["ErrorBoundary Accessibility Tests"],"fullName":"ErrorBoundary Accessibility Tests should use appropriate ARIA live region for errors","status":"passed","title":"should use appropriate ARIA live region for errors","duration":70.19520000000011,"failureMessages":[],"meta":{}}],"startTime":1761757414916,"endTime":1761757415562.1953,"status":"passed","message":"","name":"C:/GplusApp_backup/frontend/src/components/__tests__/a11y-error-boundary.test.jsx"},{"assertionResults":[{"ancestorTitles":["Form Input Accessibility Tests","TextField Component"],"fullName":"Form Input Accessibility Tests TextField Component should have no accessibility violations","status":"passed","title":"should have no accessibility violations","duration":373.9452000000001,"failureMessages":[],"meta":{}},{"ancestorTitles":["Form Input Accessibility Tests","TextField Component"],"fullName":"Form Input Accessibility Tests TextField Component should have proper accessibility with error state","status":"passed","title":"should have proper accessibility with error state","duration":93.82140000000072,"failureMessages":[],"meta":{}},{"ancestorTitles":["Form Input Accessibility Tests","TextField Component"],"fullName":"Form Input Accessibility Tests TextField Component should have proper accessibility with required attribute","status":"passed","title":"should have proper accessibility with required attribute","duration":10.86030000000028,"failureMessages":[],"meta":{}},{"ancestorTitles":["Form Input Accessibility Tests","Checkbox Component"],"fullName":"Form Input Accessibility Tests Checkbox Component should have no accessibility violations","status":"passed","title":"should have no accessibility violations","duration":69.73979999999938,"failureMessages":[],"meta":{}},{"ancestorTitles":["Form Input Accessibility Tests","Checkbox Component"],"fullName":"Form Input Accessibility Tests Checkbox Component should have proper accessibility roles","status":"passed","title":"should have proper accessibility roles","duration":78.46500000000015,"failureMessages":[],"meta":{}},{"ancestorTitles":["Form Input Accessibility Tests","Select Component"],"fullName":"Form Input Accessibility Tests Select Component should have no accessibility violations","status":"passed","title":"should have no accessibility violations","duration":95.86509999999907,"failureMessages":[],"meta":{}},{"ancestorTitles":["Form Input Accessibility Tests","Select Component"],"fullName":"Form Input Accessibility Tests Select Component should have proper accessibility with disabled options","status":"passed","title":"should have proper accessibility with disabled options","duration":59.33569999999963,"failureMessages":[],"meta":{}}],"startTime":1761757406112,"endTime":1761757406896.3357,"status":"passed","message":"","name":"C:/GplusApp_backup/frontend/src/components/__tests__/a11y-form-inputs.test.jsx"},{"assertionResults":[{"ancestorTitles":["Form Accessibility Tests","PickupRequestForm Component"],"fullName":"Form Accessibility Tests PickupRequestForm Component should have no accessibility violations","status":"passed","title":"should have no accessibility violations","duration":672.5833000000002,"failureMessages":[],"meta":{}},{"ancestorTitles":["Form Accessibility Tests","PickupRequestForm Component"],"fullName":"Form Accessibility Tests PickupRequestForm Component should have proper form roles and labels","status":"passed","title":"should have proper form roles and labels","duration":195.1260999999995,"failureMessages":[],"meta":{}},{"ancestorTitles":["Form Accessibility Tests","PickupRequestForm Component"],"fullName":"Form Accessibility Tests PickupRequestForm Component should have all form controls labeled correctly","status":"passed","title":"should have all form controls labeled correctly","duration":24.785900000000765,"failureMessages":[],"meta":{}}],"startTime":1761757372850,"endTime":1761757373742.786,"status":"passed","message":"","name":"C:/GplusApp_backup/frontend/src/components/__tests__/a11y-forms.test.jsx"},{"assertionResults":[{"ancestorTitles":["Modal Accessibility Tests"],"fullName":"Modal Accessibility Tests should have proper ARIA attributes when open","status":"passed","title":"should have proper ARIA attributes when open","duration":279.22239999999965,"failureMessages":[],"meta":{}},{"ancestorTitles":["Modal Accessibility Tests"],"fullName":"Modal Accessibility Tests should focus the first focusable element on open","status":"passed","title":"should focus the first focusable element on open","duration":134.67410000000018,"failureMessages":[],"meta":{}},{"ancestorTitles":["Modal Accessibility Tests"],"fullName":"Modal Accessibility Tests should trap focus within the modal","status":"passed","title":"should trap focus within the modal","duration":107.14059999999972,"failureMessages":[],"meta":{}},{"ancestorTitles":["Modal Accessibility Tests"],"fullName":"Modal Accessibility Tests should close on Escape key press","status":"passed","title":"should close on Escape key press","duration":75.63720000000012,"failureMessages":[],"meta":{}},{"ancestorTitles":["Modal Accessibility Tests"],"fullName":"Modal Accessibility Tests should be accessible when using custom heading level","status":"passed","title":"should be accessible when using custom heading level","duration":63.162600000000566,"failureMessages":[],"meta":{}}],"startTime":1761757412706,"endTime":1761757413366.1626,"status":"passed","message":"","name":"C:/GplusApp_backup/frontend/src/components/__tests__/a11y-modal.test.jsx"},{"assertionResults":[{"ancestorTitles":["Toast Accessibility Tests"],"fullName":"Toast Accessibility Tests should have proper ARIA attributes for success toast","status":"passed","title":"should have proper ARIA attributes for success toast","duration":294.7600999999995,"failureMessages":[],"meta":{}},{"ancestorTitles":["Toast Accessibility Tests"],"fullName":"Toast Accessibility Tests should have proper ARIA attributes for error toast","status":"passed","title":"should have proper ARIA attributes for error toast","duration":77.05240000000049,"failureMessages":[],"meta":{}},{"ancestorTitles":["Toast Accessibility Tests"],"fullName":"Toast Accessibility Tests should have accessible dismiss button","status":"passed","title":"should have accessible dismiss button","duration":84.1921999999995,"failureMessages":[],"meta":{}},{"ancestorTitles":["Toast Accessibility Tests"],"fullName":"Toast Accessibility Tests should not be focusable or perceivable when hidden","status":"passed","title":"should not be focusable or perceivable when hidden","duration":71.44160000000011,"failureMessages":[],"meta":{}},{"ancestorTitles":["Toast Accessibility Tests"],"fullName":"Toast Accessibility Tests should use appropriate colors for different toast types","status":"passed","title":"should use appropriate colors for different toast types","duration":135.39500000000044,"failureMessages":[],"meta":{}},{"ancestorTitles":["Toast Accessibility Tests"],"fullName":"Toast Accessibility Tests should handle long messages properly","status":"passed","title":"should handle long messages properly","duration":100.93660000000091,"failureMessages":[],"meta":{}}],"startTime":1761757406782,"endTime":1761757407545.9365,"status":"passed","message":"","name":"C:/GplusApp_backup/frontend/src/components/__tests__/a11y-toast.test.jsx"},{"assertionResults":[{"ancestorTitles":["Button Component"],"fullName":"Button Component renders children correctly","status":"passed","title":"renders children correctly","duration":79.5665999999992,"failureMessages":[],"meta":{}},{"ancestorTitles":["Button Component"],"fullName":"Button Component applies variant classes correctly","status":"passed","title":"applies variant classes correctly","duration":14.666900000000169,"failureMessages":[],"meta":{}},{"ancestorTitles":["Button Component"],"fullName":"Button Component applies size classes correctly","status":"passed","title":"applies size classes correctly","duration":14.217999999999847,"failureMessages":[],"meta":{}},{"ancestorTitles":["Button Component"],"fullName":"Button Component applies fullWidth class when specified","status":"passed","title":"applies fullWidth class when specified","duration":7.799099999999271,"failureMessages":[],"meta":{}},{"ancestorTitles":["Button Component"],"fullName":"Button Component calls onClick when clicked","status":"passed","title":"calls onClick when clicked","duration":248.00860000000011,"failureMessages":[],"meta":{}}],"startTime":1761757429213,"endTime":1761757429578.0085,"status":"passed","message":"","name":"C:/GplusApp_backup/frontend/src/components/__tests__/Button.test.jsx"},{"assertionResults":[{"ancestorTitles":["Card Component"],"fullName":"Card Component renders children correctly","status":"passed","title":"renders children correctly","duration":73.26189999999951,"failureMessages":[],"meta":{}},{"ancestorTitles":["Card Component"],"fullName":"Card Component renders title when provided","status":"passed","title":"renders title when provided","duration":15.850400000000263,"failureMessages":[],"meta":{}},{"ancestorTitles":["Card Component"],"fullName":"Card Component applies dark variant class when specified","status":"passed","title":"applies dark variant class when specified","duration":11.65309999999954,"failureMessages":[],"meta":{}},{"ancestorTitles":["Card Component"],"fullName":"Card Component applies hoverable class when specified","status":"passed","title":"applies hoverable class when specified","duration":6.967499999999745,"failureMessages":[],"meta":{}},{"ancestorTitles":["Card Component"],"fullName":"Card Component calls onClick when clicked","status":"passed","title":"calls onClick when clicked","duration":159.39619999999923,"failureMessages":[],"meta":{}}],"startTime":1761757423758,"endTime":1761757424025.3962,"status":"passed","message":"","name":"C:/GplusApp_backup/frontend/src/components/__tests__/Card.test.jsx"},{"assertionResults":[{"ancestorTitles":["Companies"],"fullName":"Companies renders companies list","status":"passed","title":"renders companies list","duration":664.8678,"failureMessages":[],"meta":{}}],"startTime":1761757372792,"endTime":1761757373456.868,"status":"passed","message":"","name":"C:/GplusApp_backup/frontend/src/components/__tests__/Companies.test.jsx"},{"assertionResults":[{"ancestorTitles":["CompaniesScreen Integration"],"fullName":"CompaniesScreen Integration fetches and displays companies from API","status":"passed","title":"fetches and displays companies from API","duration":123.86709999999948,"failureMessages":[],"meta":{}},{"ancestorTitles":["CompaniesScreen Integration"],"fullName":"CompaniesScreen Integration handles API error gracefully","status":"passed","title":"handles API error gracefully","duration":33.40440000000126,"failureMessages":[],"meta":{}}],"startTime":1761757372452,"endTime":1761757372610.4043,"status":"passed","message":"","name":"C:/GplusApp_backup/frontend/src/components/__tests__/CompaniesScreen.integration.test.jsx"},{"assertionResults":[{"ancestorTitles":["CompaniesScreen tests"],"fullName":"CompaniesScreen tests renders loading state","status":"passed","title":"renders loading state","duration":108.10109999999986,"failureMessages":[],"meta":{}}],"startTime":1761757372249,"endTime":1761757372357.101,"status":"passed","message":"","name":"C:/GplusApp_backup/frontend/src/components/__tests__/CompaniesScreen.test.jsx"},{"assertionResults":[{"ancestorTitles":["Dashboard Component"],"fullName":"Dashboard Component renders the dashboard with user information when user is logged in","status":"passed","title":"renders the dashboard with user information when user is logged in","duration":117.58910000000105,"failureMessages":[],"meta":{}},{"ancestorTitles":["Dashboard Component"],"fullName":"Dashboard Component renders the dashboard with default values when user is not logged in","status":"passed","title":"renders the dashboard with default values when user is not logged in","duration":12.800999999999476,"failureMessages":[],"meta":{}},{"ancestorTitles":["Dashboard Component"],"fullName":"Dashboard Component renders all dashboard cards with correct information","status":"passed","title":"renders all dashboard cards with correct information","duration":17.20219999999972,"failureMessages":[],"meta":{}}],"startTime":1761757372628,"endTime":1761757372776.2021,"status":"passed","message":"","name":"C:/GplusApp_backup/frontend/src/components/__tests__/Dashboard.test.jsx"},{"assertionResults":[{"ancestorTitles":["Footer Component"],"fullName":"Footer Component renders the footer with copyright information","status":"passed","title":"renders the footer with copyright information","duration":78.14089999999851,"failureMessages":[],"meta":{}},{"ancestorTitles":["Footer Component"],"fullName":"Footer Component renders footer links","status":"passed","title":"renders footer links","duration":22.182999999999083,"failureMessages":[],"meta":{}},{"ancestorTitles":["Footer Component"],"fullName":"Footer Component has the correct styling classes","status":"passed","title":"has the correct styling classes","duration":13.168800000001283,"failureMessages":[],"meta":{}}],"startTime":1761757449685,"endTime":1761757449798.1687,"status":"passed","message":"","name":"C:/GplusApp_backup/frontend/src/components/__tests__/Footer.test.jsx"},{"assertionResults":[{"ancestorTitles":["GenericScreen Component"],"fullName":"GenericScreen Component shows loading initially","status":"passed","title":"shows loading initially","duration":205.4867000000013,"failureMessages":[],"meta":{}},{"ancestorTitles":["GenericScreen Component"],"fullName":"GenericScreen Component renders data when API succeeds","status":"passed","title":"renders data when API succeeds","duration":149.78039999999964,"failureMessages":[],"meta":{}},{"ancestorTitles":["GenericScreen Component"],"fullName":"GenericScreen Component shows error when API fails","status":"passed","title":"shows error when API fails","duration":60.76499999999942,"failureMessages":[],"meta":{}},{"ancestorTitles":["GenericScreen Component"],"fullName":"GenericScreen Component allows retry after error","status":"passed","title":"allows retry after error","duration":639.7348999999995,"failureMessages":[],"meta":{}},{"ancestorTitles":["GenericScreen Component"],"fullName":"GenericScreen Component shows empty state for empty array","status":"passed","title":"shows empty state for empty array","duration":148.70269999999982,"failureMessages":[],"meta":{}}],"startTime":1761757380506,"endTime":1761757381710.7026,"status":"passed","message":"","name":"C:/GplusApp_backup/frontend/src/components/__tests__/GenericScreen.test.jsx"},{"assertionResults":[{"ancestorTitles":["Header Component"],"fullName":"Header Component renders header with correct elements","status":"passed","title":"renders header with correct elements","duration":153.17129999999997,"failureMessages":[],"meta":{}},{"ancestorTitles":["Header Component"],"fullName":"Header Component toggles dark mode when the button is clicked","status":"passed","title":"toggles dark mode when the button is clicked","duration":52.94279999999981,"failureMessages":[],"meta":{}},{"ancestorTitles":["Header Component"],"fullName":"Header Component changes language when a different language is selected","status":"passed","title":"changes language when a different language is selected","duration":28.277400000000853,"failureMessages":[],"meta":{}},{"ancestorTitles":["Header Component"],"fullName":"Header Component displays notification badge when notifications are received","status":"passed","title":"displays notification badge when notifications are received","duration":75.13119999999981,"failureMessages":[],"meta":{}},{"ancestorTitles":["Header Component"],"fullName":"Header Component toggles notification dropdown when bell is clicked","status":"passed","title":"toggles notification dropdown when bell is clicked","duration":51.53480000000036,"failureMessages":[],"meta":{}},{"ancestorTitles":["Header Component"],"fullName":"Header Component resets notification count when opening the notification dropdown","status":"passed","title":"resets notification count when opening the notification dropdown","duration":75.8158999999996,"failureMessages":[],"meta":{}}],"startTime":1761757415282,"endTime":1761757415722.816,"status":"passed","message":"","name":"C:/GplusApp_backup/frontend/src/components/__tests__/Header.test.jsx"},{"assertionResults":[{"ancestorTitles":["LanguageSwitcher Component"],"fullName":"LanguageSwitcher Component renders language switcher buttons","status":"passed","title":"renders language switcher buttons","duration":113.94350000000031,"failureMessages":[],"meta":{}},{"ancestorTitles":["LanguageSwitcher Component"],"fullName":"LanguageSwitcher Component changes language to Arabic when Arabic button is clicked","status":"passed","title":"changes language to Arabic when Arabic button is clicked","duration":34.167099999999664,"failureMessages":[],"meta":{}},{"ancestorTitles":["LanguageSwitcher Component"],"fullName":"LanguageSwitcher Component changes language to English when English button is clicked","status":"passed","title":"changes language to English when English button is clicked","duration":14.809799999999996,"failureMessages":[],"meta":{}}],"startTime":1761757439578,"endTime":1761757439741.8098,"status":"passed","message":"","name":"C:/GplusApp_backup/frontend/src/components/__tests__/LanguageSwitcher.test.jsx"},{"assertionResults":[{"ancestorTitles":["Layout Component"],"fullName":"Layout Component renders the layout correctly when user is not logged in","status":"passed","title":"renders the layout correctly when user is not logged in","duration":221.22279999999955,"failureMessages":[],"meta":{}},{"ancestorTitles":["Layout Component"],"fullName":"Layout Component renders the layout correctly when user is logged in","status":"passed","title":"renders the layout correctly when user is logged in","duration":49.144900000001144,"failureMessages":[],"meta":{}},{"ancestorTitles":["Layout Component"],"fullName":"Layout Component toggles mobile navigation menu when burger button is clicked","status":"passed","title":"toggles mobile navigation menu when burger button is clicked","duration":70.18499999999949,"failureMessages":[],"meta":{}},{"ancestorTitles":["Layout Component"],"fullName":"Layout Component closes the mobile menu when navigation links are clicked","status":"passed","title":"closes the mobile menu when navigation links are clicked","duration":49.215799999999945,"failureMessages":[],"meta":{}},{"ancestorTitles":["Layout Component"],"fullName":"Layout Component performs logout and redirects when logout button is clicked","status":"passed","title":"performs logout and redirects when logout button is clicked","duration":32.33809999999903,"failureMessages":[],"meta":{}},{"ancestorTitles":["Layout Component"],"fullName":"Layout Component renders the footer component","status":"passed","title":"renders the footer component","duration":56.36199999999917,"failureMessages":[],"meta":{}}],"startTime":1761757383991,"endTime":1761757384470.362,"status":"passed","message":"","name":"C:/GplusApp_backup/frontend/src/components/__tests__/Layout.test.jsx"},{"assertionResults":[{"ancestorTitles":["Login Component"],"fullName":"Login Component renders the login form correctly","status":"passed","title":"renders the login form correctly","duration":253.08700000000135,"failureMessages":[],"meta":{}},{"ancestorTitles":["Login Component"],"fullName":"Login Component validates input fields and shows error when fields are empty","status":"passed","title":"validates input fields and shows error when fields are empty","duration":434.28649999999834,"failureMessages":[],"meta":{}},{"ancestorTitles":["Login Component"],"fullName":"Login Component calls login function with entered credentials and navigates on success","status":"passed","title":"calls login function with entered credentials and navigates on success","duration":1404.5900999999994,"failureMessages":[],"meta":{}},{"ancestorTitles":["Login Component"],"fullName":"Login Component shows error message on login failure","status":"passed","title":"shows error message on login failure","duration":1057.5253999999986,"failureMessages":[],"meta":{}},{"ancestorTitles":["Login Component"],"fullName":"Login Component disables the login button and shows loading state during submission","status":"passed","title":"disables the login button and shows loading state during submission","duration":921.598399999999,"failureMessages":[],"meta":{}}],"startTime":1761757384192,"endTime":1761757388263.5984,"status":"passed","message":"","name":"C:/GplusApp_backup/frontend/src/components/__tests__/Login.test.jsx"},{"assertionResults":[{"ancestorTitles":["Navigation Accessibility Tests"],"fullName":"Navigation Accessibility Tests should have no accessibility violations when authenticated","status":"passed","title":"should have no accessibility violations when authenticated","duration":596.3096000000005,"failureMessages":[],"meta":{}},{"ancestorTitles":["Navigation Accessibility Tests"],"fullName":"Navigation Accessibility Tests should have proper navigation landmark roles","status":"passed","title":"should have proper navigation landmark roles","duration":156.22230000000127,"failureMessages":[],"meta":{}},{"ancestorTitles":["Navigation Accessibility Tests"],"fullName":"Navigation Accessibility Tests should have accessible dropdown menu","status":"passed","title":"should have accessible dropdown menu","duration":59.619800000000396,"failureMessages":[],"meta":{}},{"ancestorTitles":["Navigation Accessibility Tests"],"fullName":"Navigation Accessibility Tests should have skip link for keyboard accessibility","status":"passed","title":"should have skip link for keyboard accessibility","duration":19.92909999999938,"failureMessages":[],"meta":{}},{"ancestorTitles":["Navigation Accessibility Tests"],"fullName":"Navigation Accessibility Tests should have proper keyboard navigation order","status":"passed","title":"should have proper keyboard navigation order","duration":43.80409999999938,"failureMessages":[],"meta":{}}],"startTime":1761757407637,"endTime":1761757408513.8042,"status":"passed","message":"","name":"C:/GplusApp_backup/frontend/src/components/__tests__/Navigation.a11y.test.jsx"},{"assertionResults":[{"ancestorTitles":["Navigation Component"],"fullName":"Navigation Component renders navigation for regular users","status":"passed","title":"renders navigation for regular users","duration":443.056700000001,"failureMessages":[],"meta":{}},{"ancestorTitles":["Navigation Component"],"fullName":"Navigation Component renders navigation with admin links for admin users","status":"passed","title":"renders navigation with admin links for admin users","duration":113.94910000000164,"failureMessages":[],"meta":{}},{"ancestorTitles":["Navigation Component"],"fullName":"Navigation Component does not render when user is not logged in","status":"passed","title":"does not render when user is not logged in","duration":17.396500000000742,"failureMessages":[],"meta":{}},{"ancestorTitles":["Navigation Component"],"fullName":"Navigation Component calls logout function when logout button is clicked","status":"passed","title":"calls logout function when logout button is clicked","duration":98.8171999999995,"failureMessages":[],"meta":{}},{"ancestorTitles":["Navigation Component"],"fullName":"Navigation Component renders the correct number of navigation items","status":"passed","title":"renders the correct number of navigation items","duration":523.2327999999998,"failureMessages":[],"meta":{}}],"startTime":1761757383841,"endTime":1761757385038.233,"status":"passed","message":"","name":"C:/GplusApp_backup/frontend/src/components/__tests__/Navigation.test.jsx"},{"assertionResults":[{"ancestorTitles":["NotFound Component"],"fullName":"NotFound Component renders the 404 page correctly","status":"passed","title":"renders the 404 page correctly","duration":124.63400000000001,"failureMessages":[],"meta":{}}],"startTime":1761757457796,"endTime":1761757457920.634,"status":"passed","message":"","name":"C:/GplusApp_backup/frontend/src/components/__tests__/NotFound.test.jsx"},{"assertionResults":[{"ancestorTitles":["Notifications Component"],"fullName":"Notifications Component shows empty state when there are no notifications","status":"passed","title":"shows empty state when there are no notifications","duration":152.3184000000001,"failureMessages":[],"meta":{}},{"ancestorTitles":["Notifications Component"],"fullName":"Notifications Component renders notifications when they are received","status":"passed","title":"renders notifications when they are received","duration":157.244200000001,"failureMessages":[],"meta":{}},{"ancestorTitles":["Notifications Component"],"fullName":"Notifications Component displays multiple notifications in order","status":"passed","title":"displays multiple notifications in order","duration":209.36110000000008,"failureMessages":[],"meta":{}},{"ancestorTitles":["Notifications Component"],"fullName":"Notifications Component limits the number of notifications to 10","status":"passed","title":"limits the number of notifications to 10","duration":107.5607,"failureMessages":[],"meta":{}}],"startTime":1761757385211,"endTime":1761757385838.5608,"status":"passed","message":"","name":"C:/GplusApp_backup/frontend/src/components/__tests__/Notifications.test.jsx"},{"assertionResults":[{"ancestorTitles":["Notifications Component with Real Implementation"],"fullName":"Notifications Component with Real Implementation initially shows the empty state","status":"passed","title":"initially shows the empty state","duration":74.7475999999997,"failureMessages":[],"meta":{}},{"ancestorTitles":["Notifications Component with Real Implementation"],"fullName":"Notifications Component with Real Implementation subscribes to websocket notifications on mount","status":"passed","title":"subscribes to websocket notifications on mount","duration":15.395399999999427,"failureMessages":[],"meta":{}},{"ancestorTitles":["Notifications Component with Real Implementation"],"fullName":"Notifications Component with Real Implementation unsubscribes from websocket on unmount","status":"passed","title":"unsubscribes from websocket on unmount","duration":10.705299999999625,"failureMessages":[],"meta":{}},{"ancestorTitles":["Notifications Component with Real Implementation"],"fullName":"Notifications Component with Real Implementation displays a notification when one is received","status":"passed","title":"displays a notification when one is received","duration":109.58020000000033,"failureMessages":[],"meta":{}},{"ancestorTitles":["Notifications Component with Real Implementation"],"fullName":"Notifications Component with Real Implementation displays multiple notifications in newest-first order","status":"passed","title":"displays multiple notifications in newest-first order","duration":155.70690000000013,"failureMessages":[],"meta":{}},{"ancestorTitles":["Notifications Component with Real Implementation"],"fullName":"Notifications Component with Real Implementation limits notifications to 10 most recent","status":"passed","title":"limits notifications to 10 most recent","duration":102.4391999999998,"failureMessages":[],"meta":{}}],"startTime":1761757415801,"endTime":1761757416270.4392,"status":"passed","message":"","name":"C:/GplusApp_backup/frontend/src/components/__tests__/NotificationsRealImpl.test.jsx"},{"assertionResults":[{"ancestorTitles":["Payment"],"fullName":"Payment renders payment methods","status":"passed","title":"renders payment methods","duration":939.0658999999996,"failureMessages":[],"meta":{}}],"startTime":1761757406656,"endTime":1761757407595.066,"status":"passed","message":"","name":"C:/GplusApp_backup/frontend/src/components/__tests__/Payment.test.jsx"},{"assertionResults":[{"ancestorTitles":["PaymentScreen Integration"],"fullName":"PaymentScreen Integration fetches and displays payment methods from API","status":"passed","title":"fetches and displays payment methods from API","duration":251.1293000000005,"failureMessages":[],"meta":{}},{"ancestorTitles":["PaymentScreen Integration"],"fullName":"PaymentScreen Integration handles API error gracefully","status":"passed","title":"handles API error gracefully","duration":142.91979999999967,"failureMessages":[],"meta":{}},{"ancestorTitles":["PaymentScreen Integration"],"fullName":"PaymentScreen Integration handles empty payment methods","status":"passed","title":"handles empty payment methods","duration":17.100100000001476,"failureMessages":[],"meta":{}}],"startTime":1761757385212,"endTime":1761757385623.1,"status":"passed","message":"","name":"C:/GplusApp_backup/frontend/src/components/__tests__/PaymentScreen.integration.test.jsx"},{"assertionResults":[{"ancestorTitles":["Pickup Screen Integration"],"fullName":"Pickup Screen Integration renders pickups and creates new pickup","status":"passed","title":"renders pickups and creates new pickup","duration":180.56139999999868,"failureMessages":[],"meta":{}},{"ancestorTitles":["Pickup Screen Integration"],"fullName":"Pickup Screen Integration handles empty pickups list","status":"passed","title":"handles empty pickups list","duration":38.39769999999953,"failureMessages":[],"meta":{}},{"ancestorTitles":["Pickup Screen Integration"],"fullName":"Pickup Screen Integration handles API error gracefully","status":"passed","title":"handles API error gracefully","duration":40.85310000000027,"failureMessages":[],"meta":{}}],"startTime":1761757387696,"endTime":1761757387955.853,"status":"passed","message":"","name":"C:/GplusApp_backup/frontend/src/components/__tests__/Pickup.integration.test.jsx"},{"assertionResults":[{"ancestorTitles":["Pickup"],"fullName":"Pickup renders pickup screen and handles request","status":"passed","title":"renders pickup screen and handles request","duration":669.5795999999991,"failureMessages":[],"meta":{}}],"startTime":1761757393082,"endTime":1761757393751.5796,"status":"passed","message":"","name":"C:/GplusApp_backup/frontend/src/components/__tests__/Pickup.test.jsx"},{"assertionResults":[{"ancestorTitles":["PickupRequestForm Component"],"fullName":"PickupRequestForm Component renders the form with all fields","status":"passed","title":"renders the form with all fields","duration":278.0124999999989,"failureMessages":[],"meta":{}},{"ancestorTitles":["PickupRequestForm Component"],"fullName":"PickupRequestForm Component shows validation errors when form is submitted without required fields","status":"passed","title":"shows validation errors when form is submitted without required fields","duration":152.76970000000074,"failureMessages":[],"meta":{}},{"ancestorTitles":["PickupRequestForm Component"],"fullName":"PickupRequestForm Component submits form with valid data","status":"passed","title":"submits form with valid data","duration":1539.9583000000002,"failureMessages":[],"meta":{}},{"ancestorTitles":["PickupRequestForm Component"],"fullName":"PickupRequestForm Component handles successful form submission","status":"passed","title":"handles successful form submission","duration":77.42530000000079,"failureMessages":[],"meta":{}},{"ancestorTitles":["PickupRequestForm Component"],"fullName":"PickupRequestForm Component handles form submission error","status":"passed","title":"handles form submission error","duration":69.69880000000012,"failureMessages":[],"meta":{}},{"ancestorTitles":["PickupRequestForm Component"],"fullName":"PickupRequestForm Component navigates back when cancel button is clicked","status":"passed","title":"navigates back when cancel button is clicked","duration":73.61830000000009,"failureMessages":[],"meta":{}}],"startTime":1761757396015,"endTime":1761757398206.6184,"status":"passed","message":"","name":"C:/GplusApp_backup/frontend/src/components/__tests__/PickupRequestForm.test.jsx"},{"assertionResults":[{"ancestorTitles":["PickupSchedule"],"fullName":"PickupSchedule renders upcoming and past pickups","status":"passed","title":"renders upcoming and past pickups","duration":238.07740000000013,"failureMessages":[],"meta":{}}],"startTime":1761757395282,"endTime":1761757395520.0774,"status":"passed","message":"","name":"C:/GplusApp_backup/frontend/src/components/__tests__/PickupSchedule.test.jsx"},{"assertionResults":[{"ancestorTitles":["Points"],"fullName":"Points shows loading initially","status":"passed","title":"shows loading initially","duration":87.01429999999982,"failureMessages":[],"meta":{}},{"ancestorTitles":["Points"],"fullName":"Points shows error if API fails","status":"passed","title":"shows error if API fails","duration":40.997299999999996,"failureMessages":[],"meta":{}},{"ancestorTitles":["Points"],"fullName":"Points shows total points and rewards","status":"passed","title":"shows total points and rewards","duration":51.86229999999978,"failureMessages":[],"meta":{}},{"ancestorTitles":["Points"],"fullName":"Points shows \"No rewards found\" if rewards is empty","status":"passed","title":"shows \"No rewards found\" if rewards is empty","duration":32.11249999999927,"failureMessages":[],"meta":{}},{"ancestorTitles":["Points"],"fullName":"Points shows rewards value if not array","status":"passed","title":"shows rewards value if not array","duration":24.079499999999825,"failureMessages":[],"meta":{}}],"startTime":1761757423003,"endTime":1761757423240.0796,"status":"passed","message":"","name":"C:/GplusApp_backup/frontend/src/components/__tests__/Points.test.jsx"},{"assertionResults":[{"ancestorTitles":["PointsDashboard Component"],"fullName":"PointsDashboard Component renders loading state when data is loading","status":"passed","title":"renders loading state when data is loading","duration":111.35570000000007,"failureMessages":[],"meta":{}},{"ancestorTitles":["PointsDashboard Component"],"fullName":"PointsDashboard Component renders error state when any query fails","status":"passed","title":"renders error state when any query fails","duration":41.34430000000066,"failureMessages":[],"meta":{}},{"ancestorTitles":["PointsDashboard Component"],"fullName":"PointsDashboard Component renders points summary data correctly","status":"passed","title":"renders points summary data correctly","duration":64.0627000000004,"failureMessages":[],"meta":{}},{"ancestorTitles":["PointsDashboard Component"],"fullName":"PointsDashboard Component renders points history data correctly","status":"passed","title":"renders points history data correctly","duration":136.3820999999998,"failureMessages":[],"meta":{}},{"ancestorTitles":["PointsDashboard Component"],"fullName":"PointsDashboard Component renders impact data correctly","status":"passed","title":"renders impact data correctly","duration":98.96510000000035,"failureMessages":[],"meta":{}},{"ancestorTitles":["PointsDashboard Component"],"fullName":"PointsDashboard Component renders no history message when history is empty","status":"passed","title":"renders no history message when history is empty","duration":13.798200000000179,"failureMessages":[],"meta":{}}],"startTime":1761757420617,"endTime":1761757421083.798,"status":"passed","message":"","name":"C:/GplusApp_backup/frontend/src/components/__tests__/PointsDashboard.test.jsx"},{"assertionResults":[{"ancestorTitles":["PointsScreen Integration"],"fullName":"PointsScreen Integration fetches and displays points balance","status":"passed","title":"fetches and displays points balance","duration":147.41340000000127,"failureMessages":[],"meta":{}},{"ancestorTitles":["PointsScreen Integration"],"fullName":"PointsScreen Integration handles API error gracefully","status":"passed","title":"handles API error gracefully","duration":70.60539999999855,"failureMessages":[],"meta":{}},{"ancestorTitles":["PointsScreen Integration"],"fullName":"PointsScreen Integration handles empty points data","status":"passed","title":"handles empty points data","duration":31.62750000000051,"failureMessages":[],"meta":{}}],"startTime":1761757396051,"endTime":1761757396301.6274,"status":"passed","message":"","name":"C:/GplusApp_backup/frontend/src/components/__tests__/PointsScreen.integration.test.jsx"},{"assertionResults":[{"ancestorTitles":["PointsScreen DOM"],"fullName":"PointsScreen DOM shows points data when API succeeds","status":"passed","title":"shows points data when API succeeds","duration":134.33339999999953,"failureMessages":[],"meta":{}},{"ancestorTitles":["PointsScreen DOM"],"fullName":"PointsScreen DOM shows loading indicator","status":"passed","title":"shows loading indicator","duration":10.039199999999255,"failureMessages":[],"meta":{}},{"ancestorTitles":["PointsScreen DOM"],"fullName":"PointsScreen DOM shows empty state when data is empty","status":"passed","title":"shows empty state when data is empty","duration":15.017499999999927,"failureMessages":[],"meta":{}},{"ancestorTitles":["PointsScreen DOM"],"fullName":"PointsScreen DOM shows error state when API fails","status":"passed","title":"shows error state when API fails","duration":36.57519999999931,"failureMessages":[],"meta":{}},{"ancestorTitles":["PointsScreen DOM"],"fullName":"PointsScreen DOM shows points data when API succeeds (single object)","status":"passed","title":"shows points data when API succeeds (single object)","duration":24.29820000000109,"failureMessages":[],"meta":{}},{"ancestorTitles":["PointsScreen"],"fullName":"PointsScreen passes correct titleKey and emptyKey to GenericScreen","status":"passed","title":"passes correct titleKey and emptyKey to GenericScreen","duration":5.850799999998344,"failureMessages":[],"meta":{}},{"ancestorTitles":["PointsScreen"],"fullName":"PointsScreen transforms rewards array into [{id, name}] via apiCall","status":"passed","title":"transforms rewards array into [{id, name}] via apiCall","duration":6.129000000000815,"failureMessages":[],"meta":{}},{"ancestorTitles":["PointsScreen"],"fullName":"PointsScreen returns [] when rewards is not an array","status":"passed","title":"returns [] when rewards is not an array","duration":3.8577000000004773,"failureMessages":[],"meta":{}},{"ancestorTitles":["PointsScreen"],"fullName":"PointsScreen handles empty rewards array","status":"passed","title":"handles empty rewards array","duration":12.212199999999939,"failureMessages":[],"meta":{}},{"ancestorTitles":["PointsScreen"],"fullName":"PointsScreen forwards extra props to GenericScreen","status":"passed","title":"forwards extra props to GenericScreen","duration":3.5388999999995576,"failureMessages":[],"meta":{}}],"startTime":1761757429837,"endTime":1761757430090.5388,"status":"passed","message":"","name":"C:/GplusApp_backup/frontend/src/components/__tests__/PointsScreen.test.jsx"},{"assertionResults":[{"ancestorTitles":["RouteTracker Component"],"fullName":"RouteTracker Component renders children without modifying them","status":"passed","title":"renders children without modifying them","duration":87.22139999999854,"failureMessages":[],"meta":{}},{"ancestorTitles":["RouteTracker Component"],"fullName":"RouteTracker Component tracks page view on initial render with root path","status":"passed","title":"tracks page view on initial render with root path","duration":14.634399999999005,"failureMessages":[],"meta":{}},{"ancestorTitles":["RouteTracker Component"],"fullName":"RouteTracker Component tracks page view with correct page name for non-root paths","status":"passed","title":"tracks page view with correct page name for non-root paths","duration":10.154700000000958,"failureMessages":[],"meta":{}},{"ancestorTitles":["RouteTracker Component"],"fullName":"RouteTracker Component tracks page view for nested paths","status":"passed","title":"tracks page view for nested paths","duration":6.603499999999258,"failureMessages":[],"meta":{}},{"ancestorTitles":["RouteTracker Component"],"fullName":"RouteTracker Component capitalizes the first letter of the page name","status":"passed","title":"capitalizes the first letter of the page name","duration":10.038899999999558,"failureMessages":[],"meta":{}}],"startTime":1761757458161,"endTime":1761757458290.0388,"status":"passed","message":"","name":"C:/GplusApp_backup/frontend/src/components/__tests__/RouteTracker.test.jsx"},{"assertionResults":[{"ancestorTitles":["ScreenReaderOnly Component"],"fullName":"ScreenReaderOnly Component renders children with sr-only class","status":"passed","title":"renders children with sr-only class","duration":76.91349999999966,"failureMessages":[],"meta":{}},{"ancestorTitles":["ScreenReaderOnly Component"],"fullName":"ScreenReaderOnly Component is not visually hidden in tests but would be in browser","status":"passed","title":"is not visually hidden in tests but would be in browser","duration":15.578300000000127,"failureMessages":[],"meta":{}},{"ancestorTitles":["ScreenReaderOnly Component"],"fullName":"ScreenReaderOnly Component maintains text content hierarchy","status":"passed","title":"maintains text content hierarchy","duration":156.15999999999985,"failureMessages":[],"meta":{}}],"startTime":1761757432197,"endTime":1761757432445.16,"status":"passed","message":"","name":"C:/GplusApp_backup/frontend/src/components/__tests__/ScreenReaderOnly.test.jsx"},{"assertionResults":[{"ancestorTitles":["ServiceWorkerWrapper Component"],"fullName":"ServiceWorkerWrapper Component renders children without modifying them","status":"passed","title":"renders children without modifying them","duration":108.1956999999993,"failureMessages":[],"meta":{}},{"ancestorTitles":["ServiceWorkerWrapper Component"],"fullName":"ServiceWorkerWrapper Component logs to console when mounted","status":"passed","title":"logs to console when mounted","duration":23.716699999999946,"failureMessages":[],"meta":{}},{"ancestorTitles":["ServiceWorkerWrapper Component"],"fullName":"ServiceWorkerWrapper Component renders multiple children correctly","status":"passed","title":"renders multiple children correctly","duration":56.20209999999952,"failureMessages":[],"meta":{}}],"startTime":1761757458494,"endTime":1761757458682.2021,"status":"passed","message":"","name":"C:/GplusApp_backup/frontend/src/components/__tests__/ServiceWorkerWrapper.test.jsx"},{"assertionResults":[{"ancestorTitles":["sanity"],"fullName":"sanity works","status":"passed","title":"works","duration":4.893300000000636,"failureMessages":[],"meta":{}}],"startTime":1761757465929,"endTime":1761757465933.8933,"status":"passed","message"
[...]
le:///C:/GplusApp_backup/frontend/src/locales/en.json\" needs an import attribute of \"type: json\"\n    at validateAttributes (node:internal/modules/esm/assert:88:15)\n    at defaultLoadSync (node:internal/modules/esm/load:154:3)\n    at ModuleLoader.#loadAndMaybeBlockOnLoaderThread (node:internal/modules/esm/loader:818:12)\n    at ModuleLoader.#loadSync (node:internal/modules/esm/loader:840:49)\n    at ModuleLoader.getModuleJobForRequire (node:internal/modules/esm/loader:478:38)\n    at new ModuleJobSync (node:internal/modules/esm/module_job:393:34)\n    at ModuleLoader.getModuleJobForRequire (node:internal/modules/esm/loader:512:11)\n    at new ModuleJobSync (node:internal/modules/esm/module_job:393:34)\n    at ModuleLoader.importSyncForRequire (node:internal/modules/esm/loader:426:11)\n    at loadESMFromCJS (node:internal/modules/cjs/loader:1519:24)"],"meta":{}},{"ancestorTitles":["API Service","Axios Instance Configuration"],"fullName":"API Service Axios Instance Configuration does not set authorization header when token does not exist","status":"failed","title":"does not set authorization header when token does not exist","duration":4.846599999999853,"failureMessages":["TypeError: Module \"file:///C:/GplusApp_backup/frontend/src/locales/en.json\" needs an import attribute of \"type: json\"\n    at validateAttributes (node:internal/modules/esm/assert:88:15)\n    at defaultLoadSync (node:internal/modules/esm/load:154:3)\n    at ModuleLoader.#loadAndMaybeBlockOnLoaderThread (node:internal/modules/esm/loader:818:12)\n    at ModuleLoader.#loadSync (node:internal/modules/esm/loader:840:49)\n    at ModuleLoader.getModuleJobForRequire (node:internal/modules/esm/loader:478:38)\n    at new ModuleJobSync (node:internal/modules/esm/module_job:393:34)\n    at ModuleLoader.getModuleJobForRequire (node:internal/modules/esm/loader:512:11)\n    at new ModuleJobSync (node:internal/modules/esm/module_job:393:34)\n    at ModuleLoader.importSyncForRequire (node:internal/modules/esm/loader:426:11)\n    at loadESMFromCJS (node:internal/modules/cjs/loader:1519:24)"],"meta":{}},{"ancestorTitles":["API Service","Axios Instance Configuration"],"fullName":"API Service Axios Instance Configuration extracts data from successful responses","status":"failed","title":"extracts data from successful responses","duration":4.010400000000118,"failureMessages":["TypeError: Module \"file:///C:/GplusApp_backup/frontend/src/locales/en.json\" needs an import attribute of \"type: json\"\n    at validateAttributes (node:internal/modules/esm/assert:88:15)\n    at defaultLoadSync (node:internal/modules/esm/load:154:3)\n    at ModuleLoader.#loadAndMaybeBlockOnLoaderThread (node:internal/modules/esm/loader:818:12)\n    at ModuleLoader.#loadSync (node:internal/modules/esm/loader:840:49)\n    at ModuleLoader.getModuleJobForRequire (node:internal/modules/esm/loader:478:38)\n    at new ModuleJobSync (node:internal/modules/esm/module_job:393:34)\n    at ModuleLoader.getModuleJobForRequire (node:internal/modules/esm/loader:512:11)\n    at new ModuleJobSync (node:internal/modules/esm/module_job:393:34)\n    at ModuleLoader.importSyncForRequire (node:internal/modules/esm/loader:426:11)\n    at loadESMFromCJS (node:internal/modules/cjs/loader:1519:24)"],"meta":{}},{"ancestorTitles":["API Service","Axios Instance Configuration"],"fullName":"API Service Axios Instance Configuration shows toast for non-401 errors","status":"failed","title":"shows toast for non-401 errors","duration":3.7174999999997453,"failureMessages":["TypeError: Module \"file:///C:/GplusApp_backup/frontend/src/locales/en.json\" needs an import attribute of \"type: json\"\n    at validateAttributes (node:internal/modules/esm/assert:88:15)\n    at defaultLoadSync (node:internal/modules/esm/load:154:3)\n    at ModuleLoader.#loadAndMaybeBlockOnLoaderThread (node:internal/modules/esm/loader:818:12)\n    at ModuleLoader.#loadSync (node:internal/modules/esm/loader:840:49)\n    at ModuleLoader.getModuleJobForRequire (node:internal/modules/esm/loader:478:38)\n    at new ModuleJobSync (node:internal/modules/esm/module_job:393:34)\n    at ModuleLoader.getModuleJobForRequire (node:internal/modules/esm/loader:512:11)\n    at new ModuleJobSync (node:internal/modules/esm/module_job:393:34)\n    at ModuleLoader.importSyncForRequire (node:internal/modules/esm/loader:426:11)\n    at loadESMFromCJS (node:internal/modules/cjs/loader:1519:24)"],"meta":{}},{"ancestorTitles":["API Service","Axios Instance Configuration"],"fullName":"API Service Axios Instance Configuration dispatches auth-error event for 401 errors","status":"failed","title":"dispatches auth-error event for 401 errors","duration":13.985199999999168,"failureMessages":["TypeError: Module \"file:///C:/GplusApp_backup/frontend/src/locales/en.json\" needs an import attribute of \"type: json\"\n    at validateAttributes (node:internal/modules/esm/assert:88:15)\n    at defaultLoadSync (node:internal/modules/esm/load:154:3)\n    at ModuleLoader.#loadAndMaybeBlockOnLoaderThread (node:internal/modules/esm/loader:818:12)\n    at ModuleLoader.#loadSync (node:internal/modules/esm/loader:840:49)\n    at ModuleLoader.getModuleJobForRequire (node:internal/modules/esm/loader:478:38)\n    at new ModuleJobSync (node:internal/modules/esm/module_job:393:34)\n    at ModuleLoader.getModuleJobForRequire (node:internal/modules/esm/loader:512:11)\n    at new ModuleJobSync (node:internal/modules/esm/module_job:393:34)\n    at ModuleLoader.importSyncForRequire (node:internal/modules/esm/loader:426:11)\n    at loadESMFromCJS (node:internal/modules/cjs/loader:1519:24)"],"meta":{}},{"ancestorTitles":["API Service","Axios Instance Configuration"],"fullName":"API Service Axios Instance Configuration uses default error message when detail is not provided","status":"failed","title":"uses default error message when detail is not provided","duration":3.894000000000233,"failureMessages":["TypeError: Module \"file:///C:/GplusApp_backup/frontend/src/locales/en.json\" needs an import attribute of \"type: json\"\n    at validateAttributes (node:internal/modules/esm/assert:88:15)\n    at defaultLoadSync (node:internal/modules/esm/load:154:3)\n    at ModuleLoader.#loadAndMaybeBlockOnLoaderThread (node:internal/modules/esm/loader:818:12)\n    at ModuleLoader.#loadSync (node:internal/modules/esm/loader:840:49)\n    at ModuleLoader.getModuleJobForRequire (node:internal/modules/esm/loader:478:38)\n    at new ModuleJobSync (node:internal/modules/esm/module_job:393:34)\n    at ModuleLoader.getModuleJobForRequire (node:internal/modules/esm/loader:512:11)\n    at new ModuleJobSync (node:internal/modules/esm/module_job:393:34)\n    at ModuleLoader.importSyncForRequire (node:internal/modules/esm/loader:426:11)\n    at loadESMFromCJS (node:internal/modules/cjs/loader:1519:24)"],"meta":{}},{"ancestorTitles":["API Service","API Methods"],"fullName":"API Service API Methods getPickups calls the correct endpoint","status":"failed","title":"getPickups calls the correct endpoint","duration":3.99159999999938,"failureMessages":["TypeError: Module \"file:///C:/GplusApp_backup/frontend/src/locales/en.json\" needs an import attribute of \"type: json\"\n    at validateAttributes (node:internal/modules/esm/assert:88:15)\n    at defaultLoadSync (node:internal/modules/esm/load:154:3)\n    at ModuleLoader.#loadAndMaybeBlockOnLoaderThread (node:internal/modules/esm/loader:818:12)\n    at ModuleLoader.#loadSync (node:internal/modules/esm/loader:840:49)\n    at ModuleLoader.getModuleJobForRequire (node:internal/modules/esm/loader:478:38)\n    at new ModuleJobSync (node:internal/modules/esm/module_job:393:34)\n    at ModuleLoader.getModuleJobForRequire (node:internal/modules/esm/loader:512:11)\n    at new ModuleJobSync (node:internal/modules/esm/module_job:393:34)\n    at ModuleLoader.importSyncForRequire (node:internal/modules/esm/loader:426:11)\n    at loadESMFromCJS (node:internal/modules/cjs/loader:1519:24)"],"meta":{}},{"ancestorTitles":["API Service","API Methods"],"fullName":"API Service API Methods createPickup calls the correct endpoint with data","status":"failed","title":"createPickup calls the correct endpoint with data","duration":4.167300000000068,"failureMessages":["TypeError: Module \"file:///C:/GplusApp_backup/frontend/src/locales/en.json\" needs an import attribute of \"type: json\"\n    at validateAttributes (node:internal/modules/esm/assert:88:15)\n    at defaultLoadSync (node:internal/modules/esm/load:154:3)\n    at ModuleLoader.#loadAndMaybeBlockOnLoaderThread (node:internal/modules/esm/loader:818:12)\n    at ModuleLoader.#loadSync (node:internal/modules/esm/loader:840:49)\n    at ModuleLoader.getModuleJobForRequire (node:internal/modules/esm/loader:478:38)\n    at new ModuleJobSync (node:internal/modules/esm/module_job:393:34)\n    at ModuleLoader.getModuleJobForRequire (node:internal/modules/esm/loader:512:11)\n    at new ModuleJobSync (node:internal/modules/esm/module_job:393:34)\n    at ModuleLoader.importSyncForRequire (node:internal/modules/esm/loader:426:11)\n    at loadESMFromCJS (node:internal/modules/cjs/loader:1519:24)"],"meta":{}},{"ancestorTitles":["API Service","API Methods"],"fullName":"API Service API Methods getCompanies calls the correct endpoint","status":"failed","title":"getCompanies calls the correct endpoint","duration":3.5702000000001135,"failureMessages":["TypeError: Module \"file:///C:/GplusApp_backup/frontend/src/locales/en.json\" needs an import attribute of \"type: json\"\n    at validateAttributes (node:internal/modules/esm/assert:88:15)\n    at defaultLoadSync (node:internal/modules/esm/load:154:3)\n    at ModuleLoader.#loadAndMaybeBlockOnLoaderThread (node:internal/modules/esm/loader:818:12)\n    at ModuleLoader.#loadSync (node:internal/modules/esm/loader:840:49)\n    at ModuleLoader.getModuleJobForRequire (node:internal/modules/esm/loader:478:38)\n    at new ModuleJobSync (node:internal/modules/esm/module_job:393:34)\n    at ModuleLoader.getModuleJobForRequire (node:internal/modules/esm/loader:512:11)\n    at new ModuleJobSync (node:internal/modules/esm/module_job:393:34)\n    at ModuleLoader.importSyncForRequire (node:internal/modules/esm/loader:426:11)\n    at loadESMFromCJS (node:internal/modules/cjs/loader:1519:24)"],"meta":{}}],"startTime":1761757370608,"endTime":1761757370872.5703,"status":"failed","message":"","name":"C:/GplusApp_backup/frontend/src/services/__tests__/api.test.js"},{"assertionResults":[{"ancestorTitles":["WebSocketService"],"fullName":"WebSocketService initializes with empty listeners","status":"passed","title":"initializes with empty listeners","duration":19.210000000000036,"failureMessages":[],"meta":{}},{"ancestorTitles":["WebSocketService"],"fullName":"WebSocketService connects to WebSocket with token and connection ID","status":"passed","title":"connects to WebSocket with token and connection ID","duration":9.799799999999777,"failureMessages":[],"meta":{}},{"ancestorTitles":["WebSocketService"],"fullName":"WebSocketService generates new connection ID if none exists","status":"passed","title":"generates new connection ID if none exists","duration":6.141200000000026,"failureMessages":[],"meta":{}},{"ancestorTitles":["WebSocketService"],"fullName":"WebSocketService sets up ping interval on connection","status":"passed","title":"sets up ping interval on connection","duration":8.652199999999539,"failureMessages":[],"meta":{}},{"ancestorTitles":["WebSocketService"],"fullName":"WebSocketService processes incoming messages and notifies listeners","status":"passed","title":"processes incoming messages and notifies listeners","duration":7.250700000000506,"failureMessages":[],"meta":{}},{"ancestorTitles":["WebSocketService"],"fullName":"WebSocketService handles connection close and attempts reconnection","status":"passed","title":"handles connection close and attempts reconnection","duration":5.817699999999604,"failureMessages":[],"meta":{}},{"ancestorTitles":["WebSocketService"],"fullName":"WebSocketService disconnects and cleans up properly","status":"passed","title":"disconnects and cleans up properly","duration":4.621299999999792,"failureMessages":[],"meta":{}},{"ancestorTitles":["WebSocketService"],"fullName":"WebSocketService provides unsubscribe function when registering listeners","status":"passed","title":"provides unsubscribe function when registering listeners","duration":8.229899999999361,"failureMessages":[],"meta":{}}],"startTime":1761757463960,"endTime":1761757464030.23,"status":"passed","message":"","name":"C:/GplusApp_backup/frontend/src/services/__tests__/websocket.service.test.js"},{"assertionResults":[{"ancestorTitles":["lazyLoad Utility"],"fullName":"lazyLoad Utility renders a loading fallback initially and then the component","status":"passed","title":"renders a loading fallback initially and then the component","duration":103.84629999999925,"failureMessages":[],"meta":{}},{"ancestorTitles":["lazyLoad Utility"],"fullName":"lazyLoad Utility renders a custom fallback if provided","status":"passed","title":"renders a custom fallback if provided","duration":40.61750000000029,"failureMessages":[],"meta":{}}],"startTime":1761757450696,"endTime":1761757450840.6174,"status":"passed","message":"","name":"C:/GplusApp_backup/frontend/src/utils/__tests__/lazyLoad.test.jsx"},{"assertionResults":[{"ancestorTitles":["ApiPerformanceCard"],"fullName":"ApiPerformanceCard renders skeleton when no data is provided","status":"passed","title":"renders skeleton when no data is provided","duration":67.35010000000148,"failureMessages":[],"meta":{}},{"ancestorTitles":["ApiPerformanceCard"],"fullName":"ApiPerformanceCard renders API performance data correctly","status":"passed","title":"renders API performance data correctly","duration":133.2531999999992,"failureMessages":[],"meta":{}},{"ancestorTitles":["ApiPerformanceCard"],"fullName":"ApiPerformanceCard applies correct color coding to performance metrics","status":"passed","title":"applies correct color coding to performance metrics","duration":44.44629999999961,"failureMessages":[],"meta":{}}],"startTime":1761757440834,"endTime":1761757441079.4463,"status":"passed","message":"","name":"C:/GplusApp_backup/frontend/src/components/dashboard/__tests__/ApiPerformanceCard.test.jsx"},{"assertionResults":[{"ancestorTitles":["MemoryUsageCard"],"fullName":"MemoryUsageCard renders skeleton when no data is provided","status":"passed","title":"renders skeleton when no data is provided","duration":60.334499999999935,"failureMessages":[],"meta":{}},{"ancestorTitles":["MemoryUsageCard"],"fullName":"MemoryUsageCard renders memory usage data correctly","status":"passed","title":"renders memory usage data correctly","duration":73.96349999999984,"failureMessages":[],"meta":{}},{"ancestorTitles":["MemoryUsageCard"],"fullName":"MemoryUsageCard applies correct color based on pressure level","status":"passed","title":"applies correct color based on pressure level","duration":148.09990000000016,"failureMessages":[],"meta":{}},{"ancestorTitles":["MemoryUsageCard"],"fullName":"MemoryUsageCard applies correct trend direction styling","status":"passed","title":"applies correct trend direction styling","duration":25.377000000000407,"failureMessages":[],"meta":{}}],"startTime":1761757414673,"endTime":1761757414981.377,"status":"passed","message":"","name":"C:/GplusApp_backup/frontend/src/components/dashboard/__tests__/MemoryUsageCard.test.jsx"},{"assertionResults":[{"ancestorTitles":["PerformanceDashboard"],"fullName":"PerformanceDashboard renders loading state initially","status":"passed","title":"renders loading state initially","duration":90.97040000000015,"failureMessages":[],"meta":{}},{"ancestorTitles":["PerformanceDashboard"],"fullName":"PerformanceDashboard renders dashboard with metrics data when loaded","status":"passed","title":"renders dashboard with metrics data when loaded","duration":187.60800000000017,"failureMessages":[],"meta":{}},{"ancestorTitles":["PerformanceDashboard"],"fullName":"PerformanceDashboard renders error state when API calls fail","status":"passed","title":"renders error state when API calls fail","duration":36.5561000000007,"failureMessages":[],"meta":{}}],"startTime":1761757431248,"endTime":1761757431565.5562,"status":"passed","message":"","name":"C:/GplusApp_backup/frontend/src/components/dashboard/__tests__/PerformanceDashboard.test.jsx"},{"assertionResults":[{"ancestorTitles":["ApiPerformanceCard"],"fullName":"ApiPerformanceCard renders skeleton when data is not provided","status":"passed","title":"renders skeleton when data is not provided","duration":94.09569999999985,"failureMessages":[],"meta":{}},{"ancestorTitles":["ApiPerformanceCard"],"fullName":"ApiPerformanceCard renders with data properly","status":"passed","title":"renders with data properly","duration":47.972499999999854,"failureMessages":[],"meta":{}},{"ancestorTitles":["ApiPerformanceCard"],"fullName":"ApiPerformanceCard renders top endpoints section","status":"passed","title":"renders top endpoints section","duration":27.3132999999998,"failureMessages":[],"meta":{}},{"ancestorTitles":["ApiPerformanceCard"],"fullName":"ApiPerformanceCard applies correct styling based on metric values","status":"passed","title":"applies correct styling based on metric values","duration":26.389500000001135,"failureMessages":[],"meta":{}}],"startTime":1761757440825,"endTime":1761757441021.3894,"status":"passed","message":"","name":"C:/GplusApp_backup/frontend/src/components/dashboard/cards/__tests__/ApiPerformanceCard.test.jsx"},{"assertionResults":[{"ancestorTitles":["KeyPatternCard"],"fullName":"KeyPatternCard renders skeleton when data is not provided","status":"passed","title":"renders skeleton when data is not provided","duration":88.55599999999959,"failureMessages":[],"meta":{}},{"ancestorTitles":["KeyPatternCard"],"fullName":"KeyPatternCard renders with data properly","status":"passed","title":"renders with data properly","duration":69.98049999999967,"failureMessages":[],"meta":{}},{"ancestorTitles":["KeyPatternCard"],"fullName":"KeyPatternCard displays summary information correctly","status":"passed","title":"displays summary information correctly","duration":46.612600000000384,"failureMessages":[],"meta":{}},{"ancestorTitles":["KeyPatternCard"],"fullName":"KeyPatternCard formats pattern names correctly","status":"passed","title":"formats pattern names correctly","duration":46.72229999999945,"failureMessages":[],"meta":{}}],"startTime":1761757423781,"endTime":1761757424033.7224,"status":"passed","message":"","name":"C:/GplusApp_backup/frontend/src/components/dashboard/cards/__tests__/KeyPatternCard.test.jsx"},{"assertionResults":[{"ancestorTitles":["SystemHealthCard"],"fullName":"SystemHealthCard renders skeleton when data is not provided","status":"passed","title":"renders skeleton when data is not provided","duration":76.64359999999942,"failureMessages":[],"meta":{}},{"ancestorTitles":["SystemHealthCard"],"fullName":"SystemHealthCard renders with data properly","status":"passed","title":"renders with data properly","duration":58.930599999999686,"failureMessages":[],"meta":{}},{"ancestorTitles":["SystemHealthCard"],"fullName":"SystemHealthCard displays correct status indicators","status":"passed","title":"displays correct status indicators","duration":45.67630000000008,"failureMessages":[],"meta":{}},{"ancestorTitles":["SystemHealthCard"],"fullName":"SystemHealthCard displays service metrics correctly","status":"passed","title":"displays service metrics correctly","duration":39.949900000000525,"failureMessages":[],"meta":{}},{"ancestorTitles":["SystemHealthCard"],"fullName":"SystemHealthCard displays service status text correctly","status":"passed","title":"displays service status text correctly","duration":19.69549999999981,"failureMessages":[],"meta":{}}],"startTime":1761757439570,"endTime":1761757439811.6956,"status":"passed","message":"","name":"C:/GplusApp_backup/frontend/src/components/dashboard/cards/__tests__/SystemHealthCard.test.jsx"}]}