<?xml version="1.0" encoding="UTF-8" ?>
<testsuites name="vitest tests" tests="338" failures="159" errors="0" time="7.076321337">
    <testsuite name="src/App.test.jsx" timestamp="2025-10-18T15:26:35.920Z" hostname="runnervmzdgdc" tests="1" failures="1" errors="0" skipped="0" time="0">
        <testcase classname="src/App.test.jsx" name="src/App.test.jsx" time="0">
            <failure message="Failed to resolve import &quot;@tanstack/react-query-devtools&quot; from &quot;src/App.jsx&quot;. Does the file exist?" type="Error">
Error: Failed to resolve import &quot;@tanstack/react-query-devtools&quot; from &quot;src/App.jsx&quot;. Does the file exist?
  Plugin: vite:import-analysis
  File: /home/runner/work/GplusAPP/GplusAPP/frontend/src/App.jsx:32:35
  30 |  import RouteTracker from &quot;./components/RouteTracker&quot;;
  31 |  import { QueryClientProvider } from &quot;@tanstack/react-query&quot;;
  32 |  import { ReactQueryDevtools } from &quot;@tanstack/react-query-devtools&quot;;
     |                                      ^
  33 |  import websocketService from &quot;./services/websocket.service&quot;;
  34 |  import { initErrorReporting, setupGlobalErrorHandler } from &quot;./utils/errorReporter&quot;;
 ❯ TransformPluginContext._formatLog ../node_modules/vitest/node_modules/vite/dist/node/chunks/dep-Chhhsdoe.js:31219:43
 ❯ TransformPluginContext.error ../node_modules/vitest/node_modules/vite/dist/node/chunks/dep-Chhhsdoe.js:31216:14
 ❯ normalizeUrl ../node_modules/vitest/node_modules/vite/dist/node/chunks/dep-Chhhsdoe.js:29699:18
 ❯ ../node_modules/vitest/node_modules/vite/dist/node/chunks/dep-Chhhsdoe.js:29757:32
 ❯ TransformPluginContext.transform ../node_modules/vitest/node_modules/vite/dist/node/chunks/dep-Chhhsdoe.js:29725:4
 ❯ EnvironmentPluginContainer.transform ../node_modules/vitest/node_modules/vite/dist/node/chunks/dep-Chhhsdoe.js:31018:14
 ❯ loadAndTransform ../node_modules/vitest/node_modules/vite/dist/node/chunks/dep-Chhhsdoe.js:26143:26
            </failure>
        </testcase>
    </testsuite>
    <testsuite name="src/sanity.test.jsx" timestamp="2025-10-18T15:26:35.924Z" hostname="runnervmzdgdc" tests="1" failures="0" errors="0" skipped="0" time="0.035442787">
        <testcase classname="src/sanity.test.jsx" name="sanity jsx transform" time="0.022640229">
        </testcase>
    </testsuite>
    <testsuite name="src/sanity2.test.js" timestamp="2025-10-18T15:26:35.925Z" hostname="runnervmzdgdc" tests="2" failures="0" errors="0" skipped="0" time="0.015422568">
        <testcase classname="src/sanity2.test.js" name="sanity non-jsx" time="0.001728575">
        </testcase>
        <testcase classname="src/sanity2.test.js" name="sanity non-jsx" time="0.00037256">
        </testcase>
    </testsuite>
    <testsuite name="src/__tests__/Authentication.integration.test.jsx" timestamp="2025-10-18T15:26:35.925Z" hostname="runnervmzdgdc" tests="5" failures="2" errors="0" skipped="1" time="1.456129009">
        <testcase classname="src/__tests__/Authentication.integration.test.jsx" name="Authentication Flow Integration Test &gt; redirects unauthenticated users to login page when accessing protected route" time="0.063829557">
            <system-err>
⚠️ React Router Future Flag Warning: React Router will begin wrapping state updates in `React.startTransition` in v7. You can use the `v7_startTransition` future flag to opt-in early. For more information, see https://reactrouter.com/v6/upgrading/future#v7_starttransition.
⚠️ React Router Future Flag Warning: Relative route resolution within Splat routes is changing in v7. You can use the `v7_relativeSplatPath` future flag to opt-in early. For more information, see https://reactrouter.com/v6/upgrading/future#v7_relativesplatpath.
react-i18next:: You will need to pass in an i18next instance by using initReactI18next

            </system-err>
        </testcase>
        <testcase classname="src/__tests__/Authentication.integration.test.jsx" name="Authentication Flow Integration Test &gt; allows users to log in and access protected routes" time="0">
            <skipped/>
        </testcase>
        <testcase classname="src/__tests__/Authentication.integration.test.jsx" name="Authentication Flow Integration Test &gt; shows error message on failed login" time="1.307519487">
            <system-err>
Warning: An update to LoginScreen inside a test was not wrapped in act(...).

When testing, code that causes React state updates should be wrapped into act(...):

act(() =&gt; {
  /* fire events that update state */
});
/* assert on the output */

This ensures that you&apos;re testing the behavior the user would see in the browser. Learn more at https://reactjs.org/link/wrap-tests-with-act
    at LoginScreen (/home/runner/work/GplusAPP/GplusAPP/frontend/src/screens/Auth/LoginScreen.jsx:17:63)
    at RenderedRoute (/home/runner/work/GplusAPP/GplusAPP/node_modules/react-router/dist/umd/react-router.development.js:539:7)
    at Routes (/home/runner/work/GplusAPP/GplusAPP/node_modules/react-router/dist/umd/react-router.development.js:1273:7)
    at Router (/home/runner/work/GplusAPP/GplusAPP/node_modules/react-router/dist/umd/react-router.development.js:1207:17)
    at MemoryRouter (/home/runner/work/GplusAPP/GplusAPP/node_modules/react-router/dist/umd/react-router.development.js:1101:7)
    at QueryClientProvider (file:///home/runner/work/GplusAPP/GplusAPP/node_modules/@tanstack/react-query/build/modern/QueryClientProvider.js:20:3)

Warning: An update to LoginScreen inside a test was not wrapped in act(...).

When testing, code that causes React state updates should be wrapped into act(...):

act(() =&gt; {
  /* fire events that update state */
});
/* assert on the output */

This ensures that you&apos;re testing the behavior the user would see in the browser. Learn more at https://reactjs.org/link/wrap-tests-with-act
    at LoginScreen (/home/runner/work/GplusAPP/GplusAPP/frontend/src/screens/Auth/LoginScreen.jsx:17:63)
    at RenderedRoute (/home/runner/work/GplusAPP/GplusAPP/node_modules/react-router/dist/umd/react-router.development.js:539:7)
    at Routes (/home/runner/work/GplusAPP/GplusAPP/node_modules/react-router/dist/umd/react-router.development.js:1273:7)
    at Router (/home/runner/work/GplusAPP/GplusAPP/node_modules/react-router/dist/umd/react-router.development.js:1207:17)
    at MemoryRouter (/home/runner/work/GplusAPP/GplusAPP/node_modules/react-router/dist/umd/react-router.development.js:1101:7)
    at QueryClientProvider (file:///home/runner/work/GplusAPP/GplusAPP/node_modules/@tanstack/react-query/build/modern/QueryClientProvider.js:20:3)

Warning: An update to LoginScreen inside a test was not wrapped in act(...).

When testing, code that causes React state updates should be wrapped into act(...):

act(() =&gt; {
  /* fire events that update state */
});
/* assert on the output */

This ensures that you&apos;re testing the behavior the user would see in the browser. Learn more at https://reactjs.org/link/wrap-tests-with-act
    at LoginScreen (/home/runner/work/GplusAPP/GplusAPP/frontend/src/screens/Auth/LoginScreen.jsx:17:63)
    at RenderedRoute (/home/runner/work/GplusAPP/GplusAPP/node_modules/react-router/dist/umd/react-router.development.js:539:7)
    at Routes (/home/runner/work/GplusAPP/GplusAPP/node_modules/react-router/dist/umd/react-router.development.js:1273:7)
    at Router (/home/runner/work/GplusAPP/GplusAPP/node_modules/react-router/dist/umd/react-router.development.js:1207:17)
    at MemoryRouter (/home/runner/work/GplusAPP/GplusAPP/node_modules/react-router/dist/umd/react-router.development.js:1101:7)
    at QueryClientProvider (file:///home/runner/work/GplusAPP/GplusAPP/node_modules/@tanstack/react-query/build/modern/QueryClientProvider.js:20:3)

Warning: An update to LoginScreen inside a test was not wrapped in act(...).

When testing, code that causes React state updates should be wrapped into act(...):

act(() =&gt; {
  /* fire events that update state */
});
/* assert on the output */

This ensures that you&apos;re testing the behavior the user would see in the browser. Learn more at https://reactjs.org/link/wrap-tests-with-act
    at LoginScreen (/home/runner/work/GplusAPP/GplusAPP/frontend/src/screens/Auth/LoginScreen.jsx:17:63)
    at RenderedRoute (/home/runner/work/GplusAPP/GplusAPP/node_modules/react-router/dist/umd/react-router.development.js:539:7)
    at Routes (/home/runner/work/GplusAPP/GplusAPP/node_modules/react-router/dist/umd/react-router.development.js:1273:7)
    at Router (/home/runner/work/GplusAPP/GplusAPP/node_modules/react-router/dist/umd/react-router.development.js:1207:17)
    at MemoryRouter (/home/runner/work/GplusAPP/GplusAPP/node_modules/react-router/dist/umd/react-router.development.js:1101:7)
    at QueryClientProvider (file:///home/runner/work/GplusAPP/GplusAPP/node_modules/@tanstack/react-query/build/modern/QueryClientProvider.js:20:3)

Warning: An update to LoginScreen inside a test was not wrapped in act(...).

When testing, code that causes React state updates should be wrapped into act(...):

act(() =&gt; {
  /* fire events that update state */
});
/* assert on the output */

This ensures that you&apos;re testing the behavior the user would see in the browser. Learn more at https://reactjs.org/link/wrap-tests-with-act
    at LoginScreen (/home/runner/work/GplusAPP/GplusAPP/frontend/src/screens/Auth/LoginScreen.jsx:17:63)
    at RenderedRoute (/home/runner/work/GplusAPP/GplusAPP/node_modules/react-router/dist/umd/react-router.development.js:539:7)
    at Routes (/home/runner/work/GplusAPP/GplusAPP/node_modules/react-router/dist/umd/react-router.development.js:1273:7)
    at Router (/home/runner/work/GplusAPP/GplusAPP/node_modules/react-router/dist/umd/react-router.development.js:1207:17)
    at MemoryRouter (/home/runner/work/GplusAPP/GplusAPP/node_modules/react-router/dist/umd/react-router.development.js:1101:7)
    at QueryClientProvider (file:///home/runner/work/GplusAPP/GplusAPP/node_modules/@tanstack/react-query/build/modern/QueryClientProvider.js:20:3)

Warning: An update to LoginScreen inside a test was not wrapped in act(...).

When testing, code that causes React state updates should be wrapped into act(...):

act(() =&gt; {
  /* fire events that update state */
});
/* assert on the output */

This ensures that you&apos;re testing the behavior the user would see in the browser. Learn more at https://reactjs.org/link/wrap-tests-with-act
    at LoginScreen (/home/runner/work/GplusAPP/GplusAPP/frontend/src/screens/Auth/LoginScreen.jsx:17:63)
    at RenderedRoute (/home/runner/work/GplusAPP/GplusAPP/node_modules/react-router/dist/umd/react-router.development.js:539:7)
    at Routes (/home/runner/work/GplusAPP/GplusAPP/node_modules/react-router/dist/umd/react-router.development.js:1273:7)
    at Router (/home/runner/work/GplusAPP/GplusAPP/node_modules/react-router/dist/umd/react-router.development.js:1207:17)
    at MemoryRouter (/home/runner/work/GplusAPP/GplusAPP/node_modules/react-router/dist/umd/react-router.development.js:1101:7)
    at QueryClientProvider (file:///home/runner/work/GplusAPP/GplusAPP/node_modules/@tanstack/react-query/build/modern/QueryClientProvider.js:20:3)

Warning: An update to LoginScreen inside a test was not wrapped in act(...).

When testing, code that causes React state updates should be wrapped into act(...):

act(() =&gt; {
  /* fire events that update state */
});
/* assert on the output */

This ensures that you&apos;re testing the behavior the user would see in the browser. Learn more at https://reactjs.org/link/wrap-tests-with-act
    at LoginScreen (/home/runner/work/GplusAPP/GplusAPP/frontend/src/screens/Auth/LoginScreen.jsx:17:63)
    at RenderedRoute (/home/runner/work/GplusAPP/GplusAPP/node_modules/react-router/dist/umd/react-router.development.js:539:7)
    at Routes (/home/runner/work/GplusAPP/GplusAPP/node_modules/react-router/dist/umd/react-router.development.js:1273:7)
    at Router (/home/runner/work/GplusAPP/GplusAPP/node_modules/react-router/dist/umd/react-router.development.js:1207:17)
    at MemoryRouter (/home/runner/work/GplusAPP/GplusAPP/node_modules/react-router/dist/umd/react-router.development.js:1101:7)
    at QueryClientProvider (file:///home/runner/work/GplusAPP/GplusAPP/node_modules/@tanstack/react-query/build/modern/QueryClientProvider.js:20:3)

Warning: An update to LoginScreen inside a test was not wrapped in act(...).

When testing, code that causes React state updates should be wrapped into act(...):

act(() =&gt; {
  /* fire events that update state */
});
/* assert on the output */

This ensures that you&apos;re testing the behavior the user would see in the browser. Learn more at https://reactjs.org/link/wrap-tests-with-act
    at LoginScreen (/home/runner/work/GplusAPP/GplusAPP/frontend/src/screens/Auth/LoginScreen.jsx:17:63)
    at RenderedRoute (/home/runner/work/GplusAPP/GplusAPP/node_modules/react-router/dist/umd/react-router.development.js:539:7)
    at Routes (/home/runner/work/GplusAPP/GplusAPP/node_modules/react-router/dist/umd/react-router.development.js:1273:7)
    at Router (/home/runner/work/GplusAPP/GplusAPP/node_modules/react-router/dist/umd/react-router.development.js:1207:17)
    at MemoryRouter (/home/runner/work/GplusAPP/GplusAPP/node_modules/react-router/dist/umd/react-router.development.js:1101:7)
    at QueryClientProvider (file:///home/runner/work/GplusAPP/GplusAPP/node_modules/@tanstack/react-query/build/modern/QueryClientProvider.js:20:3)

Warning: An update to LoginScreen inside a test was not wrapped in act(...).

When testing, code that causes React state updates should be wrapped into act(...):

act(() =&gt; {
  /* fire events that update state */
});
/* assert on the output */

This ensures that you&apos;re testing the behavior the user would see in the browser. Learn more at https://reactjs.org/link/wrap-tests-with-act
    at LoginScreen (/home/runner/work/GplusAPP/GplusAPP/frontend/src/screens/Auth/LoginScreen.jsx:17:63)
    at RenderedRoute (/home/runner/work/GplusAPP/GplusAPP/node_modules/react-router/dist/umd/react-router.development.js:539:7)
    at Routes (/home/runner/work/GplusAPP/GplusAPP/node_modules/react-router/dist/umd/react-router.development.js:1273:7)
    at Router (/home/runner/work/GplusAPP/GplusAPP/node_modules/react-router/dist/umd/react-router.development.js:1207:17)
    at MemoryRouter (/home/runner/work/GplusAPP/GplusAPP/node_modules/react-router/dist/umd/react-router.development.js:1101:7)
    at QueryClientProvider (file:///home/runner/work/GplusAPP/GplusAPP/node_modules/@tanstack/react-query/build/modern/QueryClientProvider.js:20:3)

Warning: An update to LoginScreen inside a test was not wrapped in act(...).

When testing, code that causes React state updates should be wrapped into act(...):

act(() =&gt; {
  /* fire events that update state */
});
/* assert on the output */

This ensures that you&apos;re testing the behavior the user would see in the browser. Learn more at https://reactjs.org/link/wrap-tests-with-act
    at LoginScreen (/home/runner/work/GplusAPP/GplusAPP/frontend/src/screens/Auth/LoginScreen.jsx:17:63)
    at RenderedRoute (/home/runner/work/GplusAPP/GplusAPP/node_modules/react-router/dist/umd/react-router.development.js:539:7)
    at Routes (/home/runner/work/GplusAPP/GplusAPP/node_modules/react-router/dist/umd/react-router.development.js:1273:7)
    at Router (/home/runner/work/GplusAPP/GplusAPP/node_modules/react-router/dist/umd/react-router.development.js:1207:17)
    at MemoryRouter (/home/runner/work/GplusAPP/GplusAPP/node_modules/react-router/dist/umd/react-router.development.js:1101:7)
    at QueryClientProvider (file:///home/runner/work/GplusAPP/GplusAPP/node_modules/@tanstack/react-query/build/modern/QueryClientProvider.js:20:3)

Warning: An update to LoginScreen inside a test was not wrapped in act(...).

When testing, code that causes React state updates should be wrapped into act(...):

act(() =&gt; {
  /* fire events that update state */
});
/* assert on the output */

This ensures that you&apos;re testing the behavior the user would see in the browser. Learn more at https://reactjs.org/link/wrap-tests-with-act
    at LoginScreen (/home/runner/work/GplusAPP/GplusAPP/frontend/src/screens/Auth/LoginScreen.jsx:17:63)
    at RenderedRoute (/home/runner/work/GplusAPP/GplusAPP/node_modules/react-router/dist/umd/react-router.development.js:539:7)
    at Routes (/home/runner/work/GplusAPP/GplusAPP/node_modules/react-router/dist/umd/react-router.development.js:1273:7)
    at Router (/home/runner/work/GplusAPP/GplusAPP/node_modules/react-router/dist/umd/react-router.development.js:1207:17)
    at MemoryRouter (/home/runner/work/GplusAPP/GplusAPP/node_modules/react-router/dist/umd/react-router.development.js:1101:7)
    at QueryClientProvider (file:///home/runner/work/GplusAPP/GplusAPP/node_modules/@tanstack/react-query/build/modern/QueryClientProvider.js:20:3)

Warning: An update to LoginScreen inside a test was not wrapped in act(...).

When testing, code that causes React state updates should be wrapped into act(...):

act(() =&gt; {
  /* fire events that update state */
});
/* assert on the output */

This ensures that you&apos;re testing the behavior the user would see in the browser. Learn more at https://reactjs.org/link/wrap-tests-with-act
    at LoginScreen (/home/runner/work/GplusAPP/GplusAPP/frontend/src/screens/Auth/LoginScreen.jsx:17:63)
    at RenderedRoute (/home/runner/work/GplusAPP/GplusAPP/node_modules/react-router/dist/umd/react-router.development.js:539:7)
    at Routes (/home/runner/work/GplusAPP/GplusAPP/node_modules/react-router/dist/umd/react-router.development.js:1273:7)
    at Router (/home/runner/work/GplusAPP/GplusAPP/node_modules/react-router/dist/umd/react-router.development.js:1207:17)
    at MemoryRouter (/home/runner/work/GplusAPP/GplusAPP/node_modules/react-router/dist/umd/react-router.development.js:1101:7)
    at QueryClientProvider (file:///home/runner/work/GplusAPP/GplusAPP/node_modules/@tanstack/react-query/build/modern/QueryClientProvider.js:20:3)

Warning: An update to LoginScreen inside a test was not wrapped in act(...).

When testing, code that causes React state updates should be wrapped into act(...):

act(() =&gt; {
  /* fire events that update state */
});
/* assert on the output */

This ensures that you&apos;re testing the behavior the user would see in the browser. Learn more at https://reactjs.org/link/wrap-tests-with-act
    at LoginScreen (/home/runner/work/GplusAPP/GplusAPP/frontend/src/screens/Auth/LoginScreen.jsx:17:63)
    at RenderedRoute (/home/runner/work/GplusAPP/GplusAPP/node_modules/react-router/dist/umd/react-router.development.js:539:7)
    at Routes (/home/runner/work/GplusAPP/GplusAPP/node_modules/react-router/dist/umd/react-router.development.js:1273:7)
    at Router (/home/runner/work/GplusAPP/GplusAPP/node_modules/react-router/dist/umd/react-router.development.js:1207:17)
    at MemoryRouter (/home/runner/work/GplusAPP/GplusAPP/node_modules/react-router/dist/umd/react-router.development.js:1101:7)
    at QueryClientProvider (file:///home/runner/work/GplusAPP/GplusAPP/node_modules/@tanstack/react-query/build/modern/QueryClientProvider.js:20:3)

Warning: An update to LoginScreen inside a test was not wrapped in act(...).

When testing, code that causes React state updates should be wrapped into act(...):

act(() =&gt; {
  /* fire events that update state */
});
/* assert on the output */

This ensures that you&apos;re testing the behavior the user would see in the browser. Learn more at https://reactjs.org/link/wrap-tests-with-act
    at LoginScreen (/home/runner/work/GplusAPP/GplusAPP/frontend/src/screens/Auth/LoginScreen.jsx:17:63)
    at RenderedRoute (/home/runner/work/GplusAPP/GplusAPP/node_modules/react-router/dist/umd/react-router.development.js:539:7)
    at Routes (/home/runner/work/GplusAPP/GplusAPP/node_modules/react-router/dist/umd/react-router.development.js:1273:7)
    at Router (/home/runner/work/GplusAPP/GplusAPP/node_modules/react-router/dist/umd/react-router.development.js:1207:17)
    at MemoryRouter (/home/runner/work/GplusAPP/GplusAPP/node_modules/react-router/dist/umd/react-router.development.js:1101:7)
    at QueryClientProvider (file:///home/runner/work/GplusAPP/GplusAPP/node_modules/@tanstack/react-query/build/modern/QueryClientProvider.js:20:3)

Warning: An update to LoginScreen inside a test was not wrapped in act(...).

When testing, code that causes React state updates should be wrapped into act(...):

act(() =&gt; {
  /* fire events that update state */
});
/* assert on the output */

This ensures that you&apos;re testing the behavior the user would see in the browser. Learn more at https://reactjs.org/link/wrap-tests-with-act
    at LoginScreen (/home/runner/work/GplusAPP/GplusAPP/frontend/src/screens/Auth/LoginScreen.jsx:17:63)
    at RenderedRoute (/home/runner/work/GplusAPP/GplusAPP/node_modules/react-router/dist/umd/react-router.development.js:539:7)
    at Routes (/home/runner/work/GplusAPP/GplusAPP/node_modules/react-router/dist/umd/react-router.development.js:1273:7)
    at Router (/home/runner/work/GplusAPP/GplusAPP/node_modules/react-router/dist/umd/react-router.development.js:1207:17)
    at MemoryRouter (/home/runner/work/GplusAPP/GplusAPP/node_modules/react-router/dist/umd/react-router.development.js:1101:7)
    at QueryClientProvider (file:///home/runner/work/GplusAPP/GplusAPP/node_modules/@tanstack/react-query/build/modern/QueryClientProvider.js:20:3)

Warning: An update to LoginScreen inside a test was not wrapped in act(...).

When testing, code that causes React state updates should be wrapped into act(...):

act(() =&gt; {
  /* fire events that update state */
});
/* assert on the output */

This ensures that you&apos;re testing the behavior the user would see in the browser. Learn more at https://reactjs.org/link/wrap-tests-with-act
    at LoginScreen (/home/runner/work/GplusAPP/GplusAPP/frontend/src/screens/Auth/LoginScreen.jsx:17:63)
    at RenderedRoute (/home/runner/work/GplusAPP/GplusAPP/node_modules/react-router/dist/umd/react-router.development.js:539:7)
    at Routes (/home/runner/work/GplusAPP/GplusAPP/node_modules/react-router/dist/umd/react-router.development.js:1273:7)
    at Router (/home/runner/work/GplusAPP/GplusAPP/node_modules/react-router/dist/umd/react-router.development.js:1207:17)
    at MemoryRouter (/home/runner/work/GplusAPP/GplusAPP/node_modules/react-router/dist/umd/react-router.development.js:1101:7)
    at QueryClientProvider (file:///home/runner/work/GplusAPP/GplusAPP/node_modules/@tanstack/react-query/build/modern/QueryClientProvider.js:20:3)

Warning: An update to LoginScreen inside a test was not wrapped in act(...).

When testing, code that causes React state updates should be wrapped into act(...):

act(() =&gt; {
  /* fire events that update state */
});
/* assert on the output */

This ensures that you&apos;re testing the behavior the user would see in the browser. Learn more at https://reactjs.org/link/wrap-tests-with-act
    at LoginScreen (/home/runner/work/GplusAPP/GplusAPP/frontend/src/screens/Auth/LoginScreen.jsx:17:63)
    at RenderedRoute (/home/runner/work/GplusAPP/GplusAPP/node_modules/react-router/dist/umd/react-router.development.js:539:7)
    at Routes (/home/runner/work/GplusAPP/GplusAPP/node_modules/react-router/dist/umd/react-router.development.js:1273:7)
    at Router (/home/runner/work/GplusAPP/GplusAPP/node_modules/react-router/dist/umd/react-router.development.js:1207:17)
    at MemoryRouter (/home/runner/work/GplusAPP/GplusAPP/node_modules/react-router/dist/umd/react-router.development.js:1101:7)
    at QueryClientProvider (file:///home/runner/work/GplusAPP/GplusAPP/node_modules/@tanstack/react-query/build/modern/QueryClientProvider.js:20:3)

Warning: An update to LoginScreen inside a test was not wrapped in act(...).

When testing, code that causes React state updates should be wrapped into act(...):

act(() =&gt; {
  /* fire events that update state */
});
/* assert on the output */

This ensures that you&apos;re testing the behavior the user would see in the browser. Learn more at https://reactjs.org/link/wrap-tests-with-act
    at LoginScreen (/home/runner/work/GplusAPP/GplusAPP/frontend/src/screens/Auth/LoginScreen.jsx:17:63)
    at RenderedRoute (/home/runner/work/GplusAPP/GplusAPP/node_modules/react-router/dist/umd/react-router.development.js:539:7)
    at Routes (/home/runner/work/GplusAPP/GplusAPP/node_modules/react-router/dist/umd/react-router.development.js:1273:7)
    at Router (/home/runner/work/GplusAPP/GplusAPP/node_modules/react-router/dist/umd/react-router.development.js:1207:17)
    at MemoryRouter (/home/runner/work/GplusAPP/GplusAPP/node_modules/react-router/dist/umd/react-router.development.js:1101:7)
    at QueryClientProvider (file:///home/runner/work/GplusAPP/GplusAPP/node_modules/@tanstack/react-query/build/modern/QueryClientProvider.js:20:3)

Warning: An update to LoginScreen inside a test was not wrapped in act(...).

When testing, code that causes React state updates should be wrapped into act(...):

act(() =&gt; {
  /* fire events that update state */
});
/* assert on the output */

This ensures that you&apos;re testing the behavior the user would see in the browser. Learn more at https://reactjs.org/link/wrap-tests-with-act
    at LoginScreen (/home/runner/work/GplusAPP/GplusAPP/frontend/src/screens/Auth/LoginScreen.jsx:17:63)
    at RenderedRoute (/home/runner/work/GplusAPP/GplusAPP/node_modules/react-router/dist/umd/react-router.development.js:539:7)
    at Routes (/home/runner/work/GplusAPP/GplusAPP/node_modules/react-router/dist/umd/react-router.development.js:1273:7)
    at Router (/home/runner/work/GplusAPP/GplusAPP/node_modules/react-router/dist/umd/react-router.development.js:1207:17)
    at MemoryRouter (/home/runner/work/GplusAPP/GplusAPP/node_modules/react-router/dist/umd/react-router.development.js:1101:7)
    at QueryClientProvider (file:///home/runner/work/GplusAPP/GplusAPP/node_modules/@tanstack/react-query/build/modern/QueryClientProvider.js:20:3)

Warning: An update to LoginScreen inside a test was not wrapped in act(...).

When testing, code that causes React state updates should be wrapped into act(...):

act(() =&gt; {
  /* fire events that update state */
});
/* assert on the output */

This ensures that you&apos;re testing the behavior the user would see in the browser. Learn more at https://reactjs.org/link/wrap-tests-with-act
    at LoginScreen (/home/runner/work/GplusAPP/GplusAPP/frontend/src/screens/Auth/LoginScreen.jsx:17:63)
    at RenderedRoute (/home/runner/work/GplusAPP/GplusAPP/node_modules/react-router/dist/umd/react-router.development.js:539:7)
    at Routes (/home/runner/work/GplusAPP/GplusAPP/node_modules/react-router/dist/umd/react-router.development.js:1273:7)
    at Router (/home/runner/work/GplusAPP/GplusAPP/node_modules/react-router/dist/umd/react-router.development.js:1207:17)
    at MemoryRouter (/home/runner/work/GplusAPP/GplusAPP/node_modules/react-router/dist/umd/react-router.development.js:1101:7)
    at QueryClientProvider (file:///home/runner/work/GplusAPP/GplusAPP/node_modules/@tanstack/react-query/build/modern/QueryClientProvider.js:20:3)

Warning: An update to LoginScreen inside a test was not wrapped in act(...).

When testing, code that causes React state updates should be wrapped into act(...):

act(() =&gt; {
  /* fire events that update state */
});
/* assert on the output */

This ensures that you&apos;re testing the behavior the user would see in the browser. Learn more at https://reactjs.org/link/wrap-tests-with-act
    at LoginScreen (/home/runner/work/GplusAPP/GplusAPP/frontend/src/screens/Auth/LoginScreen.jsx:17:63)
    at RenderedRoute (/home/runner/work/GplusAPP/GplusAPP/node_modules/react-router/dist/umd/react-router.development.js:539:7)
    at Routes (/home/runner/work/GplusAPP/GplusAPP/node_modules/react-router/dist/umd/react-router.development.js:1273:7)
    at Router (/home/runner/work/GplusAPP/GplusAPP/node_modules/react-router/dist/umd/react-router.development.js:1207:17)
    at MemoryRouter (/home/runner/work/GplusAPP/GplusAPP/node_modules/react-router/dist/umd/react-router.development.js:1101:7)
    at QueryClientProvider (file:///home/runner/work/GplusAPP/GplusAPP/node_modules/@tanstack/react-query/build/modern/QueryClientProvider.js:20:3)

Warning: An update to LoginScreen inside a test was not wrapped in act(...).

When testing, code that causes React state updates should be wrapped into act(...):

act(() =&gt; {
  /* fire events that update state */
});
/* assert on the output */

This ensures that you&apos;re testing the behavior the user would see in the browser. Learn more at https://reactjs.org/link/wrap-tests-with-act
    at LoginScreen (/home/runner/work/GplusAPP/GplusAPP/frontend/src/screens/Auth/LoginScreen.jsx:17:63)
    at RenderedRoute (/home/runner/work/GplusAPP/GplusAPP/node_modules/react-router/dist/umd/react-router.development.js:539:7)
    at Routes (/home/runner/work/GplusAPP/GplusAPP/node_modules/react-router/dist/umd/react-router.development.js:1273:7)
    at Router (/home/runner/work/GplusAPP/GplusAPP/node_modules/react-router/dist/umd/react-router.development.js:1207:17)
    at MemoryRouter (/home/runner/work/GplusAPP/GplusAPP/node_modules/react-router/dist/umd/react-router.development.js:1101:7)
    at QueryClientProvider (file:///home/runner/work/GplusAPP/GplusAPP/node_modules/@tanstack/react-query/build/modern/QueryClientProvider.js:20:3)

Warning: An update to LoginScreen inside a test was not wrapped in act(...).

When testing, code that causes React state updates should be wrapped into act(...):

act(() =&gt; {
  /* fire events that update state */
});
/* assert on the output */

This ensures that you&apos;re testing the behavior the user would see in the browser. Learn more at https://reactjs.org/link/wrap-tests-with-act
    at LoginScreen (/home/runner/work/GplusAPP/GplusAPP/frontend/src/screens/Auth/LoginScreen.jsx:17:63)
    at RenderedRoute (/home/runner/work/GplusAPP/GplusAPP/node_modules/react-router/dist/umd/react-router.development.js:539:7)
    at Routes (/home/runner/work/GplusAPP/GplusAPP/node_modules/react-router/dist/umd/react-router.development.js:1273:7)
    at Router (/home/runner/work/GplusAPP/GplusAPP/node_modules/react-router/dist/umd/react-router.development.js:1207:17)
    at MemoryRouter (/home/runner/work/GplusAPP/GplusAPP/node_modules/react-router/dist/umd/react-router.development.js:1101:7)
    at QueryClientProvider (file:///home/runner/work/GplusAPP/GplusAPP/node_modules/@tanstack/react-query/build/modern/QueryClientProvider.js:20:3)

Warning: An update to LoginScreen inside a test was not wrapped in act(...).

When testing, code that causes React state updates should be wrapped into act(...):

act(() =&gt; {
  /* fire events that update state */
});
/* assert on the output */

This ensures that you&apos;re testing the behavior the user would see in the browser. Learn more at https://reactjs.org/link/wrap-tests-with-act
    at LoginScreen (/home/runner/work/GplusAPP/GplusAPP/frontend/src/screens/Auth/LoginScreen.jsx:17:63)
    at RenderedRoute (/home/runner/work/GplusAPP/GplusAPP/node_modules/react-router/dist/umd/react-router.development.js:539:7)
    at Routes (/home/runner/work/GplusAPP/GplusAPP/node_modules/react-router/dist/umd/react-router.development.js:1273:7)
    at Router (/home/runner/work/GplusAPP/GplusAPP/node_modules/react-router/dist/umd/react-router.development.js:1207:17)
    at MemoryRouter (/home/runner/work/GplusAPP/GplusAPP/node_modules/react-router/dist/umd/react-router.development.js:1101:7)
    at QueryClientProvider (file:///home/runner/work/GplusAPP/GplusAPP/node_modules/@tanstack/react-query/build/modern/QueryClientProvider.js:20:3)

Warning: An update to LoginScreen inside a test was not wrapped in act(...).

When testing, code that causes React state updates should be wrapped into act(...):

act(() =&gt; {
  /* fire events that update state */
});
/* assert on the output */

This ensures that you&apos;re testing the behavior the user would see in the browser. Learn more at https://reactjs.org/link/wrap-tests-with-act
    at LoginScreen (/home/runner/work/GplusAPP/GplusAPP/frontend/src/screens/Auth/LoginScreen.jsx:17:63)
    at RenderedRoute (/home/runner/work/GplusAPP/GplusAPP/node_modules/react-router/dist/umd/react-router.development.js:539:7)
    at Routes (/home/runner/work/GplusAPP/GplusAPP/node_modules/react-router/dist/umd/react-router.development.js:1273:7)
    at Router (/home/runner/work/GplusAPP/GplusAPP/node_modules/react-router/dist/umd/react-router.development.js:1207:17)
    at MemoryRouter (/home/runner/work/GplusAPP/GplusAPP/node_modules/react-router/dist/umd/react-router.development.js:1101:7)
    at QueryClientProvider (file:///home/runner/work/GplusAPP/GplusAPP/node_modules/@tanstack/react-query/build/modern/QueryClientProvider.js:20:3)

Warning: An update to LoginScreen inside a test was not wrapped in act(...).

When testing, code that causes React state updates should be wrapped into act(...):

act(() =&gt; {
  /* fire events that update state */
});
/* assert on the output */

This ensures that you&apos;re testing the behavior the user would see in the browser. Learn more at https://reactjs.org/link/wrap-tests-with-act
    at LoginScreen (/home/runner/work/GplusAPP/GplusAPP/frontend/src/screens/Auth/LoginScreen.jsx:17:63)
    at RenderedRoute (/home/runner/work/GplusAPP/GplusAPP/node_modules/react-router/dist/umd/react-router.development.js:539:7)
    at Routes (/home/runner/work/GplusAPP/GplusAPP/node_modules/react-router/dist/umd/react-router.development.js:1273:7)
    at Router (/home/runner/work/GplusAPP/GplusAPP/node_modules/react-router/dist/umd/react-router.development.js:1207:17)
    at MemoryRouter (/home/runner/work/GplusAPP/GplusAPP/node_modules/react-router/dist/umd/react-router.development.js:1101:7)
    at QueryClientProvider (file:///home/runner/work/GplusAPP/GplusAPP/node_modules/@tanstack/react-query/build/modern/QueryClientProvider.js:20:3)

Warning: An update to LoginScreen inside a test was not wrapped in act(...).

When testing, code that causes React state updates should be wrapped into act(...):

act(() =&gt; {
  /* fire events that update state */
});
/* assert on the output */

This ensures that you&apos;re testing the behavior the user would see in the browser. Learn more at https://reactjs.org/link/wrap-tests-with-act
    at LoginScreen (/home/runner/work/GplusAPP/GplusAPP/frontend/src/screens/Auth/LoginScreen.jsx:17:63)
    at RenderedRoute (/home/runner/work/GplusAPP/GplusAPP/node_modules/react-router/dist/umd/react-router.development.js:539:7)
    at Routes (/home/runner/work/GplusAPP/GplusAPP/node_modules/react-router/dist/umd/react-router.development.js:1273:7)
    at Router (/home/runner/work/GplusAPP/GplusAPP/node_modules/react-router/dist/umd/react-router.development.js:1207:17)
    at MemoryRouter (/home/runner/work/GplusAPP/GplusAPP/node_modules/react-router/dist/umd/react-router.development.js:1101:7)
    at QueryClientProvider (file:///home/runner/work/GplusAPP/GplusAPP/node_modules/@tanstack/react-query/build/modern/QueryClientProvider.js:20:3)

Warning: An update to LoginScreen inside a test was not wrapped in act(...).

When testing, code that causes React state updates should be wrapped into act(...):

act(() =&gt; {
  /* fire events that update state */
});
/* assert on the output */

This ensures that you&apos;re testing the behavior the user would see in the browser. Learn more at https://reactjs.org/link/wrap-tests-with-act
    at LoginScreen (/home/runner/work/GplusAPP/GplusAPP/frontend/src/screens/Auth/LoginScreen.jsx:17:63)
    at RenderedRoute (/home/runner/work/GplusAPP/GplusAPP/node_modules/react-router/dist/umd/react-router.development.js:539:7)
    at Routes (/home/runner/work/GplusAPP/GplusAPP/node_modules/react-router/dist/umd/react-router.development.js:1273:7)
    at Router (/home/runner/work/GplusAPP/GplusAPP/node_modules/react-router/dist/umd/react-router.development.js:1207:17)
    at MemoryRouter (/home/runner/work/GplusAPP/GplusAPP/node_modules/react-router/dist/umd/react-router.development.js:1101:7)
    at QueryClientProvider (file:///home/runner/work/GplusAPP/GplusAPP/node_modules/@tanstack/react-query/build/modern/QueryClientProvider.js:20:3)

Warning: An update to LoginScreen inside a test was not wrapped in act(...).

When testing, code that causes React state updates should be wrapped into act(...):

act(() =&gt; {
  /* fire events that update state */
});
/* assert on the output */

This ensures that you&apos;re testing the behavior the user would see in the browser. Learn more at https://reactjs.org/link/wrap-tests-with-act
    at LoginScreen (/home/runner/work/GplusAPP/GplusAPP/frontend/src/screens/Auth/LoginScreen.jsx:17:63)
    at RenderedRoute (/home/runner/work/GplusAPP/GplusAPP/node_modules/react-router/dist/umd/react-router.development.js:539:7)
    at Routes (/home/runner/work/GplusAPP/GplusAPP/node_modules/react-router/dist/umd/react-router.development.js:1273:7)
    at Router (/home/runner/work/GplusAPP/GplusAPP/node_modules/react-router/dist/umd/react-router.development.js:1207:17)
    at MemoryRouter (/home/runner/work/GplusAPP/GplusAPP/node_modules/react-router/dist/umd/react-router.development.js:1101:7)
    at QueryClientProvider (file:///home/runner/work/GplusAPP/GplusAPP/node_modules/@tanstack/react-query/build/modern/QueryClientProvider.js:20:3)

Warning: An update to LoginScreen inside a test was not wrapped in act(...).

When testing, code that causes React state updates should be wrapped into act(...):

act(() =&gt; {
  /* fire events that update state */
});
/* assert on the output */

This ensures that you&apos;re testing the behavior the user would see in the browser. Learn more at https://reactjs.org/link/wrap-tests-with-act
    at LoginScreen (/home/runner/work/GplusAPP/GplusAPP/frontend/src/screens/Auth/LoginScreen.jsx:17:63)
    at RenderedRoute (/home/runner/work/GplusAPP/GplusAPP/node_modules/react-router/dist/umd/react-router.development.js:539:7)
    at Routes (/home/runner/work/GplusAPP/GplusAPP/node_modules/react-router/dist/umd/react-router.development.js:1273:7)
    at Router (/home/runner/work/GplusAPP/GplusAPP/node_modules/react-router/dist/umd/react-router.development.js:1207:17)
    at MemoryRouter (/home/runner/work/GplusAPP/GplusAPP/node_modules/react-router/dist/umd/react-router.development.js:1101:7)
    at QueryClientProvider (file:///home/runner/work/GplusAPP/GplusAPP/node_modules/@tanstack/react-query/build/modern/QueryClientProvider.js:20:3)

Warning: An update to LoginScreen inside a test was not wrapped in act(...).

When testing, code that causes React state updates should be wrapped into act(...):

act(() =&gt; {
  /* fire events that update state */
});
/* assert on the output */

This ensures that you&apos;re testing the behavior the user would see in the browser. Learn more at https://reactjs.org/link/wrap-tests-with-act
    at LoginScreen (/home/runner/work/GplusAPP/GplusAPP/frontend/src/screens/Auth/LoginScreen.jsx:17:63)
    at RenderedRoute (/home/runner/work/GplusAPP/GplusAPP/node_modules/react-router/dist/umd/react-router.development.js:539:7)
    at Routes (/home/runner/work/GplusAPP/GplusAPP/node_modules/react-router/dist/umd/react-router.development.js:1273:7)
    at Router (/home/runner/work/GplusAPP/GplusAPP/node_modules/react-router/dist/umd/react-router.development.js:1207:17)
    at MemoryRouter (/home/runner/work/GplusAPP/GplusAPP/node_modules/react-router/dist/umd/react-router.development.js:1101:7)
    at QueryClientProvider (file:///home/runner/work/GplusAPP/GplusAPP/node_modules/@tanstack/react-query/build/modern/QueryClientProvider.js:20:3)
Warning: An update to LoginScreen inside a test was not wrapped in act(...).

When testing, code that causes React state updates should be wrapped into act(...):

act(() =&gt; {
  /* fire events that update state */
});
/* assert on the output */

This ensures that you&apos;re testing the behavior the user would see in the browser. Learn more at https://reactjs.org/link/wrap-tests-with-act
    at LoginScreen (/home/runner/work/GplusAPP/GplusAPP/frontend/src/screens/Auth/LoginScreen.jsx:17:63)
    at RenderedRoute (/home/runner/work/GplusAPP/GplusAPP/node_modules/react-router/dist/umd/react-router.development.js:539:7)
    at Routes (/home/runner/work/GplusAPP/GplusAPP/node_modules/react-router/dist/umd/react-router.development.js:1273:7)
    at Router (/home/runner/work/GplusAPP/GplusAPP/node_modules/react-router/dist/umd/react-router.development.js:1207:17)
    at MemoryRouter (/home/runner/work/GplusAPP/GplusAPP/node_modules/react-router/dist/umd/react-router.development.js:1101:7)
    at QueryClientProvider (file:///home/runner/work/GplusAPP/GplusAPP/node_modules/@tanstack/react-query/build/modern/QueryClientProvider.js:20:3)

Warning: An update to LoginScreen inside a test was not wrapped in act(...).

When testing, code that causes React state updates should be wrapped into act(...):

act(() =&gt; {
  /* fire events that update state */
});
/* assert on the output */

This ensures that you&apos;re testing the behavior the user would see in the browser. Learn more at https://reactjs.org/link/wrap-tests-with-act
    at LoginScreen (/home/runner/work/GplusAPP/GplusAPP/frontend/src/screens/Auth/LoginScreen.jsx:17:63)
    at RenderedRoute (/home/runner/work/GplusAPP/GplusAPP/node_modules/react-router/dist/umd/react-router.development.js:539:7)
    at Routes (/home/runner/work/GplusAPP/GplusAPP/node_modules/react-router/dist/umd/react-router.development.js:1273:7)
    at Router (/home/runner/work/GplusAPP/GplusAPP/node_modules/react-router/dist/umd/react-router.development.js:1207:17)
    at MemoryRouter (/home/runner/work/GplusAPP/GplusAPP/node_modules/react-router/dist/umd/react-router.development.js:1101:7)
    at QueryClientProvider (file:///home/runner/work/GplusAPP/GplusAPP/node_modules/@tanstack/react-query/build/modern/QueryClientProvider.js:20:3)
Warning: An update to LoginScreen inside a test was not wrapped in act(...).

When testing, code that causes React state updates should be wrapped into act(...):

act(() =&gt; {
  /* fire events that update state */
});
/* assert on the output */

This ensures that you&apos;re testing the behavior the user would see in the browser. Learn more at https://reactjs.org/link/wrap-tests-with-act
    at LoginScreen (/home/runner/work/GplusAPP/GplusAPP/frontend/src/screens/Auth/LoginScreen.jsx:17:63)
    at RenderedRoute (/home/runner/work/GplusAPP/GplusAPP/node_modules/react-router/dist/umd/react-router.development.js:539:7)
    at Routes (/home/runner/work/GplusAPP/GplusAPP/node_modules/react-router/dist/umd/react-router.development.js:1273:7)
    at Router (/home/runner/work/GplusAPP/GplusAPP/node_modules/react-router/dist/umd/react-router.development.js:1207:17)
    at MemoryRouter (/home/runner/work/GplusAPP/GplusAPP/node_modules/react-router/dist/umd/react-router.development.js:1101:7)
    at QueryClientProvider (file:///home/runner/work/GplusAPP/GplusAPP/node_modules/@tanstack/react-query/build/modern/QueryClientProvider.js:20:3)

            </system-err>
            <failure message="Unable to find an element with the text: /login failed|auth\.loginError/i. This could be because the text is broken up by multiple elements. In this case, you can provide a function for your text matcher to make your matcher more flexible.

Ignored nodes: comments, script, style
[36m&lt;body&gt;[39m
  [36m&lt;div&gt;[39m
    [36m&lt;div[39m
      [33mclass[39m=[32m&quot;auth-container&quot;[39m
    [36m&gt;[39m
      [36m&lt;div[39m
        [33mclass[39m=[32m&quot;card  card-light&quot;[39m
        [33mdata-testid[39m=[32m&quot;card&quot;[39m
      [36m&gt;[39m
        [36m&lt;h3[39m
          [33mclass[39m=[32m&quot;card-title&quot;[39m
        [36m&gt;[39m
          [0mauth.login[0m
        [36m&lt;/h3&gt;[39m
        [36m&lt;div[39m
          [33mclass[39m=[32m&quot;card-content&quot;[39m
        [36m&gt;[39m
          [36m&lt;form[39m
            [33mclass[39m=[32m&quot;auth-form&quot;[39m
          [36m&gt;[39m
            [36m&lt;div[39m
              [33mclass[39m=[32m&quot;auth-error&quot;[39m
            [36m&gt;[39m
              [0mAuthProvider missing in test[0m
            [36m&lt;/div&gt;[39m
            [36m&lt;div[39m
              [33mclass[39m=[32m&quot;form-group&quot;[39m
            [36m&gt;[39m
              [36m&lt;label[39m
                [33mfor[39m=[32m&quot;email&quot;[39m
              [36m&gt;[39m
                [0mauth.email[0m
              [36m&lt;/label&gt;[39m
              [36m&lt;input[39m
                [33mid[39m=[32m&quot;email&quot;[39m
                [33mplaceholder[39m=[32m&quot;auth.enterEmail&quot;[39m
                [33mrequired[39m=[32m&quot;&quot;[39m
                [33mtype[39m=[32m&quot;email&quot;[39m
                [33mvalue[39m=[32m&quot;wrong@example.com&quot;[39m
              [36m/&gt;[39m
            [36m&lt;/div&gt;[39m
            [36m&lt;div[39m
              [33mclass[39m=[32m&quot;form-group&quot;[39m
            [36m&gt;[39m
              [36m&lt;label[39m
                [33mfor[39m=[32m&quot;password&quot;[39m
              [36m&gt;[39m
                [0mauth.password[0m
              [36m&lt;/label&gt;[39m
              [36m&lt;input[39m
                [33mid[39m=[32m&quot;password&quot;[39m
                [33mplaceholder[39m=[32m&quot;auth.enterPassword&quot;[39m
                [33mrequired[39m=[32m&quot;&quot;[39m
                [33mtype[39m=[32m&quot;password&quot;[39m
                [33mvalue[39m=[32m&quot;wrongpassword&quot;[39m
              [36m/&gt;[39m
            [36m&lt;/div&gt;[39m
            [36m&lt;button[39m
              [33mclass[39m=[32m&quot;btn btn-primary btn-medium btn-block&quot;[39m
              [33mdata-testid[39m=[32m&quot;button&quot;[39m
              [33mtype[39m=[32m&quot;submit&quot;[39m
            [36m&gt;[39m
              [0mauth.loginButton[0m
            [36m&lt;/button&gt;[39m
            [36m&lt;div[39m
              [33mclass[39m=[32m&quot;auth-links&quot;[39m
            [36m&gt;[39m
              [36m&lt;a[39m
                [33mhref[39m=[32m&quot;/forgot-password&quot;[39m
              [36m&gt;[39m
                [0mauth.forgotPassword[0m
              [36m&lt;/a&gt;[39m
              [36m&lt;div[39m
                [33mclass[39m=[32m&quot;auth-separator&quot;[39m
              [36m&gt;[39m
                [0mauth.or[0m
              [36m&lt;/div&gt;[39m
              [36m&lt;a[39m
                [33mhref[39m=[32m&quot;/register&quot;[39m
              [36m&gt;[39m
                [0mauth.registerNow[0m
              [36m&lt;/a&gt;[39m
            [36m&lt;/div&gt;[39m
          [36m&lt;/form&gt;[39m
        [36m&lt;/div&gt;[39m
      [36m&lt;/div&gt;[39m
    [36m&lt;/div&gt;[39m
  [36m&lt;/div&gt;[39m
[36m&lt;/body&gt;[39m

Ignored nodes: comments, script, style
[36m&lt;html&gt;[39m
  [36m&lt;head&gt;[39m
    [36m&lt;meta[39m
      [33mcontent[39m=[32m&quot;test-csrf-token&quot;[39m
      [33mname[39m=[32m&quot;csrf-token&quot;[39m
    [36m/&gt;[39m
  [36m&lt;/head&gt;[39m
  [36m&lt;body&gt;[39m
    [36m&lt;div&gt;[39m
      [36m&lt;div[39m
        [33mclass[39m=[32m&quot;auth-container&quot;[39m
      [36m&gt;[39m
        [36m&lt;div[39m
          [33mclass[39m=[32m&quot;card  card-light&quot;[39m
          [33mdata-testid[39m=[32m&quot;card&quot;[39m
        [36m&gt;[39m
          [36m&lt;h3[39m
            [33mclass[39m=[32m&quot;card-title&quot;[39m
          [36m&gt;[39m
            [0mauth.login[0m
          [36m&lt;/h3&gt;[39m
          [36m&lt;div[39m
            [33mclass[39m=[32m&quot;card-content&quot;[39m
          [36m&gt;[39m
            [36m&lt;form[39m
              [33mclass[39m=[32m&quot;auth-form&quot;[39m
            [36m&gt;[39m
              [36m&lt;div[39m
                [33mclass[39m=[32m&quot;auth-error&quot;[39m
              [36m&gt;[39m
                [0mAuthProvider missing in test[0m
              [36m&lt;/div&gt;[39m
              [36m&lt;div[39m
                [33mclass[39m=[32m&quot;form-group&quot;[39m
              [36m&gt;[39m
                [36m&lt;label[39m
                  [33mfor[39m=[32m&quot;email&quot;[39m
                [36m&gt;[39m
                  [0mauth.email[0m
                [36m&lt;/label&gt;[39m
                [36m&lt;input[39m
                  [33mid[39m=[32m&quot;email&quot;[39m
                  [33mplaceholder[39m=[32m&quot;auth.enterEmail&quot;[39m
                  [33mrequired[39m=[32m&quot;&quot;[39m
                  [33mtype[39m=[32m&quot;email&quot;[39m
                  [33mvalue[39m=[32m&quot;wrong@example.com&quot;[39m
                [36m/&gt;[39m
              [36m&lt;/div&gt;[39m
              [36m&lt;div[39m
                [33mclass[39m=[32m&quot;form-group&quot;[39m
              [36m&gt;[39m
                [36m&lt;label[39m
                  [33mfor[39m=[32m&quot;password&quot;[39m
                [36m&gt;[39m
                  [0mauth.password[0m
                [36m&lt;/label&gt;[39m
                [36m&lt;input[39m
                  [33mid[39m=[32m&quot;password&quot;[39m
                  [33mplaceholder[39m=[32m&quot;auth.enterPassword&quot;[39m
                  [33mrequired[39m=[32m&quot;&quot;[39m
                  [33mtype[39m=[32m&quot;password&quot;[39m
                  [33mvalue[39m=[32m&quot;wrongpassword&quot;[39m
                [36m/&gt;[39m
              [36m&lt;/div&gt;[39m
              [36m&lt;button[39m
                [33mclass[39m=[32m&quot;btn btn-primary btn-medium btn-block&quot;[39m
                [33mdata-testid[39m=[32m&quot;button&quot;[39m
                [33mtype[39m=[32m&quot;submit&quot;[39m
              [36m&gt;[39m
                [0mauth.loginButton[0m
              [36m&lt;/button&gt;[39m
              [36m&lt;div[39m
                [33mclass[39m=[32m&quot;auth-links&quot;[39m
              [36m&gt;[39m
                [36m&lt;a[39m
                  [33mhref[39m=[32m&quot;/forgot-password&quot;[39m
                [36m&gt;[39m
                  [0mauth.forgotPassword[0m
                [36m&lt;/a&gt;[39m
                [36m&lt;div[39m
                  [33mclass[39m=[32m&quot;auth-separator&quot;[39m
                [36m&gt;[39m
                  [0mauth.or[0m
                [36m&lt;/div&gt;[39m
                [36m&lt;a[39m
                  [33mhref[39m=[32m&quot;/register&quot;[39m
                [36m&gt;[39m
                  [0mauth.registerNow[0m
                [36m&lt;/a&gt;[39m
              [36m&lt;/div&gt;[39m
            [36m&lt;/form&gt;[39m
          [36m&lt;/div&gt;[39m
        [36m&lt;/div&gt;[39m
      [36m&lt;/div&gt;[39m
    [36m&lt;/div&gt;[39m
  [36m&lt;/body&gt;[39m
[36m&lt;/html&gt;[39m" type="TestingLibraryElementError">
TestingLibraryElementError: Unable to find an element with the text: /login failed|auth\.loginError/i. This could be because the text is broken up by multiple elements. In this case, you can provide a function for your text matcher to make your matcher more flexible.

Ignored nodes: comments, script, style
&lt;body&gt;
  &lt;div&gt;
    &lt;div
      class=&quot;auth-container&quot;
    &gt;
      &lt;div
        class=&quot;card  card-light&quot;
        data-testid=&quot;card&quot;
      &gt;
        &lt;h3
          class=&quot;card-title&quot;
        &gt;
          auth.login
        &lt;/h3&gt;
        &lt;div
          class=&quot;card-content&quot;
        &gt;
          &lt;form
            class=&quot;auth-form&quot;
          &gt;
            &lt;div
              class=&quot;auth-error&quot;
            &gt;
              AuthProvider missing in test
            &lt;/div&gt;
            &lt;div
              class=&quot;form-group&quot;
            &gt;
              &lt;label
                for=&quot;email&quot;
              &gt;
                auth.email
              &lt;/label&gt;
              &lt;input
                id=&quot;email&quot;
                placeholder=&quot;auth.enterEmail&quot;
                required=&quot;&quot;
                type=&quot;email&quot;
                value=&quot;wrong@example.com&quot;
              /&gt;
            &lt;/div&gt;
            &lt;div
              class=&quot;form-group&quot;
            &gt;
              &lt;label
                for=&quot;password&quot;
              &gt;
                auth.password
              &lt;/label&gt;
              &lt;input
                id=&quot;password&quot;
                placeholder=&quot;auth.enterPassword&quot;
                required=&quot;&quot;
                type=&quot;password&quot;
                value=&quot;wrongpassword&quot;
              /&gt;
            &lt;/div&gt;
            &lt;button
              class=&quot;btn btn-primary btn-medium btn-block&quot;
              data-testid=&quot;button&quot;
              type=&quot;submit&quot;
            &gt;
              auth.loginButton
            &lt;/button&gt;
            &lt;div
              class=&quot;auth-links&quot;
            &gt;
              &lt;a
                href=&quot;/forgot-password&quot;
              &gt;
                auth.forgotPassword
              &lt;/a&gt;
              &lt;div
                class=&quot;auth-separator&quot;
              &gt;
                auth.or
              &lt;/div&gt;
              &lt;a
                href=&quot;/register&quot;
              &gt;
                auth.registerNow
              &lt;/a&gt;
            &lt;/div&gt;
          &lt;/form&gt;
        &lt;/div&gt;
      &lt;/div&gt;
    &lt;/div&gt;
  &lt;/div&gt;
&lt;/body&gt;

Ignored nodes: comments, script, style
&lt;html&gt;
  &lt;head&gt;
    &lt;meta
      content=&quot;test-csrf-token&quot;
      name=&quot;csrf-token&quot;
    /&gt;
  &lt;/head&gt;
  &lt;body&gt;
    &lt;div&gt;
      &lt;div
        class=&quot;auth-container&quot;
      &gt;
        &lt;div
          class=&quot;card  card-light&quot;
          data-testid=&quot;card&quot;
        &gt;
          &lt;h3
            class=&quot;card-title&quot;
          &gt;
            auth.login
          &lt;/h3&gt;
          &lt;div
            class=&quot;card-content&quot;
          &gt;
            &lt;form
              class=&quot;auth-form&quot;
            &gt;
              &lt;div
                class=&quot;auth-error&quot;
              &gt;
                AuthProvider missing in test
              &lt;/div&gt;
              &lt;div
                class=&quot;form-group&quot;
              &gt;
                &lt;label
                  for=&quot;email&quot;
                &gt;
                  auth.email
                &lt;/label&gt;
                &lt;input
                  id=&quot;email&quot;
                  placeholder=&quot;auth.enterEmail&quot;
                  required=&quot;&quot;
                  type=&quot;email&quot;
                  value=&quot;wrong@example.com&quot;
                /&gt;
              &lt;/div&gt;
              &lt;div
                class=&quot;form-group&quot;
              &gt;
                &lt;label
                  for=&quot;password&quot;
                &gt;
                  auth.password
                &lt;/label&gt;
                &lt;input
                  id=&quot;password&quot;
                  placeholder=&quot;auth.enterPassword&quot;
                  required=&quot;&quot;
                  type=&quot;password&quot;
                  value=&quot;wrongpassword&quot;
                /&gt;
              &lt;/div&gt;
              &lt;button
                class=&quot;btn btn-primary btn-medium btn-block&quot;
                data-testid=&quot;button&quot;
                type=&quot;submit&quot;
              &gt;
                auth.loginButton
              &lt;/button&gt;
              &lt;div
                class=&quot;auth-links&quot;
              &gt;
                &lt;a
                  href=&quot;/forgot-password&quot;
                &gt;
                  auth.forgotPassword
                &lt;/a&gt;
                &lt;div
                  class=&quot;auth-separator&quot;
                &gt;
                  auth.or
                &lt;/div&gt;
                &lt;a
                  href=&quot;/register&quot;
                &gt;
                  auth.registerNow
                &lt;/a&gt;
              &lt;/div&gt;
            &lt;/form&gt;
          &lt;/div&gt;
        &lt;/div&gt;
      &lt;/div&gt;
    &lt;/div&gt;
  &lt;/body&gt;
&lt;/html&gt;
 ❯ Proxy.waitForWrapper ../node_modules/@testing-library/react/node_modules/@testing-library/dom/dist/wait-for.js:163:27
 ❯ src/__tests__/Authentication.integration.test.jsx:304:11
            </failure>
        </testcase>
        <testcase classname="src/__tests__/Authentication.integration.test.jsx" name="Authentication Flow Integration Test &gt; allows users to log out" time="0.058449427">
            <system-err>
WebSocket error: Event { isTrusted: [36m[Getter][39m }

Warning: An update to AuthProvider inside a test was not wrapped in act(...).

When testing, code that causes React state updates should be wrapped into act(...):

act(() =&gt; {
  /* fire events that update state */
});
/* assert on the output */

This ensures that you&apos;re testing the behavior the user would see in the browser. Learn more at https://reactjs.org/link/wrap-tests-with-act
    at AuthProvider (/home/runner/work/GplusAPP/GplusAPP/frontend/src/contexts/AuthContext.jsx:14:25)
    at QueryClientProvider (file:///home/runner/work/GplusAPP/GplusAPP/node_modules/@tanstack/react-query/build/modern/QueryClientProvider.js:20:3)

            </system-err>
            <failure message="[Function removeItem] is not a spy or a call to a spy!" type="TypeError">
TypeError: [Function removeItem] is not a spy or a call to a spy!
 ❯ src/__tests__/Authentication.integration.test.jsx:341:37
            </failure>
        </testcase>
        <testcase classname="src/__tests__/Authentication.integration.test.jsx" name="Authentication Flow Integration Test &gt; remembers user session on page reload" time="0.013558993">
        </testcase>
    </testsuite>
    <testsuite name="src/__tests__/ErrorContext.test.js" timestamp="2025-10-18T15:26:35.931Z" hostname="runnervmzdgdc" tests="5" failures="0" errors="0" skipped="0" time="0.089856181">
        <testcase classname="src/__tests__/ErrorContext.test.js" name="ErrorContext &gt; should throw error when used outside of provider" time="0.030093253">
        </testcase>
        <testcase classname="src/__tests__/ErrorContext.test.js" name="ErrorContext &gt; should initialize with null error state" time="0.013808977">
        </testcase>
        <testcase classname="src/__tests__/ErrorContext.test.js" name="ErrorContext &gt; should set error when setError is called" time="0.018214559">
        </testcase>
        <testcase classname="src/__tests__/ErrorContext.test.js" name="ErrorContext &gt; should clear error when clearError is called" time="0.008231806">
        </testcase>
        <testcase classname="src/__tests__/ErrorContext.test.js" name="ErrorContext &gt; should set error when async operation fails" time="0.006692656">
        </testcase>
    </testsuite>
    <testsuite name="src/__tests__/ErrorContext.test.jsx" timestamp="2025-10-18T15:26:35.933Z" hostname="runnervmzdgdc" tests="5" failures="0" errors="0" skipped="0" time="0.088020901">
        <testcase classname="src/__tests__/ErrorContext.test.jsx" name="ErrorContext &gt; should throw error when used outside of provider" time="0.034634661">
        </testcase>
        <testcase classname="src/__tests__/ErrorContext.test.jsx" name="ErrorContext &gt; should initialize with null error state" time="0.012301548">
        </testcase>
        <testcase classname="src/__tests__/ErrorContext.test.jsx" name="ErrorContext &gt; should set error when setError is called" time="0.01506148">
        </testcase>
        <testcase classname="src/__tests__/ErrorContext.test.jsx" name="ErrorContext &gt; should clear error when clearError is called" time="0.007163891">
        </testcase>
        <testcase classname="src/__tests__/ErrorContext.test.jsx" name="ErrorContext &gt; should set error when async operation fails" time="0.006093081">
        </testcase>
    </testsuite>
    <testsuite name="src/__tests__/GlobalLoadingIndicator.test.jsx" timestamp="2025-10-18T15:26:35.934Z" hostname="runnervmzdgdc" tests="4" failures="0" errors="0" skipped="0" time="0.070584516">
        <testcase classname="src/__tests__/GlobalLoadingIndicator.test.jsx" name="GlobalLoadingIndicator &gt; renders the loading indicator" time="0.044883127">
            <system-err>
Warning: React does not recognize the `isLoading` prop on a DOM element. If you intentionally want it to appear in the DOM as a custom attribute, spell it as lowercase `isloading` instead. If you accidentally passed it from a parent component, remove it from the DOM element.
    at div
    at I (/home/runner/work/GplusAPP/GplusAPP/node_modules/styled-components/dist/styled-components.cjs.js:1:22895)
    at GlobalLoadingIndicator (/home/runner/work/GplusAPP/GplusAPP/frontend/src/components/GlobalLoadingIndicator.jsx:41:71)

            </system-err>
        </testcase>
        <testcase classname="src/__tests__/GlobalLoadingIndicator.test.jsx" name="GlobalLoadingIndicator &gt; shows loading state when API calls are in progress" time="0.008228597">
        </testcase>
        <testcase classname="src/__tests__/GlobalLoadingIndicator.test.jsx" name="GlobalLoadingIndicator &gt; hides loading state when API calls complete" time="0.007492546">
        </testcase>
        <testcase classname="src/__tests__/GlobalLoadingIndicator.test.jsx" name="GlobalLoadingIndicator &gt; cleans up timers on unmount" time="0.005127295">
        </testcase>
    </testsuite>
    <testsuite name="src/__tests__/LoadingComponents.test.jsx" timestamp="2025-10-18T15:26:35.935Z" hostname="runnervmzdgdc" tests="8" failures="0" errors="0" skipped="0" time="0.164782377">
        <testcase classname="src/__tests__/LoadingComponents.test.jsx" name="Loading Components Integration &gt; LoadingOverlay Component &gt; renders correctly when visible" time="0.038447985">
        </testcase>
        <testcase classname="src/__tests__/LoadingComponents.test.jsx" name="Loading Components Integration &gt; LoadingOverlay Component &gt; does not render when not visible" time="0.003183007">
        </testcase>
        <testcase classname="src/__tests__/LoadingComponents.test.jsx" name="Loading Components Integration &gt; LoadingOverlay Component &gt; accepts custom spinner component" time="0.014547209">
        </testcase>
        <testcase classname="src/__tests__/LoadingComponents.test.jsx" name="Loading Components Integration &gt; InlineLoader Component &gt; renders with default props" time="0.03793454">
        </testcase>
        <testcase classname="src/__tests__/LoadingComponents.test.jsx" name="Loading Components Integration &gt; InlineLoader Component &gt; renders with message" time="0.005828666">
        </testcase>
        <testcase classname="src/__tests__/LoadingComponents.test.jsx" name="Loading Components Integration &gt; InlineLoader Component &gt; applies different sizes" time="0.017084033">
        </testcase>
        <testcase classname="src/__tests__/LoadingComponents.test.jsx" name="Loading Components Integration &gt; LoadingContext &gt; provides loading state and methods" time="0.019283163">
        </testcase>
        <testcase classname="src/__tests__/LoadingComponents.test.jsx" name="Loading Components Integration &gt; LoadingContext &gt; handles named loading operations" time="0.015108112">
        </testcase>
    </testsuite>
    <testsuite name="src/__tests__/auth.test.js" timestamp="2025-10-18T15:26:35.937Z" hostname="runnervmzdgdc" tests="2" failures="0" errors="0" skipped="0" time="0.233230516">
        <testcase classname="src/__tests__/auth.test.js" name="MSW login handler accepts valid credentials (JSON endpoint)" time="0.033689646">
        </testcase>
        <testcase classname="src/__tests__/auth.test.js" name="MSW backend-style login endpoint (form data) succeeds" time="0.010093285">
        </testcase>
    </testsuite>
    <testsuite name="src/__tests__/auth.unit.test.jsx" timestamp="2025-10-18T15:26:35.937Z" hostname="runnervmzdgdc" tests="1" failures="1" errors="0" skipped="0" time="0.070114594">
        <testcase classname="src/__tests__/auth.unit.test.jsx" name="Auth unit tests (fast) &gt; login saves token/user and connects websocket quickly" time="0.056663102">
            <system-err>
react-i18next:: You will need to pass in an i18next instance by using initReactI18next

            </system-err>
            <failure message="[Function setItem] is not a spy or a call to a spy!" type="TypeError">
TypeError: [Function setItem] is not a spy or a call to a spy!
 ❯ timeout src/__tests__/auth.unit.test.jsx:78:34
            </failure>
        </testcase>
    </testsuite>
    <testsuite name="src/__tests__/debug-document.test.jsx" timestamp="2025-10-18T15:26:35.939Z" hostname="runnervmzdgdc" tests="1" failures="0" errors="0" skipped="0" time="0.01676013">
        <testcase classname="src/__tests__/debug-document.test.jsx" name="debug document &gt; prints document.createElement type" time="0.003504871">
            <system-err>
typeof document: object
typeof document.createElement: function
typeof window.document: object
typeof window.document.createElement: function

            </system-err>
        </testcase>
    </testsuite>
    <testsuite name="src/__tests__/toast.test.js" timestamp="2025-10-18T15:26:35.939Z" hostname="runnervmzdgdc" tests="9" failures="0" errors="0" skipped="0" time="0.017225111">
        <testcase classname="src/__tests__/toast.test.js" name="Toast Utility &gt; showSuccess should call toast.success with correct parameters" time="0.003891847">
        </testcase>
        <testcase classname="src/__tests__/toast.test.js" name="Toast Utility &gt; showError should call toast.error with correct parameters" time="0.000698912">
        </testcase>
        <testcase classname="src/__tests__/toast.test.js" name="Toast Utility &gt; showError should handle Error objects" time="0.000727867">
        </testcase>
        <testcase classname="src/__tests__/toast.test.js" name="Toast Utility &gt; showWarning should call toast.warn with correct parameters" time="0.000623581">
        </testcase>
        <testcase classname="src/__tests__/toast.test.js" name="Toast Utility &gt; showInfo should call toast.info with correct parameters" time="0.000515188">
        </testcase>
        <testcase classname="src/__tests__/toast.test.js" name="Toast Utility &gt; showPromise should call toast.promise with correct parameters" time="0.000953761">
        </testcase>
        <testcase classname="src/__tests__/toast.test.js" name="Toast Utility &gt; dismissAll should call toast.dismiss" time="0.000408817">
        </testcase>
        <testcase classname="src/__tests__/toast.test.js" name="Toast Utility &gt; updateToast should call toast.update if toast is active" time="0.000418626">
        </testcase>
        <testcase classname="src/__tests__/toast.test.js" name="Toast Utility &gt; updateToast should not call toast.update if toast is not active" time="0.000512823">
        </testcase>
    </testsuite>
    <testsuite name="src/__tests__/toast.test.jsx" timestamp="2025-10-18T15:26:35.942Z" hostname="runnervmzdgdc" tests="9" failures="0" errors="0" skipped="0" time="0.022505828">
        <testcase classname="src/__tests__/toast.test.jsx" name="Toast Utility &gt; showSuccess should call toast.success with correct parameters" time="0.005318547">
        </testcase>
        <testcase classname="src/__tests__/toast.test.jsx" name="Toast Utility &gt; showError should call toast.error with correct parameters" time="0.000739619">
        </testcase>
        <testcase classname="src/__tests__/toast.test.jsx" name="Toast Utility &gt; showError should handle Error objects" time="0.000794983">
        </testcase>
        <testcase classname="src/__tests__/toast.test.jsx" name="Toast Utility &gt; showWarning should call toast.warn with correct parameters" time="0.000567265">
        </testcase>
        <testcase classname="src/__tests__/toast.test.jsx" name="Toast Utility &gt; showInfo should call toast.info with correct parameters" time="0.000531548">
        </testcase>
        <testcase classname="src/__tests__/toast.test.jsx" name="Toast Utility &gt; showPromise should call toast.promise with correct parameters" time="0.0009696">
        </testcase>
        <testcase classname="src/__tests__/toast.test.jsx" name="Toast Utility &gt; dismissAll should call toast.dismiss" time="0.000374283">
        </testcase>
        <testcase classname="src/__tests__/toast.test.jsx" name="Toast Utility &gt; updateToast should call toast.update if toast is active" time="0.000436549">
        </testcase>
        <testcase classname="src/__tests__/toast.test.jsx" name="Toast Utility &gt; updateToast should not call toast.update if toast is not active" time="0.000491012">
        </testcase>
    </testsuite>
    <testsuite name="src/__tests__/useErrorHandler.test.js" timestamp="2025-10-18T15:26:35.944Z" hostname="runnervmzdgdc" tests="14" failures="1" errors="0" skipped="0" time="0.071171124">
        <testcase classname="src/__tests__/useErrorHandler.test.js" name="useErrorHandler &gt; should initialize with correct default values" time="0.016566386">
        </testcase>
        <testcase classname="src/__tests__/useErrorHandler.test.js" name="useErrorHandler &gt; should handle successful async operations" time="0.004730873">
        </testcase>
        <testcase classname="src/__tests__/useErrorHandler.test.js" name="useErrorHandler &gt; should handle async operation errors" time="0.005737342">
        </testcase>
        <testcase classname="src/__tests__/useErrorHandler.test.js" name="useErrorHandler &gt; should call custom onError function when provided" time="0.003821575">
        </testcase>
        <testcase classname="src/__tests__/useErrorHandler.test.js" name="useErrorHandler &gt; should not show toast when showToast is false" time="0.003147439">
        </testcase>
        <testcase classname="src/__tests__/useErrorHandler.test.js" name="useErrorHandler &gt; clearError should reset error state" time="0.019974555">
            <failure message="expected Error: Test error to be null" type="AssertionError">
AssertionError: expected Error: Test error to be null

- Expected: 
null

+ Received: 
Error {
  &quot;message&quot;: &quot;Test error&quot;,
}

 ❯ src/__tests__/useErrorHandler.test.js:120:34
            </failure>
        </testcase>
        <testcase classname="src/__tests__/useErrorHandler.test.js" name="getErrorMessage &gt; should handle network errors" time="0.000488257">
        </testcase>
        <testcase classname="src/__tests__/useErrorHandler.test.js" name="getErrorMessage &gt; should handle authentication errors (401)" time="0.000324169">
        </testcase>
        <testcase classname="src/__tests__/useErrorHandler.test.js" name="getErrorMessage &gt; should handle permission errors (403)" time="0.000871346">
        </testcase>
        <testcase classname="src/__tests__/useErrorHandler.test.js" name="getErrorMessage &gt; should handle not found errors (404)" time="0.0005805">
        </testcase>
        <testcase classname="src/__tests__/useErrorHandler.test.js" name="getErrorMessage &gt; should handle validation errors (422) with array details" time="0.000357802">
        </testcase>
        <testcase classname="src/__tests__/useErrorHandler.test.js" name="getErrorMessage &gt; should handle server errors (500)" time="0.000294763">
        </testcase>
        <testcase classname="src/__tests__/useErrorHandler.test.js" name="getErrorMessage &gt; should handle other API errors with detail" time="0.000307527">
        </testcase>
        <testcase classname="src/__tests__/useErrorHandler.test.js" name="getErrorMessage &gt; should return default message for unknown errors" time="0.000520056">
        </testcase>
    </testsuite>
    <testsuite name="src/__tests__/useLoadingIndicator.test.js" timestamp="2025-10-18T15:26:35.947Z" hostname="runnervmzdgdc" tests="5" failures="0" errors="0" skipped="0" time="0.041401246">
        <testcase classname="src/__tests__/useLoadingIndicator.test.js" name="useLoadingIndicator Hook &gt; should start and stop loading" time="0.015488482">
        </testcase>
        <testcase classname="src/__tests__/useLoadingIndicator.test.js" name="useLoadingIndicator Hook &gt; should wrap a promise with loading state" time="0.004839918">
        </testcase>
        <testcase classname="src/__tests__/useLoadingIndicator.test.js" name="useLoadingIndicator Hook &gt; should handle errors in wrapped promises without leaking loading state" time="0.002431495">
        </testcase>
        <testcase classname="src/__tests__/useLoadingIndicator.test.js" name="useLoadingIndicator Hook &gt; should use the provided ID" time="0.001476062">
        </testcase>
        <testcase classname="src/__tests__/useLoadingIndicator.test.js" name="useLoadingIndicator Hook &gt; should affect global loading state when global option is true" time="0.004655221">
        </testcase>
    </testsuite>
    <testsuite name="src/__tests__/useLoadingIndicator.test.jsx" timestamp="2025-10-18T15:26:35.948Z" hostname="runnervmzdgdc" tests="5" failures="2" errors="0" skipped="0" time="0.569065799">
        <testcase classname="src/__tests__/useLoadingIndicator.test.jsx" name="useLoadingIndicator Hook &gt; should start and stop loading" time="0.028944387">
            <system-err>
Warning: An update to LoadingProvider inside a test was not wrapped in act(...).

When testing, code that causes React state updates should be wrapped into act(...):

act(() =&gt; {
  /* fire events that update state */
});
/* assert on the output */

This ensures that you&apos;re testing the behavior the user would see in the browser. Learn more at https://reactjs.org/link/wrap-tests-with-act
    at LoadingProvider (/home/runner/work/GplusAPP/GplusAPP/frontend/src/contexts/LoadingContext.jsx:21:28)
    at wrapper (/home/runner/work/GplusAPP/GplusAPP/frontend/src/__tests__/useLoadingIndicator.test.jsx:17:22)

            </system-err>
            <failure message="expected false to be true // Object.is equality" type="AssertionError">
AssertionError: expected false to be true // Object.is equality

- Expected
+ Received

- true
+ false

 ❯ src/__tests__/useLoadingIndicator.test.jsx:30:38
            </failure>
        </testcase>
        <testcase classname="src/__tests__/useLoadingIndicator.test.jsx" name="useLoadingIndicator Hook &gt; should wrap a promise with loading state" time="0.511424399">
            <system-err>
Warning: The current testing environment is not configured to support act(...)

            </system-err>
            <failure message="expected false to be true // Object.is equality

Ignored nodes: comments, script, style
[36m&lt;html&gt;[39m
  [36m&lt;head&gt;[39m
    [36m&lt;meta[39m
      [33mcontent[39m=[32m&quot;test-csrf-token&quot;[39m
      [33mname[39m=[32m&quot;csrf-token&quot;[39m
    [36m/&gt;[39m
  [36m&lt;/head&gt;[39m
  [36m&lt;body&gt;[39m
    [36m&lt;div /&gt;[39m
  [36m&lt;/body&gt;[39m
[36m&lt;/html&gt;[39m" type="AssertionError">
AssertionError: expected false to be true // Object.is equality

Ignored nodes: comments, script, style
&lt;html&gt;
  &lt;head&gt;
    &lt;meta
      content=&quot;test-csrf-token&quot;
      name=&quot;csrf-token&quot;
    /&gt;
  &lt;/head&gt;
  &lt;body&gt;
    &lt;div /&gt;
  &lt;/body&gt;
&lt;/html&gt;

- Expected
+ Received

- true
+ false

 ❯ timeout src/__tests__/useLoadingIndicator.test.jsx:55:56
 ❯ runWithExpensiveErrorDiagnosticsDisabled ../node_modules/@testing-library/react/node_modules/@testing-library/dom/dist/config.js:47:12
 ❯ checkCallback ../node_modules/@testing-library/react/node_modules/@testing-library/dom/dist/wait-for.js:124:77
 ❯ Timeout.checkRealTimersCallback ../node_modules/@testing-library/react/node_modules/@testing-library/dom/dist/wait-for.js:118:16
            </failure>
        </testcase>
        <testcase classname="src/__tests__/useLoadingIndicator.test.jsx" name="useLoadingIndicator Hook &gt; should handle errors in wrapped promises without leaking loading state" time="0.005694202">
        </testcase>
        <testcase classname="src/__tests__/useLoadingIndicator.test.jsx" name="useLoadingIndicator Hook &gt; should use the provided ID" time="0.002528688">
        </testcase>
        <testcase classname="src/__tests__/useLoadingIndicator.test.jsx" name="useLoadingIndicator Hook &gt; should affect global loading state when global option is true" time="0.007445189">
        </testcase>
    </testsuite>
    <testsuite name="src/__tests__/useOfflineStatus.test.js" timestamp="2025-10-18T15:26:35.954Z" hostname="runnervmzdgdc" tests="7" failures="0" errors="0" skipped="0" time="0.04416436">
        <testcase classname="src/__tests__/useOfflineStatus.test.js" name="useOfflineStatus Hook &gt; should initially detect online status from navigator" time="0.01396712">
        </testcase>
        <testcase classname="src/__tests__/useOfflineStatus.test.js" name="useOfflineStatus Hook &gt; should initially detect offline status from navigator" time="0.001941707">
        </testcase>
        <testcase classname="src/__tests__/useOfflineStatus.test.js" name="useOfflineStatus Hook &gt; should respond to online event" time="0.00344507">
        </testcase>
        <testcase classname="src/__tests__/useOfflineStatus.test.js" name="useOfflineStatus Hook &gt; should respond to offline event" time="0.002458346">
        </testcase>
        <testcase classname="src/__tests__/useOfflineStatus.test.js" name="useOfflineStatus Hook &gt; should perform active connection check" time="0.004948283">
        </testcase>
        <testcase classname="src/__tests__/useOfflineStatus.test.js" name="useOfflineStatus Hook &gt; should handle failed connection checks" time="0.003483331">
        </testcase>
        <testcase classname="src/__tests__/useOfflineStatus.test.js" name="useOfflineStatus Hook &gt; should handle fetch errors during connection checks" time="0.005219523">
        </testcase>
    </testsuite>
    <testsuite name="src/__tests__/useToastHandler.test.js" timestamp="2025-10-18T15:26:35.956Z" hostname="runnervmzdgdc" tests="9" failures="0" errors="0" skipped="0" time="0.064656684">
        <testcase classname="src/__tests__/useToastHandler.test.js" name="useToastHandler &gt; should initialize with correct default values" time="0.018233712">
        </testcase>
        <testcase classname="src/__tests__/useToastHandler.test.js" name="useToastHandler &gt; should call success toast utility" time="0.004605379">
        </testcase>
        <testcase classname="src/__tests__/useToastHandler.test.js" name="useToastHandler &gt; should call error toast utility" time="0.002650688">
        </testcase>
        <testcase classname="src/__tests__/useToastHandler.test.js" name="useToastHandler &gt; should call warning toast utility" time="0.002366354">
        </testcase>
        <testcase classname="src/__tests__/useToastHandler.test.js" name="useToastHandler &gt; should call info toast utility" time="0.002536844">
        </testcase>
        <testcase classname="src/__tests__/useToastHandler.test.js" name="useToastHandler &gt; handleAsync should manage loading state and show appropriate toasts on success" time="0.005170871">
        </testcase>
[...]
  /* fire events that update state */
});
/* assert on the output */

This ensures that you&apos;re testing the behavior the user would see in the browser. Learn more at https://reactjs.org/link/wrap-tests-with-act
    at RequestPickupScreen (/home/runner/work/GplusAPP/GplusAPP/frontend/src/screens/RequestPickup/RequestPickupScreen.jsx:22:32)
Warning: An update to RequestPickupScreen inside a test was not wrapped in act(...).

When testing, code that causes React state updates should be wrapped into act(...):

act(() =&gt; {
  /* fire events that update state */
});
/* assert on the output */

This ensures that you&apos;re testing the behavior the user would see in the browser. Learn more at https://reactjs.org/link/wrap-tests-with-act
    at RequestPickupScreen (/home/runner/work/GplusAPP/GplusAPP/frontend/src/screens/RequestPickup/RequestPickupScreen.jsx:22:32)

Warning: An update to RequestPickupScreen inside a test was not wrapped in act(...).

When testing, code that causes React state updates should be wrapped into act(...):

act(() =&gt; {
  /* fire events that update state */
});
/* assert on the output */

This ensures that you&apos;re testing the behavior the user would see in the browser. Learn more at https://reactjs.org/link/wrap-tests-with-act
    at RequestPickupScreen (/home/runner/work/GplusAPP/GplusAPP/frontend/src/screens/RequestPickup/RequestPickupScreen.jsx:22:32)
Warning: An update to RequestPickupScreen inside a test was not wrapped in act(...).

When testing, code that causes React state updates should be wrapped into act(...):

act(() =&gt; {
  /* fire events that update state */
});
/* assert on the output */

This ensures that you&apos;re testing the behavior the user would see in the browser. Learn more at https://reactjs.org/link/wrap-tests-with-act
    at RequestPickupScreen (/home/runner/work/GplusAPP/GplusAPP/frontend/src/screens/RequestPickup/RequestPickupScreen.jsx:22:32)

            </system-err>
        </testcase>
    </testsuite>
    <testsuite name="src/services/__tests__/analyticsService.test.js" timestamp="2025-10-18T15:26:36.087Z" hostname="runnervmzdgdc" tests="7" failures="0" errors="0" skipped="0" time="0.024321225">
        <testcase classname="src/services/__tests__/analyticsService.test.js" name="Analytics Service &gt; Development Environment &gt; logs page_view events to console in development" time="0.006774783">
        </testcase>
        <testcase classname="src/services/__tests__/analyticsService.test.js" name="Analytics Service &gt; Development Environment &gt; logs user_action events to console in development" time="0.002301543">
        </testcase>
        <testcase classname="src/services/__tests__/analyticsService.test.js" name="Analytics Service &gt; Development Environment &gt; logs error events to console in development" time="0.001284191">
        </testcase>
        <testcase classname="src/services/__tests__/analyticsService.test.js" name="Analytics Service &gt; Development Environment &gt; logs performance events to console in development" time="0.001130704">
        </testcase>
        <testcase classname="src/services/__tests__/analyticsService.test.js" name="Analytics Service &gt; Production Environment &gt; sends page_view events to server in production" time="0.001556483">
        </testcase>
        <testcase classname="src/services/__tests__/analyticsService.test.js" name="Analytics Service &gt; Production Environment &gt; handles errors when sending analytics in production" time="0.001067395">
        </testcase>
        <testcase classname="src/services/__tests__/analyticsService.test.js" name="Analytics Service &gt; Production Environment &gt; sends user_action events to server in production" time="0.00112363">
        </testcase>
    </testsuite>
    <testsuite name="src/services/__tests__/api.test.js" timestamp="2025-10-18T15:26:36.088Z" hostname="runnervmzdgdc" tests="10" failures="0" errors="0" skipped="0" time="0.06960687">
        <testcase classname="src/services/__tests__/api.test.js" name="API Service &gt; Axios Instance Configuration &gt; installs handlers which are functions" time="0.037356635">
        </testcase>
        <testcase classname="src/services/__tests__/api.test.js" name="API Service &gt; Axios Instance Configuration &gt; sets authorization header when token exists" time="0.00557493">
        </testcase>
        <testcase classname="src/services/__tests__/api.test.js" name="API Service &gt; Axios Instance Configuration &gt; does not set authorization header when token does not exist" time="0.001258864">
        </testcase>
        <testcase classname="src/services/__tests__/api.test.js" name="API Service &gt; Axios Instance Configuration &gt; extracts data from successful responses" time="0.00069205">
        </testcase>
        <testcase classname="src/services/__tests__/api.test.js" name="API Service &gt; Axios Instance Configuration &gt; shows toast for non-401 errors" time="0.005672503">
            <system-err>
API Error: {
  url: [90mundefined[39m,
  method: [90mundefined[39m,
  status: [33m500[39m,
  data: { detail: [32m&apos;Server error&apos;[39m },
  error: { response: { status: [33m500[39m, data: [36m[Object][39m } }
}

            </system-err>
        </testcase>
        <testcase classname="src/services/__tests__/api.test.js" name="API Service &gt; Axios Instance Configuration &gt; dispatches auth-error event for 401 errors" time="0.001439734">
            <system-err>
API Error: {
  url: [90mundefined[39m,
  method: [90mundefined[39m,
  status: [33m401[39m,
  data: { detail: [32m&apos;Unauthorized&apos;[39m },
  error: { response: { status: [33m401[39m, data: [36m[Object][39m } }
}

            </system-err>
        </testcase>
        <testcase classname="src/services/__tests__/api.test.js" name="API Service &gt; Axios Instance Configuration &gt; uses default error message when detail is not provided" time="0.001159448">
            <system-err>
API Error: {
  url: [90mundefined[39m,
  method: [90mundefined[39m,
  status: [33m500[39m,
  data: {},
  error: { response: { status: [33m500[39m, data: {} } }
}

            </system-err>
        </testcase>
        <testcase classname="src/services/__tests__/api.test.js" name="API Service &gt; API Methods &gt; getPickups calls the correct endpoint" time="0.001095237">
        </testcase>
        <testcase classname="src/services/__tests__/api.test.js" name="API Service &gt; API Methods &gt; createPickup calls the correct endpoint with data" time="0.001409257">
        </testcase>
        <testcase classname="src/services/__tests__/api.test.js" name="API Service &gt; API Methods &gt; getCompanies calls the correct endpoint" time="0.000863171">
        </testcase>
    </testsuite>
    <testsuite name="src/services/__tests__/websocket.service.test.js" timestamp="2025-10-18T15:26:36.090Z" hostname="runnervmzdgdc" tests="8" failures="0" errors="0" skipped="0" time="0.045124723">
        <testcase classname="src/services/__tests__/websocket.service.test.js" name="WebSocketService &gt; initializes with empty listeners" time="0.009248368">
        </testcase>
        <testcase classname="src/services/__tests__/websocket.service.test.js" name="WebSocketService &gt; connects to WebSocket with token and connection ID" time="0.003898772">
        </testcase>
        <testcase classname="src/services/__tests__/websocket.service.test.js" name="WebSocketService &gt; generates new connection ID if none exists" time="0.002126033">
        </testcase>
        <testcase classname="src/services/__tests__/websocket.service.test.js" name="WebSocketService &gt; sets up ping interval on connection" time="0.003006997">
        </testcase>
        <testcase classname="src/services/__tests__/websocket.service.test.js" name="WebSocketService &gt; processes incoming messages and notifies listeners" time="0.002435003">
        </testcase>
        <testcase classname="src/services/__tests__/websocket.service.test.js" name="WebSocketService &gt; handles connection close and attempts reconnection" time="0.001909326">
        </testcase>
        <testcase classname="src/services/__tests__/websocket.service.test.js" name="WebSocketService &gt; disconnects and cleans up properly" time="0.001713869">
        </testcase>
        <testcase classname="src/services/__tests__/websocket.service.test.js" name="WebSocketService &gt; provides unsubscribe function when registering listeners" time="0.008145047">
        </testcase>
    </testsuite>
    <testsuite name="src/utils/__tests__/lazyLoad.test.jsx" timestamp="2025-10-18T15:26:36.091Z" hostname="runnervmzdgdc" tests="2" failures="0" errors="0" skipped="0" time="0.063018431">
        <testcase classname="src/utils/__tests__/lazyLoad.test.jsx" name="lazyLoad Utility &gt; renders a loading fallback initially and then the component" time="0.040345129">
        </testcase>
        <testcase classname="src/utils/__tests__/lazyLoad.test.jsx" name="lazyLoad Utility &gt; renders a custom fallback if provided" time="0.010251936">
        </testcase>
    </testsuite>
    <testsuite name="src/components/dashboard/__tests__/ApiPerformanceCard.test.jsx" timestamp="2025-10-18T15:26:36.092Z" hostname="runnervmzdgdc" tests="3" failures="3" errors="0" skipped="0" time="0.019375173">
        <testcase classname="src/components/dashboard/__tests__/ApiPerformanceCard.test.jsx" name="ApiPerformanceCard &gt; renders skeleton when no data is provided" time="0.005702776">
            <failure message="React is not defined" type="ReferenceError">
ReferenceError: React is not defined
 ❯ src/components/dashboard/__tests__/ApiPerformanceCard.test.jsx:43:12
            </failure>
        </testcase>
        <testcase classname="src/components/dashboard/__tests__/ApiPerformanceCard.test.jsx" name="ApiPerformanceCard &gt; renders API performance data correctly" time="0.000792057">
            <failure message="React is not defined" type="ReferenceError">
ReferenceError: React is not defined
 ❯ src/components/dashboard/__tests__/ApiPerformanceCard.test.jsx:48:12
            </failure>
        </testcase>
        <testcase classname="src/components/dashboard/__tests__/ApiPerformanceCard.test.jsx" name="ApiPerformanceCard &gt; applies correct color coding to performance metrics" time="0.000701657">
            <failure message="React is not defined" type="ReferenceError">
ReferenceError: React is not defined
 ❯ src/components/dashboard/__tests__/ApiPerformanceCard.test.jsx:70:12
            </failure>
        </testcase>
    </testsuite>
    <testsuite name="src/components/dashboard/__tests__/MemoryUsageCard.test.jsx" timestamp="2025-10-18T15:26:36.093Z" hostname="runnervmzdgdc" tests="4" failures="4" errors="0" skipped="0" time="0.021393611">
        <testcase classname="src/components/dashboard/__tests__/MemoryUsageCard.test.jsx" name="MemoryUsageCard &gt; renders skeleton when no data is provided" time="0.006161397">
            <failure message="React is not defined" type="ReferenceError">
ReferenceError: React is not defined
 ❯ src/components/dashboard/__tests__/MemoryUsageCard.test.jsx:25:12
            </failure>
        </testcase>
        <testcase classname="src/components/dashboard/__tests__/MemoryUsageCard.test.jsx" name="MemoryUsageCard &gt; renders memory usage data correctly" time="0.000867579">
            <failure message="React is not defined" type="ReferenceError">
ReferenceError: React is not defined
 ❯ src/components/dashboard/__tests__/MemoryUsageCard.test.jsx:30:12
            </failure>
        </testcase>
        <testcase classname="src/components/dashboard/__tests__/MemoryUsageCard.test.jsx" name="MemoryUsageCard &gt; applies correct color based on pressure level" time="0.000754316">
            <failure message="React is not defined" type="ReferenceError">
ReferenceError: React is not defined
 ❯ src/components/dashboard/__tests__/MemoryUsageCard.test.jsx:58:33
            </failure>
        </testcase>
        <testcase classname="src/components/dashboard/__tests__/MemoryUsageCard.test.jsx" name="MemoryUsageCard &gt; applies correct trend direction styling" time="0.000762361">
            <failure message="React is not defined" type="ReferenceError">
ReferenceError: React is not defined
 ❯ src/components/dashboard/__tests__/MemoryUsageCard.test.jsx:78:33
            </failure>
        </testcase>
    </testsuite>
    <testsuite name="src/components/dashboard/__tests__/PerformanceDashboard.test.jsx" timestamp="2025-10-18T15:26:36.096Z" hostname="runnervmzdgdc" tests="3" failures="3" errors="0" skipped="0" time="0.009150241">
        <testcase classname="src/components/dashboard/__tests__/PerformanceDashboard.test.jsx" name="PerformanceDashboard &gt; renders loading state initially" time="0.005036517">
            <failure message="React is not defined" type="ReferenceError">
ReferenceError: React is not defined
 ❯ src/components/dashboard/__tests__/PerformanceDashboard.test.jsx:122:12
            </failure>
        </testcase>
        <testcase classname="src/components/dashboard/__tests__/PerformanceDashboard.test.jsx" name="PerformanceDashboard &gt; renders dashboard with metrics data when loaded" time="0.000606078">
            <failure message="React is not defined" type="ReferenceError">
ReferenceError: React is not defined
 ❯ src/components/dashboard/__tests__/PerformanceDashboard.test.jsx:134:12
            </failure>
        </testcase>
        <testcase classname="src/components/dashboard/__tests__/PerformanceDashboard.test.jsx" name="PerformanceDashboard &gt; renders error state when API calls fail" time="0.000541878">
            <failure message="React is not defined" type="ReferenceError">
ReferenceError: React is not defined
 ❯ src/components/dashboard/__tests__/PerformanceDashboard.test.jsx:159:12
            </failure>
        </testcase>
    </testsuite>
    <testsuite name="src/components/dashboard/cards/__tests__/ApiPerformanceCard.test.jsx" timestamp="2025-10-18T15:26:36.097Z" hostname="runnervmzdgdc" tests="4" failures="4" errors="0" skipped="0" time="0.017595532">
        <testcase classname="src/components/dashboard/cards/__tests__/ApiPerformanceCard.test.jsx" name="ApiPerformanceCard &gt; renders skeleton when data is not provided" time="0.004115768">
            <failure message="React is not defined" type="ReferenceError">
ReferenceError: React is not defined
 ❯ src/components/dashboard/cards/__tests__/ApiPerformanceCard.test.jsx:56:12
            </failure>
        </testcase>
        <testcase classname="src/components/dashboard/cards/__tests__/ApiPerformanceCard.test.jsx" name="ApiPerformanceCard &gt; renders with data properly" time="0.000527691">
            <failure message="React is not defined" type="ReferenceError">
ReferenceError: React is not defined
 ❯ src/components/dashboard/cards/__tests__/ApiPerformanceCard.test.jsx:64:12
            </failure>
        </testcase>
        <testcase classname="src/components/dashboard/cards/__tests__/ApiPerformanceCard.test.jsx" name="ApiPerformanceCard &gt; renders top endpoints section" time="0.00047436">
            <failure message="React is not defined" type="ReferenceError">
ReferenceError: React is not defined
 ❯ src/components/dashboard/cards/__tests__/ApiPerformanceCard.test.jsx:87:12
            </failure>
        </testcase>
        <testcase classname="src/components/dashboard/cards/__tests__/ApiPerformanceCard.test.jsx" name="ApiPerformanceCard &gt; applies correct styling based on metric values" time="0.000466847">
            <failure message="React is not defined" type="ReferenceError">
ReferenceError: React is not defined
 ❯ src/components/dashboard/cards/__tests__/ApiPerformanceCard.test.jsx:110:12
            </failure>
        </testcase>
    </testsuite>
    <testsuite name="src/components/dashboard/cards/__tests__/KeyPatternCard.test.jsx" timestamp="2025-10-18T15:26:36.100Z" hostname="runnervmzdgdc" tests="4" failures="4" errors="0" skipped="0" time="0.020243881">
        <testcase classname="src/components/dashboard/cards/__tests__/KeyPatternCard.test.jsx" name="KeyPatternCard &gt; renders skeleton when data is not provided" time="0.005781366">
            <failure message="React is not defined" type="ReferenceError">
ReferenceError: React is not defined
 ❯ src/components/dashboard/cards/__tests__/KeyPatternCard.test.jsx:35:12
            </failure>
        </testcase>
        <testcase classname="src/components/dashboard/cards/__tests__/KeyPatternCard.test.jsx" name="KeyPatternCard &gt; renders with data properly" time="0.000821312">
            <failure message="React is not defined" type="ReferenceError">
ReferenceError: React is not defined
 ❯ src/components/dashboard/cards/__tests__/KeyPatternCard.test.jsx:43:12
            </failure>
        </testcase>
        <testcase classname="src/components/dashboard/cards/__tests__/KeyPatternCard.test.jsx" name="KeyPatternCard &gt; displays summary information correctly" time="0.000677202">
            <failure message="React is not defined" type="ReferenceError">
ReferenceError: React is not defined
 ❯ src/components/dashboard/cards/__tests__/KeyPatternCard.test.jsx:78:12
            </failure>
        </testcase>
        <testcase classname="src/components/dashboard/cards/__tests__/KeyPatternCard.test.jsx" name="KeyPatternCard &gt; formats pattern names correctly" time="0.000680938">
            <failure message="React is not defined" type="ReferenceError">
ReferenceError: React is not defined
 ❯ src/components/dashboard/cards/__tests__/KeyPatternCard.test.jsx:96:12
            </failure>
        </testcase>
    </testsuite>
    <testsuite name="src/components/dashboard/cards/__tests__/SystemHealthCard.test.jsx" timestamp="2025-10-18T15:26:36.102Z" hostname="runnervmzdgdc" tests="5" failures="5" errors="0" skipped="0" time="0.015655826">
        <testcase classname="src/components/dashboard/cards/__tests__/SystemHealthCard.test.jsx" name="SystemHealthCard &gt; renders skeleton when data is not provided" time="0.004602582">
            <failure message="React is not defined" type="ReferenceError">
ReferenceError: React is not defined
 ❯ src/components/dashboard/cards/__tests__/SystemHealthCard.test.jsx:53:12
            </failure>
        </testcase>
        <testcase classname="src/components/dashboard/cards/__tests__/SystemHealthCard.test.jsx" name="SystemHealthCard &gt; renders with data properly" time="0.000607341">
            <failure message="React is not defined" type="ReferenceError">
ReferenceError: React is not defined
 ❯ src/components/dashboard/cards/__tests__/SystemHealthCard.test.jsx:61:12
            </failure>
        </testcase>
        <testcase classname="src/components/dashboard/cards/__tests__/SystemHealthCard.test.jsx" name="SystemHealthCard &gt; displays correct status indicators" time="0.000499448">
            <failure message="React is not defined" type="ReferenceError">
ReferenceError: React is not defined
 ❯ src/components/dashboard/cards/__tests__/SystemHealthCard.test.jsx:86:12
            </failure>
        </testcase>
        <testcase classname="src/components/dashboard/cards/__tests__/SystemHealthCard.test.jsx" name="SystemHealthCard &gt; displays service metrics correctly" time="0.000496342">
            <failure message="React is not defined" type="ReferenceError">
ReferenceError: React is not defined
 ❯ src/components/dashboard/cards/__tests__/SystemHealthCard.test.jsx:105:12
            </failure>
        </testcase>
        <testcase classname="src/components/dashboard/cards/__tests__/SystemHealthCard.test.jsx" name="SystemHealthCard &gt; displays service status text correctly" time="0.000403768">
            <failure message="React is not defined" type="ReferenceError">
ReferenceError: React is not defined
 ❯ src/components/dashboard/cards/__tests__/SystemHealthCard.test.jsx:128:12
            </failure>
        </testcase>
    </testsuite>
</testsuites>
