{"numTotalTestSuites":77,"numPassedTestSuites":0,"numFailedTestSuites":77,"numPendingTestSuites":0,"numTotalTests":0,"numPassedTests":0,"numFailedTests":0,"numPendingTests":0,"numTodoTests":0,"snapshot":{"added":0,"failure":false,"filesAdded":0,"filesRemoved":0,"filesRemovedList":[],"filesUnmatched":0,"filesUpdated":0,"matched":0,"total":0,"unchecked":0,"uncheckedKeysByFile":[],"unmatched":0,"updated":0,"didUpdate":false},"startTime":1759372758099,"success":false,"testResults":[{"assertionResults":[],"startTime":1759372758099,"endTime":1759372758099,"status":"failed","message":"Cannot find module 'C:/Users/Moamen Ahmed/OneDrive/Desktop/GplusApp/src/setupTests.js'","name":"C:/Users/Moamen Ahmed/OneDrive/Desktop/GplusApp/frontend/src/App.test.jsx"},{"assertionResults":[],"startTime":1759372758099,"endTime":1759372758099,"status":"failed","message":"Cannot find module 'C:/Users/Moamen Ahmed/OneDrive/Desktop/GplusApp/src/setupTests.js'","name":"C:/Users/Moamen Ahmed/OneDrive/Desktop/GplusApp/frontend/src/sanity.test.jsx"},{"assertionResults":[],"startTime":1759372758099,"endTime":1759372758099,"status":"failed","message":"Cannot find module 'C:/Users/Moamen Ahmed/OneDrive/Desktop/GplusApp/src/setupTests.js'","name":"C:/Users/Moamen Ahmed/OneDrive/Desktop/GplusApp/frontend/src/sanity2.test.js"},{"assertionResults":[],"startTime":1759372758099,"endTime":1759372758099,"status":"failed","message":"Cannot find module 'C:/Users/Moamen Ahmed/OneDrive/Desktop/GplusApp/src/setupTests.js'","name":"C:/Users/Moamen Ahmed/OneDrive/Desktop/GplusApp/frontend/src/__tests__/auth.test.js"},{"assertionResults":[],"startTime":1759372758099,"endTime":1759372758099,"status":"failed","message":"Cannot find module 'C:/Users/Moamen Ahmed/OneDrive/Desktop/GplusApp/src/setupTests.js'","name":"C:/Users/Moamen Ahmed/OneDrive/Desktop/GplusApp/frontend/src/__tests__/Authentication.integration.test.jsx"},{"assertionResults":[],"startTime":1759372758099,"endTime":1759372758099,"status":"failed","message":"Cannot find module 'C:/Users/Moamen Ahmed/OneDrive/Desktop/GplusApp/src/setupTests.js'","name":"C:/Users/Moamen Ahmed/OneDrive/Desktop/GplusApp/frontend/src/__tests__/debug-document.test.jsx"},{"assertionResults":[],"startTime":1759372758099,"endTime":1759372758099,"status":"failed","message":"Cannot find module 'C:/Users/Moamen Ahmed/OneDrive/Desktop/GplusApp/src/setupTests.js'","name":"C:/Users/Moamen Ahmed/OneDrive/Desktop/GplusApp/frontend/src/__tests__/ErrorContext.test.js"},{"assertionResults":[],"startTime":1759372758099,"endTime":1759372758099,"status":"failed","message":"Cannot find module 'C:/Users/Moamen Ahmed/OneDrive/Desktop/GplusApp/src/setupTests.js'","name":"C:/Users/Moamen Ahmed/OneDrive/Desktop/GplusApp/frontend/src/__tests__/ErrorContext.test.jsx"},{"assertionResults":[],"startTime":1759372758099,"endTime":1759372758099,"status":"failed","message":"Cannot find module 'C:/Users/Moamen Ahmed/OneDrive/Desktop/GplusApp/src/setupTests.js'","name":"C:/Users/Moamen Ahmed/OneDrive/Desktop/GplusApp/frontend/src/__tests__/GlobalLoadingIndicator.test.jsx"},{"assertionResults":[],"startTime":1759372758099,"endTime":1759372758099,"status":"failed","message":"Cannot find module 'C:/Users/Moamen Ahmed/OneDrive/Desktop/GplusApp/src/setupTests.js'","name":"C:/Users/Moamen Ahmed/OneDrive/Desktop/GplusApp/frontend/src/__tests__/LoadingComponents.test.jsx"},{"assertionResults":[],"startTime":1759372758099,"endTime":1759372758099,"status":"failed","message":"Cannot find module 'C:/Users/Moamen Ahmed/OneDrive/Desktop/GplusApp/src/setupTests.js'","name":"C:/Users/Moamen Ahmed/OneDrive/Desktop/GplusApp/frontend/src/__tests__/toast.test.js"},{"assertionResults":[],"startTime":1759372758099,"endTime":1759372758099,"status":"failed","message":"Cannot find module 'C:/Users/Moamen Ahmed/OneDrive/Desktop/GplusApp/src/setupTests.js'","name":"C:/Users/Moamen Ahmed/OneDrive/Desktop/GplusApp/frontend/src/__tests__/toast.test.jsx"},{"assertionResults":[],"startTime":1759372758099,"endTime":1759372758099,"status":"failed","message":"Cannot find module 'C:/Users/Moamen Ahmed/OneDrive/Desktop/GplusApp/src/setupTests.js'","name":"C:/Users/Moamen Ahmed/OneDrive/Desktop/GplusApp/frontend/src/__tests__/useErrorHandler.test.js"},{"assertionResults":[],"startTime":1759372758099,"endTime":1759372758099,"status":"failed","message":"Cannot find module 'C:/Users/Moamen Ahmed/OneDrive/Desktop/GplusApp/src/setupTests.js'","name":"C:/Users/Moamen Ahmed/OneDrive/Desktop/GplusApp/frontend/src/__tests__/useLoadingIndicator.test.js"},{"assertionResults":[],"startTime":1759372758099,"endTime":1759372758099,"status":"failed","message":"Cannot find module 'C:/Users/Moamen Ahmed/OneDrive/Desktop/GplusApp/src/setupTests.js'","name":"C:/Users/Moamen Ahmed/OneDrive/Desktop/GplusApp/frontend/src/__tests__/useLoadingIndicator.test.jsx"},{"assertionResults":[],"startTime":1759372758099,"endTime":1759372758099,"status":"failed","message":"Cannot find module 'C:/Users/Moamen Ahmed/OneDrive/Desktop/GplusApp/src/setupTests.js'","name":"C:/Users/Moamen Ahmed/OneDrive/Desktop/GplusApp/frontend/src/__tests__/useOfflineStatus.test.js"},{"assertionResults":[],"startTime":1759372758099,"endTime":1759372758099,"status":"failed","message":"Cannot find module 'C:/Users/Moamen Ahmed/OneDrive/Desktop/GplusApp/src/setupTests.js'","name":"C:/Users/Moamen Ahmed/OneDrive/Desktop/GplusApp/frontend/src/__tests__/useToastHandler.test.js"},{"assertionResults":[],"startTime":1759372758099,"endTime":1759372758099,"status":"failed","message":"Cannot find module 'C:/Users/Moamen Ahmed/OneDrive/Desktop/GplusApp/src/setupTests.js'","name":"C:/Users/Moamen Ahmed/OneDrive/Desktop/GplusApp/frontend/src/tests/test-msw.spec.jsx"},{"assertionResults":[],"startTime":1759372758099,"endTime":1759372758099,"status":"failed","message":"Cannot find module 'C:/Users/Moamen Ahmed/OneDrive/Desktop/GplusApp/src/setupTests.js'","name":"C:/Users/Moamen Ahmed/OneDrive/Desktop/GplusApp/frontend/src/components/screens/index.test.jsx"},{"assertionResults":[],"startTime":1759372758099,"endTime":1759372758099,"status":"failed","message":"Cannot find module 'C:/Users/Moamen Ahmed/OneDrive/Desktop/GplusApp/src/setupTests.js'","name":"C:/Users/Moamen Ahmed/OneDrive/Desktop/GplusApp/frontend/src/components/__tests__/a11y-components.test.jsx"},{"assertionResults":[],"startTime":1759372758099,"endTime":1759372758099,"status":"failed","message":"Cannot find module 'C:/Users/Moamen Ahmed/OneDrive/Desktop/GplusApp/src/setupTests.js'","name":"C:/Users/Moamen Ahmed/OneDrive/Desktop/GplusApp/frontend/src/components/__tests__/a11y-error-boundary.test.jsx"},{"assertionResults":[],"startTime":1759372758099,"endTime":1759372758099,"status":"failed","message":"Cannot find module 'C:/Users/Moamen Ahmed/OneDrive/Desktop/GplusApp/src/setupTests.js'","name":"C:/Users/Moamen Ahmed/OneDrive/Desktop/GplusApp/frontend/src/components/__tests__/a11y-form-inputs.test.jsx"},{"assertionResults":[],"startTime":1759372758099,"endTime":1759372758099,"status":"failed","message":"Cannot find module 'C:/Users/Moamen Ahmed/OneDrive/Desktop/GplusApp/src/setupTests.js'","name":"C:/Users/Moamen Ahmed/OneDrive/Desktop/GplusApp/frontend/src/components/__tests__/a11y-forms.test.jsx"},{"assertionResults":[],"startTime":1759372758099,"endTime":1759372758099,"status":"failed","message":"Cannot find module 'C:/Users/Moamen Ahmed/OneDrive/Desktop/GplusApp/src/setupTests.js'","name":"C:/Users/Moamen Ahmed/OneDrive/Desktop/GplusApp/frontend/src/components/__tests__/a11y-modal.test.jsx"},{"assertionResults":[],"startTime":1759372758099,"endTime":1759372758099,"status":"failed","message":"Cannot find module 'C:/Users/Moamen Ahmed/OneDrive/Desktop/GplusApp/src/setupTests.js'","name":"C:/Users/Moamen Ahmed/OneDrive/Desktop/GplusApp/frontend/src/components/__tests__/a11y-toast.test.jsx"},{"assertionResults":[],"startTime":1759372758099,"endTime":1759372758099,"status":"failed","message":"Cannot find module 'C:/Users/Moamen Ahmed/OneDrive/Desktop/GplusApp/src/setupTests.js'","name":"C:/Users/Moamen Ahmed/OneDrive/Desktop/GplusApp/frontend/src/components/__tests__/Button.test.jsx"},{"assertionResults":[],"startTime":1759372758099,"endTime":1759372758099,"status":"failed","message":"Cannot find module 'C:/Users/Moamen Ahmed/OneDrive/Desktop/GplusApp/src/setupTests.js'","name":"C:/Users/Moamen Ahmed/OneDrive/Desktop/GplusApp/frontend/src/components/__tests__/Card.test.jsx"},{"assertionResults":[],"startTime":1759372758099,"endTime":1759372758099,"status":"failed","message":"Cannot find module 'C:/Users/Moamen Ahmed/OneDrive/Desktop/GplusApp/src/setupTests.js'","name":"C:/Users/Moamen Ahmed/OneDrive/Desktop/GplusApp/frontend/src/components/__tests__/Companies.test.jsx"},{"assertionResults":[],"startTime":1759372758099,"endTime":1759372758099,"status":"failed","message":"Cannot find module 'C:/Users/Moamen Ahmed/OneDrive/Desktop/GplusApp/src/setupTests.js'","name":"C:/Users/Moamen Ahmed/OneDrive/Desktop/GplusApp/frontend/src/components/__tests__/CompaniesScreen.integration.test.jsx"},{"assertionResults":[],"startTime":1759372758099,"endTime":1759372758099,"status":"failed","message":"Cannot find module 'C:/Users/Moamen Ahmed/OneDrive/Desktop/GplusApp/src/setupTests.js'","name":"C:/Users/Moamen Ahmed/OneDrive/Desktop/GplusApp/frontend/src/components/__tests__/CompaniesScreen.test.jsx"},{"assertionResults":[],"startTime":1759372758099,"endTime":1759372758099,"status":"failed","message":"Cannot find module 'C:/Users/Moamen Ahmed/OneDrive/Desktop/GplusApp/src/setupTests.js'","name":"C:/Users/Moamen Ahmed/OneDrive/Desktop/GplusApp/frontend/src/components/__tests__/Dashboard.test.jsx"},{"assertionResults":[],"startTime":1759372758099,"endTime":1759372758099,"status":"failed","message":"Cannot find module 'C:/Users/Moamen Ahmed/OneDrive/Desktop/GplusApp/src/setupTests.js'","name":"C:/Users/Moamen Ahmed/OneDrive/Desktop/GplusApp/frontend/src/components/__tests__/Footer.test.jsx"},{"assertionResults":[],"startTime":1759372758099,"endTime":1759372758099,"status":"failed","message":"Cannot find module 'C:/Users/Moamen Ahmed/OneDrive/Desktop/GplusApp/src/setupTests.js'","name":"C:/Users/Moamen Ahmed/OneDrive/Desktop/GplusApp/frontend/src/components/__tests__/GenericScreen.test.jsx"},{"assertionResults":[],"startTime":1759372758099,"endTime":1759372758099,"status":"failed","message":"Cannot find module 'C:/Users/Moamen Ahmed/OneDrive/Desktop/GplusApp/src/setupTests.js'","name":"C:/Users/Moamen Ahmed/OneDrive/Desktop/GplusApp/frontend/src/components/__tests__/Header.test.jsx"},{"assertionResults":[],"startTime":1759372758099,"endTime":1759372758099,"status":"failed","message":"Cannot find module 'C:/Users/Moamen Ahmed/OneDrive/Desktop/GplusApp/src/setupTests.js'","name":"C:/Users/Moamen Ahmed/OneDrive/Desktop/GplusApp/frontend/src/components/__tests__/LanguageSwitcher.test.jsx"},{"assertionResults":[],"startTime":1759372758099,"endTime":1759372758099,"status":"failed","message":"Cannot find module 'C:/Users/Moamen Ahmed/OneDrive/Desktop/GplusApp/src/setupTests.js'","name":"C:/Users/Moamen Ahmed/OneDrive/Desktop/GplusApp/frontend/src/components/__tests__/Layout.test.jsx"},{"assertionResults":[],"startTime":1759372758099,"endTime":1759372758099,"status":"failed","message":"Cannot find module 'C:/Users/Moamen Ahmed/OneDrive/Desktop/GplusApp/src/setupTests.js'","name":"C:/Users/Moamen Ahmed/OneDrive/Desktop/GplusApp/frontend/src/components/__tests__/Login.test.jsx"},{"assertionResults":[],"startTime":1759372758099,"endTime":1759372758099,"status":"failed","message":"Cannot find module 'C:/Users/Moamen Ahmed/OneDrive/Desktop/GplusApp/src/setupTests.js'","name":"C:/Users/Moamen Ahmed/OneDrive/Desktop/GplusApp/frontend/src/components/__tests__/Navigation.a11y.test.jsx"},{"assertionResults":[],"startTime":1759372758099,"endTime":1759372758099,"status":"failed","message":"Cannot find module 'C:/Users/Moamen Ahmed/OneDrive/Desktop/GplusApp/src/setupTests.js'","name":"C:/Users/Moamen Ahmed/OneDrive/Desktop/GplusApp/frontend/src/components/__tests__/Navigation.test.jsx"},{"assertionResults":[],"startTime":1759372758099,"endTime":1759372758099,"status":"failed","message":"Cannot find module 'C:/Users/Moamen Ahmed/OneDrive/Desktop/GplusApp/src/setupTests.js'","name":"C:/Users/Moamen Ahmed/OneDrive/Desktop/GplusApp/frontend/src/components/__tests__/NotFound.test.jsx"},{"assertionResults":[],"startTime":1759372758099,"endTime":1759372758099,"status":"failed","message":"Cannot find module 'C:/Users/Moamen Ahmed/OneDrive/Desktop/GplusApp/src/setupTests.js'","name":"C:/Users/Moamen Ahmed/OneDrive/Desktop/GplusApp/frontend/src/components/__tests__/Notifications.test.jsx"},{"assertionResults":[],"startTime":1759372758099,"endTime":1759372758099,"status":"failed","message":"Cannot find module 'C:/Users/Moamen Ahmed/OneDrive/Desktop/GplusApp/src/setupTests.js'","name":"C:/Users/Moamen Ahmed/OneDrive/Desktop/GplusApp/frontend/src/components/__tests__/NotificationsRealImpl.test.jsx"},{"assertionResults":[],"startTime":1759372758099,"endTime":1759372758099,"status":"failed","message":"Cannot find module 'C:/Users/Moamen Ahmed/OneDrive/Desktop/GplusApp/src/setupTests.js'","name":"C:/Users/Moamen Ahmed/OneDrive/Desktop/GplusApp/frontend/src/components/__tests__/Payment.test.jsx"},{"assertionResults":[],"startTime":1759372758099,"endTime":1759372758099,"status":"failed","message":"Cannot find module 'C:/Users/Moamen Ahmed/OneDrive/Desktop/GplusApp/src/setupTests.js'","name":"C:/Users/Moamen Ahmed/OneDrive/Desktop/GplusApp/frontend/src/components/__tests__/PaymentScreen.integration.test.jsx"},{"assertionResults":[],"startTime":1759372758099,"endTime":1759372758099,"status":"failed","message":"Cannot find module 'C:/Users/Moamen Ahmed/OneDrive/Desktop/GplusApp/src/setupTests.js'","name":"C:/Users/Moamen Ahmed/OneDrive/Desktop/GplusApp/frontend/src/components/__tests__/Pickup.integration.test.jsx"},{"assertionResults":[],"startTime":1759372758099,"endTime":1759372758099,"status":"failed","message":"Cannot find module 'C:/Users/Moamen Ahmed/OneDrive/Desktop/GplusApp/src/setupTests.js'","name":"C:/Users/Moamen Ahmed/OneDrive/Desktop/GplusApp/frontend/src/components/__tests__/Pickup.test.jsx"},{"assertionResults":[],"startTime":1759372758099,"endTime":1759372758099,"status":"failed","message":"Cannot find module 'C:/Users/Moamen Ahmed/OneDrive/Desktop/GplusApp/src/setupTests.js'","name":"C:/Users/Moamen Ahmed/OneDrive/Desktop/GplusApp/frontend/src/components/__tests__/PickupRequestForm.test.jsx"},{"assertionResults":[],"startTime":1759372758099,"endTime":1759372758099,"status":"failed","message":"Cannot find module 'C:/Users/Moamen Ahmed/OneDrive/Desktop/GplusApp/src/setupTests.js'","name":"C:/Users/Moamen Ahmed/OneDrive/Desktop/GplusApp/frontend/src/components/__tests__/PickupSchedule.test.jsx"},{"assertionResults":[],"startTime":1759372758099,"endTime":1759372758099,"status":"failed","message":"Cannot find module 'C:/Users/Moamen Ahmed/OneDrive/Desktop/GplusApp/src/setupTests.js'","name":"C:/Users/Moamen Ahmed/OneDrive/Desktop/GplusApp/frontend/src/components/__tests__/Points.test.jsx"},{"assertionResults":[],"startTime":1759372758099,"endTime":1759372758099,"status":"failed","message":"Cannot find module 'C:/Users/Moamen Ahmed/OneDrive/Desktop/GplusApp/src/setupTests.js'","name":"C:/Users/Moamen Ahmed/OneDrive/Desktop/GplusApp/frontend/src/components/__tests__/PointsDashboard.test.jsx"},{"assertionResults":[],"startTime":1759372758099,"endTime":1759372758099,"status":"failed","message":"Cannot find module 'C:/Users/Moamen Ahmed/OneDrive/Desktop/GplusApp/src/setupTests.js'","name":"C:/Users/Moamen Ahmed/OneDrive/Desktop/GplusApp/frontend/src/components/__tests__/PointsScreen.integration.test.jsx"},{"assertionResults":[],"startTime":1759372758099,"endTime":1759372758099,"status":"failed","message":"Cannot find module 'C:/Users/Moamen Ahmed/OneDrive/Desktop/GplusApp/src/setupTests.js'","name":"C:/Users/Moamen Ahmed/OneDrive/Desktop/GplusApp/frontend/src/components/__tests__/PointsScreen.test.jsx"},{"assertionResults":[],"startTime":1759372758099,"endTime":1759372758099,"status":"failed","message":"Cannot find module 'C:/Users/Moamen Ahmed/OneDrive/Desktop/GplusApp/src/setupTests.js'","name":"C:/Users/Moamen Ahmed/OneDrive/Desktop/GplusApp/frontend/src/components/__tests__/RouteTracker.test.jsx"},{"assertionResults":[],"startTime":1759372758099,"endTime":1759372758099,"status":"failed","message":"Cannot find module 'C:/Users/Moamen Ahmed/OneDrive/Desktop/GplusApp/src/setupTests.js'","name":"C:/Users/Moamen Ahmed/OneDrive/Desktop/GplusApp/frontend/src/components/__tests__/ScreenReaderOnly.test.jsx"},{"assertionResults":[],"startTime":1759372758099,"endTime":1759372758099,"status":"failed","message":"Cannot find module 'C:/Users/Moamen Ahmed/OneDrive/Desktop/GplusApp/src/setupTests.js'","name":"C:/Users/Moamen Ahmed/OneDrive/Desktop/GplusApp/frontend/src/components/__tests__/ServiceWorkerWrapper.test.jsx"},{"assertionResults":[],"startTime":1759372758099,"endTime":1759372758099,"status":"failed","message":"Cannot find module 'C:/Users/Moamen Ahmed/OneDrive/Desktop/GplusApp/src/setupTests.js'","name":"C:/Users/Moamen Ahmed/OneDrive/Desktop/GplusApp/frontend/src/components/__tests__/simple.test.jsx"},{"assertionResults":[],"startTime":1759372758099,"endTime":1759372758099,"status":"failed","message":"Cannot find module 'C:/Users/Moamen Ahmed/OneDrive/Desktop/GplusApp/src/setupTests.js'","name":"C:/Users/Moamen Ahmed/OneDrive/Desktop/GplusApp/frontend/src/components/__tests__/ThemeToggle.test.jsx"},{"assertionResults":[],"startTime":1759372758099,"endTime":1759372758099,"status":"failed","message":"Cannot find module 'C:/Users/Moamen Ahmed/OneDrive/Desktop/GplusApp/src/setupTests.js'","name":"C:/Users/Moamen Ahmed/OneDrive/Desktop/GplusApp/frontend/src/components/__tests__/Vehicles.test.jsx"},{"assertionResults":[],"startTime":1759372758099,"endTime":1759372758099,"status":"failed","message":"Cannot find module 'C:/Users/Moamen Ahmed/OneDrive/Desktop/GplusApp/src/setupTests.js'","name":"C:/Users/Moamen Ahmed/OneDrive/Desktop/GplusApp/frontend/src/components/__tests__/VehiclesScreen.integration.test.jsx"},{"assertionResults":[],"startTime":1759372758099,"endTime":1759372758099,"status":"failed","message":"Cannot find module 'C:/Users/Moamen Ahmed/OneDrive/Desktop/GplusApp/src/setupTests.js'","name":"C:/Users/Moamen Ahmed/OneDrive/Desktop/GplusApp/frontend/src/components/__tests__/VehiclesScreen.test.jsx"},{"assertionResults":[],"startTime":1759372758099,"endTime":1759372758099,"status":"failed","message":"Cannot find module 'C:/Users/Moamen Ahmed/OneDrive/Desktop/GplusApp/src/setupTests.js'","name":"C:/Users/Moamen Ahmed/OneDrive/Desktop/GplusApp/frontend/src/components/__tests__/ViewportIndicator.test.jsx"},{"assertionResults":[],"startTime":1759372758099,"endTime":1759372758099,"status":"failed","message":"Cannot find module 'C:/Users/Moamen Ahmed/OneDrive/Desktop/GplusApp/src/setupTests.js'","name":"C:/Users/Moamen Ahmed/OneDrive/Desktop/GplusApp/frontend/src/i18n/__tests__/i18n.test.jsx"},{"assertionResults":[],"startTime":1759372758099,"endTime":1759372758099,"status":"failed","message":"Cannot find module 'C:/Users/Moamen Ahmed/OneDrive/Desktop/GplusApp/src/setupTests.js'","name":"C:/Users/Moamen Ahmed/OneDrive/Desktop/GplusApp/frontend/src/routes/__tests__/ProtectedRoute.test.jsx"},{"assertionResults":[],"startTime":1759372758099,"endTime":1759372758099,"status":"failed","message":"Cannot find module 'C:/Users/Moamen Ahmed/OneDrive/Desktop/GplusApp/src/setupTests.js'","name":"C:/Users/Moamen Ahmed/OneDrive/Desktop/GplusApp/frontend/src/screens/__tests__/CompaniesScreen.test.jsx"},{"assertionResults":[],"startTime":1759372758099,"endTime":1759372758099,"status":"failed","message":"Cannot find module 'C:/Users/Moamen Ahmed/OneDrive/Desktop/GplusApp/src/setupTests.js'","name":"C:/Users/Moamen Ahmed/OneDrive/Desktop/GplusApp/frontend/src/screens/__tests__/PickupRequestWorkflow.integration.test.jsx"},{"assertionResults":[],"startTime":1759372758099,"endTime":1759372758099,"status":"failed","message":"Cannot find module 'C:/Users/Moamen Ahmed/OneDrive/Desktop/GplusApp/src/setupTests.js'","name":"C:/Users/Moamen Ahmed/OneDrive/Desktop/GplusApp/frontend/src/screens/__tests__/PointsScreen.test.jsx"},{"assertionResults":[],"startTime":1759372758099,"endTime":1759372758099,"status":"failed","message":"Cannot find module 'C:/Users/Moamen Ahmed/OneDrive/Desktop/GplusApp/src/setupTests.js'","name":"C:/Users/Moamen Ahmed/OneDrive/Desktop/GplusApp/frontend/src/screens/__tests__/RequestPickupScreen.test.jsx"},{"assertionResults":[],"startTime":1759372758099,"endTime":1759372758099,"status":"failed","message":"Cannot find module 'C:/Users/Moamen Ahmed/OneDrive/Desktop/GplusApp/src/setupTests.js'","name":"C:/Users/Moamen Ahmed/OneDrive/Desktop/GplusApp/frontend/src/services/__tests__/analyticsService.test.js"},{"assertionResults":[],"startTime":1759372758099,"endTime":1759372758099,"status":"failed","message":"Cannot find module 'C:/Users/Moamen Ahmed/OneDrive/Desktop/GplusApp/src/setupTests.js'","name":"C:/Users/Moamen Ahmed/OneDrive/Desktop/GplusApp/frontend/src/services/__tests__/api.test.js"},{"assertionResults":[],"startTime":1759372758099,"endTime":1759372758099,"status":"failed","message":"Cannot find module 'C:/Users/Moamen Ahmed/OneDrive/Desktop/GplusApp/src/setupTests.js'","name":"C:/Users/Moamen Ahmed/OneDrive/Desktop/GplusApp/frontend/src/services/__tests__/websocket.service.test.js"},{"assertionResults":[],"startTime":1759372758099,"endTime":1759372758099,"status":"failed","message":"Cannot find module 'C:/Users/Moamen Ahmed/OneDrive/Desktop/GplusApp/src/setupTests.js'","name":"C:/Users/Moamen Ahmed/OneDrive/Desktop/GplusApp/frontend/src/utils/__tests__/lazyLoad.test.jsx"},{"assertionResults":[],"startTime":1759372758099,"endTime":1759372758099,"status":"failed","message":"Cannot find module 'C:/Users/Moamen Ahmed/OneDrive/Desktop/GplusApp/src/setupTests.js'","name":"C:/Users/Moamen Ahmed/OneDrive/Desktop/GplusApp/frontend/src/components/dashboard/__tests__/ApiPerformanceCard.test.jsx"},{"assertionResults":[],"startTime":1759372758099,"endTime":1759372758099,"status":"failed","message":"Cannot find module 'C:/Users/Moamen Ahmed/OneDrive/Desktop/GplusApp/src/setupTests.js'","name":"C:/Users/Moamen Ahmed/OneDrive/Desktop/GplusApp/frontend/src/components/dashboard/__tests__/MemoryUsageCard.test.jsx"},{"assertionResults":[],"startTime":1759372758099,"endTime":1759372758099,"status":"failed","message":"Cannot find module 'C:/Users/Moamen Ahmed/OneDrive/Desktop/GplusApp/src/setupTests.js'","name":"C:/Users/Moamen Ahmed/OneDrive/Desktop/GplusApp/frontend/src/components/dashboard/__tests__/PerformanceDashboard.test.jsx"},{"assertionResults":[],"startTime":1759372758099,"endTime":1759372758099,"status":"failed","message":"Cannot find module 'C:/Users/Moamen Ahmed/OneDrive/Desktop/GplusApp/src/setupTests.js'","name":"C:/Users/Moamen Ahmed/OneDrive/Desktop/GplusApp/frontend/src/components/dashboard/cards/__tests__/ApiPerformanceCard.test.jsx"},{"assertionResults":[],"startTime":1759372758099,"endTime":1759372758099,"status":"failed","message":"Cannot find module 'C:/Users/Moamen Ahmed/OneDrive/Desktop/GplusApp/src/setupTests.js'","name":"C:/Users/Moamen Ahmed/OneDrive/Desktop/GplusApp/frontend/src/components/dashboard/cards/__tests__/KeyPatternCard.test.jsx"},{"assertionResults":[],"startTime":1759372758099,"endTime":1759372758099,"status":"failed","message":"Cannot find module 'C:/Users/Moamen Ahmed/OneDrive/Desktop/GplusApp/src/setupTests.js'","name":"C:/Users/Moamen Ahmed/OneDrive/Desktop/GplusApp/frontend/src/components/dashboard/cards/__tests__/SystemHealthCard.test.jsx"}]}
