{"numTotalTestSuites":240,"numPassedTestSuites":192,"numFailedTestSuites":48,"numPendingTestSuites":0,"numTotalTests":465,"numPassedTests":427,"numFailedTests":37,"numPendingTests":1,"numTodoTests":0,"snapshot":{"added":0,"failure":false,"filesAdded":0,"filesRemoved":0,"filesRemovedList":[],"filesUnmatched":0,"filesUpdated":0,"matched":0,"total":0,"unchecked":0,"uncheckedKeysByFile":[],"unmatched":0,"updated":0,"didUpdate":false},"startTime":1759363716298,"success":false,"testResults":[{"assertionResults":[{"ancestorTitles":["CompanyList Component"],"fullName":"CompanyList Component renders loading state","status":"failed","title":"renders loading state","duration":115.04449999999997,"failureMessages":["TestingLibraryElementError: Found multiple elements with the text: common.loading\n\nHere are the matching elements:\n\nIgnored nodes: comments, script, style\n\u001b[36m<p\u001b[39m\n  \u001b[33mclass\u001b[39m=\u001b[32m\"loading-message\"\u001b[39m\n\u001b[36m>\u001b[39m\n  \u001b[0mcommon.loading\u001b[0m\n\u001b[36m</p>\u001b[39m\n\nIgnored nodes: comments, script, style\n\u001b[36m<p>\u001b[39m\n  \u001b[0mcommon.loading\u001b[0m\n\u001b[36m</p>\u001b[39m\n\n(If this is intentional, then use the `*AllBy*` variant of the query (like `queryAllByText`, `getAllByText`, or `findAllByText`)).\n\nIgnored nodes: comments, script, style\n\u001b[36m<body>\u001b[39m\n  \u001b[36m<div>\u001b[39m\n    \u001b[36m<div\u001b[39m\n      \u001b[33mclass\u001b[39m=\u001b[32m\"loading-container\"\u001b[39m\n    \u001b[36m>\u001b[39m\n      \u001b[36m<div\u001b[39m\n        \u001b[33mclass\u001b[39m=\u001b[32m\"loading-container \"\u001b[39m\n      \u001b[36m>\u001b[39m\n        \u001b[36m<div\u001b[39m\n          \u001b[33mclass\u001b[39m=\u001b[32m\"loading-spinner spinner-large spinner-primary \"\u001b[39m\n        \u001b[36m/>\u001b[39m\n        \u001b[36m<p\u001b[39m\n          \u001b[33mclass\u001b[39m=\u001b[32m\"loading-message\"\u001b[39m\n        \u001b[36m>\u001b[39m\n          \u001b[0mcommon.loading\u001b[0m\n        \u001b[36m</p>\u001b[39m\n      \u001b[36m</div>\u001b[39m\n      \u001b[36m<p>\u001b[39m\n        \u001b[0mcommon.loading\u001b[0m\n      \u001b[36m</p>\u001b[39m\n    \u001b[36m</div>\u001b[39m\n  \u001b[36m</div>\u001b[39m\n\u001b[36m</body>\u001b[39m\n    at Object.getElementError (C:\\Users\\Moamen Ahmed\\OneDrive\\Desktop\\GplusApp\\node_modules\\@testing-library\\dom\\dist\\config.js:37:19)\n    at getElementError (C:\\Users\\Moamen Ahmed\\OneDrive\\Desktop\\GplusApp\\node_modules\\@testing-library\\dom\\dist\\query-helpers.js:20:35)\n    at getMultipleElementsFoundError (C:\\Users\\Moamen Ahmed\\OneDrive\\Desktop\\GplusApp\\node_modules\\@testing-library\\dom\\dist\\query-helpers.js:23:10)\n    at C:\\Users\\Moamen Ahmed\\OneDrive\\Desktop\\GplusApp\\node_modules\\@testing-library\\dom\\dist\\query-helpers.js:55:13\n    at C:\\Users\\Moamen Ahmed\\OneDrive\\Desktop\\GplusApp\\node_modules\\@testing-library\\dom\\dist\\query-helpers.js:95:19\n    at C:\\Users\\Moamen Ahmed\\OneDrive\\Desktop\\GplusApp\\tests\\CompanyList.test.jsx:56:19\n    at file:///C:/Users/Moamen%20Ahmed/OneDrive/Desktop/GplusApp/node_modules/@vitest/runner/dist/chunk-hooks.js:155:11\n    at file:///C:/Users/Moamen%20Ahmed/OneDrive/Desktop/GplusApp/node_modules/@vitest/runner/dist/chunk-hooks.js:752:26\n    at file:///C:/Users/Moamen%20Ahmed/OneDrive/Desktop/GplusApp/node_modules/@vitest/runner/dist/chunk-hooks.js:1897:20\n    at new Promise (<anonymous>)"],"meta":{}},{"ancestorTitles":["CompanyList Component"],"fullName":"CompanyList Component renders error state","status":"passed","title":"renders error state","duration":31.14550000000054,"failureMessages":[],"meta":{}},{"ancestorTitles":["CompanyList Component"],"fullName":"CompanyList Component renders companies when data is available","status":"passed","title":"renders companies when data is available","duration":47.675200000001496,"failureMessages":[],"meta":{}},{"ancestorTitles":["CompanyList Component"],"fullName":"CompanyList Component renders no companies message when data is empty","status":"passed","title":"renders no companies message when data is empty","duration":11.21440000000075,"failureMessages":[],"meta":{}}],"startTime":1759363734389,"endTime":1759363734594.2144,"status":"failed","message":"","name":"C:/Users/Moamen Ahmed/OneDrive/Desktop/GplusApp/tests/CompanyList.test.jsx"},{"assertionResults":[],"startTime":1759363716298,"endTime":1759363716298,"status":"failed","message":"Failed to resolve import \"recharts\" from \"src/components/EnvironmentalDashboard.jsx\". Does the file exist?","name":"C:/Users/Moamen Ahmed/OneDrive/Desktop/GplusApp/tests/EnvironmentalDashboard.test.jsx"},{"assertionResults":[{"ancestorTitles":["Layout Component"],"fullName":"Layout Component should render the layout with OfflineNotification component","status":"passed","title":"should render the layout with OfflineNotification component","duration":118.22019999999975,"failureMessages":[],"meta":{}},{"ancestorTitles":["Layout Component"],"fullName":"Layout Component should render navigation elements correctly when user is not authenticated","status":"passed","title":"should render navigation elements correctly when user is not authenticated","duration":39.15849999999955,"failureMessages":[],"meta":{}},{"ancestorTitles":["Layout Component"],"fullName":"Layout Component should render user-specific navigation elements when user is authenticated","status":"passed","title":"should render user-specific navigation elements when user is authenticated","duration":32.72769999999946,"failureMessages":[],"meta":{}},{"ancestorTitles":["Layout Component"],"fullName":"Layout Component should call logout when logout button is clicked","status":"passed","title":"should call logout when logout button is clicked","duration":61.89629999999852,"failureMessages":[],"meta":{}},{"ancestorTitles":["Layout Component"],"fullName":"Layout Component should render footer, viewport indicator, and offline notification","status":"passed","title":"should render footer, viewport indicator, and offline notification","duration":16.267900000000736,"failureMessages":[],"meta":{}}],"startTime":1759363795004,"endTime":1759363795272.2678,"status":"passed","message":"","name":"C:/Users/Moamen Ahmed/OneDrive/Desktop/GplusApp/tests/Layout.test.jsx"},{"assertionResults":[{"ancestorTitles":["Login Component"],"fullName":"Login Component renders the login form","status":"passed","title":"renders the login form","duration":277.5018,"failureMessages":[],"meta":{}},{"ancestorTitles":["Login Component"],"fullName":"Login Component disables the form submission button while submitting","status":"passed","title":"disables the form submission button while submitting","duration":994.6663999999992,"failureMessages":[],"meta":{}}],"startTime":1759363759721,"endTime":1759363760993.6665,"status":"passed","message":"","name":"C:/Users/Moamen Ahmed/OneDrive/Desktop/GplusApp/tests/Login.test.jsx"},{"assertionResults":[{"ancestorTitles":["OfflineContext"],"fullName":"OfflineContext should initialize with correct default values","status":"failed","title":"should initialize with correct default values","duration":121.27530000000115,"failureMessages":["Error: Objects are not valid as a React child (found: [object HTMLDivElement]). If you meant to render a collection of children, use an array instead.\n    at throwOnInvalidObjectType (C:\\Users\\Moamen Ahmed\\OneDrive\\Desktop\\GplusApp\\node_modules\\react-dom\\cjs\\react-dom.development.js:13123:9)\n    at reconcileChildFibers (C:\\Users\\Moamen Ahmed\\OneDrive\\Desktop\\GplusApp\\node_modules\\react-dom\\cjs\\react-dom.development.js:14064:7)\n    at reconcileChildren (C:\\Users\\Moamen Ahmed\\OneDrive\\Desktop\\GplusApp\\node_modules\\react-dom\\cjs\\react-dom.development.js:19186:28)\n    at mountIndeterminateComponent (C:\\Users\\Moamen Ahmed\\OneDrive\\Desktop\\GplusApp\\node_modules\\react-dom\\cjs\\react-dom.development.js:20186:5)\n    at beginWork (C:\\Users\\Moamen Ahmed\\OneDrive\\Desktop\\GplusApp\\node_modules\\react-dom\\cjs\\react-dom.development.js:21626:16)\n    at beginWork$1 (C:\\Users\\Moamen Ahmed\\OneDrive\\Desktop\\GplusApp\\node_modules\\react-dom\\cjs\\react-dom.development.js:27465:14)\n    at performUnitOfWork (C:\\Users\\Moamen Ahmed\\OneDrive\\Desktop\\GplusApp\\node_modules\\react-dom\\cjs\\react-dom.development.js:26599:12)\n    at workLoopSync (C:\\Users\\Moamen Ahmed\\OneDrive\\Desktop\\GplusApp\\node_modules\\react-dom\\cjs\\react-dom.development.js:26505:5)\n    at renderRootSync (C:\\Users\\Moamen Ahmed\\OneDrive\\Desktop\\GplusApp\\node_modules\\react-dom\\cjs\\react-dom.development.js:26473:7)\n    at recoverFromConcurrentError (C:\\Users\\Moamen Ahmed\\OneDrive\\Desktop\\GplusApp\\node_modules\\react-dom\\cjs\\react-dom.development.js:25889:20)"],"meta":{}},{"ancestorTitles":["OfflineContext"],"fullName":"OfflineContext should detect when the application goes offline","status":"failed","title":"should detect when the application goes offline","duration":24.13839999999982,"failureMessages":["Error: Objects are not valid as a React child (found: [object HTMLDivElement]). If you meant to render a collection of children, use an array instead.\n    at throwOnInvalidObjectType (C:\\Users\\Moamen Ahmed\\OneDrive\\Desktop\\GplusApp\\node_modules\\react-dom\\cjs\\react-dom.development.js:13123:9)\n    at reconcileChildFibers (C:\\Users\\Moamen Ahmed\\OneDrive\\Desktop\\GplusApp\\node_modules\\react-dom\\cjs\\react-dom.development.js:14064:7)\n    at reconcileChildren (C:\\Users\\Moamen Ahmed\\OneDrive\\Desktop\\GplusApp\\node_modules\\react-dom\\cjs\\react-dom.development.js:19186:28)\n    at mountIndeterminateComponent (C:\\Users\\Moamen Ahmed\\OneDrive\\Desktop\\GplusApp\\node_modules\\react-dom\\cjs\\react-dom.development.js:20186:5)\n    at beginWork (C:\\Users\\Moamen Ahmed\\OneDrive\\Desktop\\GplusApp\\node_modules\\react-dom\\cjs\\react-dom.development.js:21626:16)\n    at beginWork$1 (C:\\Users\\Moamen Ahmed\\OneDrive\\Desktop\\GplusApp\\node_modules\\react-dom\\cjs\\react-dom.development.js:27465:14)\n    at performUnitOfWork (C:\\Users\\Moamen Ahmed\\OneDrive\\Desktop\\GplusApp\\node_modules\\react-dom\\cjs\\react-dom.development.js:26599:12)\n    at workLoopSync (C:\\Users\\Moamen Ahmed\\OneDrive\\Desktop\\GplusApp\\node_modules\\react-dom\\cjs\\react-dom.development.js:26505:5)\n    at renderRootSync (C:\\Users\\Moamen Ahmed\\OneDrive\\Desktop\\GplusApp\\node_modules\\react-dom\\cjs\\react-dom.development.js:26473:7)\n    at recoverFromConcurrentError (C:\\Users\\Moamen Ahmed\\OneDrive\\Desktop\\GplusApp\\node_modules\\react-dom\\cjs\\react-dom.development.js:25889:20)"],"meta":{}},{"ancestorTitles":["OfflineContext"],"fullName":"OfflineContext should allow adding pending requests when offline","status":"failed","title":"should allow adding pending requests when offline","duration":23.54860000000008,"failureMessages":["Error: Objects are not valid as a React child (found: [object HTMLDivElement]). If you meant to render a collection of children, use an array instead.\n    at throwOnInvalidObjectType (C:\\Users\\Moamen Ahmed\\OneDrive\\Desktop\\GplusApp\\node_modules\\react-dom\\cjs\\react-dom.development.js:13123:9)\n    at reconcileChildFibers (C:\\Users\\Moamen Ahmed\\OneDrive\\Desktop\\GplusApp\\node_modules\\react-dom\\cjs\\react-dom.development.js:14064:7)\n    at reconcileChildren (C:\\Users\\Moamen Ahmed\\OneDrive\\Desktop\\GplusApp\\node_modules\\react-dom\\cjs\\react-dom.development.js:19186:28)\n    at mountIndeterminateComponent (C:\\Users\\Moamen Ahmed\\OneDrive\\Desktop\\GplusApp\\node_modules\\react-dom\\cjs\\react-dom.development.js:20186:5)\n    at beginWork (C:\\Users\\Moamen Ahmed\\OneDrive\\Desktop\\GplusApp\\node_modules\\react-dom\\cjs\\react-dom.development.js:21626:16)\n    at beginWork$1 (C:\\Users\\Moamen Ahmed\\OneDrive\\Desktop\\GplusApp\\node_modules\\react-dom\\cjs\\react-dom.development.js:27465:14)\n    at performUnitOfWork (C:\\Users\\Moamen Ahmed\\OneDrive\\Desktop\\GplusApp\\node_modules\\react-dom\\cjs\\react-dom.development.js:26599:12)\n    at workLoopSync (C:\\Users\\Moamen Ahmed\\OneDrive\\Desktop\\GplusApp\\node_modules\\react-dom\\cjs\\react-dom.development.js:26505:5)\n    at renderRootSync (C:\\Users\\Moamen Ahmed\\OneDrive\\Desktop\\GplusApp\\node_modules\\react-dom\\cjs\\react-dom.development.js:26473:7)\n    at recoverFromConcurrentError (C:\\Users\\Moamen Ahmed\\OneDrive\\Desktop\\GplusApp\\node_modules\\react-dom\\cjs\\react-dom.development.js:25889:20)"],"meta":{}},{"ancestorTitles":["OfflineContext"],"fullName":"OfflineContext should synchronize pending requests when coming back online","status":"failed","title":"should synchronize pending requests when coming back online","duration":18.79070000000138,"failureMessages":["Error: Objects are not valid as a React child (found: [object HTMLDivElement]). If you meant to render a collection of children, use an array instead.\n    at throwOnInvalidObjectType (C:\\Users\\Moamen Ahmed\\OneDrive\\Desktop\\GplusApp\\node_modules\\react-dom\\cjs\\react-dom.development.js:13123:9)\n    at reconcileChildFibers (C:\\Users\\Moamen Ahmed\\OneDrive\\Desktop\\GplusApp\\node_modules\\react-dom\\cjs\\react-dom.development.js:14064:7)\n    at reconcileChildren (C:\\Users\\Moamen Ahmed\\OneDrive\\Desktop\\GplusApp\\node_modules\\react-dom\\cjs\\react-dom.development.js:19186:28)\n    at mountIndeterminateComponent (C:\\Users\\Moamen Ahmed\\OneDrive\\Desktop\\GplusApp\\node_modules\\react-dom\\cjs\\react-dom.development.js:20186:5)\n    at beginWork (C:\\Users\\Moamen Ahmed\\OneDrive\\Desktop\\GplusApp\\node_modules\\react-dom\\cjs\\react-dom.development.js:21626:16)\n    at beginWork$1 (C:\\Users\\Moamen Ahmed\\OneDrive\\Desktop\\GplusApp\\node_modules\\react-dom\\cjs\\react-dom.development.js:27465:14)\n    at performUnitOfWork (C:\\Users\\Moamen Ahmed\\OneDrive\\Desktop\\GplusApp\\node_modules\\react-dom\\cjs\\react-dom.development.js:26599:12)\n    at workLoopSync (C:\\Users\\Moamen Ahmed\\OneDrive\\Desktop\\GplusApp\\node_modules\\react-dom\\cjs\\react-dom.development.js:26505:5)\n    at renderRootSync (C:\\Users\\Moamen Ahmed\\OneDrive\\Desktop\\GplusApp\\node_modules\\react-dom\\cjs\\react-dom.development.js:26473:7)\n    at recoverFromConcurrentError (C:\\Users\\Moamen Ahmed\\OneDrive\\Desktop\\GplusApp\\node_modules\\react-dom\\cjs\\react-dom.development.js:25889:20)"],"meta":{}}],"startTime":1759363733934,"endTime":1759363734121.7908,"status":"failed","message":"","name":"C:/Users/Moamen Ahmed/OneDrive/Desktop/GplusApp/tests/OfflineContext.test.jsx"},{"assertionResults":[{"ancestorTitles":["OfflineNotification Component"],"fullName":"OfflineNotification Component renders when offline","status":"failed","title":"renders when offline","duration":113.03099999999995,"failureMessages":["Error: [vitest] No \"default\" export is defined on the \"../src/contexts/OfflineContext\" mock. Did you forget to return it from \"vi.mock\"?\nIf you need to partially mock a module, you can use \"importOriginal\" helper inside:\n\n    at VitestMocker.createError (file:///C:/Users/Moamen%20Ahmed/OneDrive/Desktop/GplusApp/node_modules/vitest/dist/chunks/execute.B7h3T_Hc.js:284:17)\n    at Object.get (file:///C:/Users/Moamen%20Ahmed/OneDrive/Desktop/GplusApp/node_modules/vitest/dist/chunks/execute.B7h3T_Hc.js:330:16)\n    at TestOfflineProvider (C:\\Users\\Moamen Ahmed\\OneDrive\\Desktop\\GplusApp\\tests\\test-utils.jsx:55:6)\n    at renderWithHooks (C:\\Users\\Moamen Ahmed\\OneDrive\\Desktop\\GplusApp\\node_modules\\react-dom\\cjs\\react-dom.development.js:15486:18)\n    at mountIndeterminateComponent (C:\\Users\\Moamen Ahmed\\OneDrive\\Desktop\\GplusApp\\node_modules\\react-dom\\cjs\\react-dom.development.js:20103:13)\n    at beginWork (C:\\Users\\Moamen Ahmed\\OneDrive\\Desktop\\GplusApp\\node_modules\\react-dom\\cjs\\react-dom.development.js:21626:16)\n    at beginWork$1 (C:\\Users\\Moamen Ahmed\\OneDrive\\Desktop\\GplusApp\\node_modules\\react-dom\\cjs\\react-dom.development.js:27465:14)\n    at performUnitOfWork (C:\\Users\\Moamen Ahmed\\OneDrive\\Desktop\\GplusApp\\node_modules\\react-dom\\cjs\\react-dom.development.js:26599:12)\n    at workLoopSync (C:\\Users\\Moamen Ahmed\\OneDrive\\Desktop\\GplusApp\\node_modules\\react-dom\\cjs\\react-dom.development.js:26505:5)\n    at renderRootSync (C:\\Users\\Moamen Ahmed\\OneDrive\\Desktop\\GplusApp\\node_modules\\react-dom\\cjs\\react-dom.development.js:26473:7)"],"meta":{}},{"ancestorTitles":["OfflineNotification Component"],"fullName":"OfflineNotification Component does not render when online","status":"failed","title":"does not render when online","duration":15.950300000000425,"failureMessages":["Error: [vitest] No \"default\" export is defined on the \"../src/contexts/OfflineContext\" mock. Did you forget to return it from \"vi.mock\"?\nIf you need to partially mock a module, you can use \"importOriginal\" helper inside:\n\n    at VitestMocker.createError (file:///C:/Users/Moamen%20Ahmed/OneDrive/Desktop/GplusApp/node_modules/vitest/dist/chunks/execute.B7h3T_Hc.js:284:17)\n    at Object.get (file:///C:/Users/Moamen%20Ahmed/OneDrive/Desktop/GplusApp/node_modules/vitest/dist/chunks/execute.B7h3T_Hc.js:330:16)\n    at TestOfflineProvider (C:\\Users\\Moamen Ahmed\\OneDrive\\Desktop\\GplusApp\\tests\\test-utils.jsx:55:6)\n    at renderWithHooks (C:\\Users\\Moamen Ahmed\\OneDrive\\Desktop\\GplusApp\\node_modules\\react-dom\\cjs\\react-dom.development.js:15486:18)\n    at mountIndeterminateComponent (C:\\Users\\Moamen Ahmed\\OneDrive\\Desktop\\GplusApp\\node_modules\\react-dom\\cjs\\react-dom.development.js:20103:13)\n    at beginWork (C:\\Users\\Moamen Ahmed\\OneDrive\\Desktop\\GplusApp\\node_modules\\react-dom\\cjs\\react-dom.development.js:21626:16)\n    at beginWork$1 (C:\\Users\\Moamen Ahmed\\OneDrive\\Desktop\\GplusApp\\node_modules\\react-dom\\cjs\\react-dom.development.js:27465:14)\n    at performUnitOfWork (C:\\Users\\Moamen Ahmed\\OneDrive\\Desktop\\GplusApp\\node_modules\\react-dom\\cjs\\react-dom.development.js:26599:12)\n    at workLoopSync (C:\\Users\\Moamen Ahmed\\OneDrive\\Desktop\\GplusApp\\node_modules\\react-dom\\cjs\\react-dom.development.js:26505:5)\n    at renderRootSync (C:\\Users\\Moamen Ahmed\\OneDrive\\Desktop\\GplusApp\\node_modules\\react-dom\\cjs\\react-dom.development.js:26473:7)"],"meta":{}},{"ancestorTitles":["OfflineNotification Component"],"fullName":"OfflineNotification Component should not render when online and no pending requests","status":"failed","title":"should not render when online and no pending requests","duration":15.28189999999995,"failureMessages":["Error: [vitest] No \"default\" export is defined on the \"../src/contexts/OfflineContext\" mock. Did you forget to return it from \"vi.mock\"?\nIf you need to partially mock a module, you can use \"importOriginal\" helper inside:\n\n    at VitestMocker.createError (file:///C:/Users/Moamen%20Ahmed/OneDrive/Desktop/GplusApp/node_modules/vitest/dist/chunks/execute.B7h3T_Hc.js:284:17)\n    at Object.get (file:///C:/Users/Moamen%20Ahmed/OneDrive/Desktop/GplusApp/node_modules/vitest/dist/chunks/execute.B7h3T_Hc.js:330:16)\n    at TestOfflineProvider (C:\\Users\\Moamen Ahmed\\OneDrive\\Desktop\\GplusApp\\tests\\test-utils.jsx:55:6)\n    at renderWithHooks (C:\\Users\\Moamen Ahmed\\OneDrive\\Desktop\\GplusApp\\node_modules\\react-dom\\cjs\\react-dom.development.js:15486:18)\n    at mountIndeterminateComponent (C:\\Users\\Moamen Ahmed\\OneDrive\\Desktop\\GplusApp\\node_modules\\react-dom\\cjs\\react-dom.development.js:20103:13)\n    at beginWork (C:\\Users\\Moamen Ahmed\\OneDrive\\Desktop\\GplusApp\\node_modules\\react-dom\\cjs\\react-dom.development.js:21626:16)\n    at beginWork$1 (C:\\Users\\Moamen Ahmed\\OneDrive\\Desktop\\GplusApp\\node_modules\\react-dom\\cjs\\react-dom.development.js:27465:14)\n    at performUnitOfWork (C:\\Users\\Moamen Ahmed\\OneDrive\\Desktop\\GplusApp\\node_modules\\react-dom\\cjs\\react-dom.development.js:26599:12)\n    at workLoopSync (C:\\Users\\Moamen Ahmed\\OneDrive\\Desktop\\GplusApp\\node_modules\\react-dom\\cjs\\react-dom.development.js:26505:5)\n    at renderRootSync (C:\\Users\\Moamen Ahmed\\OneDrive\\Desktop\\GplusApp\\node_modules\\react-dom\\cjs\\react-dom.development.js:26473:7)"],"meta":{}},{"ancestorTitles":["OfflineNotification Component"],"fullName":"OfflineNotification Component should show offline notification when offline","status":"failed","title":"should show offline notification when offline","duration":13.851399999999558,"failureMessages":["Error: [vitest] No \"default\" export is defined on the \"../src/contexts/OfflineContext\" mock. Did you forget to return it from \"vi.mock\"?\nIf you need to partially mock a module, you can use \"importOriginal\" helper inside:\n\n    at VitestMocker.createError (file:///C:/Users/Moamen%20Ahmed/OneDrive/Desktop/GplusApp/node_modules/vitest/dist/chunks/execute.B7h3T_Hc.js:284:17)\n    at Object.get (file:///C:/Users/Moamen%20Ahmed/OneDrive/Desktop/GplusApp/node_modules/vitest/dist/chunks/execute.B7h3T_Hc.js:330:16)\n    at TestOfflineProvider (C:\\Users\\Moamen Ahmed\\OneDrive\\Desktop\\GplusApp\\tests\\test-utils.jsx:55:6)\n    at renderWithHooks (C:\\Users\\Moamen Ahmed\\OneDrive\\Desktop\\GplusApp\\node_modules\\react-dom\\cjs\\react-dom.development.js:15486:18)\n    at mountIndeterminateComponent (C:\\Users\\Moamen Ahmed\\OneDrive\\Desktop\\GplusApp\\node_modules\\react-dom\\cjs\\react-dom.development.js:20103:13)\n    at beginWork (C:\\Users\\Moamen Ahmed\\OneDrive\\Desktop\\GplusApp\\node_modules\\react-dom\\cjs\\react-dom.development.js:21626:16)\n    at beginWork$1 (C:\\Users\\Moamen Ahmed\\OneDrive\\Desktop\\GplusApp\\node_modules\\react-dom\\cjs\\react-dom.development.js:27465:14)\n    at performUnitOfWork (C:\\Users\\Moamen Ahmed\\OneDrive\\Desktop\\GplusApp\\node_modules\\react-dom\\cjs\\react-dom.development.js:26599:12)\n    at workLoopSync (C:\\Users\\Moamen Ahmed\\OneDrive\\Desktop\\GplusApp\\node_modules\\react-dom\\cjs\\react-dom.development.js:26505:5)\n    at renderRootSync (C:\\Users\\Moamen Ahmed\\OneDrive\\Desktop\\GplusApp\\node_modules\\react-dom\\cjs\\react-dom.development.js:26473:7)"],"meta":{}},{"ancestorTitles":["OfflineNotification Component"],"fullName":"OfflineNotification Component should show pending requests notification when there are pending requests","status":"failed","title":"should show pending requests notification when there are pending requests","duration":17.33889999999974,"failureMessages":["Error: [vitest] No \"default\" export is defined on the \"../src/contexts/OfflineContext\" mock. Did you forget to return it from \"vi.mock\"?\nIf you need to partially mock a module, you can use \"importOriginal\" helper inside:\n\n    at VitestMocker.createError (file:///C:/Users/Moamen%20Ahmed/OneDrive/Desktop/GplusApp/node_modules/vitest/dist/chunks/execute.B7h3T_Hc.js:284:17)\n    at Object.get (file:///C:/Users/Moamen%20Ahmed/OneDrive/Desktop/GplusApp/node_modules/vitest/dist/chunks/execute.B7h3T_Hc.js:330:16)\n    at TestOfflineProvider (C:\\Users\\Moamen Ahmed\\OneDrive\\Desktop\\GplusApp\\tests\\test-utils.jsx:55:6)\n    at renderWithHooks (C:\\Users\\Moamen Ahmed\\OneDrive\\Desktop\\GplusApp\\node_modules\\react-dom\\cjs\\react-dom.development.js:15486:18)\n    at mountIndeterminateComponent (C:\\Users\\Moamen Ahmed\\OneDrive\\Desktop\\GplusApp\\node_modules\\react-dom\\cjs\\react-dom.development.js:20103:13)\n    at beginWork (C:\\Users\\Moamen Ahmed\\OneDrive\\Desktop\\GplusApp\\node_modules\\react-dom\\cjs\\react-dom.development.js:21626:16)\n    at beginWork$1 (C:\\Users\\Moamen Ahmed\\OneDrive\\Desktop\\GplusApp\\node_modules\\react-dom\\cjs\\react-dom.development.js:27465:14)\n    at performUnitOfWork (C:\\Users\\Moamen Ahmed\\OneDrive\\Desktop\\GplusApp\\node_modules\\react-dom\\cjs\\react-dom.development.js:26599:12)\n    at workLoopSync (C:\\Users\\Moamen Ahmed\\OneDrive\\Desktop\\GplusApp\\node_modules\\react-dom\\cjs\\react-dom.development.js:26505:5)\n    at renderRootSync (C:\\Users\\Moamen Ahmed\\OneDrive\\Desktop\\GplusApp\\node_modules\\react-dom\\cjs\\react-dom.development.js:26473:7)"],"meta":{}},{"ancestorTitles":["OfflineNotification Component"],"fullName":"OfflineNotification Component should call syncPendingRequests when sync button is clicked","status":"passed","title":"should call syncPendingRequests when sync button is clicked","duration":67.3117999999995,"failureMessages":[],"meta":{}}],"startTime":1759363724531,"endTime":1759363724774.3118,"status":"failed","message":"","name":"C:/Users/Moamen Ahmed/OneDrive/Desktop/GplusApp/tests/OfflineNotification.test.jsx"},{"assertionResults":[{"ancestorTitles":["offlineStorage"],"fullName":"offlineStorage should initialize the database successfully","status":"passed","title":"should initialize the database successfully","duration":23.285899999999856,"failureMessages":[],"meta":{}},{"ancestorTitles":["offlineStorage"],"fullName":"offlineStorage should handle database initialization error","status":"passed","title":"should handle database initialization error","duration":3.805899999999383,"failureMessages":[],"meta":{}},{"ancestorTitles":["offlineStorage"],"fullName":"offlineStorage should add a pending request successfully","status":"passed","title":"should add a pending request successfully","duration":14.071100000000115,"failureMessages":[],"meta":{}},{"ancestorTitles":["offlineStorage"],"fullName":"offlineStorage should get all pending requests successfully","status":"passed","title":"should get all pending requests successfully","duration":4.276899999999841,"failureMessages":[],"meta":{}},{"ancestorTitles":["offlineStorage"],"fullName":"offlineStorage should mark a request as synced successfully","status":"passed","title":"should mark a request as synced successfully","duration":6.255500000000211,"failureMessages":[],"meta":{}},{"ancestorTitles":["offlineStorage"],"fullName":"offlineStorage should delete all synced requests successfully","status":"passed","title":"should delete all synced requests successfully","duration":5.249399999999696,"failureMessages":[],"meta":{}}],"startTime":1759363819271,"endTime":1759363819328.2495,"status":"passed","message":"","name":"C:/Users/Moamen Ahmed/OneDrive/Desktop/GplusApp/tests/offlineStorage.test.js"},{"assertionResults":[{"ancestorTitles":[],"fullName":"smoke renders","status":"passed","title":"smoke renders","duration":55.11869999999999,"failureMessages":[],"meta":{}}],"startTime":1759363822263,"endTime":1759363822318.1187,"status":"passed","message":"","name":"C:/Users/Moamen Ahmed/OneDrive/Desktop/GplusApp/tests/smoke.test.jsx"},{"assertionResults":[],"startTime":1759363716298,"endTime":1759363716298,"status":"failed","message":"Failed to parse source for import analysis because the content contains invalid JS syntax. If you are using JSX, make sure to name the file with the .jsx or .tsx extension.","name":"C:/Users/Moamen Ahmed/OneDrive/Desktop/GplusApp/tests/useCompanies.test.js"},{"assertionResults":[{"ancestorTitles":["useCompanies Hook"],"fullName":"useCompanies Hook fetches companies when called with no filters","status":"failed","title":"fetches companies when called with no filters","duration":88.14320000000043,"failureMessages":["AssertionError: expected true to be false // Object.is equality\n    at C:\\Users\\Moamen Ahmed\\OneDrive\\Desktop\\GplusApp\\tests\\useCompanies.test.jsx:75:38\n    at file:///C:/Users/Moamen%20Ahmed/OneDrive/Desktop/GplusApp/node_modules/@vitest/runner/dist/chunk-hooks.js:752:20"],"meta":{}},{"ancestorTitles":["useCompanies Hook"],"fullName":"useCompanies Hook fetches companies with filters","status":"failed","title":"fetches companies with filters","duration":23.94260000000031,"failureMessages":["AssertionError: expected undefined to deeply equal [ { id: 1, name: 'Company A' } ]\n    at C:\\Users\\Moamen Ahmed\\OneDrive\\Desktop\\GplusApp\\tests\\useCompanies.test.jsx:94:33\n    at runNextTicks (node:internal/process/task_queues:65:5)\n    at processTimers (node:internal/timers:520:9)\n    at file:///C:/Users/Moamen%20Ahmed/OneDrive/Desktop/GplusApp/node_modules/@vitest/runner/dist/chunk-hooks.js:752:20"],"meta":{}},{"ancestorTitles":["useCompany Hook"],"fullName":"useCompany Hook fetches a specific company by id","status":"failed","title":"fetches a specific company by id","duration":16.776899999998932,"failureMessages":["AssertionError: expected true to be false // Object.is equality\n    at C:\\Users\\Moamen Ahmed\\OneDrive\\Desktop\\GplusApp\\tests\\useCompanies.test.jsx:129:38\n    at runNextTicks (node:internal/process/task_queues:65:5)\n    at listOnTimeout (node:internal/timers:549:9)\n    at processTimers (node:internal/timers:523:7)\n    at file:///C:/Users/Moamen%20Ahmed/OneDrive/Desktop/GplusApp/node_modules/@vitest/runner/dist/chunk-hooks.js:752:20"],"meta":{}},{"ancestorTitles":["useCompany Hook"],"fullName":"useCompany Hook does not fetch if no id is provided","status":"passed","title":"does not fetch if no id is provided","duration":7.550999999999476,"failureMessages":[],"meta":{}}],"startTime":1759363736612,"endTime":1759363736749.551,"status":"failed","message":"","name":"C:/Users/Moamen Ahmed/OneDrive/Desktop/GplusApp/tests/useCompanies.test.jsx"},{"assertionResults":[],"startTime":1759363716298,"endTime":1759363716298,"status":"failed","message":"Failed to resolve import \"../contexts/LoadingContext\" from \"frontend/src/components/LoadingIndicatorWrapper.jsx\". Does the file exist?","name":"C:/Users/Moamen Ahmed/OneDrive/Desktop/GplusApp/frontend/src/App.test.jsx"},{"assertionResults":[{"ancestorTitles":[],"fullName":"sanity jsx transform","status":"passed","title":"sanity jsx transform","duration":55.97099999999955,"failureMessages":[],"meta":{}}],"startTime":1759363821608,"endTime":1759363821663.971,"status":"passed","message":"","name":"C:/Users/Moamen Ahmed/OneDrive/Desktop/GplusApp/frontend/src/sanity.test.jsx"},{"assertionResults":[{"ancestorTitles":[],"fullName":"sanity non-jsx","status":"passed","title":"sanity non-jsx","duration":4.431999999999789,"failureMessages":[],"meta":{}},{"ancestorTitles":[],"fullName":"sanity non-jsx","status":"passed","title":"sanity non-jsx","duration":0.5615999999999985,"failureMessages":[],"meta":{}}],"startTime":1759363831451,"endTime":1759363831456.5615,"status":"passed","message":"","name":"C:/Users/Moamen Ahmed/OneDrive/Desktop/GplusApp/frontend/src/sanity2.test.js"},{"assertionResults":[{"ancestorTitles":["Button Component"],"fullName":"Button Component renders correctly with default props","status":"passed","title":"renders correctly with default props","duration":55.143699999999626,"failureMessages":[],"meta":{}},{"ancestorTitles":["Button Component"],"fullName":"Button Component applies variant classes correctly","status":"passed","title":"applies variant classes correctly","duration":21.585700000000543,"failureMessages":[],"meta":{}},{"ancestorTitles":["Button Component"],"fullName":"Button Component applies size classes correctly","status":"passed","title":"applies size classes correctly","duration":15.563199999999597,"failureMessages":[],"meta":{}},{"ancestorTitles":["Button Component"],"fullName":"Button Component applies fullWidth class when prop is true","status":"passed","title":"applies fullWidth class when prop is true","duration":8.971600000000763,"failureMessages":[],"meta":{}},{"ancestorTitles":["Button Component"],"fullName":"Button Component sets the button type correctly","status":"passed","title":"sets the button type correctly","duration":10.485499999999774,"failureMessages":[],"meta":{}},{"ancestorTitles":["Button Component"],"fullName":"Button Component disables the button when disabled prop is true","status":"passed","title":"disables the button when disabled prop is true","duration":10.076500000000124,"failureMessages":[],"meta":{}},{"ancestorTitles":["Button Component"],"fullName":"Button Component adds aria-label attribute when provided","status":"passed","title":"adds aria-label attribute when provided","duration":5.373999999999796,"failureMessages":[],"meta":{}},{"ancestorTitles":["Button Component"],"fullName":"Button Component applies additional className when provided","status":"passed","title":"applies additional className when provided","duration":14.136899999999514,"failureMessages":[],"meta":{}},{"ancestorTitles":["Button Component"],"fullName":"Button Component calls onClick handler when clicked","status":"passed","title":"calls onClick handler when clicked","duration":179.41190000000006,"failureMessages":[],"meta":{}},{"ancestorTitles":["Button Component"],"fullName":"Button Component does not call onClick when disabled","status":"passed","title":"does not call onClick when disabled","duration":70.0623999999998,"failureMessages":[],"meta":{}}],"startTime":1759363779020,"endTime":1759363779412.0625,"status":"passed","message":"","name":"C:/Users/Moamen Ahmed/OneDrive/Desktop/GplusApp/tests/components/Button.test.jsx"},{"assertionResults":[{"ancestorTitles":["ErrorMessage Component"],"fullName":"ErrorMessage Component renders with default message when no message provided","status":"passed","title":"renders with default message when no message provided","duration":87.53260000000046,"failureMessages":[],"meta":{}},{"ancestorTitles":["ErrorMessage Component"],"fullName":"ErrorMessage Component renders with custom message","status":"passed","title":"renders with custom message","duration":13.640699999999924,"failureMessages":[],"meta":{}},{"ancestorTitles":["ErrorMessage Component"],"fullName":"ErrorMessage Component does not render retry button when onRetry is not provided","status":"passed","title":"does not render retry button when onRetry is not provided","duration":17.52520000000004,"failureMessages":[],"meta":{}},{"ancestorTitles":["ErrorMessage Component"],"fullName":"ErrorMessage Component renders retry button when onRetry is provided","status":"passed","title":"renders retry button when onRetry is provided","duration":129.4390000000003,"failureMessages":[],"meta":{}},{"ancestorTitles":["ErrorMessage Component"],"fullName":"ErrorMessage Component calls onRetry function when retry button is clicked","status":"passed","title":"calls onRetry function when retry button is clicked","duration":131.3783999999996,"failureMessages":[],"meta":{}}],"startTime":1759363781781,"endTime":1759363782161.3784,"status":"passed","message":"","name":"C:/Users/Moamen Ahmed/OneDrive/Desktop/GplusApp/tests/components/ErrorMessage.test.jsx"},{"assertionResults":[{"ancestorTitles":["LoadingSpinner Component"],"fullName":"LoadingSpinner Component renders with default props","status":"failed","title":"renders with default props","duration":99.95340000000033,"failureMessages":["Error: \u001b[2mexpect(\u001b[22m\u001b[31melement\u001b[39m\u001b[2m).toHaveClass(\u001b[22m\u001b[32m\u001b[32m\"spinner\"\u001b[32m\u001b[39m\u001b[2m)\u001b[22m\n\nExpected the element to have class:\n\u001b[32m  spinner\u001b[39m\nReceived:\n\u001b[31m  loading-spinner spinner-medium spinner-primary\u001b[39m\n    at Proxy.expectWrapper (file:///C:/Users/Moamen%20Ahmed/OneDrive/Desktop/GplusApp/node_modules/@vitest/expect/dist/index.js:1745:12)\n    at Proxy.<anonymous> (file:///C:/Users/Moamen%20Ahmed/OneDrive/Desktop/GplusApp/node_modules/@vitest/expect/dist/index.js:1029:14)\n    at Proxy.methodWrapper (file:///C:/Users/Moamen%20Ahmed/OneDrive/Desktop/GplusApp/node_modules/chai/index.js:1686:25)\n    at C:\\Users\\Moamen Ahmed\\OneDrive\\Desktop\\GplusApp\\tests\\components\\LoadingSpinner.test.jsx:29:32\n    at file:///C:/Users/Moamen%20Ahmed/OneDrive/Desktop/GplusApp/node_modules/@vitest/runner/dist/chunk-hooks.js:155:11\n    at file:///C:/Users/Moamen%20Ahmed/OneDrive/Desktop/GplusApp/node_modules/@vitest/runner/dist/chunk-hooks.js:752:26\n    at file:///C:/Users/Moamen%20Ahmed/OneDrive/Desktop/GplusApp/node_modules/@vitest/runner/dist/chunk-hooks.js:1897:20\n    at new Promise (<anonymous>)\n    at runWithTimeout (file:///C:/Users/Moamen%20Ahmed/OneDrive/Desktop/GplusApp/node_modules/@vitest/runner/dist/chunk-hooks.js:1863:10)\n    at runTest (file:///C:/Users/Moamen%20Ahmed/OneDrive/Desktop/GplusApp/node_modules/@vitest/runner/dist/chunk-hooks.js:1574:12)"],"meta":{}},{"ancestorTitles":["LoadingSpinner Component"],"fullName":"LoadingSpinner Component renders with custom size","status":"failed","title":"renders with custom size","duration":14.190099999999802,"failureMessages":["Error: \u001b[2mexpect(\u001b[22m\u001b[31melement\u001b[39m\u001b[2m).toHaveClass(\u001b[22m\u001b[32m\u001b[32m\"spinner\"\u001b[32m\u001b[39m\u001b[2m)\u001b[22m\n\nExpected the element to have class:\n\u001b[32m  spinner\u001b[39m\nReceived:\n\u001b[31m  loading-spinner spinner-small spinner-primary\u001b[39m\n    at Proxy.expectWrapper (file:///C:/Users/Moamen%20Ahmed/OneDrive/Desktop/GplusApp/node_modules/@vitest/expect/dist/index.js:1745:12)\n    at Proxy.<anonymous> (file:///C:/Users/Moamen%20Ahmed/OneDrive/Desktop/GplusApp/node_modules/@vitest/expect/dist/index.js:1029:14)\n    at Proxy.methodWrapper (file:///C:/Users/Moamen%20Ahmed/OneDrive/Desktop/GplusApp/node_modules/chai/index.js:1686:25)\n    at C:\\Users\\Moamen Ahmed\\OneDrive\\Desktop\\GplusApp\\tests\\components\\LoadingSpinner.test.jsx:34:67\n    at file:///C:/Users/Moamen%20Ahmed/OneDrive/Desktop/GplusApp/node_modules/@vitest/runner/dist/chunk-hooks.js:155:11\n    at file:///C:/Users/Moamen%20Ahmed/OneDrive/Desktop/GplusApp/node_modules/@vitest/runner/dist/chunk-hooks.js:752:26\n    at file:///C:/Users/Moamen%20Ahmed/OneDrive/Desktop/GplusApp/node_modules/@vitest/runner/dist/chunk-hooks.js:1897:20\n    at new Promise (<anonymous>)\n    at runWithTimeout (file:///C:/Users/Moamen%20Ahmed/OneDrive/Desktop/GplusApp/node_modules/@vitest/runner/dist/chunk-hooks.js:1863:10)\n    at runTest (file:///C:/Users/Moamen%20Ahmed/OneDrive/Desktop/GplusApp/node_modules/@vitest/runner/dist/chunk-hooks.js:1574:12)"],"meta":{}},{"ancestorTitles":["LoadingSpinner Component"],"fullName":"LoadingSpinner Component renders with custom color","status":"failed","title":"renders with custom color","duration":13.475599999999758,"failureMessages":["Error: \u001b[2mexpect(\u001b[22m\u001b[31melement\u001b[39m\u001b[2m).toHaveClass(\u001b[22m\u001b[32m\u001b[32m\"spinner\"\u001b[32m\u001b[39m\u001b[2m)\u001b[22m\n\nExpected the element to have class:\n\u001b[32m  spinner\u001b[39m\nReceived:\n\u001b[31m  loading-spinner spinner-medium spinner-secondary\u001b[39m\n    at Proxy.expectWrapper (file:///C:/Users/Moamen%20Ahmed/OneDrive/Desktop/GplusApp/node_modules/@vitest/expect/dist/index.js:1745:12)\n    at Proxy.<anonymous> (file:///C:/Users/Moamen%20Ahmed/OneDrive/Desktop/GplusApp/node_modules/@vitest/expect/dist/index.js:1029:14)\n    at Proxy.methodWrapper (file:///C:/Users/Moamen%20Ahmed/OneDrive/Desktop/GplusApp/node_modules/chai/index.js:1686:25)\n    at C:\\Users\\Moamen Ahmed\\OneDrive\\Desktop\\GplusApp\\tests\\components\\LoadingSpinner.test.jsx:43:67\n    at file:///C:/Users/Moamen%20Ahmed/OneDrive/Desktop/GplusApp/node_modules/@vitest/runner/dist/chunk-hooks.js:155:11\n    at file:///C:/Users/Moamen%20Ahmed/OneDrive/Desktop/GplusApp/node_modules/@vitest/runner/dist/chunk-hooks.js:752:26\n    at file:///C:/Users/Moamen%20Ahmed/OneDrive/Desktop/GplusApp/node_modules/@vitest/runner/dist/chunk-hooks.js:1897:20\n    at new Promise (<anonymous>)\n    at runWithTimeout (file:///C:/Users/Moamen%20Ahmed/OneDrive/Desktop/GplusApp/node_modules/@vitest/runner/dist/chunk-hooks.js:1863:10)\n    at runTest (file:///C:/Users/Moamen%20Ahmed/OneDrive/Desktop/GplusApp/node_modules/@vitest/runner/dist/chunk-hooks.js:1574:12)"],"meta":{}},{"ancestorTitles":["LoadingSpinner Component"],"fullName":"LoadingSpinner Component renders with custom message","status":"passed","title":"renders with custom message","duration":8.252800000000207,"failureMessages":[],"meta":{}},{"ancestorTitles":["LoadingSpinner Component"],"fullName":"LoadingSpinner Component renders in fullscreen mode","status":"failed","title":"renders in fullscreen mode","duration":14.197500000000218,"failureMessages":["Error: \u001b[2mexpect(\u001b[22m\u001b[31melement\u001b[39m\u001b[2m).toHaveClass(\u001b[22m\u001b[32m\u001b[32m\"spinner\"\u001b[32m\u001b[39m\u001b[2m)\u001b[22m\n\nExpected the element to have class:\n\u001b[32m  spinner\u001b[39m\nReceived:\n\u001b[31m  loading-spinner spinner-medium spinner-primary spinner-fullscreen\u001b[39m\n    at Proxy.expectWrapper (file:///C:/Users/Moamen%20Ahmed/OneDrive/Desktop/GplusApp/node_modules/@vitest/expect/dist/index.js:1745:12)\n    at Proxy.<anonymous> (file:///C:/Users/Moamen%20Ahmed/OneDrive/Desktop/GplusApp/node_modules/@vitest/expect/dist/index.js:1029:14)\n    at Proxy.methodWrapper (file:///C:/Users/Moamen%20Ahmed/OneDrive/Desktop/GplusApp/node_modules/chai/index.js:1686:25)\n    at C:\\Users\\Moamen Ahmed\\OneDrive\\Desktop\\GplusApp\\tests\\components\\LoadingSpinner.test.jsx:59:32\n    at file:///C:/Users/Moamen%20Ahmed/OneDrive/Desktop/GplusApp/node_modules/@vitest/runner/dist/chunk-hooks.js:155:11\n    at file:///C:/Users/Moamen%20Ahmed/OneDrive/Desktop/GplusApp/node_modules/@vitest/runner/dist/chunk-hooks.js:752:26\n    at file:///C:/Users/Moamen%20Ahmed/OneDrive/Desktop/GplusApp/node_modules/@vitest/runner/dist/chunk-hooks.js:1897:20\n    at new Promise (<anonymous>)\n    at runWithTimeout (file:///C:/Users/Moamen%20Ahmed/OneDrive/Desktop/GplusApp/node_modules/@vitest/runner/dist/chunk-hooks.js:1863:10)\n    at runTest (file:///C:/Users/Moamen%20Ahmed/OneDrive/Desktop/GplusApp/node_modules/@vitest/runner/dist/chunk-hooks.js:1574:12)"],"meta":{}},{"ancestorTitles":["LoadingSpinner Component"],"fullName":"LoadingSpinner Component combines all custom props correctly","status":"failed","title":"combines all custom props correctly","duration":68.36769999999979,"failureMessages":["Error: \u001b[2mexpect(\u001b[22m\u001b[31melement\u001b[39m\u001b[2m).toHaveClass(\u001b[22m\u001b[32m\u001b[32m\"spinner\"\u001b[32m\u001b[39m\u001b[2m)\u001b[22m\n\nExpected the element to have class:\n\u001b[32m  spinner\u001b[39m\nReceived:\n\u001b[31m  loading-spinner spinner-large spinner-secondary spinner-fullscreen\u001b[39m\n    at Proxy.expectWrapper (file:///C:/Users/Moamen%20Ahmed/OneDrive/Desktop/GplusApp/node_modules/@vitest/expect/dist/index.js:1745:12)\n    at Proxy.<anonymous> (file:///C:/Users/Moamen%20Ahmed/OneDrive/Desktop/GplusApp/node_modules/@vitest/expect/dist/index.js:1029:14)\n    at Proxy.methodWrapper (file:///C:/Users/Moamen%20Ahmed/OneDrive/Desktop/GplusApp/node_modules/chai/index.js:1686:25)\n    at C:\\Users\\Moamen Ahmed\\OneDrive\\Desktop\\GplusApp\\tests\\components\\LoadingSpinner.test.jsx:77:19\n    at file:///C:/Users/Moamen%20Ahmed/OneDrive/Desktop/GplusApp/node_modules/@vitest/runner/dist/chunk-hooks.js:155:11\n    at file:///C:/Users/Moamen%20Ahmed/OneDrive/Desktop/GplusApp/node_modules/@vitest/runner/dist/chunk-hooks.js:752:26\n    at file:///C:/Users/Moamen%20Ahmed/OneDrive/Desktop/GplusApp/node_modules/@vitest/runner/dist/chunk-hooks.js:1897:20\n    at new Promise (<anonymous>)\n    at runWithTimeout (file:///C:/Users/Moamen%20Ahmed/OneDrive/Desktop/GplusApp/node_modules/@vitest/runner/dist/chunk-hooks.js:1863:10)\n    at runTest (file:///C:/Users/Moamen%20Ahmed/OneDrive/Desktop/GplusApp/node_modules/@vitest/runner/dist/chunk-hooks.js:1574:12)"],"meta":{}}],"startTime":1759363741317,"endTime":1759363741536.3677,"status":"failed","message":"","name":"C:/Users/Moamen Ahmed/OneDrive/Desktop/GplusApp/tests/components/LoadingSpinner.test.jsx"},{"assertionResults":[{"ancestorTitles":["Login Component"],"fullName":"Login Component renders the login form","status":"failed","title":"renders the login form","duration":7.66610000000037,"failureMessages":["TypeError: (0 , makeAuthMocks) is not a function\n    at C:\\Users\\Moamen Ahmed\\OneDrive\\Desktop\\GplusApp\\tests\\components\\Login.test.jsx:34:16\n    at file:///C:/Users/Moamen%20Ahmed/OneDrive/Desktop/GplusApp/node_modules/@vitest/runner/dist/chunk-hooks.js:155:11\n    at file:///C:/Users/Moamen%20Ahmed/OneDrive/Desktop/GplusApp/node_modules/@vitest/runner/dist/chunk-hooks.js:752:26\n    at file:///C:/Users/Moamen%20Ahmed/OneDrive/Desktop/GplusApp/node_modules/@vitest/runner/dist/chunk-hooks.js:1897:20\n    at new Promise (<anonymous>)\n    at runWithTimeout (file:///C:/Users/Moamen%20Ahmed/OneDrive/Desktop/GplusApp/node_modules/@vitest/runner/dist/chunk-hooks.js:1863:10)\n    at runTest (file:///C:/Users/Moamen%20Ahmed/OneDrive/Desktop/GplusApp/node_modules/@vitest/runner/dist/chunk-hooks.js:1574:12)\n    at processTicksAndRejections (node:internal/process/task_queues:105:5)\n    at runSuite (file:///C:/Users/Moamen%20Ahmed/OneDrive/Desktop/GplusApp/node_modules/@vitest/runner/dist/chunk-hooks.js:1729:8)\n    at runSuite (file:///C:/Users/Moamen%20Ahmed/OneDrive/Desktop/GplusApp/node_modules/@vitest/runner/dist/chunk-hooks.js:1729:8)"],"meta":{}},{"ancestorTitles":["Login Component"],"fullName":"Login Component validates required fields","status":"failed","title":"validates required fields","duration":2.3721000000005006,"failureMessages":["TypeError: (0 , makeAuthMocks) is not a function\n    at C:\\Users\\Moamen Ahmed\\OneDrive\\Desktop\\GplusApp\\tests\\components\\Login.test.jsx:44:16\n    at file:///C:/Users/Moamen%20Ahmed/OneDrive/Desktop/GplusApp/node_modules/@vitest/runner/dist/chunk-hooks.js:155:11\n    at file:///C:/Users/Moamen%20Ahmed/OneDrive/Desktop/GplusApp/node_modules/@vitest/runner/dist/chunk-hooks.js:752:26\n    at file:///C:/Users/Moamen%20Ahmed/OneDrive/Desktop/GplusApp/node_modules/@vitest/runner/dist/chunk-hooks.js:1897:20\n    at new Promise (<anonymous>)\n    at runWithTimeout (file:///C:/Users/Moamen%20Ahmed/OneDrive/Desktop/GplusApp/node_modules/@vitest/runner/dist/chunk-hooks.js:1863:10)\n    at runTest (file:///C:/Users/Moamen%20Ahmed/OneDrive/Desktop/GplusApp/node_modules/@vitest/runner/dist/chunk-hooks.js:1574:12)\n    at processTicksAndRejections (node:internal/process/task_queues:105:5)\n    at runSuite (file:///C:/Users/Moamen%20Ahmed/OneDrive/Desktop/GplusApp/node_modules/@vitest/runner/dist/chunk-hooks.js:1729:8)\n    at runSuite (file:///C:/Users/Moamen%20Ahmed/OneDrive/Desktop/GplusApp/node_modules/@vitest/runner/dist/chunk-hooks.js:1729:8)"],"meta":{}},{"ancestorTitles":["Login Component"],"fullName":"Login Component submits the form with valid data","status":"failed","title":"submits the form with valid data","duration":1.8145000000004075,"failureMessages":["TypeError: (0 , makeAuthMocks) is not a function\n    at C:\\Users\\Moamen Ahmed\\OneDrive\\Desktop\\GplusApp\\tests\\components\\Login.test.jsx:66:16\n    at file:///C:/Users/Moamen%20Ahmed/OneDrive/Desktop/GplusApp/node_modules/@vitest/runner/dist/chunk-hooks.js:155:11\n    at file:///C:/Users/Moamen%20Ahmed/OneDrive/Desktop/GplusApp/node_modules/@vitest/runner/dist/chunk-hooks.js:752:26\n    at file:///C:/Users/Moamen%20Ahmed/OneDrive/Desktop/GplusApp/node_modules/@vitest/runner/dist/chunk-hooks.js:1897:20\n    at new Promise (<anonymous>)\n    at runWithTimeout (file:///C:/Users/Moamen%20Ahmed/OneDrive/Desktop/GplusApp/node_modules/@vitest/runner/dist/chunk-hooks.js:1863:10)\n    at runTest (file:///C:/Users/Moamen%20Ahmed/OneDrive/Desktop/GplusApp/node_modules/@vitest/runner/dist/chunk-hooks.js:1574:12)\n    at processTicksAndRejections (node:internal/process/task_queues:105:5)\n    at runSuite (file:///C:/Users/Moamen%20Ahmed/OneDrive/Desktop/GplusApp/node_modules/@vitest/runner/dist/chunk-hooks.js:1729:8)\n    at runSuite (file:///C:/Users/Moamen%20Ahmed/OneDrive/Desktop/GplusApp/node_modules/@vitest/runner/dist/chunk-hooks.js:1729:8)"],"meta":{}},{"ancestorTitles":["Login Component"],"fullName":"Login Component displays an error message when login fails","status":"failed","title":"displays an error message when login fails","duration":2.1354000000010274,"failureMessages":["TypeError: (0 , makeAuthMocks) is not a function\n    at C:\\Users\\Moamen Ahmed\\OneDrive\\Desktop\\GplusApp\\tests\\components\\Login.test.jsx:87:16\n    at file:///C:/Users/Moamen%20Ahmed/OneDrive/Desktop/GplusApp/node_modules/@vitest/runner/dist/chunk-hooks.js:155:11\n    at file:///C:/Users/Moamen%20Ahmed/OneDrive/Desktop/GplusApp/node_modules/@vitest/runner/dist/chunk-hooks.js:752:26\n    at file:///C:/Users/Moamen%20Ahmed/OneDrive/Desktop/GplusApp/node_modules/@vitest/runner/dist/chunk-hooks.js:1897:20\n    at new Promise (<anonymous>)\n    at runWithTimeout (file:///C:/Users/Moamen%20Ahmed/OneDrive/Desktop/GplusApp/node_modules/@vitest/runner/dist/chunk-hooks.js:1863:10)\n    at runTest (file:///C:/Users/Moamen%20Ahmed/OneDrive/Desktop/GplusApp/node_modules/@vitest/runner/dist/chunk-hooks.js:1574:12)\n    at processTicksAndRejections (node:internal/process/task_queues:105:5)\n    at runSuite (file:///C:/Users/Moamen%20Ahmed/OneDrive/Desktop/GplusApp/node_modules/@vitest/runner/dist/chunk-hooks.js:1729:8)\n    at runSuite (file:///C:/Users/Moamen%20Ahmed/OneDrive/Desktop/GplusApp/node_modules/@vitest/runner/dist/chunk-hooks.js:1729:8)"],"meta":{}},{"ancestorTitles":["Login Component"],"fullName":"Login Component disables the submit button while submitting","status":"failed","title":"disables the submit button while submitting","duration":1.5211999999992258,"failureMessages":["ReferenceError: render is not defined\n    at C:\\Users\\Moamen Ahmed\\OneDrive\\Desktop\\GplusApp\\tests\\components\\Login.test.jsx:112:5\n    at file:///C:/Users/Moamen%20Ahmed/OneDrive/Desktop/GplusApp/node_modules/@vitest/runner/dist/chunk-hooks.js:155:11\n    at file:///C:/Users/Moamen%20Ahmed/OneDrive/Desktop/GplusApp/node_modules/@vitest/runner/dist/chunk-hooks.js:752:26\n    at file:///C:/Users/Moamen%20Ahmed/OneDrive/Desktop/GplusApp/node_modules/@vitest/runner/dist/chunk-hooks.js:1897:20\n    at new Promise (<anonymous>)\n    at runWithTimeout (file:///C:/Users/Moamen%20Ahmed/OneDrive/Desktop/GplusApp/node_modules/@vitest/runner/dist/chunk-hooks.js:1863:10)\n    at runTest (file:///C:/Users/Moamen%20Ahmed/OneDrive/Desktop/GplusApp/node_modules/@vitest/runner/dist/chunk-hooks.js:1574:12)\n    at processTicksAndRejections (node:internal/process/task_queues:105:5)\n    at runSuite (file:///C:/Users/Moamen%20Ahmed/OneDrive/Desktop/GplusApp/node_modules/@vitest/runner/dist/chunk-hooks.js:1729:8)\n    at runSuite (file:///C:/Users/Moamen%20Ahmed/OneDrive/Desktop/GplusApp/node_modules/@vitest/runner/dist/chunk-hooks.js:1729:8)"],"meta":{}},{"ancestorTitles":["Login Component"],"fullName":"Login Component redirects to the previous page after successful login","status":"failed","title":"redirects to the previous page after successful login","duration":2377.0107000000007,"failureMessages":["Error: Unable to find an element by: [data-testid=\"dashboard-page\"]\n\nIgnored nodes: comments, script, style\n\u001b[36m<body>\u001b[39m\n  \u001b[36m<div>\u001b[39m\n    \u001b[36m<div\u001b[39m\n      \u001b[33mclass\u001b[39m=\u001b[32m\"auth-container\"\u001b[39m\n    \u001b[36m>\u001b[39m\n      \u001b[36m<div\u001b[39m\n        \u001b[33mclass\u001b[39m=\u001b[32m\"auth-card\"\u001b[39m\n      \u001b[36m>\u001b[39m\n        \u001b[36m<h2>\u001b[39m\n          \u001b[0mauth.login\u001b[0m\n        \u001b[36m</h2>\u001b[39m\n        \u001b[36m<div\u001b[39m\n          \u001b[33mclass\u001b[39m=\u001b[32m\"error-message\"\u001b[39m\n          \u001b[33mid\u001b[39m=\u001b[32m\"form-error\"\u001b[39m\n          \u001b[33mrole\u001b[39m=\u001b[32m\"alert\"\u001b[39m\n          \u001b[33mtabindex\u001b[39m=\u001b[32m\"-1\"\u001b[39m\n        \u001b[36m>\u001b[39m\n          \u001b[0mauth.invalidCredentials\u001b[0m\n        \u001b[36m</div>\u001b[39m\n        \u001b[36m<form\u001b[39m\n          \u001b[33mdata-testid\u001b[39m=\u001b[32m\"login-form\"\u001b[39m\n        \u001b[36m>\u001b[39m\n          \u001b[36m<div\u001b[39m\n            \u001b[33mclass\u001b[39m=\u001b[32m\"form-group\"\u001b[39m\n          \u001b[36m>\u001b[39m\n            \u001b[36m<label\u001b[39m\n              \u001b[33mfor\u001b[39m=\u001b[32m\"email\"\u001b[39m\n            \u001b[36m>\u001b[39m\n              \u001b[0mauth.email\u001b[0m\n            \u001b[36m</label>\u001b[39m\n            \u001b[36m<input\u001b[39m\n              \u001b[33maria-describedby\u001b[39m=\u001b[32m\"form-error\"\u001b[39m\n              \u001b[33maria-invalid\u001b[39m=\u001b[32m\"true\"\u001b[39m\n              \u001b[33mdata-testid\u001b[39m=\u001b[32m\"email-input\"\u001b[39m\n              \u001b[33mid\u001b[39m=\u001b[32m\"email\"\u001b[39m\n              \u001b[33mrequired\u001b[39m=\u001b[32m\"\"\u001b[39m\n              \u001b[33mtype\u001b[39m=\u001b[32m\"email\"\u001b[39m\n              \u001b[33mvalue\u001b[39m=\u001b[32m\"test@example.com\"\u001b[39m\n            \u001b[36m/>\u001b[39m\n          \u001b[36m</div>\u001b[39m\n          \u001b[36m<div\u001b[39m\n            \u001b[33mclass\u001b[39m=\u001b[32m\"form-group\"\u001b[39m\n          \u001b[36m>\u001b[39m\n            \u001b[36m<label\u001b[39m\n              \u001b[33mfor\u001b[39m=\u001b[32m\"password\"\u001b[39m\n            \u001b[36m>\u001b[39m\n              \u001b[0mauth.password\u001b[0m\n            \u001b[36m</label>\u001b[39m\n            \u001b[36m<input\u001b[39m\n              \u001b[33maria-describedby\u001b[39m=\u001b[32m\"form-error\"\u001b[39m\n              \u001b[33maria-invalid\u001b[39m=\u001b[32m\"true\"\u001b[39m\n              \u001b[33mdata-testid\u001b[39m=\u001b[32m\"password-input\"\u001b[39m\n              \u001b[33mid\u001b[39m=\u001b[32m\"password\"\u001b[39m\n              \u001b[33mrequired\u001b[39m=\u001b[32m\"\"\u001b[39m\n              \u001b[33mtype\u001b[39m=\u001b[32m\"password\"\u001b[39m\n              \u001b[33mvalue\u001b[39m=\u001b[32m\"password123\"\u001b[39m\n            \u001b[36m/>\u001b[39m\n          \u001b[36m</div>\u001b[39m\n          \u001b[36m<button\u001b[39m\n            \u001b[33mclass\u001b[39m=\u001b[32m\"btn-primary\"\u001b[39m\n            \u001b[33mdata-testid\u001b[39m=\u001b[32m\"login-button\"\u001b[39m\n            \u001b[33mtype\u001b[39m=\u001b[32m\"submit\"\u001b[39m\n          \u001b[36m>\u001b[39m\n            \u001b[0mauth.login\u001b[0m\n          \u001b[36m</button>\u001b[39m\n        \u001b[36m</form>\u001b[39m\n        \u001b[36m<div\u001b[39m\n          \u001b[33mclass\u001b[39m=\u001b[32m\"auth-links\"\u001b[39m\n        \u001b[36m>\u001b[39m\n          \u001b[36m<p>\u001b[39m\n            \u001b[0mauth.noAccount\u001b[0m\n            \u001b[0m \u001b[0m\n            \u001b[36m<a\u001b[39m\n              \u001b[33mhref\u001b[39m=\u001b[32m\"/register\"\u001b[39m\n            \u001b[36m>\u001b[39m\n              \u001b[0mauth.register\u001b[0m\n            \u001b[36m</a>\u001b[39m\n          \u001b[36m</p>\u001b[39m\n        \u001b[36m</div>\u001b[39m\n      \u001b[36m</div>\u001b[39m\n    \u001b[36m</div>\u001b[39m\n  \u001b[36m</div>\u001b[39m\n\u001b[36m</body>\u001b[39m\n    at waitForWrapper (C:\\Users\\Moamen Ahmed\\OneDrive\\Desktop\\GplusApp\\node_modules\\@testing-library\\dom\\dist\\wait-for.js:163:27)\n    at C:\\Users\\Moamen Ahmed\\OneDrive\\Desktop\\GplusApp\\tests\\components\\Login.test.jsx:157:13\n    at file:///C:/Users/Moamen%20Ahmed/OneDrive/Desktop/GplusApp/node_modules/@vitest/runner/dist/chunk-hooks.js:752:20"],"meta":{}}],"startTime":1759363742497,"endTime":1759363744890.0107,"status":"failed","message":"","name":"C:/Users/Moamen Ahmed/OneDrive/Desktop/GplusApp/tests/components/Login.test.jsx"},{"assertionResults":[],"startTime":1759363716298,"endTime":1759363716298,"status":"failed","message":"[vitest] No \"QueryClient\" export is defined on the \"@tanstack/react-query\" mock. Did you forget to return it from \"vi.mock\"?\nIf you need to partially mock a module, you can use \"importOriginal\" helper inside:\n","name":"C:/Users/Moamen Ahmed/OneDrive/Desktop/GplusApp/tests/components/PickupRequestForm.test.jsx"},{"assertionResults":[{"ancestorTitles":["Register Component"],"fullName":"Register Component renders the registration form","status":"passed","title":"renders the registration form","duration":1093.8703000000005,"failureMessages":[],"meta":{}},{"ancestorTitles":["Register Component"],"fullName":"Register Component validates required fields","status":"passed","title":"validates required fields","duration":130.42379999999866,"failureMessages":[],"meta":{}},{"ancestorTitles":["Register Component"],"fullName":"Register Component validates email format","status":"passed","title":"validates email format","duration":1627.1260999999995,"failureMessages":[],"meta":{}},{"ancestorTitles":["Register Component"],"fullName":"Register Component validates password length","status":"passed","title":"validates password length","duration":1075.5473000000002,"failureMessages":[],"meta":{}},{"ancestorTitles":["Register Component"],"fullName":"Register Component validates password match","status":"passed","title":"validates password match","duration":2304.7957000000006,"failureMessages":[],"meta":{}},{"ancestorTitles":["Register Component"],"fullName":"Register Component submits the form with valid data","status":"passed","title":"submits the form with valid data","duration":2878.5925000000007,"failureMessages":[],"meta":{}},{"ancestorTitles":["Register Component"],"fullName":"Register Component displays an error message when registration fails","status":"failed","title":"displays an error message when registration fails","duration":2633.3192000000017,"failureMessages":["Error: Unable to find an element with the text: Email already registered. This could be because the text is broken up by multiple elements. In this case, you can provide a function for your text matcher to make your matcher more flexible.\n\nIgnored nodes: comments, script, style\n\u001b[36m<body>\u001b[39m\n  \u001b[36m<div>\u001b[39m\n    \u001b[36m<div\u001b[39m\n      \u001b[33mdata-testid\u001b[39m=\u001b[32m\"auth-mock-provider\"\u001b[39m\n    \u001b[36m>\u001b[39m\n      \u001b[36m<div\u001b[39m\n        \u001b[33mclass\u001b[39m=\u001b[32m\"auth-container\"\u001b[39m\n      \u001b[36m>\u001b[39m\n        \u001b[36m<div\u001b[39m\n          \u001b[33mclass\u001b[39m=\u001b[32m\"auth-card\"\u001b[39m\n        \u001b[36m>\u001b[39m\n          \u001b[36m<h2>\u001b[39m\n            \u001b[0mRegister\u001b[0m\n          \u001b[36m</h2>\u001b[39m\n          \u001b[36m<form\u001b[39m\n            \u001b[33mdata-testid\u001b[39m=\u001b[32m\"register-form\"\u001b[39m\n          \u001b[36m>\u001b[39m\n            \u001b[36m<div\u001b[39m\n              \u001b[33mclass\u001b[39m=\u001b[32m\"form-group\"\u001b[39m\n            \u001b[36m>\u001b[39m\n              \u001b[36m<label\u001b[39m\n                \u001b[33mfor\u001b[39m=\u001b[32m\"name\"\u001b[39m\n              \u001b[36m>\u001b[39m\n                \u001b[0mName\u001b[0m\n              \u001b[36m</label>\u001b[39m\n              \u001b[36m<input\u001b[39m\n                \u001b[33mclass\u001b[39m=\u001b[32m\"\"\u001b[39m\n                \u001b[33mdata-testid\u001b[39m=\u001b[32m\"name-input\"\u001b[39m\n                \u001b[33mid\u001b[39m=\u001b[32m\"name\"\u001b[39m\n                \u001b[33mname\u001b[39m=\u001b[32m\"name\"\u001b[39m\n                \u001b[33mtype\u001b[39m=\u001b[32m\"text\"\u001b[39m\n                \u001b[33mvalue\u001b[39m=\u001b[32m\"Test User\"\u001b[39m\n              \u001b[36m/>\u001b[39m\n            \u001b[36m</div>\u001b[39m\n            \u001b[36m<div\u001b[39m\n              \u001b[33mclass\u001b[39m=\u001b[32m\"form-group\"\u001b[39m\n            \u001b[36m>\u001b[39m\n              \u001b[36m<label\u001b[39m\n                \u001b[33mfor\u001b[39m=\u001b[32m\"email\"\u001b[39m\n              \u001b[36m>\u001b[39m\n                \u001b[0mEmail\u001b[0m\n              \u001b[36m</label>\u001b[39m\n              \u001b[36m<input\u001b[39m\n                \u001b[33mclass\u001b[39m=\u001b[32m\"\"\u001b[39m\n                \u001b[33mdata-testid\u001b[39m=\u001b[32m\"email-input\"\u001b[39m\n                \u001b[33mid\u001b[39m=\u001b[32m\"email\"\u001b[39m\n                \u001b[33mname\u001b[39m=\u001b[32m\"email\"\u001b[39m\n                \u001b[33mtype\u001b[39m=\u001b[32m\"email\"\u001b[39m\n                \u001b[33mvalue\u001b[39m=\u001b[32m\"test@example.com\"\u001b[39m\n              \u001b[36m/>\u001b[39m\n            \u001b[36m</div>\u001b[39m\n            \u001b[36m<div\u001b[39m\n              \u001b[33mclass\u001b[39m=\u001b[32m\"form-group\"\u001b[39m\n            \u001b[36m>\u001b[39m\n              \u001b[36m<label\u001b[39m\n                \u001b[33mfor\u001b[39m=\u001b[32m\"password\"\u001b[39m\n              \u001b[36m>\u001b[39m\n                \u001b[0mPassword\u001b[0m\n              \u001b[36m</label>\u001b[39m\n              \u001b[36m<input\u001b[39m\n                \u001b[33mclass\u001b[39m=\u001b[32m\"\"\u001b[39m\n                \u001b[33mdata-testid\u001b[39m=\u001b[32m\"password-input\"\u001b[39m\n                \u001b[33mid\u001b[39m=\u001b[32m\"password\"\u001b[39m\n                \u001b[33mname\u001b[39m=\u001b[32m\"password\"\u001b[39m\n                \u001b[33mtype\u001b[39m=\u001b[32m\"password\"\u001b[39m\n                \u001b[33mvalue\u001b[39m=\u001b[32m\"password123\"\u001b[39m\n              \u001b[36m/>\u001b[39m\n            \u001b[36m</div>\u001b[39m\n            \u001b[36m<div\u001b[39m\n              \u001b[33mclass\u001b[39m=\u001b[32m\"form-group\"\u001b[39m\n            \u001b[36m>\u001b[39m\n              \u001b[36m<label\u001b[39m\n                \u001b[33mfor\u001b[39m=\u001b[32m\"confirmPassword\"\u001b[39m\n              \u001b[36m>\u001b[39m\n                \u001b[0mConfirm Password\u001b[0m\n              \u001b[36m</label>\u001b[39m\n              \u001b[36m<input\u001b[39m\n                \u001b[33mclass\u001b[39m=\u001b[32m\"\"\u001b[39m\n                \u001b[33mdata-testid\u001b[39m=\u001b[32m\"confirm-password-input\"\u001b[39m\n                \u001b[33mid\u001b[39m=\u001b[32m\"confirmPassword\"\u001b[39m\n                \u001b[33mname\u001b[39m=\u001b[32m\"confirmPassword\"\u001b[39m\n                \u001b[33mtype\u001b[39m=\u001b[32m\"password\"\u001b[39m\n                \u001b[33mvalue\u001b[39m=\u001b[32m\"password123\"\u001b[39m\n              \u001b[36m/>\u001b[39m\n            \u001b[36m</div>\u001b[39m\n            \u001b[36m<button\u001b[39m\n              \u001b[33mclass\u001b[39m=\u001b[32m\"btn-primary\"\u001b[39m\n              \u001b[33mdata-testid\u001b[39m=\u001b[32m\"register-submit\"\u001b[39m\n              \u001b[33mtype\u001b[39m=\u001b[32m\"submit\"\u001b[39m\n            \u001b[36m>\u001b[39m\n              \u001b[0mRegister\u001b[0m\n            \u001b[36m</button>\u001b[39m\n          \u001b[36m</form>\u001b[39m\n          \u001b[36m<div\u001b[39m\n            \u001b[33mclass\u001b[39m=\u001b[32m\"auth-links\"\u001b[39m\n          \u001b[36m>\u001b[39m\n            \u001b[36m<p>\u001b[39m\n              \u001b[0mAlready have an account?\u001b[0m\n              \u001b[0m \u001b[0m\n              \u001b[36m<a\u001b[39m\n                \u001b[33mhref\u001b[39m=\u001b[32m\"/login\"\u001b[39m\n              \u001b[36m>\u001b[39m\n                \u001b[0mLog In\u001b[0m\n              \u001b[36m</a>\u001b[39m\n            \u001b[36m</p>\u001b[39m\n          \u001b[36m</div>\u001b[39m\n        \u001b[36m</div>\u001b[39m\n      \u001b[36m</div>\u001b[39m\n    \u001b[36m</div>\u001b[39m\n  \u001b[36m</div>\u001b[39m\n\u001b[36m</body>\u001b[39m\n    at waitForWrapper (C:\\Users\\Moamen Ahmed\\OneDrive\\Desktop\\GplusApp\\node_modules\\@testing-library\\dom\\dist\\wait-for.js:163:27)\n    at C:\\Users\\Moamen Ahmed\\OneDrive\\Desktop\\GplusApp\\tests\\components\\Register.test.jsx:263:11\n    at file:///C:/Users/Moamen%20Ahmed/OneDrive/Desktop/GplusApp/node_modules/@vitest/runner/dist/chunk-hooks.js:752:20"],"meta":{}},{"ancestorTitles":["Register Component"],"fullName":"Register Component displays loading spinner while submitting","status":"passed","title":"displays loading spinner while submitting","duration":1385.9498000000021,"failureMessages":[],"meta":{}}],"startTime":1759363724808,"endTime":1759363737938.9497,"status":"failed","message":"","name":"C:/Users/Moamen Ahmed/OneDrive/Desktop/GplusApp/tests/components/Register.test.jsx"},{"assertionResults":[],"startTime":1759363716298,"endTime":1759363716298,"status":"failed","message":"Parse failure: Expression expected\nAt file: C:/Users/Moamen Ahmed/OneDrive/Desktop/GplusApp/tests/services/api.test.js:206:11","name":"C:/Users/Moamen Ahmed/OneDrive/Desktop/GplusApp/tests/services/api.test.js"},{"assertionResults":[{"ancestorTitles":["AuthService","login"],"fullName":"AuthService login should call API with correct parameters","status":"passed","title":"should call API with correct parameters","duration":15.6899999999996,"failureMessages":[],"meta":{}},{"ancestorTitles":["AuthService","login"],"fullName":"AuthService login should store token, user data, and CSRF token in localStorage upon successful login","status":"passed","title":"should store token, user data, and CSRF token in localStorage upon successful login","duration":4.386199999999917,"failureMessages":[],"meta":{}},{"ancestorTitles":["AuthService","login"],"fullName":"AuthService login should throw error when login API fails","status":"passed","title":"should throw error when login API fails","duration":7.309400000000096,"failureMessages":[],"meta":{}},{"ancestorTitles":["AuthService","register"],"fullName":"AuthService register should call API with correct user data","status":"passed","title":"should call API with correct user data","duration":3.1947000000000116,"failureMessages":[],"meta":{}},{"ancestorTitles":["AuthService","register"],"fullName":"AuthService register should automatically log in user after registration if token is provided","status":"passed","title":"should automatically log in user after registration if token is provided","duration":1.7836000000006607,"failureMessages":[],"meta":{}},{"ancestorTitles":["AuthService","logout"],"fullName":"AuthService logout should call logout API when token exists","status":"passed","title":"should call logout API when token exists","duration":4.126000000000204,"failureMessages":[],"meta":{}},{"ancestorTitles":["AuthService","logout"],"fullName":"AuthService logout should clear localStorage even if API call fails","status":"passed","title":"should clear localStorage even if API call fails","duration":28.475999999999658,"failureMessages":[],"meta":{}},{"ancestorTitles":["AuthService","getCurrentUser"],"fullName":"AuthService getCurrentUser should fetch and return current user data","status":"passed","title":"should fetch and return current user data","duration":1.4897000000000844,"failureMessages":[],"meta":{}},{"ancestorTitles":["AuthService","getCurrentUser"],"fullName":"AuthService getCurrentUser should throw error when no token is found","status":"passed","title":"should throw error when no token is found","duration":2.1322000000000116,"failureMessages":[],"meta":{}},{"ancestorTitles":["AuthService","getCurrentUser"],"fullName":"AuthService getCurrentUser should clear user data on 401 unauthorized error","status":"passed","title":"should clear user data on 401 unauthorized error","duration":1.71100000000024,"failureMessages":[],"meta":{}},{"ancestorTitles":["AuthService","isAuthenticated"],"fullName":"AuthService isAuthenticated should return true when token exists","status":"passed","title":"should return true when token exists","duration":1.451999999999316,"failureMessages":[],"meta":{}},{"ancestorTitles":["AuthService","isAuthenticated"],"fullName":"AuthService isAuthenticated should return false when token does not exist","status":"passed","title":"should return false when token does not exist","duration":0.791599999999562,"failureMessages":[],"meta":{}},{"ancestorTitles":["AuthService","isTokenExpired"],"fullName":"AuthService isTokenExpired should return true when token does not exist","status":"passed","title":"should return true when token does not exist","duration":1.1770999999998821,"failureMessages":[],"meta":{}},{"ancestorTitles":["AuthService","isTokenExpired"],"fullName":"AuthService isTokenExpired should return true when token is invalid format","status":"passed","title":"should return true when token is invalid format","duration":0.854099999999562,"failureMessages":[],"meta":{}},{"ancestorTitles":["AuthService","isTokenExpired"],"fullName":"AuthService isTokenExpired should return true when token is expired","status":"passed","title":"should return true when token is expired","duration":1.3648000000002867,"failureMessages":[],"meta":{}},{"ancestorTitles":["AuthService","isTokenExpired"],"fullName":"AuthService isTokenExpired should return false when token is valid and not expired","status":"passed","title":"should return false when token is valid and not expired","duration":2.592000000000553,"failureMessages":[],"meta":{}}],"startTime":1759363822629,"endTime":1759363822710.592,"status":"passed","message":"","name":"C:/Users/Moamen Ahmed/OneDrive/Desktop/GplusApp/tests/services/auth.test.js"},{"assertionResults":[{"ancestorTitles":["CompanyService","getAllCompanies"],"fullName":"CompanyService getAllCompanies should fetch all companies","status":"passed","title":"should fetch all companies","duration":7.406300000000556,"failureMessages":[],"meta":{}},{"ancestorTitles":["CompanyService","getAllCompanies"],"fullName":"CompanyService getAllCompanies should propagate errors","status":"passed","title":"should propagate errors","duration":3.8487999999997555,"failureMessages":[],"meta":{}},{"ancestorTitles":["CompanyService","getCompanyById"],"fullName":"CompanyService getCompanyById should fetch a company by ID","status":"passed","title":"should fetch a company by ID","duration":0.9733999999998559,"failureMessages":[],"meta":{}},{"ancestorTitles":["CompanyService","getCompanyById"],"fullName":"CompanyService getCompanyById should propagate errors when company not found","status":"passed","title":"should propagate errors when company not found","duration":0.6642999999994572,"failureMessages":[],"meta":{}}],"startTime":1759363830994,"endTime":1759363831007.6643,"status":"passed","message":"","name":"C:/Users/Moamen Ahmed/OneDrive/Desktop/GplusApp/tests/services/company.test.js"},{"assertionResults":[{"ancestorTitles":["CSRFService"],"fullName":"CSRFService getToken should return null when no token is available","status":"passed","title":"getToken should return null when no token is available","duration":9.744300000000294,"failureMessages":[],"meta":{}},{"ancestorTitles":["CSRFService"],"fullName":"CSRFService getToken should retrieve token from memory","status":"passed","title":"getToken should retrieve token from memory","duration":1.2232999999996537,"failureMessages":[],"meta":{}},{"ancestorTitles":["CSRFService"],"fullName":"CSRFService getToken should retrieve token from localStorage if not in memory","status":"passed","title":"getToken should retrieve token from localStorage if not in memory","duration":1.665499999999156,"failureMessages":[],"meta":{}},{"ancestorTitles":["CSRFService"],"fullName":"CSRFService getToken should retrieve token from cookie if not in memory or localStorage","status":"passed","title":"getToken should retrieve token from cookie if not in memory or localStorage","duration":0.9699000000000524,"failureMessages":[],"meta":{}},{"ancestorTitles":["CSRFService"],"fullName":"CSRFService setToken should store token in memory and localStorage","status":"passed","title":"setToken should store token in memory and localStorage","duration":0.8783999999996013,"failureMessages":[],"meta":{}},{"ancestorTitles":["CSRFService"],"fullName":"CSRFService setToken should do nothing if token is falsy","status":"passed","title":"setToken should do nothing if token is falsy","duration":1.0923000000002503,"failureMessages":[],"meta":{}},{"ancestorTitles":["CSRFService"],"fullName":"CSRFService clearToken should remove token from memory and localStorage","status":"passed","title":"clearToken should remove token from memory and localStorage","duration":1.240799999999581,"failureMessages":[],"meta":{}},{"ancestorTitles":["CSRFService"],"fullName":"CSRFService refreshToken should fetch a new token and store it","status":"passed","title":"refreshToken should fetch a new token and store it","duration":1.9834000000009837,"failureMessages":[],"meta":{}},{"ancestorTitles":["CSRFService"],"fullName":"CSRFService refreshToken should throw error if fetch fails","status":"passed","title":"refreshToken should throw error if fetch fails","duration":21.70299999999952,"failureMessages":[],"meta":{}},{"ancestorTitles":["CSRFService"],"fullName":"CSRFService refreshToken should throw error if response has no token","status":"passed","title":"refreshToken should throw error if response has no token","duration":7.286399999999048,"failureMessages":[],"meta":{}},{"ancestorTitles":["useCSRF hook"],"fullName":"useCSRF hook should return token and functions","status":"passed","title":"should return token and functions","duration":51.25420000000122,"failureMessages":[],"meta":{}},{"ancestorTitles":["useCSRF hook"],"fullName":"useCSRF hook setToken should update token state and storage","status":"passed","title":"setToken should update token state and storage","duration":17.986500000000888,"failureMessages":[],"meta":{}},{"ancestorTitles":["useCSRF hook"],"fullName":"useCSRF hook clear should remove token from state and storage","status":"passed","title":"clear should remove token from state and storage","duration":9.760599999999613,"failureMessages":[],"meta":{}},{"ancestorTitles":["useCSRF hook"],"fullName":"useCSRF hook refresh should update token state with fetched token","status":"failed","title":"refresh should update token state with fetched token","duration":19.368200000000797,"failureMessages":["AssertionError: expected \"refreshToken\" to be called 1 times, but got 2 times\n    at C:\\Users\\Moamen Ahmed\\OneDrive\\Desktop\\GplusApp\\tests\\services\\csrf.test.js:194:30\n    at file:///C:/Users/Moamen%20Ahmed/OneDrive/Desktop/GplusApp/node_modules/@vitest/runner/dist/chunk-hooks.js:752:20"],"meta":{}},{"ancestorTitles":["useCSRF hook"],"fullName":"useCSRF hook refresh should throw and not update state if fetch fails","status":"passed","title":"refresh should throw and not update state if fetch fails","duration":6.22570000000087,"failureMessages":[],"meta":{}}],"startTime":1759363734489,"endTime":1759363734646.2256,"status":"failed","message":"","name":"C:/Users/Moamen Ahmed/OneDrive/Desktop/GplusApp/tests/services/csrf.test.js"},{"assertionResults":[],"startTime":1759363716298,"endTime":1759363716298,"status":"failed","message":"Parse failure: Expression expected\nAt file: C:/Users/Moamen Ahmed/OneDrive/Desktop/GplusApp/tests/services/enhancedApi.test.js:159:11","name":"C:/Users/Moamen Ahmed/OneDrive/Desktop/GplusApp/tests/services/enhancedApi.test.js"},{"assertionResults":[{"ancestorTitles":["PartnersService","getPartners"],"fullName":"PartnersService getPartners should fetch active partners by default","status":"passed","title":"should fetch active partners by default","duration":11.083800000000338,"failureMessages":[],"meta":{}},{"ancestorTitles":["PartnersService","getPartners"],"fullName":"PartnersService getPartners should fetch inactive partners when specified","status":"passed","title":"should fetch inactive partners when specified","duration":1.7978999999995722,"failureMessages":[],"meta":{}},{"ancestorTitles":["PartnersService","getPartners"],"fullName":"PartnersService getPartners should throw error when API call fails","status":"passed","title":"should throw error when API call fails","duration":2.8993000000000393,"failureMessages":[],"meta":{}},{"ancestorTitles":["PartnersService","getPartner"],"fullName":"PartnersService getPartner should fetch a specific partner by id","status":"passed","title":"should fetch a specific partner by id","duration":0.7899000000006708,"failureMessages":[],"meta":{}},{"ancestorTitles":["PartnersService","getPartner"],"fullName":"PartnersService getPartner should throw error when API call fails","status":"passed","title":"should throw error when API call fails","duration":0.9433000000008178,"failureMessages":[],"meta":{}}],"startTime":1759363828208,"endTime":1759363828225.9434,"status":"passed","message":"","name":"C:/Users/Moamen Ahmed/OneDrive/Desktop/GplusApp/tests/services/partners.test.js"},{"assertionResults":[{"ancestorTitles":["PickupService","getAllPickups"],"fullName":"PickupService getAllPickups should fetch all pickups","status":"passed","title":"should fetch all pickups","duration":9.371100000000297,"failureMessages":[],"meta":{}},{"ancestorTitles":["PickupService","getAllPickups"],"fullName":"PickupService getAllPickups should propagate errors","status":"passed","title":"should propagate errors","duration":6.413300000000163,"failureMessages":[],"meta":{}},{"ancestorTitles":["PickupService","getPickupById"],"fullName":"PickupService getPickupById should fetch a pickup by ID","status":"passed","title":"should fetch a pickup by ID","duration":1.5105000000003201,"failureMessages":[],"meta":{}},{"ancestorTitles":["PickupService","getPickupById"],"fullName":"PickupService getPickupById should propagate errors","status":"passed","title":"should propagate errors","duration":1.1390999999994165,"failureMessages":[],"meta":{}},{"ancestorTitles":["PickupService","createPickup"],"fullName":"PickupService createPickup should create a new pickup","status":"passed","title":"should create a new pickup","duration":2.7125999999998385,"failureMessages":[],"meta":{}},{"ancestorTitles":["PickupService","createPickup"],"fullName":"PickupService createPickup should propagate errors","status":"passed","title":"should propagate errors","duration":1.5968999999995503,"failureMessages":[],"meta":{}},{"ancestorTitles":["PickupService","updatePickup"],"fullName":"PickupService updatePickup should update an existing pickup","status":"passed","title":"should update an existing pickup","duration":1.6122000000004846,"failureMessages":[],"meta":{}},{"ancestorTitles":["PickupService","updatePickup"],"fullName":"PickupService updatePickup should propagate errors","status":"passed","title":"should propagate errors","duration":1.3837000000003172,"failureMessages":[],"meta":{}},{"ancestorTitles":["PickupService","cancelPickup"],"fullName":"PickupService cancelPickup should cancel a pickup","status":"passed","title":"should cancel a pickup","duration":1.4335000000000946,"failureMessages":[],"meta":{}},{"ancestorTitles":["PickupService","cancelPickup"],"fullName":"PickupService cancelPickup should propagate errors","status":"passed","title":"should propagate errors","duration":1.2539999999999054,"failureMessages":[],"meta":{}}],"startTime":1759363826919,"endTime":1759363826951.254,"status":"passed","message":"","name":"C:/Users/Moamen Ahmed/OneDrive/Desktop/GplusApp/tests/services/pickup.test.js"},{"assertionResults":[{"ancestorTitles":["PointsService","getUserPoints"],"fullName":"PointsService getUserPoints should fetch user points information","status":"passed","title":"should fetch user points information","duration":9.86540000000059,"failureMessages":[],"meta":{}},{"ancestorTitles":["PointsService","getUserPoints"],"fullName":"PointsService getUserPoints should propagate errors","status":"passed","title":"should propagate errors","duration":4.8851000000004206,"failureMessages":[],"meta":{}},{"ancestorTitles":["PointsService","getTransactionHistory"],"fullName":"PointsService getTransactionHistory should fetch points transaction history","status":"passed","ti
[...]
ssages":[],"meta":{}}],"startTime":1759363801990,"endTime":1759363802139.5542,"status":"passed","message":"","name":"C:/Users/Moamen Ahmed/OneDrive/Desktop/GplusApp/frontend/src/screens/__tests__/CompaniesScreen.test.jsx"},{"assertionResults":[{"ancestorTitles":["Pickup Request Workflow Integration Test"],"fullName":"Pickup Request Workflow Integration Test allows a user to request a pickup with minimal information","status":"passed","title":"allows a user to request a pickup with minimal information","duration":399.201,"failureMessages":[],"meta":{}},{"ancestorTitles":["Pickup Request Workflow Integration Test"],"fullName":"Pickup Request Workflow Integration Test shows error message when pickup request fails","status":"passed","title":"shows error message when pickup request fails","duration":113.0023000000001,"failureMessages":[],"meta":{}},{"ancestorTitles":["Pickup Request Workflow Integration Test"],"fullName":"Pickup Request Workflow Integration Test completes the full pickup request form workflow","status":"passed","title":"completes the full pickup request form workflow","duration":892.8850000000002,"failureMessages":[],"meta":{}},{"ancestorTitles":["Pickup Request Workflow Integration Test"],"fullName":"Pickup Request Workflow Integration Test validates the pickup request form before submission","status":"passed","title":"validates the pickup request form before submission","duration":126.07170000000042,"failureMessages":[],"meta":{}}],"startTime":1759363758546,"endTime":1759363760078.0718,"status":"passed","message":"","name":"C:/Users/Moamen Ahmed/OneDrive/Desktop/GplusApp/frontend/src/screens/__tests__/PickupRequestWorkflow.integration.test.jsx"},{"assertionResults":[{"ancestorTitles":["PointsScreen"],"fullName":"PointsScreen renders points data when API call succeeds","status":"passed","title":"renders points data when API call succeeds","duration":275.52300000000105,"failureMessages":[],"meta":{}},{"ancestorTitles":["PointsScreen"],"fullName":"PointsScreen shows error message when API call fails","status":"failed","title":"shows error message when API call fails","duration":71.52340000000004,"failureMessages":["TestingLibraryElementError: Unable to find an element with the text: Could not load points data. This could be because the text is broken up by multiple elements. In this case, you can provide a function for your text matcher to make your matcher more flexible.\n\nIgnored nodes: comments, script, style\n\u001b[36m<body>\u001b[39m\n  \u001b[36m<div>\u001b[39m\n    \u001b[36m<div\u001b[39m\n      \u001b[33mclass\u001b[39m=\u001b[32m\"gs-error\"\u001b[39m\n      \u001b[33mdata-testid\u001b[39m=\u001b[32m\"error\"\u001b[39m\n    \u001b[36m>\u001b[39m\n      \u001b[0mpoints.error\u001b[0m\n      \u001b[36m<button\u001b[39m\n        \u001b[33mclass\u001b[39m=\u001b[32m\"gs-reload-btn\"\u001b[39m\n      \u001b[36m>\u001b[39m\n        \u001b[0mretry\u001b[0m\n      \u001b[36m</button>\u001b[39m\n    \u001b[36m</div>\u001b[39m\n  \u001b[36m</div>\u001b[39m\n\u001b[36m</body>\u001b[39m\n    at Object.getElementError (C:\\Users\\Moamen Ahmed\\OneDrive\\Desktop\\GplusApp\\node_modules\\@testing-library\\dom\\dist\\config.js:37:19)\n    at C:\\Users\\Moamen Ahmed\\OneDrive\\Desktop\\GplusApp\\node_modules\\@testing-library\\dom\\dist\\query-helpers.js:76:38\n    at C:\\Users\\Moamen Ahmed\\OneDrive\\Desktop\\GplusApp\\node_modules\\@testing-library\\dom\\dist\\query-helpers.js:52:17\n    at C:\\Users\\Moamen Ahmed\\OneDrive\\Desktop\\GplusApp\\node_modules\\@testing-library\\dom\\dist\\query-helpers.js:95:19\n    at C:\\Users\\Moamen Ahmed\\OneDrive\\Desktop\\GplusApp\\frontend\\src\\screens\\__tests__\\PointsScreen.test.jsx:52:19\n    at file:///C:/Users/Moamen%20Ahmed/OneDrive/Desktop/GplusApp/node_modules/@vitest/runner/dist/chunk-hooks.js:752:20"],"meta":{}}],"startTime":1759363733593,"endTime":1759363733940.5234,"status":"failed","message":"","name":"C:/Users/Moamen Ahmed/OneDrive/Desktop/GplusApp/frontend/src/screens/__tests__/PointsScreen.test.jsx"},{"assertionResults":[{"ancestorTitles":["RequestPickupScreen"],"fullName":"RequestPickupScreen shows success message after successful request","status":"passed","title":"shows success message after successful request","duration":439.0045,"failureMessages":[],"meta":{}},{"ancestorTitles":["RequestPickupScreen"],"fullName":"RequestPickupScreen allows requesting another pickup after success","status":"passed","title":"allows requesting another pickup after success","duration":197.76040000000012,"failureMessages":[],"meta":{}}],"startTime":1759363768086,"endTime":1759363768722.7605,"status":"passed","message":"","name":"C:/Users/Moamen Ahmed/OneDrive/Desktop/GplusApp/frontend/src/screens/__tests__/RequestPickupScreen.test.jsx"},{"assertionResults":[{"ancestorTitles":["Analytics Service","Development Environment"],"fullName":"Analytics Service Development Environment logs page_view events to console in development","status":"passed","title":"logs page_view events to console in development","duration":23.158400000000256,"failureMessages":[],"meta":{}},{"ancestorTitles":["Analytics Service","Development Environment"],"fullName":"Analytics Service Development Environment logs user_action events to console in development","status":"passed","title":"logs user_action events to console in development","duration":5.052999999999884,"failureMessages":[],"meta":{}},{"ancestorTitles":["Analytics Service","Development Environment"],"fullName":"Analytics Service Development Environment logs error events to console in development","status":"passed","title":"logs error events to console in development","duration":3.1875,"failureMessages":[],"meta":{}},{"ancestorTitles":["Analytics Service","Development Environment"],"fullName":"Analytics Service Development Environment logs performance events to console in development","status":"passed","title":"logs performance events to console in development","duration":2.79950000000008,"failureMessages":[],"meta":{}},{"ancestorTitles":["Analytics Service","Production Environment"],"fullName":"Analytics Service Production Environment sends page_view events to server in production","status":"passed","title":"sends page_view events to server in production","duration":4.938799999999901,"failureMessages":[],"meta":{}},{"ancestorTitles":["Analytics Service","Production Environment"],"fullName":"Analytics Service Production Environment handles errors when sending analytics in production","status":"passed","title":"handles errors when sending analytics in production","duration":2.913900000000467,"failureMessages":[],"meta":{}},{"ancestorTitles":["Analytics Service","Production Environment"],"fullName":"Analytics Service Production Environment sends user_action events to server in production","status":"passed","title":"sends user_action events to server in production","duration":2.689300000000003,"failureMessages":[],"meta":{}}],"startTime":1759363740551,"endTime":1759363740597.6892,"status":"passed","message":"","name":"C:/Users/Moamen Ahmed/OneDrive/Desktop/GplusApp/frontend/src/services/__tests__/analyticsService.test.js"},{"assertionResults":[{"ancestorTitles":["API Service","Axios Instance Configuration"],"fullName":"API Service Axios Instance Configuration installs handlers which are functions","status":"passed","title":"installs handlers which are functions","duration":48.14429999999993,"failureMessages":[],"meta":{}},{"ancestorTitles":["API Service","Axios Instance Configuration"],"fullName":"API Service Axios Instance Configuration sets authorization header when token exists","status":"passed","title":"sets authorization header when token exists","duration":9.397699999999531,"failureMessages":[],"meta":{}},{"ancestorTitles":["API Service","Axios Instance Configuration"],"fullName":"API Service Axios Instance Configuration does not set authorization header when token does not exist","status":"passed","title":"does not set authorization header when token does not exist","duration":2.8926000000001295,"failureMessages":[],"meta":{}},{"ancestorTitles":["API Service","Axios Instance Configuration"],"fullName":"API Service Axios Instance Configuration extracts data from successful responses","status":"passed","title":"extracts data from successful responses","duration":1.8371999999999389,"failureMessages":[],"meta":{}},{"ancestorTitles":["API Service","Axios Instance Configuration"],"fullName":"API Service Axios Instance Configuration shows toast for non-401 errors","status":"passed","title":"shows toast for non-401 errors","duration":19.31540000000041,"failureMessages":[],"meta":{}},{"ancestorTitles":["API Service","Axios Instance Configuration"],"fullName":"API Service Axios Instance Configuration dispatches auth-error event for 401 errors","status":"passed","title":"dispatches auth-error event for 401 errors","duration":5.57090000000062,"failureMessages":[],"meta":{}},{"ancestorTitles":["API Service","Axios Instance Configuration"],"fullName":"API Service Axios Instance Configuration uses default error message when detail is not provided","status":"passed","title":"uses default error message when detail is not provided","duration":7.855000000000473,"failureMessages":[],"meta":{}},{"ancestorTitles":["API Service","API Methods"],"fullName":"API Service API Methods getPickups calls the correct endpoint","status":"passed","title":"getPickups calls the correct endpoint","duration":5.317199999999502,"failureMessages":[],"meta":{}},{"ancestorTitles":["API Service","API Methods"],"fullName":"API Service API Methods createPickup calls the correct endpoint with data","status":"passed","title":"createPickup calls the correct endpoint with data","duration":4.0776999999998225,"failureMessages":[],"meta":{}},{"ancestorTitles":["API Service","API Methods"],"fullName":"API Service API Methods getCompanies calls the correct endpoint","status":"passed","title":"getCompanies calls the correct endpoint","duration":2.196600000000217,"failureMessages":[],"meta":{}}],"startTime":1759363814992,"endTime":1759363815100.1965,"status":"passed","message":"","name":"C:/Users/Moamen Ahmed/OneDrive/Desktop/GplusApp/frontend/src/services/__tests__/api.test.js"},{"assertionResults":[{"ancestorTitles":["WebSocketService"],"fullName":"WebSocketService initializes with empty listeners","status":"passed","title":"initializes with empty listeners","duration":18.70560000000023,"failureMessages":[],"meta":{}},{"ancestorTitles":["WebSocketService"],"fullName":"WebSocketService connects to WebSocket with token and connection ID","status":"passed","title":"connects to WebSocket with token and connection ID","duration":9.536700000000565,"failureMessages":[],"meta":{}},{"ancestorTitles":["WebSocketService"],"fullName":"WebSocketService generates new connection ID if none exists","status":"passed","title":"generates new connection ID if none exists","duration":5.657000000000153,"failureMessages":[],"meta":{}},{"ancestorTitles":["WebSocketService"],"fullName":"WebSocketService sets up ping interval on connection","status":"passed","title":"sets up ping interval on connection","duration":8.791200000000572,"failureMessages":[],"meta":{}},{"ancestorTitles":["WebSocketService"],"fullName":"WebSocketService processes incoming messages and notifies listeners","status":"passed","title":"processes incoming messages and notifies listeners","duration":6.67450000000008,"failureMessages":[],"meta":{}},{"ancestorTitles":["WebSocketService"],"fullName":"WebSocketService handles connection close and attempts reconnection","status":"passed","title":"handles connection close and attempts reconnection","duration":4.915100000000166,"failureMessages":[],"meta":{}},{"ancestorTitles":["WebSocketService"],"fullName":"WebSocketService disconnects and cleans up properly","status":"passed","title":"disconnects and cleans up properly","duration":5.471999999999753,"failureMessages":[],"meta":{}},{"ancestorTitles":["WebSocketService"],"fullName":"WebSocketService provides unsubscribe function when registering listeners","status":"passed","title":"provides unsubscribe function when registering listeners","duration":8.169799999999668,"failureMessages":[],"meta":{}}],"startTime":1759363820315,"endTime":1759363820384.17,"status":"passed","message":"","name":"C:/Users/Moamen Ahmed/OneDrive/Desktop/GplusApp/frontend/src/services/__tests__/websocket.service.test.js"},{"assertionResults":[{"ancestorTitles":["lazyLoad Utility"],"fullName":"lazyLoad Utility renders a loading fallback initially and then the component","status":"passed","title":"renders a loading fallback initially and then the component","duration":91.95359999999982,"failureMessages":[],"meta":{}},{"ancestorTitles":["lazyLoad Utility"],"fullName":"lazyLoad Utility renders a custom fallback if provided","status":"passed","title":"renders a custom fallback if provided","duration":19.979099999999562,"failureMessages":[],"meta":{}}],"startTime":1759363808551,"endTime":1759363808662.979,"status":"passed","message":"","name":"C:/Users/Moamen Ahmed/OneDrive/Desktop/GplusApp/frontend/src/utils/__tests__/lazyLoad.test.jsx"},{"assertionResults":[{"ancestorTitles":["ApiPerformanceCard"],"fullName":"ApiPerformanceCard renders skeleton when no data is provided","status":"passed","title":"renders skeleton when no data is provided","duration":82.51819999999952,"failureMessages":[],"meta":{}},{"ancestorTitles":["ApiPerformanceCard"],"fullName":"ApiPerformanceCard renders API performance data correctly","status":"passed","title":"renders API performance data correctly","duration":74.16789999999946,"failureMessages":[],"meta":{}},{"ancestorTitles":["ApiPerformanceCard"],"fullName":"ApiPerformanceCard applies correct color coding to performance metrics","status":"passed","title":"applies correct color coding to performance metrics","duration":25.52099999999973,"failureMessages":[],"meta":{}}],"startTime":1759363808237,"endTime":1759363808419.521,"status":"passed","message":"","name":"C:/Users/Moamen Ahmed/OneDrive/Desktop/GplusApp/frontend/src/components/dashboard/__tests__/ApiPerformanceCard.test.jsx"},{"assertionResults":[{"ancestorTitles":["MemoryUsageCard"],"fullName":"MemoryUsageCard renders skeleton when no data is provided","status":"passed","title":"renders skeleton when no data is provided","duration":73.06500000000051,"failureMessages":[],"meta":{}},{"ancestorTitles":["MemoryUsageCard"],"fullName":"MemoryUsageCard renders memory usage data correctly","status":"passed","title":"renders memory usage data correctly","duration":106.33219999999983,"failureMessages":[],"meta":{}},{"ancestorTitles":["MemoryUsageCard"],"fullName":"MemoryUsageCard applies correct color based on pressure level","status":"passed","title":"applies correct color based on pressure level","duration":137.38810000000012,"failureMessages":[],"meta":{}},{"ancestorTitles":["MemoryUsageCard"],"fullName":"MemoryUsageCard applies correct trend direction styling","status":"passed","title":"applies correct trend direction styling","duration":19.25969999999961,"failureMessages":[],"meta":{}}],"startTime":1759363785720,"endTime":1759363786056.2598,"status":"passed","message":"","name":"C:/Users/Moamen Ahmed/OneDrive/Desktop/GplusApp/frontend/src/components/dashboard/__tests__/MemoryUsageCard.test.jsx"},{"assertionResults":[{"ancestorTitles":["PerformanceDashboard"],"fullName":"PerformanceDashboard renders loading state initially","status":"passed","title":"renders loading state initially","duration":64.81810000000041,"failureMessages":[],"meta":{}},{"ancestorTitles":["PerformanceDashboard"],"fullName":"PerformanceDashboard renders dashboard with metrics data when loaded","status":"passed","title":"renders dashboard with metrics data when loaded","duration":171.29330000000027,"failureMessages":[],"meta":{}},{"ancestorTitles":["PerformanceDashboard"],"fullName":"PerformanceDashboard renders error state when API calls fail","status":"passed","title":"renders error state when API calls fail","duration":44.8743000000004,"failureMessages":[],"meta":{}}],"startTime":1759363783564,"endTime":1759363783844.8743,"status":"passed","message":"","name":"C:/Users/Moamen Ahmed/OneDrive/Desktop/GplusApp/frontend/src/components/dashboard/__tests__/PerformanceDashboard.test.jsx"},{"assertionResults":[{"ancestorTitles":["ApiPerformanceCard"],"fullName":"ApiPerformanceCard renders skeleton when data is not provided","status":"passed","title":"renders skeleton when data is not provided","duration":53.88499999999931,"failureMessages":[],"meta":{}},{"ancestorTitles":["ApiPerformanceCard"],"fullName":"ApiPerformanceCard renders with data properly","status":"passed","title":"renders with data properly","duration":67.78909999999996,"failureMessages":[],"meta":{}},{"ancestorTitles":["ApiPerformanceCard"],"fullName":"ApiPerformanceCard renders top endpoints section","status":"passed","title":"renders top endpoints section","duration":20.928499999999985,"failureMessages":[],"meta":{}},{"ancestorTitles":["ApiPerformanceCard"],"fullName":"ApiPerformanceCard applies correct styling based on metric values","status":"passed","title":"applies correct styling based on metric values","duration":24.172100000000682,"failureMessages":[],"meta":{}}],"startTime":1759363806862,"endTime":1759363807029.172,"status":"passed","message":"","name":"C:/Users/Moamen Ahmed/OneDrive/Desktop/GplusApp/frontend/src/components/dashboard/cards/__tests__/ApiPerformanceCard.test.jsx"},{"assertionResults":[{"ancestorTitles":["KeyPatternCard"],"fullName":"KeyPatternCard renders skeleton when data is not provided","status":"passed","title":"renders skeleton when data is not provided","duration":62.89810000000034,"failureMessages":[],"meta":{}},{"ancestorTitles":["KeyPatternCard"],"fullName":"KeyPatternCard renders with data properly","status":"passed","title":"renders with data properly","duration":60.737599999999475,"failureMessages":[],"meta":{}},{"ancestorTitles":["KeyPatternCard"],"fullName":"KeyPatternCard displays summary information correctly","status":"passed","title":"displays summary information correctly","duration":27.10530000000017,"failureMessages":[],"meta":{}},{"ancestorTitles":["KeyPatternCard"],"fullName":"KeyPatternCard formats pattern names correctly","status":"passed","title":"formats pattern names correctly","duration":50.818599999999606,"failureMessages":[],"meta":{}}],"startTime":1759363798413,"endTime":1759363798614.8186,"status":"passed","message":"","name":"C:/Users/Moamen Ahmed/OneDrive/Desktop/GplusApp/frontend/src/components/dashboard/cards/__tests__/KeyPatternCard.test.jsx"},{"assertionResults":[{"ancestorTitles":["SystemHealthCard"],"fullName":"SystemHealthCard renders skeleton when data is not provided","status":"passed","title":"renders skeleton when data is not provided","duration":63.640699999999924,"failureMessages":[],"meta":{}},{"ancestorTitles":["SystemHealthCard"],"fullName":"SystemHealthCard renders with data properly","status":"passed","title":"renders with data properly","duration":43.59769999999935,"failureMessages":[],"meta":{}},{"ancestorTitles":["SystemHealthCard"],"fullName":"SystemHealthCard displays correct status indicators","status":"passed","title":"displays correct status indicators","duration":23.836500000000342,"failureMessages":[],"meta":{}},{"ancestorTitles":["SystemHealthCard"],"fullName":"SystemHealthCard displays service metrics correctly","status":"passed","title":"displays service metrics correctly","duration":25.35199999999986,"failureMessages":[],"meta":{}},{"ancestorTitles":["SystemHealthCard"],"fullName":"SystemHealthCard displays service status text correctly","status":"passed","title":"displays service status text correctly","duration":22.337400000000343,"failureMessages":[],"meta":{}}],"startTime":1759363801174,"endTime":1759363801353.3374,"status":"passed","message":"","name":"C:/Users/Moamen Ahmed/OneDrive/Desktop/GplusApp/frontend/src/components/dashboard/cards/__tests__/SystemHealthCard.test.jsx"}]}
